[0mx7_onoff[0m
[0ms17_onoff[0m
[0mx7_read_position[0m
[0ms17_read_position[0m
[0mx7_write_position[0m
[0ms17_write_position[0m
[0mx7_thread[0m
[0ms17_thread[0m
[0mx7_read_present_values[0m
[0ms17_read_present_values[0m
[0mx7_write_velocity[0m
[0ms17_write_velocity[0m
[0mx7_write_current[0m
[0ms17_write_current[0m
[31mCMake Error in CMakeLists.txt:
  Imported target "dynamixel_sdk::dynamixel_sdk" includes non-existent path

    "~/ros2_ws/install/dynamixel_sdk/share/dynamixel_sdk/cmake/include"

  in its INTERFACE_INCLUDE_DIRECTORIES.  Possible reasons include:

  * The path was deleted, renamed, or moved to another location.

  * An install or uninstall procedure did not complete successfully.

  * The installation package was faulty and references files it does not
  provide.


[0m
[31mCMake Error in CMakeLists.txt:
  Imported target "dynamixel_sdk::dynamixel_sdk" includes non-existent path

    "~/ros2_ws/install/dynamixel_sdk/share/dynamixel_sdk/cmake/include"

  in its INTERFACE_INCLUDE_DIRECTORIES.  Possible reasons include:

  * The path was deleted, renamed, or moved to another location.

  * An install or uninstall procedure did not complete successfully.

  * The installation package was faulty and references files it does not
  provide.


[0m
[31mCMake Error in CMakeLists.txt:
  Imported target "dynamixel_sdk::dynamixel_sdk" includes non-existent path

    "~/ros2_ws/install/dynamixel_sdk/share/dynamixel_sdk/cmake/include"

  in its INTERFACE_INCLUDE_DIRECTORIES.  Possible reasons include:

  * The path was deleted, renamed, or moved to another location.

  * An install or uninstall procedure did not complete successfully.

  * The installation package was faulty and references files it does not
  provide.


[0m
[31mCMake Error in CMakeLists.txt:
  Imported target "dynamixel_sdk::dynamixel_sdk" includes non-existent path

    "~/ros2_ws/install/dynamixel_sdk/share/dynamixel_sdk/cmake/include"

  in its INTERFACE_INCLUDE_DIRECTORIES.  Possible reasons include:

  * The path was deleted, renamed, or moved to another location.

  * An install or uninstall procedure did not complete successfully.

  * The installation package was faulty and references files it does not
  provide.


[0m
[31mCMake Error in CMakeLists.txt:
  Imported target "dynamixel_sdk::dynamixel_sdk" includes non-existent path

    "~/ros2_ws/install/dynamixel_sdk/share/dynamixel_sdk/cmake/include"

  in its INTERFACE_INCLUDE_DIRECTORIES.  Possible reasons include:

  * The path was deleted, renamed, or moved to another location.

  * An install or uninstall procedure did not complete successfully.

  * The installation package was faulty and references files it does not
  provide.


[0m
[31mCMake Error in CMakeLists.txt:
  Imported target "dynamixel_sdk::dynamixel_sdk" includes non-existent path

    "~/ros2_ws/install/dynamixel_sdk/share/dynamixel_sdk/cmake/include"

  in its INTERFACE_INCLUDE_DIRECTORIES.  Possible reasons include:

  * The path was deleted, renamed, or moved to another location.

  * An install or uninstall procedure did not complete successfully.

  * The installation package was faulty and references files it does not
  provide.


[0m
[31mCMake Error in CMakeLists.txt:
  Imported target "dynamixel_sdk::dynamixel_sdk" includes non-existent path

    "~/ros2_ws/install/dynamixel_sdk/share/dynamixel_sdk/cmake/include"

  in its INTERFACE_INCLUDE_DIRECTORIES.  Possible reasons include:

  * The path was deleted, renamed, or moved to another location.

  * An install or uninstall procedure did not complete successfully.

  * The installation package was faulty and references files it does not
  provide.


[0m
[31mCMake Error in CMakeLists.txt:
  Imported target "dynamixel_sdk::dynamixel_sdk" includes non-existent path

    "~/ros2_ws/install/dynamixel_sdk/share/dynamixel_sdk/cmake/include"

  in its INTERFACE_INCLUDE_DIRECTORIES.  Possible reasons include:

  * The path was deleted, renamed, or moved to another location.

  * An install or uninstall procedure did not complete successfully.

  * The installation package was faulty and references files it does not
  provide.


[0m
[31mCMake Error in CMakeLists.txt:
  Imported target "dynamixel_sdk::dynamixel_sdk" includes non-existent path

    "~/ros2_ws/install/dynamixel_sdk/share/dynamixel_sdk/cmake/include"

  in its INTERFACE_INCLUDE_DIRECTORIES.  Possible reasons include:

  * The path was deleted, renamed, or moved to another location.

  * An install or uninstall procedure did not complete successfully.

  * The installation package was faulty and references files it does not
  provide.


[0m
[31mCMake Error in CMakeLists.txt:
  Imported target "dynamixel_sdk::dynamixel_sdk" includes non-existent path

    "~/ros2_ws/install/dynamixel_sdk/share/dynamixel_sdk/cmake/include"

  in its INTERFACE_INCLUDE_DIRECTORIES.  Possible reasons include:

  * The path was deleted, renamed, or moved to another location.

  * An install or uninstall procedure did not complete successfully.

  * The installation package was faulty and references files it does not
  provide.


[0m
[31mCMake Error in CMakeLists.txt:
  Imported target "dynamixel_sdk::dynamixel_sdk" includes non-existent path

    "~/ros2_ws/install/dynamixel_sdk/share/dynamixel_sdk/cmake/include"

  in its INTERFACE_INCLUDE_DIRECTORIES.  Possible reasons include:

  * The path was deleted, renamed, or moved to another location.

  * An install or uninstall procedure did not complete successfully.

  * The installation package was faulty and references files it does not
  provide.


[0m
[31mCMake Error in CMakeLists.txt:
  Imported target "dynamixel_sdk::dynamixel_sdk" includes non-existent path

    "~/ros2_ws/install/dynamixel_sdk/share/dynamixel_sdk/cmake/include"

  in its INTERFACE_INCLUDE_DIRECTORIES.  Possible reasons include:

  * The path was deleted, renamed, or moved to another location.

  * An install or uninstall procedure did not complete successfully.

  * The installation package was faulty and references files it does not
  provide.


[0m
[31mCMake Error in CMakeLists.txt:
  Imported target "dynamixel_sdk::dynamixel_sdk" includes non-existent path

    "~/ros2_ws/install/dynamixel_sdk/share/dynamixel_sdk/cmake/include"

  in its INTERFACE_INCLUDE_DIRECTORIES.  Possible reasons include:

  * The path was deleted, renamed, or moved to another location.

  * An install or uninstall procedure did not complete successfully.

  * The installation package was faulty and references files it does not
  provide.


[0m
[31mCMake Error in CMakeLists.txt:
  Imported target "dynamixel_sdk::dynamixel_sdk" includes non-existent path

    "~/ros2_ws/install/dynamixel_sdk/share/dynamixel_sdk/cmake/include"

  in its INTERFACE_INCLUDE_DIRECTORIES.  Possible reasons include:

  * The path was deleted, renamed, or moved to another location.

  * An install or uninstall procedure did not complete successfully.

  * The installation package was faulty and references files it does not
  provide.


[0m
[0mCMake Generate step failed.  Build files cannot be regenerated correctly.[0m
gmake: *** [Makefile:740: cmake_check_build_system] Error 1
