-- Found rt_manipulators_cpp: 1.0.0 (/opt/ros/humble/share/rt_manipulators_cpp/cmake)
-- Configuring done
-- Generating done
-- Build files have been written to: /root/ros2_ws/build/samples03
[ 12%] [32mBuilding CXX object CMakeFiles/s17_3dof_inverse_kinematics.dir/src/rt_manipulators_ik.cpp.o[0m
[ 12%] [32mBuilding CXX object CMakeFiles/x7_gravity_compensation.dir/src/rt_manipulators_ik.cpp.o[0m
[ 18%] [32mBuilding CXX object CMakeFiles/x7_gravity_compensation.dir/src/x7_gravity_compensation.cpp.o[0m
[ 25%] [32mBuilding CXX object CMakeFiles/x7_3dof_inverse_kinematics.dir/src/rt_manipulators_dynamics.cpp.o[0m
[ 31%] [32mBuilding CXX object CMakeFiles/x7_3dof_inverse_kinematics.dir/src/rt_manipulators_ik.cpp.o[0m
[ 43%] [32mBuilding CXX object CMakeFiles/x7_gravity_compensation.dir/src/rt_manipulators_dynamics.cpp.o[0m
[ 43%] [32mBuilding CXX object CMakeFiles/x7_3dof_inverse_kinematics.dir/src/x7_3dof_inverse_kinematics.cpp.o[0m
[ 50%] [32mBuilding CXX object CMakeFiles/s17_3dof_inverse_kinematics.dir/src/s17_3dof_inverse_kinematics.cpp.o[0m
[ 62%] [32mBuilding CXX object CMakeFiles/s17_gravity_compensation.dir/src/rt_manipulators_ik.cpp.o[0m
[ 62%] [32mBuilding CXX object CMakeFiles/s17_3dof_inverse_kinematics.dir/src/rt_manipulators_dynamics.cpp.o[0m
[ 68%] [32mBuilding CXX object CMakeFiles/s17_gravity_compensation.dir/src/rt_manipulators_dynamics.cpp.o[0m
[ 75%] [32mBuilding CXX object CMakeFiles/s17_gravity_compensation.dir/src/s17_gravity_compensation.cpp.o[0m
[ 81%] [32m[1mLinking CXX executable /root/ros2_ws/src/rt_manipulators_cpp/samples/samples03/bin/x7_3dof_inverse_kinematics[0m
[ 87%] [32m[1mLinking CXX executable /root/ros2_ws/src/rt_manipulators_cpp/samples/samples03/bin/s17_gravity_compensation[0m
[ 93%] [32m[1mLinking CXX executable /root/ros2_ws/src/rt_manipulators_cpp/samples/samples03/bin/x7_gravity_compensation[0m
[ 93%] Built target s17_gravity_compensation
[ 93%] Built target x7_3dof_inverse_kinematics
[ 93%] Built target x7_gravity_compensation
[100%] [32m[1mLinking CXX executable /root/ros2_ws/src/rt_manipulators_cpp/samples/samples03/bin/s17_3dof_inverse_kinematics[0m
[100%] Built target s17_3dof_inverse_kinematics
