[0.033s] Invoking command in '/root/ros2_ws/build/sciurus17_examples': CMAKE_PREFIX_PATH=/root/ros2_ws/install/sciurus17_moveit_config:/root/ros2_ws/install/sciurus17_control:/root/ros2_ws/install/sciurus17_description:/root/ros2_ws/install/dynamixel_sdk:/root/ros2_ws/install/sciurus17:/root/ros2_ws/install/sciurus17_examples:/root/ros2_ws/install/dynamixel_sdk_examples:/root/ros2_ws/install/sciurus17_vision:/root/ros2_ws/install/sciurus17_tools:/root/ros2_ws/install/sciurus17_gazebo:/root/ros2_ws/install/dynamixel_sdk_custom_interfaces:/root/ros2_ws/install/dynamixel_sdk:/opt/ros/humble LD_LIBRARY_PATH=/root/ros2_ws/install/sciurus17_control/lib:/root/ros2_ws/install/rt_manipulators_cpp/lib:/root/ros2_ws/install/sciurus17_examples/lib:/root/ros2_ws/install/lib:/root/ros2_ws/install/dynamixel_sdk_custom_interfaces/lib:/root/ros2_ws/install/dynamixel_sdk/lib:/root/ros2_ws/src/DynamixelSDK/c++/build/win64:/opt/ros/humble/opt/rviz_ogre_vendor/lib:/opt/ros/humble/lib/x86_64-linux-gnu:/opt/ros/humble/lib /usr/bin/cmake --build /root/ros2_ws/build/sciurus17_examples -- -j12 -l12
[0.112s] [ 16%] Built target color_detection
[0.113s] [ 16%] Built target neck_jt_control
[0.113s] [ 25%] Built target waist_jt_control
[0.113s] [ 33%] Built target object_tracker
[0.115s] [ 41%] Built target pose_presets
[0.167s] [ 91%] Built target gripper_control
[0.168s] [ 87%] Built target pick_and_place_left_arm
[0.168s] [ 91%] Built target waist_control
[0.168s] [ 91%] Built target pick_and_place_tf
[0.168s] [ 91%] Built target neck_control
[0.169s] [ 91%] Built target pick_and_place_right_arm_waist
[0.173s] [100%] Built target point_cloud_detection
[0.187s] Invoked command in '/root/ros2_ws/build/sciurus17_examples' returned '0': CMAKE_PREFIX_PATH=/root/ros2_ws/install/sciurus17_moveit_config:/root/ros2_ws/install/sciurus17_control:/root/ros2_ws/install/sciurus17_description:/root/ros2_ws/install/dynamixel_sdk:/root/ros2_ws/install/sciurus17:/root/ros2_ws/install/sciurus17_examples:/root/ros2_ws/install/dynamixel_sdk_examples:/root/ros2_ws/install/sciurus17_vision:/root/ros2_ws/install/sciurus17_tools:/root/ros2_ws/install/sciurus17_gazebo:/root/ros2_ws/install/dynamixel_sdk_custom_interfaces:/root/ros2_ws/install/dynamixel_sdk:/opt/ros/humble LD_LIBRARY_PATH=/root/ros2_ws/install/sciurus17_control/lib:/root/ros2_ws/install/rt_manipulators_cpp/lib:/root/ros2_ws/install/sciurus17_examples/lib:/root/ros2_ws/install/lib:/root/ros2_ws/install/dynamixel_sdk_custom_interfaces/lib:/root/ros2_ws/install/dynamixel_sdk/lib:/root/ros2_ws/src/DynamixelSDK/c++/build/win64:/opt/ros/humble/opt/rviz_ogre_vendor/lib:/opt/ros/humble/lib/x86_64-linux-gnu:/opt/ros/humble/lib /usr/bin/cmake --build /root/ros2_ws/build/sciurus17_examples -- -j12 -l12
[0.189s] Invoking command in '/root/ros2_ws/build/sciurus17_examples': CMAKE_PREFIX_PATH=/root/ros2_ws/install/sciurus17_moveit_config:/root/ros2_ws/install/sciurus17_control:/root/ros2_ws/install/sciurus17_description:/root/ros2_ws/install/dynamixel_sdk:/root/ros2_ws/install/sciurus17:/root/ros2_ws/install/sciurus17_examples:/root/ros2_ws/install/dynamixel_sdk_examples:/root/ros2_ws/install/sciurus17_vision:/root/ros2_ws/install/sciurus17_tools:/root/ros2_ws/install/sciurus17_gazebo:/root/ros2_ws/install/dynamixel_sdk_custom_interfaces:/root/ros2_ws/install/dynamixel_sdk:/opt/ros/humble LD_LIBRARY_PATH=/root/ros2_ws/install/sciurus17_control/lib:/root/ros2_ws/install/rt_manipulators_cpp/lib:/root/ros2_ws/install/sciurus17_examples/lib:/root/ros2_ws/install/lib:/root/ros2_ws/install/dynamixel_sdk_custom_interfaces/lib:/root/ros2_ws/install/dynamixel_sdk/lib:/root/ros2_ws/src/DynamixelSDK/c++/build/win64:/opt/ros/humble/opt/rviz_ogre_vendor/lib:/opt/ros/humble/lib/x86_64-linux-gnu:/opt/ros/humble/lib /usr/bin/cmake --install /root/ros2_ws/build/sciurus17_examples
[0.197s] -- Install configuration: ""
[0.198s] -- Execute custom install script
[0.198s] -- Up-to-date symlink: /root/ros2_ws/install/sciurus17_examples/share/sciurus17_examples/environment/library_path.sh
[0.198s] -- Up-to-date symlink: /root/ros2_ws/install/sciurus17_examples/share/sciurus17_examples/environment/library_path.dsv
[0.200s] -- Up-to-date symlink: /root/ros2_ws/install/sciurus17_examples/include/pose_presets/pose_presets.hpp
[0.200s] -- Up-to-date symlink: /root/ros2_ws/install/sciurus17_examples/include/pose_presets/sciurus17_examples/color_detection.hpp
[0.200s] -- Up-to-date symlink: /root/ros2_ws/install/sciurus17_examples/include/pose_presets/sciurus17_examples/neck_jt_control.hpp
[0.200s] -- Up-to-date symlink: /root/ros2_ws/install/sciurus17_examples/include/pose_presets/sciurus17_examples/object_tracker.hpp
[0.200s] -- Up-to-date symlink: /root/ros2_ws/install/sciurus17_examples/include/pose_presets/sciurus17_examples/waist_jt_control.hpp
[0.201s] -- Up-to-date symlink: /root/ros2_ws/install/sciurus17_examples/lib/sciurus17_examples/gripper_control
[0.201s] -- Up-to-date symlink: /root/ros2_ws/install/sciurus17_examples/lib/sciurus17_examples/neck_control
[0.201s] -- Up-to-date symlink: /root/ros2_ws/install/sciurus17_examples/lib/sciurus17_examples/waist_control
[0.201s] -- Up-to-date symlink: /root/ros2_ws/install/sciurus17_examples/lib/sciurus17_examples/pick_and_place_right_arm_waist
[0.202s] -- Up-to-date symlink: /root/ros2_ws/install/sciurus17_examples/lib/sciurus17_examples/pick_and_place_left_arm
[0.202s] -- Up-to-date symlink: /root/ros2_ws/install/sciurus17_examples/lib/sciurus17_examples/pick_and_place_tf
[0.202s] -- Up-to-date symlink: /root/ros2_ws/install/sciurus17_examples/lib/sciurus17_examples/point_cloud_detection
[0.203s] -- Up-to-date symlink: /root/ros2_ws/install/sciurus17_examples/share/sciurus17_examples//launch/camera_example.launch.py
[0.203s] -- Up-to-date symlink: /root/ros2_ws/install/sciurus17_examples/share/sciurus17_examples//launch/chest_camera_tracking.launch.py
[0.203s] -- Up-to-date symlink: /root/ros2_ws/install/sciurus17_examples/share/sciurus17_examples//launch/demo.launch.py
[0.204s] -- Up-to-date symlink: /root/ros2_ws/install/sciurus17_examples/share/sciurus17_examples//launch/example.launch.py
[0.204s] -- Up-to-date symlink: /root/ros2_ws/install/sciurus17_examples/share/sciurus17_examples//launch/head_camera_tracking.launch.py
[0.204s] -- Up-to-date symlink: /root/ros2_ws/install/sciurus17_examples/share/ament_index/resource_index/package_run_dependencies/sciurus17_examples
[0.204s] -- Up-to-date symlink: /root/ros2_ws/install/sciurus17_examples/share/ament_index/resource_index/parent_prefix_path/sciurus17_examples
[0.205s] -- Up-to-date symlink: /root/ros2_ws/install/sciurus17_examples/share/sciurus17_examples/environment/ament_prefix_path.sh
[0.205s] -- Up-to-date symlink: /root/ros2_ws/install/sciurus17_examples/share/sciurus17_examples/environment/ament_prefix_path.dsv
[0.205s] -- Up-to-date symlink: /root/ros2_ws/install/sciurus17_examples/share/sciurus17_examples/environment/path.sh
[0.205s] -- Up-to-date symlink: /root/ros2_ws/install/sciurus17_examples/share/sciurus17_examples/environment/path.dsv
[0.206s] -- Up-to-date symlink: /root/ros2_ws/install/sciurus17_examples/share/sciurus17_examples/local_setup.bash
[0.206s] -- Up-to-date symlink: /root/ros2_ws/install/sciurus17_examples/share/sciurus17_examples/local_setup.sh
[0.206s] -- Up-to-date symlink: /root/ros2_ws/install/sciurus17_examples/share/sciurus17_examples/local_setup.zsh
[0.206s] -- Up-to-date symlink: /root/ros2_ws/install/sciurus17_examples/share/sciurus17_examples/local_setup.dsv
[0.206s] -- Symlinking: /root/ros2_ws/install/sciurus17_examples/share/sciurus17_examples/package.dsv
[0.216s] -- Up-to-date symlink: /root/ros2_ws/install/sciurus17_examples/share/ament_index/resource_index/packages/sciurus17_examples
[0.216s] -- Up-to-date symlink: /root/ros2_ws/install/sciurus17_examples/share/ament_index/resource_index/rclcpp_components/sciurus17_examples
[0.217s] -- Up-to-date symlink: /root/ros2_ws/install/sciurus17_examples/share/sciurus17_examples/cmake/ament_cmake_export_targets-extras.cmake
[0.217s] -- Up-to-date symlink: /root/ros2_ws/install/sciurus17_examples/share/sciurus17_examples/cmake/ament_cmake_export_dependencies-extras.cmake
[0.217s] -- Up-to-date symlink: /root/ros2_ws/install/sciurus17_examples/share/sciurus17_examples/cmake/sciurus17_examplesConfig.cmake
[0.217s] -- Up-to-date symlink: /root/ros2_ws/install/sciurus17_examples/share/sciurus17_examples/cmake/sciurus17_examplesConfig-version.cmake
[0.217s] -- Up-to-date symlink: /root/ros2_ws/install/sciurus17_examples/share/sciurus17_examples/package.xml
[0.217s] -- Up-to-date: /root/ros2_ws/install/sciurus17_examples/lib/libcolor_detection.so
[0.218s] -- Up-to-date: /root/ros2_ws/install/sciurus17_examples/lib/libneck_jt_control.so
[0.218s] -- Up-to-date: /root/ros2_ws/install/sciurus17_examples/lib/libobject_tracker.so
[0.219s] -- Up-to-date: /root/ros2_ws/install/sciurus17_examples/lib/libwaist_jt_control.so
[0.219s] -- Up-to-date: /root/ros2_ws/install/sciurus17_examples/lib/libpose_presets.so
[0.219s] -- Up-to-date: /root/ros2_ws/install/sciurus17_examples/share/sciurus17_examples/cmake/export_pose_presetsExport.cmake
[0.219s] -- Up-to-date: /root/ros2_ws/install/sciurus17_examples/share/sciurus17_examples/cmake/export_pose_presetsExport-noconfig.cmake
[0.223s] Invoked command in '/root/ros2_ws/build/sciurus17_examples' returned '0': CMAKE_PREFIX_PATH=/root/ros2_ws/install/sciurus17_moveit_config:/root/ros2_ws/install/sciurus17_control:/root/ros2_ws/install/sciurus17_description:/root/ros2_ws/install/dynamixel_sdk:/root/ros2_ws/install/sciurus17:/root/ros2_ws/install/sciurus17_examples:/root/ros2_ws/install/dynamixel_sdk_examples:/root/ros2_ws/install/sciurus17_vision:/root/ros2_ws/install/sciurus17_tools:/root/ros2_ws/install/sciurus17_gazebo:/root/ros2_ws/install/dynamixel_sdk_custom_interfaces:/root/ros2_ws/install/dynamixel_sdk:/opt/ros/humble LD_LIBRARY_PATH=/root/ros2_ws/install/sciurus17_control/lib:/root/ros2_ws/install/rt_manipulators_cpp/lib:/root/ros2_ws/install/sciurus17_examples/lib:/root/ros2_ws/install/lib:/root/ros2_ws/install/dynamixel_sdk_custom_interfaces/lib:/root/ros2_ws/install/dynamixel_sdk/lib:/root/ros2_ws/src/DynamixelSDK/c++/build/win64:/opt/ros/humble/opt/rviz_ogre_vendor/lib:/opt/ros/humble/lib/x86_64-linux-gnu:/opt/ros/humble/lib /usr/bin/cmake --install /root/ros2_ws/build/sciurus17_examples
