[ 50%] [32mBuilding CXX object CMakeFiles/sciurus17_hardware.dir/src/sciurus17_hardware.cpp.o[0m
[100%] [32m[1mLinking CXX shared library libsciurus17_hardware.so[0m
[100%] Built target sciurus17_hardware
-- Install configuration: ""
-- Execute custom install script
-- Symlinking: /root/ros2_ws/install/sciurus17_control/share/sciurus17_control//sciurus17_hardware.xml
-- Symlinking: /root/ros2_ws/install/sciurus17_control/lib/libsciurus17_hardware.so
-- Symlinking: /root/ros2_ws/install/sciurus17_control/include/sciurus17_control/sciurus17_hardware.hpp
-- Symlinking: /root/ros2_ws/install/sciurus17_control/include/sciurus17_control/visibility_control.h
-- Symlinking: /root/ros2_ws/install/sciurus17_control/share/sciurus17_control//launch/sciurus17_control.launch.py
-- Symlinking: /root/ros2_ws/install/sciurus17_control/share/sciurus17_control//config/manipulator_config.yaml
-- Symlinking: /root/ros2_ws/install/sciurus17_control/share/sciurus17_control//config/sciurus17_controllers.yaml
-- Symlinking: /root/ros2_ws/install/sciurus17_control/share/sciurus17_control/environment/library_path.sh
-- Symlinking: /root/ros2_ws/install/sciurus17_control/share/sciurus17_control/environment/library_path.dsv
-- Symlinking: /root/ros2_ws/install/sciurus17_control/share/ament_index/resource_index/package_run_dependencies/sciurus17_control
-- Symlinking: /root/ros2_ws/install/sciurus17_control/share/ament_index/resource_index/parent_prefix_path/sciurus17_control
-- Symlinking: /root/ros2_ws/install/sciurus17_control/share/sciurus17_control/environment/ament_prefix_path.sh
-- Symlinking: /root/ros2_ws/install/sciurus17_control/share/sciurus17_control/environment/ament_prefix_path.dsv
-- Symlinking: /root/ros2_ws/install/sciurus17_control/share/sciurus17_control/environment/path.sh
-- Symlinking: /root/ros2_ws/install/sciurus17_control/share/sciurus17_control/environment/path.dsv
-- Symlinking: /root/ros2_ws/install/sciurus17_control/share/sciurus17_control/local_setup.bash
-- Symlinking: /root/ros2_ws/install/sciurus17_control/share/sciurus17_control/local_setup.sh
-- Symlinking: /root/ros2_ws/install/sciurus17_control/share/sciurus17_control/local_setup.zsh
-- Symlinking: /root/ros2_ws/install/sciurus17_control/share/sciurus17_control/local_setup.dsv
-- Symlinking: /root/ros2_ws/install/sciurus17_control/share/sciurus17_control/package.dsv
-- Symlinking: /root/ros2_ws/install/sciurus17_control/share/ament_index/resource_index/packages/sciurus17_control
-- Symlinking: /root/ros2_ws/install/sciurus17_control/share/ament_index/resource_index/hardware_interface__pluginlib__plugin/sciurus17_control
-- Symlinking: /root/ros2_ws/install/sciurus17_control/share/sciurus17_control/cmake/ament_cmake_export_include_directories-extras.cmake
-- Symlinking: /root/ros2_ws/install/sciurus17_control/share/sciurus17_control/cmake/ament_cmake_export_libraries-extras.cmake
-- Symlinking: /root/ros2_ws/install/sciurus17_control/share/sciurus17_control/cmake/ament_cmake_export_dependencies-extras.cmake
-- Symlinking: /root/ros2_ws/install/sciurus17_control/share/sciurus17_control/cmake/sciurus17_controlConfig.cmake
-- Symlinking: /root/ros2_ws/install/sciurus17_control/share/sciurus17_control/cmake/sciurus17_controlConfig-version.cmake
-- Symlinking: /root/ros2_ws/install/sciurus17_control/share/sciurus17_control/package.xml
