[0.101s] Invoking command in '/root/ros2_ws/build/sciurus17_vision': CMAKE_PREFIX_PATH=${CMAKE_PREFIX_PATH}:/opt/ros/humble /usr/bin/cmake /root/ros2_ws/src/sciurus17_ros/sciurus17_vision -DAMENT_CMAKE_SYMLINK_INSTALL=1 -DCMAKE_INSTALL_PREFIX=/root/ros2_ws/install/sciurus17_vision
[0.212s] -- The C compiler identification is GNU 11.4.0
[0.326s] -- The CXX compiler identification is GNU 11.4.0
[0.340s] -- Detecting C compiler ABI info
[0.475s] -- Detecting C compiler ABI info - done
[0.492s] -- Check for working C compiler: /usr/bin/cc - skipped
[0.493s] -- Detecting C compile features
[0.493s] -- Detecting C compile features - done
[0.500s] -- Detecting CXX compiler ABI info
[0.683s] -- Detecting CXX compiler ABI info - done
[0.701s] -- Check for working CXX compiler: /usr/bin/c++ - skipped
[0.702s] -- Detecting CXX compile features
[0.703s] -- Detecting CXX compile features - done
[0.712s] -- Found ament_cmake: 1.3.11 (/opt/ros/humble/share/ament_cmake/cmake)
[1.046s] -- Found Python3: /usr/bin/python3 (found version "3.10.12") found components: Interpreter 
[1.186s] -- Override CMake install command with custom implementation using symlinks instead of copying resources
[1.273s] -- Found ament_lint_auto: 0.12.11 (/opt/ros/humble/share/ament_lint_auto/cmake)
[1.475s] -- Added test 'copyright' to check source files copyright and LICENSE
[1.482s] -- Added test 'flake8' to check Python code syntax and style conventions
[1.484s] -- Added test 'lint_cmake' to check CMake code style
[1.484s] -- Added test 'pep257' to check Python code against some of the docstring style conventions in PEP 257
[1.487s] -- Added test 'xmllint' to check XML markup files
[1.491s] -- Configuring done
[1.507s] -- Generating done
[1.512s] -- Build files have been written to: /root/ros2_ws/build/sciurus17_vision
[1.536s] Invoked command in '/root/ros2_ws/build/sciurus17_vision' returned '0': CMAKE_PREFIX_PATH=${CMAKE_PREFIX_PATH}:/opt/ros/humble /usr/bin/cmake /root/ros2_ws/src/sciurus17_ros/sciurus17_vision -DAMENT_CMAKE_SYMLINK_INSTALL=1 -DCMAKE_INSTALL_PREFIX=/root/ros2_ws/install/sciurus17_vision
[1.537s] Invoking command in '/root/ros2_ws/build/sciurus17_vision': CMAKE_PREFIX_PATH=${CMAKE_PREFIX_PATH}:/opt/ros/humble /usr/bin/cmake --build /root/ros2_ws/build/sciurus17_vision -- -j12 -l12
[1.777s] Invoked command in '/root/ros2_ws/build/sciurus17_vision' returned '0': CMAKE_PREFIX_PATH=${CMAKE_PREFIX_PATH}:/opt/ros/humble /usr/bin/cmake --build /root/ros2_ws/build/sciurus17_vision -- -j12 -l12
[1.779s] Invoking command in '/root/ros2_ws/build/sciurus17_vision': CMAKE_PREFIX_PATH=${CMAKE_PREFIX_PATH}:/opt/ros/humble /usr/bin/cmake --install /root/ros2_ws/build/sciurus17_vision
[1.796s] -- Install configuration: ""
[1.803s] -- Execute custom install script
[1.811s] -- Symlinking: /root/ros2_ws/install/sciurus17_vision/share/sciurus17_vision//config/chest_camera_info.yaml
[1.876s] -- Symlinking: /root/ros2_ws/install/sciurus17_vision/share/sciurus17_vision//launch/chest_camera.launch.py
[1.946s] -- Symlinking: /root/ros2_ws/install/sciurus17_vision/share/sciurus17_vision//launch/head_camera.launch.py
[2.020s] -- Symlinking: /root/ros2_ws/install/sciurus17_vision/share/ament_index/resource_index/package_run_dependencies/sciurus17_vision
[2.144s] -- Symlinking: /root/ros2_ws/install/sciurus17_vision/share/ament_index/resource_index/parent_prefix_path/sciurus17_vision
[2.238s] -- Symlinking: /root/ros2_ws/install/sciurus17_vision/share/sciurus17_vision/environment/ament_prefix_path.sh
[2.300s] -- Symlinking: /root/ros2_ws/install/sciurus17_vision/share/sciurus17_vision/environment/ament_prefix_path.dsv
[2.365s] -- Symlinking: /root/ros2_ws/install/sciurus17_vision/share/sciurus17_vision/environment/path.sh
[2.419s] -- Symlinking: /root/ros2_ws/install/sciurus17_vision/share/sciurus17_vision/environment/path.dsv
[2.518s] -- Symlinking: /root/ros2_ws/install/sciurus17_vision/share/sciurus17_vision/local_setup.bash
[2.599s] -- Symlinking: /root/ros2_ws/install/sciurus17_vision/share/sciurus17_vision/local_setup.sh
[2.629s] -- Symlinking: /root/ros2_ws/install/sciurus17_vision/share/sciurus17_vision/local_setup.zsh
[2.685s] -- Symlinking: /root/ros2_ws/install/sciurus17_vision/share/sciurus17_vision/local_setup.dsv
[2.752s] -- Symlinking: /root/ros2_ws/install/sciurus17_vision/share/sciurus17_vision/package.dsv
[2.843s] -- Symlinking: /root/ros2_ws/install/sciurus17_vision/share/ament_index/resource_index/packages/sciurus17_vision
[2.955s] -- Symlinking: /root/ros2_ws/install/sciurus17_vision/share/sciurus17_vision/cmake/sciurus17_visionConfig.cmake
[3.043s] -- Symlinking: /root/ros2_ws/install/sciurus17_vision/share/sciurus17_vision/cmake/sciurus17_visionConfig-version.cmake
[3.119s] -- Symlinking: /root/ros2_ws/install/sciurus17_vision/share/sciurus17_vision/package.xml
[3.256s] Invoked command in '/root/ros2_ws/build/sciurus17_vision' returned '0': CMAKE_PREFIX_PATH=${CMAKE_PREFIX_PATH}:/opt/ros/humble /usr/bin/cmake --install /root/ros2_ws/build/sciurus17_vision
