-- Found ament_cmake: 1.3.11 (/opt/ros/humble/share/ament_cmake/cmake)
-- Override CMake install command with custom implementation using symlinks instead of copying resources
-- Configuring done
-- Generating done
-- Build files have been written to: /root/ros2_ws/build/sciurus17
-- Install configuration: ""
-- Execute custom install script
-- Up-to-date symlink: /root/ros2_ws/install/sciurus17/share/ament_index/resource_index/package_run_dependencies/sciurus17
-- Up-to-date symlink: /root/ros2_ws/install/sciurus17/share/ament_index/resource_index/parent_prefix_path/sciurus17
-- Up-to-date symlink: /root/ros2_ws/install/sciurus17/share/sciurus17/environment/ament_prefix_path.sh
-- Up-to-date symlink: /root/ros2_ws/install/sciurus17/share/sciurus17/environment/ament_prefix_path.dsv
-- Up-to-date symlink: /root/ros2_ws/install/sciurus17/share/sciurus17/environment/path.sh
-- Up-to-date symlink: /root/ros2_ws/install/sciurus17/share/sciurus17/environment/path.dsv
-- Up-to-date symlink: /root/ros2_ws/install/sciurus17/share/sciurus17/local_setup.bash
-- Up-to-date symlink: /root/ros2_ws/install/sciurus17/share/sciurus17/local_setup.sh
-- Up-to-date symlink: /root/ros2_ws/install/sciurus17/share/sciurus17/local_setup.zsh
-- Up-to-date symlink: /root/ros2_ws/install/sciurus17/share/sciurus17/local_setup.dsv
-- Symlinking: /root/ros2_ws/install/sciurus17/share/sciurus17/package.dsv
-- Up-to-date symlink: /root/ros2_ws/install/sciurus17/share/ament_index/resource_index/packages/sciurus17
-- Up-to-date symlink: /root/ros2_ws/install/sciurus17/share/sciurus17/cmake/sciurus17Config.cmake
-- Up-to-date symlink: /root/ros2_ws/install/sciurus17/share/sciurus17/cmake/sciurus17Config-version.cmake
-- Up-to-date symlink: /root/ros2_ws/install/sciurus17/share/sciurus17/package.xml
