[0.045s] Invoking command in '/root/ros2_ws/build/sciurus17_control': CMAKE_PREFIX_PATH=/root/ros2_ws/install/sciurus17_description:/root/ros2_ws/install/sciurus17_vision:/root/ros2_ws/install/sciurus17_tools:/root/ros2_ws/install/sciurus17_moveit_config:/root/ros2_ws/install/sciurus17_gazebo:/root/ros2_ws/install/dynamixel_sdk_custom_interfaces:/root/ros2_ws/install/dynamixel_sdk:/opt/ros/humble LD_LIBRARY_PATH=/root/ros2_ws/install/rt_manipulators_cpp/lib:/root/ros2_ws/install/lib:/root/ros2_ws/install/dynamixel_sdk_custom_interfaces/lib:/root/ros2_ws/install/dynamixel_sdk/lib:/root/ros2_ws/src/DynamixelSDK/c++/build/win64:/opt/ros/humble/opt/rviz_ogre_vendor/lib:/opt/ros/humble/lib/x86_64-linux-gnu:/opt/ros/humble/lib /usr/bin/cmake /root/ros2_ws/src/sciurus17_ros/sciurus17_control -DAMENT_CMAKE_SYMLINK_INSTALL=1 -DCMAKE_INSTALL_PREFIX=/root/ros2_ws/install/sciurus17_control
[0.132s] -- The C compiler identification is GNU 11.4.0
[0.210s] -- The CXX compiler identification is GNU 11.4.0
[0.221s] -- Detecting C compiler ABI info
[0.311s] -- Detecting C compiler ABI info - done
[0.320s] -- Check for working C compiler: /usr/bin/cc - skipped
[0.320s] -- Detecting C compile features
[0.321s] -- Detecting C compile features - done
[0.326s] -- Detecting CXX compiler ABI info
[0.435s] -- Detecting CXX compiler ABI info - done
[0.447s] -- Check for working CXX compiler: /usr/bin/c++ - skipped
[0.447s] -- Detecting CXX compile features
[0.448s] -- Detecting CXX compile features - done
[0.454s] -- Found ament_cmake: 1.3.11 (/opt/ros/humble/share/ament_cmake/cmake)
[0.692s] -- Found Python3: /usr/bin/python3 (found version "3.10.12") found components: Interpreter 
[0.791s] -- Override CMake install command with custom implementation using symlinks instead of copying resources
[0.873s] -- Found hardware_interface: 2.47.0 (/opt/ros/humble/share/hardware_interface/cmake)
[0.983s] -- Found rosidl_generator_c: 3.1.6 (/opt/ros/humble/share/rosidl_generator_c/cmake)
[1.002s] -- Found rosidl_adapter: 3.1.6 (/opt/ros/humble/share/rosidl_adapter/cmake)
[1.073s] -- Found rosidl_generator_cpp: 3.1.6 (/opt/ros/humble/share/rosidl_generator_cpp/cmake)
[1.184s] -- Using all available rosidl_typesupport_c: rosidl_typesupport_fastrtps_c;rosidl_typesupport_introspection_c
[1.309s] -- Using all available rosidl_typesupport_cpp: rosidl_typesupport_fastrtps_cpp;rosidl_typesupport_introspection_cpp
[1.767s] -- Found rmw_implementation_cmake: 6.1.2 (/opt/ros/humble/share/rmw_implementation_cmake/cmake)
[1.773s] -- Found rmw_fastrtps_cpp: 6.2.7 (/opt/ros/humble/share/rmw_fastrtps_cpp/cmake)
[1.821s] -- Found TinyXML2 via Config file: TinyXML2_DIR-NOTFOUND
[1.910s] -- Found OpenSSL: /usr/lib/x86_64-linux-gnu/libcrypto.so (found version "3.0.2")  
[1.914s] -- Found TinyXML2 via Config file: TinyXML2_DIR-NOTFOUND
[1.940s] -- Found FastRTPS: /opt/ros/humble/include  
[1.945s] -- Found TinyXML2 via Config file: TinyXML2_DIR-NOTFOUND
[1.957s] -- Found TinyXML2 via Config file: TinyXML2_DIR-NOTFOUND
[1.972s] -- Using RMW implementation 'rmw_fastrtps_cpp' as default
[1.995s] -- Looking for pthread.h
[2.126s] -- Looking for pthread.h - found
[2.127s] -- Performing Test CMAKE_HAVE_LIBC_PTHREAD
[2.254s] -- Performing Test CMAKE_HAVE_LIBC_PTHREAD - Success
[2.255s] -- Found Threads: TRUE  
[2.355s] -- Found rt_manipulators_cpp: 1.0.0 (/opt/ros/humble/share/rt_manipulators_cpp/cmake)
[2.417s] -- Found ament_lint_auto: 0.12.11 (/opt/ros/humble/share/ament_lint_auto/cmake)
[2.585s] -- Added test 'copyright' to check source files copyright and LICENSE
[2.588s] -- Added test 'cppcheck' to perform static code analysis on C / C++ code
[2.589s] -- Configured cppcheck include dirs: /root/ros2_ws/src/sciurus17_ros/sciurus17_control/include
[2.589s] -- Configured cppcheck exclude dirs and/or files: 
[2.591s] -- Added test 'cpplint' to check C / C++ code against the Google style
[2.591s] -- Configured cpplint exclude dirs and/or files: 
[2.592s] -- Added test 'flake8' to check Python code syntax and style conventions
[2.594s] -- Added test 'lint_cmake' to check CMake code style
[2.595s] -- Added test 'pep257' to check Python code against some of the docstring style conventions in PEP 257
[2.597s] -- Added test 'uncrustify' to check C / C++ code style
[2.597s] -- Configured uncrustify additional arguments: 
[2.599s] -- Added test 'xmllint' to check XML markup files
[2.606s] -- Configuring done
[2.669s] -- Generating done
[2.678s] -- Build files have been written to: /root/ros2_ws/build/sciurus17_control
