[0.074s] Invoking command in '/root/ros2_ws/build/dynamixel_sdk': CMAKE_PREFIX_PATH=${CMAKE_PREFIX_PATH}:/opt/ros/humble /usr/bin/cmake /root/ros2_ws/src/DynamixelSDK/dynamixel_sdk -DCMAKE_INSTALL_PREFIX=/root/ros2_ws/install/dynamixel_sdk
[0.115s] -- Found ament_cmake: 1.3.11 (/opt/ros/humble/share/ament_cmake/cmake)
[0.314s] -- Override CMake install command with custom implementation using symlinks instead of copying resources
[0.459s] -- Configuring done
[0.477s] -- Generating done
[0.477s] -- Build files have been written to: /root/ros2_ws/build/dynamixel_sdk
[0.482s] Invoked command in '/root/ros2_ws/build/dynamixel_sdk' returned '0': CMAKE_PREFIX_PATH=${CMAKE_PREFIX_PATH}:/opt/ros/humble /usr/bin/cmake /root/ros2_ws/src/DynamixelSDK/dynamixel_sdk -DCMAKE_INSTALL_PREFIX=/root/ros2_ws/install/dynamixel_sdk
[0.484s] Invoking command in '/root/ros2_ws/build/dynamixel_sdk': CMAKE_PREFIX_PATH=${CMAKE_PREFIX_PATH}:/opt/ros/humble /usr/bin/cmake --build /root/ros2_ws/build/dynamixel_sdk -- -j12 -l12
[0.544s] [35m[1mConsolidate compiler generated dependencies of target dynamixel_sdk[0m
[0.595s] [100%] Built target dynamixel_sdk
[0.645s] Invoked command in '/root/ros2_ws/build/dynamixel_sdk' returned '0': CMAKE_PREFIX_PATH=${CMAKE_PREFIX_PATH}:/opt/ros/humble /usr/bin/cmake --build /root/ros2_ws/build/dynamixel_sdk -- -j12 -l12
[0.647s] Invoking command in '/root/ros2_ws/build/dynamixel_sdk': CMAKE_PREFIX_PATH=${CMAKE_PREFIX_PATH}:/opt/ros/humble /usr/bin/cmake --install /root/ros2_ws/build/dynamixel_sdk
[0.693s] -- Install configuration: ""
[0.694s] -- Execute custom install script
[0.694s] -- Up-to-date symlink: /root/ros2_ws/install/dynamixel_sdk/include//dynamixel_sdk/dynamixel_sdk.h
[0.694s] -- Up-to-date symlink: /root/ros2_ws/install/dynamixel_sdk/include//dynamixel_sdk/group_bulk_read.h
[0.695s] -- Up-to-date symlink: /root/ros2_ws/install/dynamixel_sdk/include//dynamixel_sdk/group_bulk_write.h
[0.695s] -- Up-to-date symlink: /root/ros2_ws/install/dynamixel_sdk/include//dynamixel_sdk/group_fast_bulk_read.h
[0.696s] -- Up-to-date symlink: /root/ros2_ws/install/dynamixel_sdk/include//dynamixel_sdk/group_fast_sync_read.h
[0.696s] -- Up-to-date symlink: /root/ros2_ws/install/dynamixel_sdk/include//dynamixel_sdk/group_handler.h
[0.701s] -- Up-to-date symlink: /root/ros2_ws/install/dynamixel_sdk/include//dynamixel_sdk/group_sync_read.h
[0.703s] -- Up-to-date symlink: /root/ros2_ws/install/dynamixel_sdk/include//dynamixel_sdk/group_sync_write.h
[0.704s] -- Up-to-date symlink: /root/ros2_ws/install/dynamixel_sdk/include//dynamixel_sdk/packet_handler.h
[0.704s] -- Up-to-date symlink: /root/ros2_ws/install/dynamixel_sdk/include//dynamixel_sdk/port_handler.h
[0.704s] -- Up-to-date symlink: /root/ros2_ws/install/dynamixel_sdk/include//dynamixel_sdk/port_handler_arduino.h
[0.704s] -- Up-to-date symlink: /root/ros2_ws/install/dynamixel_sdk/include//dynamixel_sdk/port_handler_linux.h
[0.705s] -- Up-to-date symlink: /root/ros2_ws/install/dynamixel_sdk/include//dynamixel_sdk/port_handler_mac.h
[0.705s] -- Up-to-date symlink: /root/ros2_ws/install/dynamixel_sdk/include//dynamixel_sdk/port_handler_windows.h
[0.706s] -- Up-to-date symlink: /root/ros2_ws/install/dynamixel_sdk/include//dynamixel_sdk/protocol1_packet_handler.h
[0.706s] -- Up-to-date symlink: /root/ros2_ws/install/dynamixel_sdk/include//dynamixel_sdk/protocol2_packet_handler.h
[0.706s] -- Up-to-date symlink: /root/ros2_ws/install/dynamixel_sdk/lib/libdynamixel_sdk.so
[0.706s] -- Up-to-date symlink: /root/ros2_ws/install/dynamixel_sdk/share/dynamixel_sdk/environment/library_path.sh
[0.707s] -- Up-to-date symlink: /root/ros2_ws/install/dynamixel_sdk/share/dynamixel_sdk/environment/library_path.dsv
[0.707s] -- Up-to-date symlink: /root/ros2_ws/install/dynamixel_sdk/share/ament_index/resource_index/package_run_dependencies/dynamixel_sdk
[0.707s] -- Up-to-date symlink: /root/ros2_ws/install/dynamixel_sdk/share/ament_index/resource_index/parent_prefix_path/dynamixel_sdk
[0.707s] -- Up-to-date symlink: /root/ros2_ws/install/dynamixel_sdk/share/dynamixel_sdk/environment/ament_prefix_path.sh
[0.708s] -- Up-to-date symlink: /root/ros2_ws/install/dynamixel_sdk/share/dynamixel_sdk/environment/ament_prefix_path.dsv
[0.708s] -- Up-to-date symlink: /root/ros2_ws/install/dynamixel_sdk/share/dynamixel_sdk/environment/path.sh
[0.709s] -- Up-to-date symlink: /root/ros2_ws/install/dynamixel_sdk/share/dynamixel_sdk/environment/path.dsv
[0.709s] -- Up-to-date symlink: /root/ros2_ws/install/dynamixel_sdk/share/dynamixel_sdk/local_setup.bash
[0.709s] -- Up-to-date symlink: /root/ros2_ws/install/dynamixel_sdk/share/dynamixel_sdk/local_setup.sh
[0.709s] -- Up-to-date symlink: /root/ros2_ws/install/dynamixel_sdk/share/dynamixel_sdk/local_setup.zsh
[0.709s] -- Up-to-date symlink: /root/ros2_ws/install/dynamixel_sdk/share/dynamixel_sdk/local_setup.dsv
[0.709s] -- Symlinking: /root/ros2_ws/install/dynamixel_sdk/share/dynamixel_sdk/package.dsv
[0.716s] -- Up-to-date symlink: /root/ros2_ws/install/dynamixel_sdk/share/ament_index/resource_index/packages/dynamixel_sdk
[0.717s] -- Up-to-date symlink: /root/ros2_ws/install/dynamixel_sdk/share/dynamixel_sdk/cmake/ament_cmake_export_include_directories-extras.cmake
[0.718s] -- Up-to-date symlink: /root/ros2_ws/install/dynamixel_sdk/share/dynamixel_sdk/cmake/ament_cmake_export_libraries-extras.cmake
[0.719s] -- Up-to-date symlink: /root/ros2_ws/install/dynamixel_sdk/share/dynamixel_sdk/cmake/dynamixel_sdkConfig.cmake
[0.720s] -- Up-to-date symlink: /root/ros2_ws/install/dynamixel_sdk/share/dynamixel_sdk/cmake/dynamixel_sdkConfig-version.cmake
[0.720s] -- Up-to-date symlink: /root/ros2_ws/install/dynamixel_sdk/share/dynamixel_sdk/package.xml
[0.743s] Invoked command in '/root/ros2_ws/build/dynamixel_sdk' returned '0': CMAKE_PREFIX_PATH=${CMAKE_PREFIX_PATH}:/opt/ros/humble /usr/bin/cmake --install /root/ros2_ws/build/dynamixel_sdk
