[0.061s] Invoking command in '/root/ros2_ws/build/sciurus17_vision': CMAKE_PREFIX_PATH=${CMAKE_PREFIX_PATH}:/opt/ros/humble /usr/bin/cmake /root/ros2_ws/src/sciurus17_ros/sciurus17_vision -DCMAKE_INSTALL_PREFIX=/root/ros2_ws/install/sciurus17_vision
[0.079s] -- Found ament_cmake: 1.3.11 (/opt/ros/humble/share/ament_cmake/cmake)
[0.276s] -- Override CMake install command with custom implementation using symlinks instead of copying resources
[0.292s] -- Found ament_lint_auto: 0.12.11 (/opt/ros/humble/share/ament_lint_auto/cmake)
[0.419s] -- Added test 'copyright' to check source files copyright and LICENSE
[0.425s] -- Added test 'flake8' to check Python code syntax and style conventions
[0.427s] -- Added test 'lint_cmake' to check CMake code style
[0.427s] -- Added test 'pep257' to check Python code against some of the docstring style conventions in PEP 257
[0.427s] -- Added test 'xmllint' to check XML markup files
[0.429s] -- Configuring done
[0.437s] -- Generating done
[0.440s] -- Build files have been written to: /root/ros2_ws/build/sciurus17_vision
[0.456s] Invoked command in '/root/ros2_ws/build/sciurus17_vision' returned '0': CMAKE_PREFIX_PATH=${CMAKE_PREFIX_PATH}:/opt/ros/humble /usr/bin/cmake /root/ros2_ws/src/sciurus17_ros/sciurus17_vision -DCMAKE_INSTALL_PREFIX=/root/ros2_ws/install/sciurus17_vision
[0.458s] Invoking command in '/root/ros2_ws/build/sciurus17_vision': CMAKE_PREFIX_PATH=${CMAKE_PREFIX_PATH}:/opt/ros/humble /usr/bin/cmake --build /root/ros2_ws/build/sciurus17_vision -- -j12 -l12
[0.529s] Invoked command in '/root/ros2_ws/build/sciurus17_vision' returned '0': CMAKE_PREFIX_PATH=${CMAKE_PREFIX_PATH}:/opt/ros/humble /usr/bin/cmake --build /root/ros2_ws/build/sciurus17_vision -- -j12 -l12
[0.536s] Invoking command in '/root/ros2_ws/build/sciurus17_vision': CMAKE_PREFIX_PATH=${CMAKE_PREFIX_PATH}:/opt/ros/humble /usr/bin/cmake --install /root/ros2_ws/build/sciurus17_vision
[0.547s] -- Install configuration: ""
[0.547s] -- Execute custom install script
[0.548s] -- Up-to-date symlink: /root/ros2_ws/install/sciurus17_vision/share/sciurus17_vision//config/chest_camera_info.yaml
[0.548s] -- Up-to-date symlink: /root/ros2_ws/install/sciurus17_vision/share/sciurus17_vision//launch/chest_camera.launch.py
[0.548s] -- Up-to-date symlink: /root/ros2_ws/install/sciurus17_vision/share/sciurus17_vision//launch/head_camera.launch.py
[0.548s] -- Up-to-date symlink: /root/ros2_ws/install/sciurus17_vision/share/ament_index/resource_index/package_run_dependencies/sciurus17_vision
[0.548s] -- Up-to-date symlink: /root/ros2_ws/install/sciurus17_vision/share/ament_index/resource_index/parent_prefix_path/sciurus17_vision
[0.548s] -- Up-to-date symlink: /root/ros2_ws/install/sciurus17_vision/share/sciurus17_vision/environment/ament_prefix_path.sh
[0.548s] -- Up-to-date symlink: /root/ros2_ws/install/sciurus17_vision/share/sciurus17_vision/environment/ament_prefix_path.dsv
[0.548s] -- Up-to-date symlink: /root/ros2_ws/install/sciurus17_vision/share/sciurus17_vision/environment/path.sh
[0.548s] -- Up-to-date symlink: /root/ros2_ws/install/sciurus17_vision/share/sciurus17_vision/environment/path.dsv
[0.548s] -- Up-to-date symlink: /root/ros2_ws/install/sciurus17_vision/share/sciurus17_vision/local_setup.bash
[0.548s] -- Up-to-date symlink: /root/ros2_ws/install/sciurus17_vision/share/sciurus17_vision/local_setup.sh
[0.548s] -- Up-to-date symlink: /root/ros2_ws/install/sciurus17_vision/share/sciurus17_vision/local_setup.zsh
[0.549s] -- Up-to-date symlink: /root/ros2_ws/install/sciurus17_vision/share/sciurus17_vision/local_setup.dsv
[0.549s] -- Symlinking: /root/ros2_ws/install/sciurus17_vision/share/sciurus17_vision/package.dsv
[0.551s] -- Up-to-date symlink: /root/ros2_ws/install/sciurus17_vision/share/ament_index/resource_index/packages/sciurus17_vision
[0.552s] -- Up-to-date symlink: /root/ros2_ws/install/sciurus17_vision/share/sciurus17_vision/cmake/sciurus17_visionConfig.cmake
[0.552s] -- Up-to-date symlink: /root/ros2_ws/install/sciurus17_vision/share/sciurus17_vision/cmake/sciurus17_visionConfig-version.cmake
[0.553s] -- Up-to-date symlink: /root/ros2_ws/install/sciurus17_vision/share/sciurus17_vision/package.xml
[0.643s] Invoked command in '/root/ros2_ws/build/sciurus17_vision' returned '0': CMAKE_PREFIX_PATH=${CMAKE_PREFIX_PATH}:/opt/ros/humble /usr/bin/cmake --install /root/ros2_ws/build/sciurus17_vision
