[0.033s] Invoking command in '/root/ros2_ws/build/samples01': CMAKE_PREFIX_PATH=/root/ros2_ws/install/dynamixel_sdk:/root/ros2_ws/install/sciurus17:/root/ros2_ws/install/sciurus17_examples:/root/ros2_ws/install/sciurus17_control:/root/ros2_ws/install/dynamixel_sdk_examples:/root/ros2_ws/install/sciurus17_vision:/root/ros2_ws/install/sciurus17_tools:/root/ros2_ws/install/sciurus17_moveit_config:/root/ros2_ws/install/sciurus17_gazebo:/root/ros2_ws/install/sciurus17_description:/root/ros2_ws/install/dynamixel_sdk_custom_interfaces LD_LIBRARY_PATH=/root/ros2_ws/install/rt_manipulators_cpp/lib:/root/ros2_ws/install/dynamixel_sdk/lib:/root/ros2_ws/install/sciurus17_examples/lib:/root/ros2_ws/install/sciurus17_control/lib:/root/ros2_ws/install/lib:/root/ros2_ws/install/dynamixel_sdk_custom_interfaces/lib:/root/ros2_ws/src/DynamixelSDK/c++/build/win64:/opt/ros/humble/opt/rviz_ogre_vendor/lib:/opt/ros/humble/lib/x86_64-linux-gnu:/opt/ros/humble/lib /usr/bin/cmake --build /root/ros2_ws/build/samples01 -- -j12 -l12
[0.101s] -- Found rt_manipulators_cpp: 1.0.0 (/opt/ros/humble/share/rt_manipulators_cpp/cmake)
[0.275s] [0mx7_onoff[0m
[0.276s] [0ms17_onoff[0m
[0.276s] [0mx7_read_position[0m
[0.276s] [0ms17_read_position[0m
[0.276s] [0mx7_write_position[0m
[0.277s] [0ms17_write_position[0m
[0.277s] [0mx7_thread[0m
[0.277s] [0ms17_thread[0m
[0.277s] [0mx7_read_present_values[0m
[0.277s] [0ms17_read_present_values[0m
[0.277s] [0mx7_write_velocity[0m
[0.277s] [0ms17_write_velocity[0m
[0.277s] [0mx7_write_current[0m
[0.277s] [0ms17_write_current[0m
[0.277s] -- Configuring done
[0.283s] [31mCMake Error in CMakeLists.txt:
[0.283s]   Imported target "dynamixel_sdk::dynamixel_sdk" includes non-existent path
[0.283s] 
[0.284s]     "$/root/ros2_ws/install/dynamixel_sdk/include"
[0.284s] 
[0.284s]   in its INTERFACE_INCLUDE_DIRECTORIES.  Possible reasons include:
[0.284s] 
[0.284s]   * The path was deleted, renamed, or moved to another location.
[0.284s] 
[0.284s]   * An install or uninstall procedure did not complete successfully.
[0.284s] 
[0.284s]   * The installation package was faulty and references files it does not
[0.284s]   provide.
[0.285s] 
[0.285s] 
[0.285s] [0m
[0.287s] [31mCMake Error in CMakeLists.txt:
[0.287s]   Imported target "dynamixel_sdk::dynamixel_sdk" includes non-existent path
[0.287s] 
[0.287s]     "$/root/ros2_ws/install/dynamixel_sdk/include"
[0.287s] 
[0.287s]   in its INTERFACE_INCLUDE_DIRECTORIES.  Possible reasons include:
[0.287s] 
[0.287s]   * The path was deleted, renamed, or moved to another location.
[0.288s] 
[0.288s]   * An install or uninstall procedure did not complete successfully.
[0.288s] 
[0.288s]   * The installation package was faulty and references files it does not
[0.288s]   provide.
[0.288s] 
[0.288s] 
[0.288s] [0m
[0.289s] [31mCMake Error in CMakeLists.txt:
[0.289s]   Imported target "dynamixel_sdk::dynamixel_sdk" includes non-existent path
[0.289s] 
[0.289s]     "$/root/ros2_ws/install/dynamixel_sdk/include"
[0.289s] 
[0.290s]   in its INTERFACE_INCLUDE_DIRECTORIES.  Possible reasons include:
[0.290s] 
[0.290s]   * The path was deleted, renamed, or moved to another location.
[0.290s] 
[0.290s]   * An install or uninstall procedure did not complete successfully.
[0.290s] 
[0.290s]   * The installation package was faulty and references files it does not
[0.290s]   provide.
[0.290s] 
[0.290s] 
[0.290s] [0m
[0.291s] [31mCMake Error in CMakeLists.txt:
[0.291s]   Imported target "dynamixel_sdk::dynamixel_sdk" includes non-existent path
[0.291s] 
[0.292s]     "$/root/ros2_ws/install/dynamixel_sdk/include"
[0.292s] 
[0.292s]   in its INTERFACE_INCLUDE_DIRECTORIES.  Possible reasons include:
[0.292s] 
[0.292s]   * The path was deleted, renamed, or moved to another location.
[0.292s] 
[0.292s]   * An install or uninstall procedure did not complete successfully.
[0.292s] 
[0.292s]   * The installation package was faulty and references files it does not
[0.292s]   provide.
[0.292s] 
[0.292s] 
[0.293s] [0m
[0.294s] [31mCMake Error in CMakeLists.txt:
[0.294s]   Imported target "dynamixel_sdk::dynamixel_sdk" includes non-existent path
[0.294s] 
[0.294s]     "$/root/ros2_ws/install/dynamixel_sdk/include"
[0.294s] 
[0.294s]   in its INTERFACE_INCLUDE_DIRECTORIES.  Possible reasons include:
[0.294s] 
[0.294s]   * The path was deleted, renamed, or moved to another location.
[0.294s] 
[0.294s]   * An install or uninstall procedure did not complete successfully.
[0.295s] 
[0.295s]   * The installation package was faulty and references files it does not
[0.295s]   provide.
[0.295s] 
[0.295s] 
[0.295s] [0m
[0.296s] [31mCMake Error in CMakeLists.txt:
[0.296s]   Imported target "dynamixel_sdk::dynamixel_sdk" includes non-existent path
[0.296s] 
[0.296s]     "$/root/ros2_ws/install/dynamixel_sdk/include"
[0.296s] 
[0.296s]   in its INTERFACE_INCLUDE_DIRECTORIES.  Possible reasons include:
[0.296s] 
[0.297s]   * The path was deleted, renamed, or moved to another location.
[0.297s] 
[0.297s]   * An install or uninstall procedure did not complete successfully.
[0.297s] 
[0.297s]   * The installation package was faulty and references files it does not
[0.297s]   provide.
[0.297s] 
[0.297s] 
[0.297s] [0m
[0.299s] [31mCMake Error in CMakeLists.txt:
[0.299s]   Imported target "dynamixel_sdk::dynamixel_sdk" includes non-existent path
[0.299s] 
[0.299s]     "$/root/ros2_ws/install/dynamixel_sdk/include"
[0.299s] 
[0.299s]   in its INTERFACE_INCLUDE_DIRECTORIES.  Possible reasons include:
[0.299s] 
[0.300s]   * The path was deleted, renamed, or moved to another location.
[0.300s] 
[0.300s]   * An install or uninstall procedure did not complete successfully.
[0.300s] 
[0.300s]   * The installation package was faulty and references files it does not
[0.300s]   provide.
[0.300s] 
[0.300s] 
[0.300s] [0m
[0.301s] [31mCMake Error in CMakeLists.txt:
[0.301s]   Imported target "dynamixel_sdk::dynamixel_sdk" includes non-existent path
[0.301s] 
[0.301s]     "$/root/ros2_ws/install/dynamixel_sdk/include"
[0.301s] 
[0.301s]   in its INTERFACE_INCLUDE_DIRECTORIES.  Possible reasons include:
[0.301s] 
[0.302s]   * The path was deleted, renamed, or moved to another location.
[0.302s] 
[0.302s]   * An install or uninstall procedure did not complete successfully.
[0.302s] 
[0.302s]   * The installation package was faulty and references files it does not
[0.302s]   provide.
[0.302s] 
[0.302s] 
[0.302s] [0m
[0.303s] [31mCMake Error in CMakeLists.txt:
[0.303s]   Imported target "dynamixel_sdk::dynamixel_sdk" includes non-existent path
[0.304s] 
[0.304s]     "$/root/ros2_ws/install/dynamixel_sdk/include"
[0.304s] 
[0.304s]   in its INTERFACE_INCLUDE_DIRECTORIES.  Possible reasons include:
[0.304s] 
[0.304s]   * The path was deleted, renamed, or moved to another location.
[0.304s] 
[0.304s]   * An install or uninstall procedure did not complete successfully.
[0.304s] 
[0.304s]   * The installation package was faulty and references files it does not
[0.304s]   provide.
[0.304s] 
[0.305s] 
[0.305s] [0m
[0.306s] [31mCMake Error in CMakeLists.txt:
[0.306s]   Imported target "dynamixel_sdk::dynamixel_sdk" includes non-existent path
[0.306s] 
[0.307s]     "$/root/ros2_ws/install/dynamixel_sdk/include"
[0.307s] 
[0.307s]   in its INTERFACE_INCLUDE_DIRECTORIES.  Possible reasons include:
[0.307s] 
[0.307s]   * The path was deleted, renamed, or moved to another location.
[0.307s] 
[0.307s]   * An install or uninstall procedure did not complete successfully.
[0.307s] 
[0.308s]   * The installation package was faulty and references files it does not
[0.308s]   provide.
[0.308s] 
[0.308s] 
[0.308s] [0m
[0.309s] [31mCMake Error in CMakeLists.txt:
[0.309s]   Imported target "dynamixel_sdk::dynamixel_sdk" includes non-existent path
[0.309s] 
[0.309s]     "$/root/ros2_ws/install/dynamixel_sdk/include"
[0.309s] 
[0.309s]   in its INTERFACE_INCLUDE_DIRECTORIES.  Possible reasons include:
[0.309s] 
[0.309s]   * The path was deleted, renamed, or moved to another location.
[0.310s] 
[0.310s]   * An install or uninstall procedure did not complete successfully.
[0.310s] 
[0.310s]   * The installation package was faulty and references files it does not
[0.310s]   provide.
[0.310s] 
[0.310s] 
[0.310s] [0m
[0.311s] [31mCMake Error in CMakeLists.txt:
[0.312s]   Imported target "dynamixel_sdk::dynamixel_sdk" includes non-existent path
[0.312s] 
[0.312s]     "$/root/ros2_ws/install/dynamixel_sdk/include"
[0.312s] 
[0.312s]   in its INTERFACE_INCLUDE_DIRECTORIES.  Possible reasons include:
[0.312s] 
[0.312s]   * The path was deleted, renamed, or moved to another location.
[0.312s] 
[0.312s]   * An install or uninstall procedure did not complete successfully.
[0.312s] 
[0.313s]   * The installation package was faulty and references files it does not
[0.313s]   provide.
[0.313s] 
[0.313s] 
[0.313s] [0m
[0.315s] [31mCMake Error in CMakeLists.txt:
[0.315s]   Imported target "dynamixel_sdk::dynamixel_sdk" includes non-existent path
[0.315s] 
[0.315s]     "$/root/ros2_ws/install/dynamixel_sdk/include"
[0.315s] 
[0.315s]   in its INTERFACE_INCLUDE_DIRECTORIES.  Possible reasons include:
[0.315s] 
[0.315s]   * The path was deleted, renamed, or moved to another location.
[0.315s] 
[0.316s]   * An install or uninstall procedure did not complete successfully.
[0.316s] 
[0.316s]   * The installation package was faulty and references files it does not
[0.316s]   provide.
[0.316s] 
[0.316s] 
[0.316s] [0m
[0.317s] [31mCMake Error in CMakeLists.txt:
[0.317s]   Imported target "dynamixel_sdk::dynamixel_sdk" includes non-existent path
[0.318s] 
[0.318s]     "$/root/ros2_ws/install/dynamixel_sdk/include"
[0.318s] 
[0.318s]   in its INTERFACE_INCLUDE_DIRECTORIES.  Possible reasons include:
[0.318s] 
[0.318s]   * The path was deleted, renamed, or moved to another location.
[0.318s] 
[0.318s]   * An install or uninstall procedure did not complete successfully.
[0.318s] 
[0.318s]   * The installation package was faulty and references files it does not
[0.318s]   provide.
[0.318s] 
[0.319s] 
[0.319s] [0m
[0.321s] -- Generating done
[0.325s] [0mCMake Generate step failed.  Build files cannot be regenerated correctly.[0m
[0.331s] gmake: *** [Makefile:740: cmake_check_build_system] Error 1
[0.334s] Invoked command in '/root/ros2_ws/build/samples01' returned '2': CMAKE_PREFIX_PATH=/root/ros2_ws/install/dynamixel_sdk:/root/ros2_ws/install/sciurus17:/root/ros2_ws/install/sciurus17_examples:/root/ros2_ws/install/sciurus17_control:/root/ros2_ws/install/dynamixel_sdk_examples:/root/ros2_ws/install/sciurus17_vision:/root/ros2_ws/install/sciurus17_tools:/root/ros2_ws/install/sciurus17_moveit_config:/root/ros2_ws/install/sciurus17_gazebo:/root/ros2_ws/install/sciurus17_description:/root/ros2_ws/install/dynamixel_sdk_custom_interfaces LD_LIBRARY_PATH=/root/ros2_ws/install/rt_manipulators_cpp/lib:/root/ros2_ws/install/dynamixel_sdk/lib:/root/ros2_ws/install/sciurus17_examples/lib:/root/ros2_ws/install/sciurus17_control/lib:/root/ros2_ws/install/lib:/root/ros2_ws/install/dynamixel_sdk_custom_interfaces/lib:/root/ros2_ws/src/DynamixelSDK/c++/build/win64:/opt/ros/humble/opt/rviz_ogre_vendor/lib:/opt/ros/humble/lib/x86_64-linux-gnu:/opt/ros/humble/lib /usr/bin/cmake --build /root/ros2_ws/build/samples01 -- -j12 -l12
