[0.083s] Invoking command in '/root/ros2_ws/build/sciurus17_gazebo': CMAKE_PREFIX_PATH=${CMAKE_PREFIX_PATH}:/opt/ros/humble /usr/bin/cmake /root/ros2_ws/src/sciurus17_ros/sciurus17_gazebo -DAMENT_CMAKE_SYMLINK_INSTALL=1 -DCMAKE_INSTALL_PREFIX=/root/ros2_ws/install/sciurus17_gazebo
[0.203s] -- The C compiler identification is GNU 11.4.0
[0.311s] -- The CXX compiler identification is GNU 11.4.0
[0.326s] -- Detecting C compiler ABI info
[0.462s] -- Detecting C compiler ABI info - done
[0.479s] -- Check for working C compiler: /usr/bin/cc - skipped
[0.480s] -- Detecting C compile features
[0.480s] -- Detecting C compile features - done
[0.487s] -- Detecting CXX compiler ABI info
[0.658s] -- Detecting CXX compiler ABI info - done
[0.680s] -- Check for working CXX compiler: /usr/bin/c++ - skipped
[0.680s] -- Detecting CXX compile features
[0.682s] -- Detecting CXX compile features - done
[0.694s] -- Found ament_cmake: 1.3.11 (/opt/ros/humble/share/ament_cmake/cmake)
[1.037s] -- Found Python3: /usr/bin/python3 (found version "3.10.12") found components: Interpreter 
[1.181s] -- Override CMake install command with custom implementation using symlinks instead of copying resources
[1.274s] -- Found ament_lint_auto: 0.12.11 (/opt/ros/humble/share/ament_lint_auto/cmake)
[1.487s] -- Added test 'copyright' to check source files copyright and LICENSE
[1.493s] -- Added test 'flake8' to check Python code syntax and style conventions
[1.495s] -- Added test 'lint_cmake' to check CMake code style
[1.499s] -- Added test 'pep257' to check Python code against some of the docstring style conventions in PEP 257
[1.503s] -- Added test 'xmllint' to check XML markup files
[1.509s] -- Configuring done
[1.521s] -- Generating done
[1.528s] -- Build files have been written to: /root/ros2_ws/build/sciurus17_gazebo
[1.542s] Invoked command in '/root/ros2_ws/build/sciurus17_gazebo' returned '0': CMAKE_PREFIX_PATH=${CMAKE_PREFIX_PATH}:/opt/ros/humble /usr/bin/cmake /root/ros2_ws/src/sciurus17_ros/sciurus17_gazebo -DAMENT_CMAKE_SYMLINK_INSTALL=1 -DCMAKE_INSTALL_PREFIX=/root/ros2_ws/install/sciurus17_gazebo
[1.543s] Invoking command in '/root/ros2_ws/build/sciurus17_gazebo': CMAKE_PREFIX_PATH=${CMAKE_PREFIX_PATH}:/opt/ros/humble /usr/bin/cmake --build /root/ros2_ws/build/sciurus17_gazebo -- -j12 -l12
[1.729s] Invoked command in '/root/ros2_ws/build/sciurus17_gazebo' returned '0': CMAKE_PREFIX_PATH=${CMAKE_PREFIX_PATH}:/opt/ros/humble /usr/bin/cmake --build /root/ros2_ws/build/sciurus17_gazebo -- -j12 -l12
[1.745s] Invoking command in '/root/ros2_ws/build/sciurus17_gazebo': CMAKE_PREFIX_PATH=${CMAKE_PREFIX_PATH}:/opt/ros/humble /usr/bin/cmake --install /root/ros2_ws/build/sciurus17_gazebo
[1.767s] -- Install configuration: ""
[1.800s] -- Execute custom install script
[1.800s] -- Symlinking: /root/ros2_ws/install/sciurus17_gazebo/share/sciurus17_gazebo//config/bridge.yaml
[1.829s] -- Symlinking: /root/ros2_ws/install/sciurus17_gazebo/share/sciurus17_gazebo//launch/sciurus17_with_table.launch.py
[1.880s] -- Symlinking: /root/ros2_ws/install/sciurus17_gazebo/share/sciurus17_gazebo//worlds/table.sdf
[1.898s] -- Symlinking: /root/ros2_ws/install/sciurus17_gazebo/share/sciurus17_gazebo//gui/gui.config
[1.950s] -- Symlinking: /root/ros2_ws/install/sciurus17_gazebo/share/ament_index/resource_index/package_run_dependencies/sciurus17_gazebo
[2.030s] -- Symlinking: /root/ros2_ws/install/sciurus17_gazebo/share/ament_index/resource_index/parent_prefix_path/sciurus17_gazebo
[2.149s] -- Symlinking: /root/ros2_ws/install/sciurus17_gazebo/share/sciurus17_gazebo/environment/ament_prefix_path.sh
[2.268s] -- Symlinking: /root/ros2_ws/install/sciurus17_gazebo/share/sciurus17_gazebo/environment/ament_prefix_path.dsv
[2.338s] -- Symlinking: /root/ros2_ws/install/sciurus17_gazebo/share/sciurus17_gazebo/environment/path.sh
[2.407s] -- Symlinking: /root/ros2_ws/install/sciurus17_gazebo/share/sciurus17_gazebo/environment/path.dsv
[2.469s] -- Symlinking: /root/ros2_ws/install/sciurus17_gazebo/share/sciurus17_gazebo/local_setup.bash
[2.517s] -- Symlinking: /root/ros2_ws/install/sciurus17_gazebo/share/sciurus17_gazebo/local_setup.sh
[2.582s] -- Symlinking: /root/ros2_ws/install/sciurus17_gazebo/share/sciurus17_gazebo/local_setup.zsh
[2.624s] -- Symlinking: /root/ros2_ws/install/sciurus17_gazebo/share/sciurus17_gazebo/local_setup.dsv
[2.706s] -- Symlinking: /root/ros2_ws/install/sciurus17_gazebo/share/sciurus17_gazebo/package.dsv
[2.742s] -- Symlinking: /root/ros2_ws/install/sciurus17_gazebo/share/ament_index/resource_index/packages/sciurus17_gazebo
[2.793s] -- Symlinking: /root/ros2_ws/install/sciurus17_gazebo/share/sciurus17_gazebo/cmake/sciurus17_gazeboConfig.cmake
[2.859s] -- Symlinking: /root/ros2_ws/install/sciurus17_gazebo/share/sciurus17_gazebo/cmake/sciurus17_gazeboConfig-version.cmake
[2.932s] -- Symlinking: /root/ros2_ws/install/sciurus17_gazebo/share/sciurus17_gazebo/package.xml
[3.021s] Invoked command in '/root/ros2_ws/build/sciurus17_gazebo' returned '0': CMAKE_PREFIX_PATH=${CMAKE_PREFIX_PATH}:/opt/ros/humble /usr/bin/cmake --install /root/ros2_ws/build/sciurus17_gazebo
