[0.071s] Invoking command in '/root/ros2_ws/build/rt_manipulators_cpp': /usr/bin/cmake --build /root/ros2_ws/build/rt_manipulators_cpp -- -j12 -l12
[0.152s] [ 46%] Built target dynamixel_sdk
[0.158s] [100%] Built target rt_manipulators_cpp
[0.189s] Invoked command in '/root/ros2_ws/build/rt_manipulators_cpp' returned '0': /usr/bin/cmake --build /root/ros2_ws/build/rt_manipulators_cpp -- -j12 -l12
[0.199s] Invoking command in '/root/ros2_ws/build/rt_manipulators_cpp': /usr/bin/cmake --install /root/ros2_ws/build/rt_manipulators_cpp
[0.209s] -- Install configuration: ""
[0.210s] -- Up-to-date: /root/ros2_ws/install/rt_manipulators_cpp/lib/librt_manipulators_cpp.so.1.1.0
[0.210s] -- Up-to-date: /root/ros2_ws/install/rt_manipulators_cpp/lib/librt_manipulators_cpp.so.1
[0.210s] -- Up-to-date: /root/ros2_ws/install/rt_manipulators_cpp/lib/librt_manipulators_cpp.so
[0.211s] -- Up-to-date: /root/ros2_ws/install/rt_manipulators_cpp/include/rt_manipulators_cpp
[0.211s] -- Up-to-date: /root/ros2_ws/install/rt_manipulators_cpp/include/rt_manipulators_cpp/kinematics.hpp
[0.211s] -- Up-to-date: /root/ros2_ws/install/rt_manipulators_cpp/include/rt_manipulators_cpp/link.hpp
[0.212s] -- Up-to-date: /root/ros2_ws/install/rt_manipulators_cpp/include/rt_manipulators_cpp/hardware_joints.hpp
[0.212s] -- Up-to-date: /root/ros2_ws/install/rt_manipulators_cpp/include/rt_manipulators_cpp/config_file_parser.hpp
[0.213s] -- Up-to-date: /root/ros2_ws/install/rt_manipulators_cpp/include/rt_manipulators_cpp/dynamixel_p.hpp
[0.213s] -- Up-to-date: /root/ros2_ws/install/rt_manipulators_cpp/include/rt_manipulators_cpp/hardware.hpp
[0.213s] -- Up-to-date: /root/ros2_ws/install/rt_manipulators_cpp/include/rt_manipulators_cpp/dynamixel_ph42.hpp
[0.213s] -- Up-to-date: /root/ros2_ws/install/rt_manipulators_cpp/include/rt_manipulators_cpp/dynamixel_xh430.hpp
[0.213s] -- Up-to-date: /root/ros2_ws/install/rt_manipulators_cpp/include/rt_manipulators_cpp/kinematics_utils.hpp
[0.213s] -- Up-to-date: /root/ros2_ws/install/rt_manipulators_cpp/include/rt_manipulators_cpp/dynamixel_base.hpp
[0.214s] -- Up-to-date: /root/ros2_ws/install/rt_manipulators_cpp/include/rt_manipulators_cpp/dynamixel_x.hpp
[0.214s] -- Up-to-date: /root/ros2_ws/install/rt_manipulators_cpp/include/rt_manipulators_cpp/dynamixel_xm430.hpp
[0.214s] -- Up-to-date: /root/ros2_ws/install/rt_manipulators_cpp/include/rt_manipulators_cpp/joint.hpp
[0.215s] -- Up-to-date: /root/ros2_ws/install/rt_manipulators_cpp/include/rt_manipulators_cpp/dynamixel_xm540.hpp
[0.216s] -- Up-to-date: /root/ros2_ws/install/rt_manipulators_cpp/include/rt_manipulators_cpp/hardware_communicator.hpp
[0.216s] -- Up-to-date: /root/ros2_ws/install/rt_manipulators_cpp/include/rt_manipulators_cpp/dynamixel_xh540.hpp
[0.224s] Invoked command in '/root/ros2_ws/build/rt_manipulators_cpp' returned '0': /usr/bin/cmake --install /root/ros2_ws/build/rt_manipulators_cpp
