[0.036s] Invoking command in '/root/ros2_ws/build/rt_manipulators_cpp': /usr/bin/cmake --build /root/ros2_ws/build/rt_manipulators_cpp -- -j12 -l12
[0.134s] [35m[1mConsolidate compiler generated dependencies of target dynamixel_sdk[0m
[0.135s] [35m[1mConsolidate compiler generated dependencies of target rt_manipulators_cpp[0m
[0.189s] [ 46%] Built target dynamixel_sdk
[0.223s] [100%] Built target rt_manipulators_cpp
[0.244s] Invoked command in '/root/ros2_ws/build/rt_manipulators_cpp' returned '0': /usr/bin/cmake --build /root/ros2_ws/build/rt_manipulators_cpp -- -j12 -l12
[0.265s] Invoking command in '/root/ros2_ws/build/rt_manipulators_cpp': /usr/bin/cmake --install /root/ros2_ws/build/rt_manipulators_cpp
[0.280s] -- Install configuration: ""
[0.282s] -- Up-to-date: /root/ros2_ws/install/rt_manipulators_cpp/lib/librt_manipulators_cpp.so.1.1.0
[0.283s] -- Up-to-date: /root/ros2_ws/install/rt_manipulators_cpp/lib/librt_manipulators_cpp.so.1
[0.283s] -- Up-to-date: /root/ros2_ws/install/rt_manipulators_cpp/lib/librt_manipulators_cpp.so
[0.284s] -- Up-to-date: /root/ros2_ws/install/rt_manipulators_cpp/include/rt_manipulators_cpp
[0.285s] -- Up-to-date: /root/ros2_ws/install/rt_manipulators_cpp/include/rt_manipulators_cpp/kinematics.hpp
[0.285s] -- Up-to-date: /root/ros2_ws/install/rt_manipulators_cpp/include/rt_manipulators_cpp/link.hpp
[0.285s] -- Up-to-date: /root/ros2_ws/install/rt_manipulators_cpp/include/rt_manipulators_cpp/hardware_joints.hpp
[0.285s] -- Up-to-date: /root/ros2_ws/install/rt_manipulators_cpp/include/rt_manipulators_cpp/config_file_parser.hpp
[0.285s] -- Up-to-date: /root/ros2_ws/install/rt_manipulators_cpp/include/rt_manipulators_cpp/dynamixel_p.hpp
[0.286s] -- Up-to-date: /root/ros2_ws/install/rt_manipulators_cpp/include/rt_manipulators_cpp/hardware.hpp
[0.286s] -- Up-to-date: /root/ros2_ws/install/rt_manipulators_cpp/include/rt_manipulators_cpp/dynamixel_ph42.hpp
[0.286s] -- Up-to-date: /root/ros2_ws/install/rt_manipulators_cpp/include/rt_manipulators_cpp/dynamixel_xh430.hpp
[0.286s] -- Up-to-date: /root/ros2_ws/install/rt_manipulators_cpp/include/rt_manipulators_cpp/kinematics_utils.hpp
[0.286s] -- Up-to-date: /root/ros2_ws/install/rt_manipulators_cpp/include/rt_manipulators_cpp/dynamixel_base.hpp
[0.286s] -- Up-to-date: /root/ros2_ws/install/rt_manipulators_cpp/include/rt_manipulators_cpp/dynamixel_x.hpp
[0.286s] -- Up-to-date: /root/ros2_ws/install/rt_manipulators_cpp/include/rt_manipulators_cpp/dynamixel_xm430.hpp
[0.286s] -- Up-to-date: /root/ros2_ws/install/rt_manipulators_cpp/include/rt_manipulators_cpp/joint.hpp
[0.286s] -- Up-to-date: /root/ros2_ws/install/rt_manipulators_cpp/include/rt_manipulators_cpp/dynamixel_xm540.hpp
[0.287s] -- Up-to-date: /root/ros2_ws/install/rt_manipulators_cpp/include/rt_manipulators_cpp/hardware_communicator.hpp
[0.287s] -- Up-to-date: /root/ros2_ws/install/rt_manipulators_cpp/include/rt_manipulators_cpp/dynamixel_xh540.hpp
[0.289s] Invoked command in '/root/ros2_ws/build/rt_manipulators_cpp' returned '0': /usr/bin/cmake --install /root/ros2_ws/build/rt_manipulators_cpp
