[0mx7_forward_kinematics[0m
[0ms17_forward_kinematics[0m
[0mx7_inverse_kinematics[0m
[0ms17_inverse_kinematics[0m
/usr/bin/ld: cannot find -lrt_manipulators_cpp: No such file or directory
collect2: error: ld returned 1 exit status
/usr/bin/ld: cannot find -lrt_manipulators_cpp: No such file or directory
gmake[2]: *** [CMakeFiles/x7_forward_kinematics.dir/build.make:97: /root/ros2_ws/src/rt_manipulators_cpp/samples/samples02/bin/x7_forward_kinematics] Error 1
gmake[1]: *** [CMakeFiles/Makefile2:143: CMakeFiles/x7_forward_kinematics.dir/all] Error 2
gmake[1]: *** Waiting for unfinished jobs....
collect2: error: ld returned 1 exit status
gmake[2]: *** [CMakeFiles/s17_forward_kinematics.dir/build.make:97: /root/ros2_ws/src/rt_manipulators_cpp/samples/samples02/bin/s17_forward_kinematics] Error 1
gmake[1]: *** [CMakeFiles/Makefile2:169: CMakeFiles/s17_forward_kinematics.dir/all] Error 2
/usr/bin/ld: cannot find -lrt_manipulators_cpp: No such file or directory
collect2: error: ld returned 1 exit status
gmake[2]: *** [CMakeFiles/x7_inverse_kinematics.dir/build.make:97: /root/ros2_ws/src/rt_manipulators_cpp/samples/samples02/bin/x7_inverse_kinematics] Error 1
gmake[1]: *** [CMakeFiles/Makefile2:195: CMakeFiles/x7_inverse_kinematics.dir/all] Error 2
/usr/bin/ld: cannot find -lrt_manipulators_cpp: No such file or directory
collect2: error: ld returned 1 exit status
gmake[2]: *** [CMakeFiles/s17_inverse_kinematics.dir/build.make:97: /root/ros2_ws/src/rt_manipulators_cpp/samples/samples02/bin/s17_inverse_kinematics] Error 1
gmake[1]: *** [CMakeFiles/Makefile2:221: CMakeFiles/s17_inverse_kinematics.dir/all] Error 2
gmake: *** [Makefile:91: all] Error 2
