[0.044s] Invoking command in '/root/ros2_ws/build/sciurus17_tools': CMAKE_PREFIX_PATH=${CMAKE_PREFIX_PATH}:/opt/ros/humble /usr/bin/cmake --build /root/ros2_ws/build/sciurus17_tools -- -j12 -l12
[0.142s] Invoked command in '/root/ros2_ws/build/sciurus17_tools' returned '0': CMAKE_PREFIX_PATH=${CMAKE_PREFIX_PATH}:/opt/ros/humble /usr/bin/cmake --build /root/ros2_ws/build/sciurus17_tools -- -j12 -l12
[0.168s] Invoking command in '/root/ros2_ws/build/sciurus17_tools': CMAKE_PREFIX_PATH=${CMAKE_PREFIX_PATH}:/opt/ros/humble /usr/bin/cmake --install /root/ros2_ws/build/sciurus17_tools
[0.184s] -- Install configuration: ""
[0.186s] -- Execute custom install script
[0.189s] -- Up-to-date symlink: /root/ros2_ws/install/sciurus17_tools/lib/sciurus17_tools//scripts/create_udev_rules
[0.192s] -- Up-to-date symlink: /root/ros2_ws/install/sciurus17_tools/lib/sciurus17_tools//rules/91-sciurus17.rules
[0.193s] -- Up-to-date symlink: /root/ros2_ws/install/sciurus17_tools/share/ament_index/resource_index/package_run_dependencies/sciurus17_tools
[0.194s] -- Up-to-date symlink: /root/ros2_ws/install/sciurus17_tools/share/ament_index/resource_index/parent_prefix_path/sciurus17_tools
[0.195s] -- Up-to-date symlink: /root/ros2_ws/install/sciurus17_tools/share/sciurus17_tools/environment/ament_prefix_path.sh
[0.196s] -- Up-to-date symlink: /root/ros2_ws/install/sciurus17_tools/share/sciurus17_tools/environment/ament_prefix_path.dsv
[0.197s] -- Up-to-date symlink: /root/ros2_ws/install/sciurus17_tools/share/sciurus17_tools/environment/path.sh
[0.197s] -- Up-to-date symlink: /root/ros2_ws/install/sciurus17_tools/share/sciurus17_tools/environment/path.dsv
[0.199s] -- Up-to-date symlink: /root/ros2_ws/install/sciurus17_tools/share/sciurus17_tools/local_setup.bash
[0.199s] -- Up-to-date symlink: /root/ros2_ws/install/sciurus17_tools/share/sciurus17_tools/local_setup.sh
[0.200s] -- Up-to-date symlink: /root/ros2_ws/install/sciurus17_tools/share/sciurus17_tools/local_setup.zsh
[0.202s] -- Up-to-date symlink: /root/ros2_ws/install/sciurus17_tools/share/sciurus17_tools/local_setup.dsv
[0.202s] -- Symlinking: /root/ros2_ws/install/sciurus17_tools/share/sciurus17_tools/package.dsv
[0.227s] -- Up-to-date symlink: /root/ros2_ws/install/sciurus17_tools/share/ament_index/resource_index/packages/sciurus17_tools
[0.228s] -- Up-to-date symlink: /root/ros2_ws/install/sciurus17_tools/share/sciurus17_tools/cmake/sciurus17_toolsConfig.cmake
[0.229s] -- Up-to-date symlink: /root/ros2_ws/install/sciurus17_tools/share/sciurus17_tools/cmake/sciurus17_toolsConfig-version.cmake
[0.230s] -- Up-to-date symlink: /root/ros2_ws/install/sciurus17_tools/share/sciurus17_tools/package.xml
[0.236s] Invoked command in '/root/ros2_ws/build/sciurus17_tools' returned '0': CMAKE_PREFIX_PATH=${CMAKE_PREFIX_PATH}:/opt/ros/humble /usr/bin/cmake --install /root/ros2_ws/build/sciurus17_tools
