[0.030s] Invoking command in '/root/ros2_ws/build/samples01': CMAKE_PREFIX_PATH=/root/ros2_ws/install/dynamixel_sdk:/root/ros2_ws/install/sciurus17:/root/ros2_ws/install/sciurus17_examples:/root/ros2_ws/install/sciurus17_control:/root/ros2_ws/install/dynamixel_sdk_examples:/root/ros2_ws/install/sciurus17_vision:/root/ros2_ws/install/sciurus17_tools:/root/ros2_ws/install/sciurus17_moveit_config:/root/ros2_ws/install/sciurus17_gazebo:/root/ros2_ws/install/sciurus17_description:/root/ros2_ws/install/dynamixel_sdk_custom_interfaces LD_LIBRARY_PATH=/root/ros2_ws/install/rt_manipulators_cpp/lib:/root/ros2_ws/install/dynamixel_sdk/lib:/root/ros2_ws/install/sciurus17_examples/lib:/root/ros2_ws/install/sciurus17_control/lib:/root/ros2_ws/install/lib:/root/ros2_ws/install/dynamixel_sdk_custom_interfaces/lib:/root/ros2_ws/src/DynamixelSDK/c++/build/win64:/opt/ros/humble/opt/rviz_ogre_vendor/lib:/opt/ros/humble/lib/x86_64-linux-gnu:/opt/ros/humble/lib /usr/bin/cmake --build /root/ros2_ws/build/samples01 -- -j12 -l12
[0.100s] -- Found rt_manipulators_cpp: 1.0.0 (/opt/ros/humble/share/rt_manipulators_cpp/cmake)
[0.255s] [0mx7_onoff[0m
[0.255s] [0ms17_onoff[0m
[0.255s] [0mx7_read_position[0m
[0.256s] [0ms17_read_position[0m
[0.256s] [0mx7_write_position[0m
[0.256s] [0ms17_write_position[0m
[0.256s] [0mx7_thread[0m
[0.256s] [0ms17_thread[0m
[0.256s] [0mx7_read_present_values[0m
[0.256s] [0ms17_read_present_values[0m
[0.256s] [0mx7_write_velocity[0m
[0.256s] [0ms17_write_velocity[0m
[0.257s] [0mx7_write_current[0m
[0.257s] [0ms17_write_current[0m
[0.257s] -- Configuring done
[0.262s] [31mCMake Error in CMakeLists.txt:
[0.262s]   Imported target "dynamixel_sdk::dynamixel_sdk" includes non-existent path
[0.262s] 
[0.262s]     "/root/ros2_ws/install/dynamixel_sdk/share/dynamixel_sdk/cmake/include"
[0.262s] 
[0.263s]   in its INTERFACE_INCLUDE_DIRECTORIES.  Possible reasons include:
[0.263s] 
[0.263s]   * The path was deleted, renamed, or moved to another location.
[0.263s] 
[0.263s]   * An install or uninstall procedure did not complete successfully.
[0.263s] 
[0.263s]   * The installation package was faulty and references files it does not
[0.263s]   provide.
[0.263s] 
[0.264s] 
[0.264s] [0m
[0.265s] [31mCMake Error in CMakeLists.txt:
[0.265s]   Imported target "dynamixel_sdk::dynamixel_sdk" includes non-existent path
[0.265s] 
[0.265s]     "/root/ros2_ws/install/dynamixel_sdk/share/dynamixel_sdk/cmake/include"
[0.265s] 
[0.266s]   in its INTERFACE_INCLUDE_DIRECTORIES.  Possible reasons include:
[0.266s] 
[0.266s]   * The path was deleted, renamed, or moved to another location.
[0.266s] 
[0.266s]   * An install or uninstall procedure did not complete successfully.
[0.266s] 
[0.266s]   * The installation package was faulty and references files it does not
[0.266s]   provide.
[0.266s] 
[0.267s] 
[0.267s] [0m
[0.267s] [31mCMake Error in CMakeLists.txt:
[0.268s]   Imported target "dynamixel_sdk::dynamixel_sdk" includes non-existent path
[0.268s] 
[0.268s]     "/root/ros2_ws/install/dynamixel_sdk/share/dynamixel_sdk/cmake/include"
[0.268s] 
[0.268s]   in its INTERFACE_INCLUDE_DIRECTORIES.  Possible reasons include:
[0.268s] 
[0.268s]   * The path was deleted, renamed, or moved to another location.
[0.268s] 
[0.269s]   * An install or uninstall procedure did not complete successfully.
[0.269s] 
[0.269s]   * The installation package was faulty and references files it does not
[0.269s]   provide.
[0.269s] 
[0.269s] 
[0.269s] [0m
[0.270s] [31mCMake Error in CMakeLists.txt:
[0.270s]   Imported target "dynamixel_sdk::dynamixel_sdk" includes non-existent path
[0.270s] 
[0.270s]     "/root/ros2_ws/install/dynamixel_sdk/share/dynamixel_sdk/cmake/include"
[0.270s] 
[0.270s]   in its INTERFACE_INCLUDE_DIRECTORIES.  Possible reasons include:
[0.270s] 
[0.271s]   * The path was deleted, renamed, or moved to another location.
[0.271s] 
[0.271s]   * An install or uninstall procedure did not complete successfully.
[0.271s] 
[0.271s]   * The installation package was faulty and references files it does not
[0.271s]   provide.
[0.271s] 
[0.271s] 
[0.271s] [0m
[0.272s] [31mCMake Error in CMakeLists.txt:
[0.272s]   Imported target "dynamixel_sdk::dynamixel_sdk" includes non-existent path
[0.272s] 
[0.272s]     "/root/ros2_ws/install/dynamixel_sdk/share/dynamixel_sdk/cmake/include"
[0.272s] 
[0.272s]   in its INTERFACE_INCLUDE_DIRECTORIES.  Possible reasons include:
[0.272s] 
[0.273s]   * The path was deleted, renamed, or moved to another location.
[0.273s] 
[0.273s]   * An install or uninstall procedure did not complete successfully.
[0.273s] 
[0.273s]   * The installation package was faulty and references files it does not
[0.273s]   provide.
[0.273s] 
[0.273s] 
[0.273s] [0m
[0.274s] [31mCMake Error in CMakeLists.txt:
[0.274s]   Imported target "dynamixel_sdk::dynamixel_sdk" includes non-existent path
[0.274s] 
[0.274s]     "/root/ros2_ws/install/dynamixel_sdk/share/dynamixel_sdk/cmake/include"
[0.275s] 
[0.275s]   in its INTERFACE_INCLUDE_DIRECTORIES.  Possible reasons include:
[0.275s] 
[0.275s]   * The path was deleted, renamed, or moved to another location.
[0.275s] 
[0.275s]   * An install or uninstall procedure did not complete successfully.
[0.275s] 
[0.275s]   * The installation package was faulty and references files it does not
[0.275s]   provide.
[0.275s] 
[0.276s] 
[0.276s] [0m
[0.277s] [31mCMake Error in CMakeLists.txt:
[0.277s]   Imported target "dynamixel_sdk::dynamixel_sdk" includes non-existent path
[0.277s] 
[0.277s]     "/root/ros2_ws/install/dynamixel_sdk/share/dynamixel_sdk/cmake/include"
[0.277s] 
[0.277s]   in its INTERFACE_INCLUDE_DIRECTORIES.  Possible reasons include:
[0.277s] 
[0.277s]   * The path was deleted, renamed, or moved to another location.
[0.277s] 
[0.277s]   * An install or uninstall procedure did not complete successfully.
[0.277s] 
[0.277s]   * The installation package was faulty and references files it does not
[0.278s]   provide.
[0.278s] 
[0.278s] 
[0.278s] [0m
[0.279s] [31mCMake Error in CMakeLists.txt:
[0.279s]   Imported target "dynamixel_sdk::dynamixel_sdk" includes non-existent path
[0.279s] 
[0.279s]     "/root/ros2_ws/install/dynamixel_sdk/share/dynamixel_sdk/cmake/include"
[0.279s] 
[0.279s]   in its INTERFACE_INCLUDE_DIRECTORIES.  Possible reasons include:
[0.279s] 
[0.279s]   * The path was deleted, renamed, or moved to another location.
[0.280s] 
[0.280s]   * An install or uninstall procedure did not complete successfully.
[0.280s] 
[0.280s]   * The installation package was faulty and references files it does not
[0.280s]   provide.
[0.280s] 
[0.280s] 
[0.280s] [0m
[0.281s] [31mCMake Error in CMakeLists.txt:
[0.281s]   Imported target "dynamixel_sdk::dynamixel_sdk" includes non-existent path
[0.281s] 
[0.281s]     "/root/ros2_ws/install/dynamixel_sdk/share/dynamixel_sdk/cmake/include"
[0.281s] 
[0.282s]   in its INTERFACE_INCLUDE_DIRECTORIES.  Possible reasons include:
[0.282s] 
[0.282s]   * The path was deleted, renamed, or moved to another location.
[0.282s] 
[0.282s]   * An install or uninstall procedure did not complete successfully.
[0.282s] 
[0.282s]   * The installation package was faulty and references files it does not
[0.282s]   provide.
[0.282s] 
[0.282s] 
[0.283s] [0m
[0.283s] [31mCMake Error in CMakeLists.txt:
[0.283s]   Imported target "dynamixel_sdk::dynamixel_sdk" includes non-existent path
[0.284s] 
[0.284s]     "/root/ros2_ws/install/dynamixel_sdk/share/dynamixel_sdk/cmake/include"
[0.284s] 
[0.284s]   in its INTERFACE_INCLUDE_DIRECTORIES.  Possible reasons include:
[0.284s] 
[0.284s]   * The path was deleted, renamed, or moved to another location.
[0.284s] 
[0.284s]   * An install or uninstall procedure did not complete successfully.
[0.284s] 
[0.284s]   * The installation package was faulty and references files it does not
[0.285s]   provide.
[0.285s] 
[0.285s] 
[0.285s] [0m
[0.286s] [31mCMake Error in CMakeLists.txt:
[0.286s]   Imported target "dynamixel_sdk::dynamixel_sdk" includes non-existent path
[0.286s] 
[0.286s]     "/root/ros2_ws/install/dynamixel_sdk/share/dynamixel_sdk/cmake/include"
[0.286s] 
[0.286s]   in its INTERFACE_INCLUDE_DIRECTORIES.  Possible reasons include:
[0.286s] 
[0.286s]   * The path was deleted, renamed, or moved to another location.
[0.286s] 
[0.287s]   * An install or uninstall procedure did not complete successfully.
[0.287s] 
[0.287s]   * The installation package was faulty and references files it does not
[0.287s]   provide.
[0.287s] 
[0.287s] 
[0.287s] [0m
[0.288s] [31mCMake Error in CMakeLists.txt:
[0.288s]   Imported target "dynamixel_sdk::dynamixel_sdk" includes non-existent path
[0.288s] 
[0.288s]     "/root/ros2_ws/install/dynamixel_sdk/share/dynamixel_sdk/cmake/include"
[0.288s] 
[0.288s]   in its INTERFACE_INCLUDE_DIRECTORIES.  Possible reasons include:
[0.288s] 
[0.288s]   * The path was deleted, renamed, or moved to another location.
[0.289s] 
[0.289s]   * An install or uninstall procedure did not complete successfully.
[0.289s] 
[0.289s]   * The installation package was faulty and references files it does not
[0.289s]   provide.
[0.289s] 
[0.289s] 
[0.289s] [0m
[0.290s] [31mCMake Error in CMakeLists.txt:
[0.290s]   Imported target "dynamixel_sdk::dynamixel_sdk" includes non-existent path
[0.290s] 
[0.290s]     "/root/ros2_ws/install/dynamixel_sdk/share/dynamixel_sdk/cmake/include"
[0.290s] 
[0.290s]   in its INTERFACE_INCLUDE_DIRECTORIES.  Possible reasons include:
[0.290s] 
[0.291s]   * The path was deleted, renamed, or moved to another location.
[0.291s] 
[0.291s]   * An install or uninstall procedure did not complete successfully.
[0.291s] 
[0.291s]   * The installation package was faulty and references files it does not
[0.291s]   provide.
[0.291s] 
[0.291s] 
[0.291s] [0m
[0.292s] [31mCMake Error in CMakeLists.txt:
[0.292s]   Imported target "dynamixel_sdk::dynamixel_sdk" includes non-existent path
[0.292s] 
[0.292s]     "/root/ros2_ws/install/dynamixel_sdk/share/dynamixel_sdk/cmake/include"
[0.292s] 
[0.293s]   in its INTERFACE_INCLUDE_DIRECTORIES.  Possible reasons include:
[0.293s] 
[0.293s]   * The path was deleted, renamed, or moved to another location.
[0.293s] 
[0.293s]   * An install or uninstall procedure did not complete successfully.
[0.293s] 
[0.293s]   * The installation package was faulty and references files it does not
[0.293s]   provide.
[0.293s] 
[0.293s] 
[0.294s] [0m
[0.296s] -- Generating done
[0.299s] [0mCMake Generate step failed.  Build files cannot be regenerated correctly.[0m
[0.305s] gmake: *** [Makefile:740: cmake_check_build_system] Error 1
[0.308s] Invoked command in '/root/ros2_ws/build/samples01' returned '2': CMAKE_PREFIX_PATH=/root/ros2_ws/install/dynamixel_sdk:/root/ros2_ws/install/sciurus17:/root/ros2_ws/install/sciurus17_examples:/root/ros2_ws/install/sciurus17_control:/root/ros2_ws/install/dynamixel_sdk_examples:/root/ros2_ws/install/sciurus17_vision:/root/ros2_ws/install/sciurus17_tools:/root/ros2_ws/install/sciurus17_moveit_config:/root/ros2_ws/install/sciurus17_gazebo:/root/ros2_ws/install/sciurus17_description:/root/ros2_ws/install/dynamixel_sdk_custom_interfaces LD_LIBRARY_PATH=/root/ros2_ws/install/rt_manipulators_cpp/lib:/root/ros2_ws/install/dynamixel_sdk/lib:/root/ros2_ws/install/sciurus17_examples/lib:/root/ros2_ws/install/sciurus17_control/lib:/root/ros2_ws/install/lib:/root/ros2_ws/install/dynamixel_sdk_custom_interfaces/lib:/root/ros2_ws/src/DynamixelSDK/c++/build/win64:/opt/ros/humble/opt/rviz_ogre_vendor/lib:/opt/ros/humble/lib/x86_64-linux-gnu:/opt/ros/humble/lib /usr/bin/cmake --build /root/ros2_ws/build/samples01 -- -j12 -l12
