[0.068s] Invoking command in '/root/ros2_ws/build/dynamixel_sdk_custom_interfaces': CMAKE_PREFIX_PATH=${CMAKE_PREFIX_PATH}:/opt/ros/humble /usr/bin/cmake /root/ros2_ws/src/DynamixelSDK/dynamixel_sdk_custom_interfaces -DCMAKE_INSTALL_PREFIX=/root/ros2_ws/install/dynamixel_sdk_custom_interfaces
[0.098s] -- Found ament_cmake: 1.3.11 (/opt/ros/humble/share/ament_cmake/cmake)
[0.297s] -- Override CMake install command with custom implementation using symlinks instead of copying resources
[0.324s] -- Found builtin_interfaces: 1.2.1 (/opt/ros/humble/share/builtin_interfaces/cmake)
[0.425s] -- Found rosidl_generator_c: 3.1.6 (/opt/ros/humble/share/rosidl_generator_c/cmake)
[0.430s] -- Found rosidl_adapter: 3.1.6 (/opt/ros/humble/share/rosidl_adapter/cmake)
[0.444s] -- Found rosidl_generator_cpp: 3.1.6 (/opt/ros/humble/share/rosidl_generator_cpp/cmake)
[0.468s] -- Using all available rosidl_typesupport_c: rosidl_typesupport_fastrtps_c;rosidl_typesupport_introspection_c
[0.500s] -- Using all available rosidl_typesupport_cpp: rosidl_typesupport_fastrtps_cpp;rosidl_typesupport_introspection_cpp
[0.524s] -- Found rosidl_default_generators: 1.2.0 (/opt/ros/humble/share/rosidl_default_generators/cmake)
[1.008s] -- Found ament_cmake_ros: 0.10.0 (/opt/ros/humble/share/ament_cmake_ros/cmake)
[1.344s] -- Using all available rosidl_typesupport_c: rosidl_typesupport_fastrtps_c;rosidl_typesupport_introspection_c
[1.477s] -- Using all available rosidl_typesupport_cpp: rosidl_typesupport_fastrtps_cpp;rosidl_typesupport_introspection_cpp
[1.505s] -- Found python_cmake_module: 0.10.0 (/opt/ros/humble/share/python_cmake_module/cmake)
[1.530s] -- Using PYTHON_EXECUTABLE: /usr/bin/python3
[1.530s] -- Using PYTHON_INCLUDE_DIRS: /usr/include/python3.10
[1.530s] -- Using PYTHON_LIBRARIES: /usr/lib/x86_64-linux-gnu/libpython3.10.so
[1.576s] -- Configuring done
[1.651s] -- Generating done
[1.665s] -- Build files have been written to: /root/ros2_ws/build/dynamixel_sdk_custom_interfaces
[1.672s] Invoked command in '/root/ros2_ws/build/dynamixel_sdk_custom_interfaces' returned '0': CMAKE_PREFIX_PATH=${CMAKE_PREFIX_PATH}:/opt/ros/humble /usr/bin/cmake /root/ros2_ws/src/DynamixelSDK/dynamixel_sdk_custom_interfaces -DCMAKE_INSTALL_PREFIX=/root/ros2_ws/install/dynamixel_sdk_custom_interfaces
[1.674s] Invoking command in '/root/ros2_ws/build/dynamixel_sdk_custom_interfaces': CMAKE_PREFIX_PATH=${CMAKE_PREFIX_PATH}:/opt/ros/humble /usr/bin/cmake --build /root/ros2_ws/build/dynamixel_sdk_custom_interfaces -- -j12 -l12
[1.721s] [35m[1mConsolidate compiler generated dependencies of target dynamixel_sdk_custom_interfaces__rosidl_generator_c[0m
[1.733s] [  2%] Built target dynamixel_sdk_custom_interfaces__cpp
[1.738s] [ 12%] Built target dynamixel_sdk_custom_interfaces__rosidl_generator_c
[1.748s] [ 12%] Built target ament_cmake_python_symlink_dynamixel_sdk_custom_interfaces
[1.750s] [35m[1mConsolidate compiler generated dependencies of target dynamixel_sdk_custom_interfaces__rosidl_typesupport_cpp[0m
[1.750s] [35m[1mConsolidate compiler generated dependencies of target dynamixel_sdk_custom_interfaces__rosidl_typesupport_fastrtps_cpp[0m
[1.751s] [35m[1mConsolidate compiler generated dependencies of target dynamixel_sdk_custom_interfaces__rosidl_typesupport_introspection_cpp[0m
[1.753s] [35m[1mConsolidate compiler generated dependencies of target dynamixel_sdk_custom_interfaces__rosidl_typesupport_fastrtps_c[0m
[1.753s] [35m[1mConsolidate compiler generated dependencies of target dynamixel_sdk_custom_interfaces__rosidl_typesupport_c[0m
[1.753s] [35m[1mConsolidate compiler generated dependencies of target dynamixel_sdk_custom_interfaces__rosidl_typesupport_introspection_c[0m
[1.773s] [ 64%] Built target dynamixel_sdk_custom_interfaces__rosidl_typesupport_cpp
[1.773s] [ 64%] Built target dynamixel_sdk_custom_interfaces__rosidl_typesupport_introspection_c
[1.773s] [ 64%] Built target dynamixel_sdk_custom_interfaces__rosidl_typesupport_introspection_cpp
[1.773s] [ 64%] Built target dynamixel_sdk_custom_interfaces__rosidl_typesupport_fastrtps_cpp
[1.774s] [ 64%] Built target dynamixel_sdk_custom_interfaces__rosidl_typesupport_c
[1.779s] [ 74%] Built target dynamixel_sdk_custom_interfaces__rosidl_typesupport_fastrtps_c
[1.808s] [ 74%] Built target dynamixel_sdk_custom_interfaces
[1.833s] [ 76%] Built target dynamixel_sdk_custom_interfaces__py
[1.847s] [35m[1mConsolidate compiler generated dependencies of target dynamixel_sdk_custom_interfaces__rosidl_generator_py[0m
[1.870s] [ 84%] Built target dynamixel_sdk_custom_interfaces__rosidl_generator_py
[1.886s] [35m[1mConsolidate compiler generated dependencies of target dynamixel_sdk_custom_interfaces__rosidl_typesupport_fastrtps_c__pyext[0m
[1.886s] [35m[1mConsolidate compiler generated dependencies of target dynamixel_sdk_custom_interfaces__rosidl_typesupport_introspection_c__pyext[0m
[1.886s] [35m[1mConsolidate compiler generated dependencies of target dynamixel_sdk_custom_interfaces__rosidl_typesupport_c__pyext[0m
[1.908s] [ 97%] Built target dynamixel_sdk_custom_interfaces__rosidl_typesupport_fastrtps_c__pyext
[1.908s] [100%] Built target dynamixel_sdk_custom_interfaces__rosidl_typesupport_c__pyext
[1.908s] [100%] Built target dynamixel_sdk_custom_interfaces__rosidl_typesupport_introspection_c__pyext
[2.065s] running egg_info
[2.066s] writing dynamixel_sdk_custom_interfaces.egg-info/PKG-INFO
[2.066s] writing dependency_links to dynamixel_sdk_custom_interfaces.egg-info/dependency_links.txt
[2.067s] writing top-level names to dynamixel_sdk_custom_interfaces.egg-info/top_level.txt
[2.070s] reading manifest file 'dynamixel_sdk_custom_interfaces.egg-info/SOURCES.txt'
[2.071s] writing manifest file 'dynamixel_sdk_custom_interfaces.egg-info/SOURCES.txt'
[2.105s] [100%] Built target ament_cmake_python_build_dynamixel_sdk_custom_interfaces_egg
[2.120s] Invoked command in '/root/ros2_ws/build/dynamixel_sdk_custom_interfaces' returned '0': CMAKE_PREFIX_PATH=${CMAKE_PREFIX_PATH}:/opt/ros/humble /usr/bin/cmake --build /root/ros2_ws/build/dynamixel_sdk_custom_interfaces -- -j12 -l12
[2.122s] Invoking command in '/root/ros2_ws/build/dynamixel_sdk_custom_interfaces': CMAKE_PREFIX_PATH=${CMAKE_PREFIX_PATH}:/opt/ros/humble /usr/bin/cmake --install /root/ros2_ws/build/dynamixel_sdk_custom_interfaces
[2.131s] -- Install configuration: ""
[2.131s] -- Execute custom install script
[2.132s] -- Up-to-date symlink: /root/ros2_ws/install/dynamixel_sdk_custom_interfaces/share/ament_index/resource_index/rosidl_interfaces/dynamixel_sdk_custom_interfaces
[2.133s] -- Up-to-date symlink: /root/ros2_ws/install/dynamixel_sdk_custom_interfaces/include/dynamixel_sdk_custom_interfaces/dynamixel_sdk_custom_interfaces/msg/detail/set_position__functions.h
[2.133s] -- Up-to-date symlink: /root/ros2_ws/install/dynamixel_sdk_custom_interfaces/include/dynamixel_sdk_custom_interfaces/dynamixel_sdk_custom_interfaces/msg/detail/set_position__struct.h
[2.133s] -- Up-to-date symlink: /root/ros2_ws/install/dynamixel_sdk_custom_interfaces/include/dynamixel_sdk_custom_interfaces/dynamixel_sdk_custom_interfaces/msg/detail/set_position__type_support.h
[2.134s] -- Up-to-date symlink: /root/ros2_ws/install/dynamixel_sdk_custom_interfaces/include/dynamixel_sdk_custom_interfaces/dynamixel_sdk_custom_interfaces/msg/rosidl_generator_c__visibility_control.h
[2.134s] -- Up-to-date symlink: /root/ros2_ws/install/dynamixel_sdk_custom_interfaces/include/dynamixel_sdk_custom_interfaces/dynamixel_sdk_custom_interfaces/msg/set_position.h
[2.135s] -- Up-to-date symlink: /root/ros2_ws/install/dynamixel_sdk_custom_interfaces/include/dynamixel_sdk_custom_interfaces/dynamixel_sdk_custom_interfaces/srv/detail/get_position__functions.h
[2.135s] -- Up-to-date symlink: /root/ros2_ws/install/dynamixel_sdk_custom_interfaces/include/dynamixel_sdk_custom_interfaces/dynamixel_sdk_custom_interfaces/srv/detail/get_position__struct.h
[2.136s] -- Up-to-date symlink: /root/ros2_ws/install/dynamixel_sdk_custom_interfaces/include/dynamixel_sdk_custom_interfaces/dynamixel_sdk_custom_interfaces/srv/detail/get_position__type_support.h
[2.136s] -- Up-to-date symlink: /root/ros2_ws/install/dynamixel_sdk_custom_interfaces/include/dynamixel_sdk_custom_interfaces/dynamixel_sdk_custom_interfaces/srv/get_position.h
[2.136s] -- Up-to-date symlink: /root/ros2_ws/install/dynamixel_sdk_custom_interfaces/share/dynamixel_sdk_custom_interfaces/environment/library_path.sh
[2.137s] -- Up-to-date symlink: /root/ros2_ws/install/dynamixel_sdk_custom_interfaces/share/dynamixel_sdk_custom_interfaces/environment/library_path.dsv
[2.138s] -- Up-to-date symlink: /root/ros2_ws/install/dynamixel_sdk_custom_interfaces/include/dynamixel_sdk_custom_interfaces/dynamixel_sdk_custom_interfaces/msg/detail/set_position__rosidl_typesupport_fastrtps_c.h
[2.138s] -- Up-to-date symlink: /root/ros2_ws/install/dynamixel_sdk_custom_interfaces/include/dynamixel_sdk_custom_interfaces/dynamixel_sdk_custom_interfaces/msg/rosidl_typesupport_fastrtps_c__visibility_control.h
[2.138s] -- Up-to-date symlink: /root/ros2_ws/install/dynamixel_sdk_custom_interfaces/include/dynamixel_sdk_custom_interfaces/dynamixel_sdk_custom_interfaces/srv/detail/get_position__rosidl_typesupport_fastrtps_c.h
[2.139s] -- Up-to-date symlink: /root/ros2_ws/install/dynamixel_sdk_custom_interfaces/include/dynamixel_sdk_custom_interfaces/dynamixel_sdk_custom_interfaces/msg/detail/set_position__builder.hpp
[2.140s] -- Up-to-date symlink: /root/ros2_ws/install/dynamixel_sdk_custom_interfaces/include/dynamixel_sdk_custom_interfaces/dynamixel_sdk_custom_interfaces/msg/detail/set_position__struct.hpp
[2.140s] -- Up-to-date symlink: /root/ros2_ws/install/dynamixel_sdk_custom_interfaces/include/dynamixel_sdk_custom_interfaces/dynamixel_sdk_custom_interfaces/msg/detail/set_position__traits.hpp
[2.142s] -- Up-to-date symlink: /root/ros2_ws/install/dynamixel_sdk_custom_interfaces/include/dynamixel_sdk_custom_interfaces/dynamixel_sdk_custom_interfaces/msg/detail/set_position__type_support.hpp
[2.144s] -- Up-to-date symlink: /root/ros2_ws/install/dynamixel_sdk_custom_interfaces/include/dynamixel_sdk_custom_interfaces/dynamixel_sdk_custom_interfaces/msg/rosidl_generator_cpp__visibility_control.hpp
[2.146s] -- Up-to-date symlink: /root/ros2_ws/install/dynamixel_sdk_custom_interfaces/include/dynamixel_sdk_custom_interfaces/dynamixel_sdk_custom_interfaces/msg/set_position.hpp
[2.146s] -- Up-to-date symlink: /root/ros2_ws/install/dynamixel_sdk_custom_interfaces/include/dynamixel_sdk_custom_interfaces/dynamixel_sdk_custom_interfaces/srv/detail/get_position__builder.hpp
[2.146s] -- Up-to-date symlink: /root/ros2_ws/install/dynamixel_sdk_custom_interfaces/include/dynamixel_sdk_custom_interfaces/dynamixel_sdk_custom_interfaces/srv/detail/get_position__struct.hpp
[2.146s] -- Up-to-date symlink: /root/ros2_ws/install/dynamixel_sdk_custom_interfaces/include/dynamixel_sdk_custom_interfaces/dynamixel_sdk_custom_interfaces/srv/detail/get_position__traits.hpp
[2.146s] -- Up-to-date symlink: /root/ros2_ws/install/dynamixel_sdk_custom_interfaces/include/dynamixel_sdk_custom_interfaces/dynamixel_sdk_custom_interfaces/srv/detail/get_position__type_support.hpp
[2.147s] -- Up-to-date symlink: /root/ros2_ws/install/dynamixel_sdk_custom_interfaces/include/dynamixel_sdk_custom_interfaces/dynamixel_sdk_custom_interfaces/srv/get_position.hpp
[2.147s] -- Up-to-date symlink: /root/ros2_ws/install/dynamixel_sdk_custom_interfaces/include/dynamixel_sdk_custom_interfaces/dynamixel_sdk_custom_interfaces/msg/detail/set_position__rosidl_typesupport_fastrtps_cpp.hpp
[2.147s] -- Up-to-date symlink: /root/ros2_ws/install/dynamixel_sdk_custom_interfaces/include/dynamixel_sdk_custom_interfaces/dynamixel_sdk_custom_interfaces/msg/rosidl_typesupport_fastrtps_cpp__visibility_control.h
[2.147s] -- Up-to-date symlink: /root/ros2_ws/install/dynamixel_sdk_custom_interfaces/include/dynamixel_sdk_custom_interfaces/dynamixel_sdk_custom_interfaces/srv/detail/get_position__rosidl_typesupport_fastrtps_cpp.hpp
[2.148s] -- Up-to-date symlink: /root/ros2_ws/install/dynamixel_sdk_custom_interfaces/include/dynamixel_sdk_custom_interfaces/dynamixel_sdk_custom_interfaces/msg/detail/set_position__rosidl_typesupport_introspection_c.h
[2.148s] -- Up-to-date symlink: /root/ros2_ws/install/dynamixel_sdk_custom_interfaces/include/dynamixel_sdk_custom_interfaces/dynamixel_sdk_custom_interfaces/msg/rosidl_typesupport_introspection_c__visibility_control.h
[2.148s] -- Up-to-date symlink: /root/ros2_ws/install/dynamixel_sdk_custom_interfaces/include/dynamixel_sdk_custom_interfaces/dynamixel_sdk_custom_interfaces/srv/detail/get_position__rosidl_typesupport_introspection_c.h
[2.148s] -- Up-to-date symlink: /root/ros2_ws/install/dynamixel_sdk_custom_interfaces/include/dynamixel_sdk_custom_interfaces/dynamixel_sdk_custom_interfaces/msg/detail/set_position__rosidl_typesupport_introspection_cpp.hpp
[2.148s] -- Up-to-date symlink: /root/ros2_ws/install/dynamixel_sdk_custom_interfaces/include/dynamixel_sdk_custom_interfaces/dynamixel_sdk_custom_interfaces/srv/detail/get_position__rosidl_typesupport_introspection_cpp.hpp
[2.149s] -- Up-to-date symlink: /root/ros2_ws/install/dynamixel_sdk_custom_interfaces/share/dynamixel_sdk_custom_interfaces/environment/pythonpath.sh
[2.149s] -- Up-to-date symlink: /root/ros2_ws/install/dynamixel_sdk_custom_interfaces/share/dynamixel_sdk_custom_interfaces/environment/pythonpath.dsv
[2.149s] -- Up-to-date symlink: /root/ros2_ws/install/dynamixel_sdk_custom_interfaces/local/lib/python3.10/dist-packages/dynamixel_sdk_custom_interfaces-3.7.60-py3.10.egg-info/PKG-INFO
[2.150s] -- Up-to-date symlink: /root/ros2_ws/install/dynamixel_sdk_custom_interfaces/local/lib/python3.10/dist-packages/dynamixel_sdk_custom_interfaces-3.7.60-py3.10.egg-info/SOURCES.txt
[2.150s] -- Up-to-date symlink: /root/ros2_ws/install/dynamixel_sdk_custom_interfaces/local/lib/python3.10/dist-packages/dynamixel_sdk_custom_interfaces-3.7.60-py3.10.egg-info/dependency_links.txt
[2.150s] -- Up-to-date symlink: /root/ros2_ws/install/dynamixel_sdk_custom_interfaces/local/lib/python3.10/dist-packages/dynamixel_sdk_custom_interfaces-3.7.60-py3.10.egg-info/top_level.txt
[2.151s] -- Up-to-date symlink: /root/ros2_ws/install/dynamixel_sdk_custom_interfaces/local/lib/python3.10/dist-packages/dynamixel_sdk_custom_interfaces/__init__.py
[2.152s] -- Up-to-date symlink: /root/ros2_ws/install/dynamixel_sdk_custom_interfaces/local/lib/python3.10/dist-packages/dynamixel_sdk_custom_interfaces/_dynamixel_sdk_custom_interfaces_s.ep.rosidl_typesupport_c.c
[2.152s] -- Up-to-date symlink: /root/ros2_ws/install/dynamixel_sdk_custom_interfaces/local/lib/python3.10/dist-packages/dynamixel_sdk_custom_interfaces/_dynamixel_sdk_custom_interfaces_s.ep.rosidl_typesupport_fastrtps_c.c
[2.152s] -- Up-to-date symlink: /root/ros2_ws/install/dynamixel_sdk_custom_interfaces/local/lib/python3.10/dist-packages/dynamixel_sdk_custom_interfaces/_dynamixel_sdk_custom_interfaces_s.ep.rosidl_typesupport_introspection_c.c
[2.153s] -- Up-to-date symlink: /root/ros2_ws/install/dynamixel_sdk_custom_interfaces/local/lib/python3.10/dist-packages/dynamixel_sdk_custom_interfaces/dynamixel_sdk_custom_interfaces_s__rosidl_typesupport_c.cpython-310-x86_64-linux-gnu.so
[2.153s] -- Up-to-date symlink: /root/ros2_ws/install/dynamixel_sdk_custom_interfaces/local/lib/python3.10/dist-packages/dynamixel_sdk_custom_interfaces/dynamixel_sdk_custom_interfaces_s__rosidl_typesupport_fastrtps_c.cpython-310-x86_64-linux-gnu.so
[2.153s] -- Up-to-date symlink: /root/ros2_ws/install/dynamixel_sdk_custom_interfaces/local/lib/python3.10/dist-packages/dynamixel_sdk_custom_interfaces/dynamixel_sdk_custom_interfaces_s__rosidl_typesupport_introspection_c.cpython-310-x86_64-linux-gnu.so
[2.154s] -- Up-to-date symlink: /root/ros2_ws/install/dynamixel_sdk_custom_interfaces/local/lib/python3.10/dist-packages/dynamixel_sdk_custom_interfaces/libdynamixel_sdk_custom_interfaces__rosidl_generator_py.so
[2.154s] -- Up-to-date symlink: /root/ros2_ws/install/dynamixel_sdk_custom_interfaces/local/lib/python3.10/dist-packages/dynamixel_sdk_custom_interfaces/msg/__init__.py
[2.155s] -- Up-to-date symlink: /root/ros2_ws/install/dynamixel_sdk_custom_interfaces/local/lib/python3.10/dist-packages/dynamixel_sdk_custom_interfaces/msg/_set_position.py
[2.155s] -- Up-to-date symlink: /root/ros2_ws/install/dynamixel_sdk_custom_interfaces/local/lib/python3.10/dist-packages/dynamixel_sdk_custom_interfaces/msg/_set_position_s.c
[2.155s] -- Up-to-date symlink: /root/ros2_ws/install/dynamixel_sdk_custom_interfaces/local/lib/python3.10/dist-packages/dynamixel_sdk_custom_interfaces/srv/__init__.py
[2.156s] -- Up-to-date symlink: /root/ros2_ws/install/dynamixel_sdk_custom_interfaces/local/lib/python3.10/dist-packages/dynamixel_sdk_custom_interfaces/srv/_get_position.py
[2.156s] -- Up-to-date symlink: /root/ros2_ws/install/dynamixel_sdk_custom_interfaces/local/lib/python3.10/dist-packages/dynamixel_sdk_custom_interfaces/srv/_get_position_s.c
[2.156s] -- Up-to-date symlink: /root/ros2_ws/install/dynamixel_sdk_custom_interfaces/local/lib/python3.10/dist-packages/dynamixel_sdk_custom_interfaces/dynamixel_sdk_custom_interfaces_s__rosidl_typesupport_fastrtps_c.cpython-310-x86_64-linux-gnu.so
[2.157s] -- Up-to-date symlink: /root/ros2_ws/install/dynamixel_sdk_custom_interfaces/local/lib/python3.10/dist-packages/dynamixel_sdk_custom_interfaces/dynamixel_sdk_custom_interfaces_s__rosidl_typesupport_introspection_c.cpython-310-x86_64-linux-gnu.so
[2.157s] -- Up-to-date symlink: /root/ros2_ws/install/dynamixel_sdk_custom_interfaces/local/lib/python3.10/dist-packages/dynamixel_sdk_custom_interfaces/dynamixel_sdk_custom_interfaces_s__rosidl_typesupport_c.cpython-310-x86_64-linux-gnu.so
[2.158s] -- Up-to-date symlink: /root/ros2_ws/install/dynamixel_sdk_custom_interfaces/share/dynamixel_sdk_custom_interfaces/msg/SetPosition.idl
[2.158s] -- Up-to-date symlink: /root/ros2_ws/install/dynamixel_sdk_custom_interfaces/share/dynamixel_sdk_custom_interfaces/srv/GetPosition.idl
[2.158s] -- Up-to-date symlink: /root/ros2_ws/install/dynamixel_sdk_custom_interfaces/share/dynamixel_sdk_custom_interfaces/msg/SetPosition.msg
[2.159s] -- Up-to-date symlink: /root/ros2_ws/install/dynamixel_sdk_custom_interfaces/share/dynamixel_sdk_custom_interfaces/srv/GetPosition.srv
[2.159s] -- Up-to-date symlink: /root/ros2_ws/install/dynamixel_sdk_custom_interfaces/share/dynamixel_sdk_custom_interfaces/srv/GetPosition_Request.msg
[2.160s] -- Up-to-date symlink: /root/ros2_ws/install/dynamixel_sdk_custom_interfaces/share/dynamixel_sdk_custom_interfaces/srv/GetPosition_Response.msg
[2.160s] -- Up-to-date symlink: /root/ros2_ws/install/dynamixel_sdk_custom_interfaces/share/ament_index/resource_index/package_run_dependencies/dynamixel_sdk_custom_interfaces
[2.160s] -- Up-to-date symlink: /root/ros2_ws/install/dynamixel_sdk_custom_interfaces/share/ament_index/resource_index/parent_prefix_path/dynamixel_sdk_custom_interfaces
[2.161s] -- Up-to-date symlink: /root/ros2_ws/install/dynamixel_sdk_custom_interfaces/share/dynamixel_sdk_custom_interfaces/environment/ament_prefix_path.sh
[2.161s] -- Up-to-date symlink: /root/ros2_ws/install/dynamixel_sdk_custom_interfaces/share/dynamixel_sdk_custom_interfaces/environment/ament_prefix_path.dsv
[2.162s] -- Up-to-date symlink: /root/ros2_ws/install/dynamixel_sdk_custom_interfaces/share/dynamixel_sdk_custom_interfaces/environment/path.sh
[2.162s] -- Up-to-date symlink: /root/ros2_ws/install/dynamixel_sdk_custom_interfaces/share/dynamixel_sdk_custom_interfaces/environment/path.dsv
[2.163s] -- Up-to-date symlink: /root/ros2_ws/install/dynamixel_sdk_custom_interfaces/share/dynamixel_sdk_custom_interfaces/local_setup.bash
[2.163s] -- Up-to-date symlink: /root/ros2_ws/install/dynamixel_sdk_custom_interfaces/share/dynamixel_sdk_custom_interfaces/local_setup.sh
[2.164s] -- Up-to-date symlink: /root/ros2_ws/install/dynamixel_sdk_custom_interfaces/share/dynamixel_sdk_custom_interfaces/local_setup.zsh
[2.164s] -- Up-to-date symlink: /root/ros2_ws/install/dynamixel_sdk_custom_interfaces/share/dynamixel_sdk_custom_interfaces/local_setup.dsv
[2.164s] -- Symlinking: /root/ros2_ws/install/dynamixel_sdk_custom_interfaces/share/dynamixel_sdk_custom_interfaces/package.dsv
[2.174s] -- Up-to-date symlink: /root/ros2_ws/install/dynamixel_sdk_custom_interfaces/share/ament_index/resource_index/packages/dynamixel_sdk_custom_interfaces
[2.175s] -- Up-to-date symlink: /root/ros2_ws/install/dynamixel_sdk_custom_interfaces/share/dynamixel_sdk_custom_interfaces/cmake/rosidl_cmake-extras.cmake
[2.175s] -- Up-to-date symlink: /root/ros2_ws/install/dynamixel_sdk_custom_interfaces/share/dynamixel_sdk_custom_interfaces/cmake/ament_cmake_export_dependencies-extras.cmake
[2.176s] -- Up-to-date symlink: /root/ros2_ws/install/dynamixel_sdk_custom_interfaces/share/dynamixel_sdk_custom_interfaces/cmake/ament_cmake_export_include_directories-extras.cmake
[2.176s] -- Up-to-date symlink: /root/ros2_ws/install/dynamixel_sdk_custom_interfaces/share/dynamixel_sdk_custom_interfaces/cmake/ament_cmake_export_libraries-extras.cmake
[2.177s] -- Up-to-date symlink: /root/ros2_ws/install/dynamixel_sdk_custom_interfaces/share/dynamixel_sdk_custom_interfaces/cmake/ament_cmake_export_targets-extras.cmake
[2.177s] -- Up-to-date symlink: /root/ros2_ws/install/dynamixel_sdk_custom_interfaces/share/dynamixel_sdk_custom_interfaces/cmake/rosidl_cmake_export_typesupport_targets-extras.cmake
[2.177s] -- Up-to-date symlink: /root/ros2_ws/install/dynamixel_sdk_custom_interfaces/share/dynamixel_sdk_custom_interfaces/cmake/rosidl_cmake_export_typesupport_libraries-extras.cmake
[2.178s] -- Up-to-date symlink: /root/ros2_ws/install/dynamixel_sdk_custom_interfaces/share/dynamixel_sdk_custom_interfaces/cmake/dynamixel_sdk_custom_interfacesConfig.cmake
[2.178s] -- Up-to-date symlink: /root/ros2_ws/install/dynamixel_sdk_custom_interfaces/share/dynamixel_sdk_custom_interfaces/cmake/dynamixel_sdk_custom_interfacesConfig-version.cmake
[2.179s] -- Up-to-date symlink: /root/ros2_ws/install/dynamixel_sdk_custom_interfaces/share/dynamixel_sdk_custom_interfaces/package.xml
[2.180s] -- Up-to-date: /root/ros2_ws/install/dynamixel_sdk_custom_interfaces/lib/libdynamixel_sdk_custom_interfaces__rosidl_generator_c.so
[2.181s] -- Up-to-date: /root/ros2_ws/install/dynamixel_sdk_custom_interfaces/lib/libdynamixel_sdk_custom_interfaces__rosidl_typesupport_fastrtps_c.so
[2.182s] -- Up-to-date: /root/ros2_ws/install/dynamixel_sdk_custom_interfaces/lib/libdynamixel_sdk_custom_interfaces__rosidl_typesupport_fastrtps_cpp.so
[2.183s] -- Up-to-date: /root/ros2_ws/install/dynamixel_sdk_custom_interfaces/lib/libdynamixel_sdk_custom_interfaces__rosidl_typesupport_introspection_c.so
[2.184s] -- Up-to-date: /root/ros2_ws/install/dynamixel_sdk_custom_interfaces/lib/libdynamixel_sdk_custom_interfaces__rosidl_typesupport_c.so
[2.185s] -- Up-to-date: /root/ros2_ws/install/dynamixel_sdk_custom_interfaces/lib/libdynamixel_sdk_custom_interfaces__rosidl_typesupport_introspection_cpp.so
[2.186s] -- Up-to-date: /root/ros2_ws/install/dynamixel_sdk_custom_interfaces/lib/libdynamixel_sdk_custom_interfaces__rosidl_typesupport_cpp.so
[2.232s] Listing '/root/ros2_ws/install/dynamixel_sdk_custom_interfaces/local/lib/python3.10/dist-packages/dynamixel_sdk_custom_interfaces'...
[2.233s] Compiling '/root/ros2_ws/install/dynamixel_sdk_custom_interfaces/local/lib/python3.10/dist-packages/dynamixel_sdk_custom_interfaces/__init__.py'...
[2.233s] Listing '/root/ros2_ws/install/dynamixel_sdk_custom_interfaces/local/lib/python3.10/dist-packages/dynamixel_sdk_custom_interfaces/msg'...
[2.234s] Listing '/root/ros2_ws/install/dynamixel_sdk_custom_interfaces/local/lib/python3.10/dist-packages/dynamixel_sdk_custom_interfaces/srv'...
[2.240s] -- Up-to-date: /root/ros2_ws/install/dynamixel_sdk_custom_interfaces/lib/libdynamixel_sdk_custom_interfaces__rosidl_generator_py.so
[2.240s] -- Up-to-date: /root/ros2_ws/install/dynamixel_sdk_custom_interfaces/share/dynamixel_sdk_custom_interfaces/cmake/export_dynamixel_sdk_custom_interfaces__rosidl_generator_cExport.cmake
[2.241s] -- Up-to-date: /root/ros2_ws/install/dynamixel_sdk_custom_interfaces/share/dynamixel_sdk_custom_interfaces/cmake/export_dynamixel_sdk_custom_interfaces__rosidl_generator_cExport-noconfig.cmake
[2.242s] -- Up-to-date: /root/ros2_ws/install/dynamixel_sdk_custom_interfaces/share/dynamixel_sdk_custom_interfaces/cmake/export_dynamixel_sdk_custom_interfaces__rosidl_typesupport_fastrtps_cExport.cmake
[2.242s] -- Up-to-date: /root/ros2_ws/install/dynamixel_sdk_custom_interfaces/share/dynamixel_sdk_custom_interfaces/cmake/export_dynamixel_sdk_custom_interfaces__rosidl_typesupport_fastrtps_cExport-noconfig.cmake
[2.242s] -- Up-to-date: /root/ros2_ws/install/dynamixel_sdk_custom_interfaces/share/dynamixel_sdk_custom_interfaces/cmake/export_dynamixel_sdk_custom_interfaces__rosidl_generator_cppExport.cmake
[2.243s] -- Up-to-date: /root/ros2_ws/install/dynamixel_sdk_custom_interfaces/share/dynamixel_sdk_custom_interfaces/cmake/export_dynamixel_sdk_custom_interfaces__rosidl_typesupport_fastrtps_cppExport.cmake
[2.243s] -- Up-to-date: /root/ros2_ws/install/dynamixel_sdk_custom_interfaces/share/dynamixel_sdk_custom_interfaces/cmake/export_dynamixel_sdk_custom_interfaces__rosidl_typesupport_fastrtps_cppExport-noconfig.cmake
[2.244s] -- Up-to-date: /root/ros2_ws/install/dynamixel_sdk_custom_interfaces/share/dynamixel_sdk_custom_interfaces/cmake/dynamixel_sdk_custom_interfaces__rosidl_typesupport_introspection_cExport.cmake
[2.245s] -- Up-to-date: /root/ros2_ws/install/dynamixel_sdk_custom_interfaces/share/dynamixel_sdk_custom_interfaces/cmake/dynamixel_sdk_custom_interfaces__rosidl_typesupport_introspection_cExport-noconfig.cmake
[2.245s] -- Up-to-date: /root/ros2_ws/install/dynamixel_sdk_custom_interfaces/share/dynamixel_sdk_custom_interfaces/cmake/dynamixel_sdk_custom_interfaces__rosidl_typesupport_cExport.cmake
[2.246s] -- Up-to-date: /root/ros2_ws/install/dynamixel_sdk_custom_interfaces/share/dynamixel_sdk_custom_interfaces/cmake/dynamixel_sdk_custom_interfaces__rosidl_typesupport_cExport-noconfig.cmake
[2.246s] -- Up-to-date: /root/ros2_ws/install/dynamixel_sdk_custom_interfaces/share/dynamixel_sdk_custom_interfaces/cmake/dynamixel_sdk_custom_interfaces__rosidl_typesupport_introspection_cppExport.cmake
[2.247s] -- Up-to-date: /root/ros2_ws/install/dynamixel_sdk_custom_interfaces/share/dynamixel_sdk_custom_interfaces/cmake/dynamixel_sdk_custom_interfaces__rosidl_typesupport_introspection_cppExport-noconfig.cmake
[2.247s] -- Up-to-date: /root/ros2_ws/install/dynamixel_sdk_custom_interfaces/share/dynamixel_sdk_custom_interfaces/cmake/dynamixel_sdk_custom_interfaces__rosidl_typesupport_cppExport.cmake
[2.247s] -- Up-to-date: /root/ros2_ws/install/dynamixel_sdk_custom_interfaces/share/dynamixel_sdk_custom_interfaces/cmake/dynamixel_sdk_custom_interfaces__rosidl_typesupport_cppExport-noconfig.cmake
[2.248s] -- Up-to-date: /root/ros2_ws/install/dynamixel_sdk_custom_interfaces/share/dynamixel_sdk_custom_interfaces/cmake/export_dynamixel_sdk_custom_interfaces__rosidl_generator_pyExport.cmake
[2.248s] -- Up-to-date: /root/ros2_ws/install/dynamixel_sdk_custom_interfaces/share/dynamixel_sdk_custom_interfaces/cmake/export_dynamixel_sdk_custom_interfaces__rosidl_generator_pyExport-noconfig.cmake
[2.252s] Invoked command in '/root/ros2_ws/build/dynamixel_sdk_custom_interfaces' returned '0': CMAKE_PREFIX_PATH=${CMAKE_PREFIX_PATH}:/opt/ros/humble /usr/bin/cmake --install /root/ros2_ws/build/dynamixel_sdk_custom_interfaces
