[0mx7_onoff[0m
[0ms17_onoff[0m
[0mx7_read_position[0m
[0ms17_read_position[0m
[0mx7_write_position[0m
[0ms17_write_position[0m
[0mx7_thread[0m
[0ms17_thread[0m
[0mx7_read_present_values[0m
[0ms17_read_present_values[0m
[0mx7_write_velocity[0m
[0ms17_write_velocity[0m
[0mx7_write_current[0m
[0ms17_write_current[0m
[33mCMake Warning at CMakeLists.txt:54 (add_executable):
  Cannot generate a safe runtime search path for target x7_onoff because
  there is a cycle in the constraint graph:

    dir 0 is [/opt/ros/humble/lib]
      dir 1 must precede it due to runtime library [libdynamixel_sdk.so]
    dir 1 is [/root/ros2_ws/install/dynamixel_sdk/lib]
      dir 0 must precede it due to runtime library [libdynamixel_sdk.so]

  Some of these libraries may not be found correctly.

[0m
[33mCMake Warning at CMakeLists.txt:54 (add_executable):
  Cannot generate a safe runtime search path for target s17_onoff because
  there is a cycle in the constraint graph:

    dir 0 is [/opt/ros/humble/lib]
      dir 1 must precede it due to runtime library [libdynamixel_sdk.so]
    dir 1 is [/root/ros2_ws/install/dynamixel_sdk/lib]
      dir 0 must precede it due to runtime library [libdynamixel_sdk.so]

  Some of these libraries may not be found correctly.

[0m
[33mCMake Warning at CMakeLists.txt:54 (add_executable):
  Cannot generate a safe runtime search path for target x7_read_position
  because there is a cycle in the constraint graph:

    dir 0 is [/opt/ros/humble/lib]
      dir 1 must precede it due to runtime library [libdynamixel_sdk.so]
    dir 1 is [/root/ros2_ws/install/dynamixel_sdk/lib]
      dir 0 must precede it due to runtime library [libdynamixel_sdk.so]

  Some of these libraries may not be found correctly.

[0m
[33mCMake Warning at CMakeLists.txt:54 (add_executable):
  Cannot generate a safe runtime search path for target s17_read_position
  because there is a cycle in the constraint graph:

    dir 0 is [/opt/ros/humble/lib]
      dir 1 must precede it due to runtime library [libdynamixel_sdk.so]
    dir 1 is [/root/ros2_ws/install/dynamixel_sdk/lib]
      dir 0 must precede it due to runtime library [libdynamixel_sdk.so]

  Some of these libraries may not be found correctly.

[0m
[33mCMake Warning at CMakeLists.txt:54 (add_executable):
  Cannot generate a safe runtime search path for target x7_write_position
  because there is a cycle in the constraint graph:

    dir 0 is [/opt/ros/humble/lib]
      dir 1 must precede it due to runtime library [libdynamixel_sdk.so]
    dir 1 is [/root/ros2_ws/install/dynamixel_sdk/lib]
      dir 0 must precede it due to runtime library [libdynamixel_sdk.so]

  Some of these libraries may not be found correctly.

[0m
[33mCMake Warning at CMakeLists.txt:54 (add_executable):
  Cannot generate a safe runtime search path for target s17_write_position
  because there is a cycle in the constraint graph:

    dir 0 is [/opt/ros/humble/lib]
      dir 1 must precede it due to runtime library [libdynamixel_sdk.so]
    dir 1 is [/root/ros2_ws/install/dynamixel_sdk/lib]
      dir 0 must precede it due to runtime library [libdynamixel_sdk.so]

  Some of these libraries may not be found correctly.

[0m
[33mCMake Warning at CMakeLists.txt:54 (add_executable):
  Cannot generate a safe runtime search path for target x7_thread because
  there is a cycle in the constraint graph:

    dir 0 is [/opt/ros/humble/lib]
      dir 1 must precede it due to runtime library [libdynamixel_sdk.so]
    dir 1 is [/root/ros2_ws/install/dynamixel_sdk/lib]
      dir 0 must precede it due to runtime library [libdynamixel_sdk.so]

  Some of these libraries may not be found correctly.

[0m
[33mCMake Warning at CMakeLists.txt:54 (add_executable):
  Cannot generate a safe runtime search path for target s17_thread because
  there is a cycle in the constraint graph:

    dir 0 is [/opt/ros/humble/lib]
      dir 1 must precede it due to runtime library [libdynamixel_sdk.so]
    dir 1 is [/root/ros2_ws/install/dynamixel_sdk/lib]
      dir 0 must precede it due to runtime library [libdynamixel_sdk.so]

  Some of these libraries may not be found correctly.

[0m
[33mCMake Warning at CMakeLists.txt:54 (add_executable):
  Cannot generate a safe runtime search path for target
  x7_read_present_values because there is a cycle in the constraint graph:

    dir 0 is [/opt/ros/humble/lib]
      dir 1 must precede it due to runtime library [libdynamixel_sdk.so]
    dir 1 is [/root/ros2_ws/install/dynamixel_sdk/lib]
      dir 0 must precede it due to runtime library [libdynamixel_sdk.so]

  Some of these libraries may not be found correctly.

[0m
[33mCMake Warning at CMakeLists.txt:54 (add_executable):
  Cannot generate a safe runtime search path for target
  s17_read_present_values because there is a cycle in the constraint graph:

    dir 0 is [/opt/ros/humble/lib]
      dir 1 must precede it due to runtime library [libdynamixel_sdk.so]
    dir 1 is [/root/ros2_ws/install/dynamixel_sdk/lib]
      dir 0 must precede it due to runtime library [libdynamixel_sdk.so]

  Some of these libraries may not be found correctly.

[0m
[33mCMake Warning at CMakeLists.txt:54 (add_executable):
  Cannot generate a safe runtime search path for target x7_write_velocity
  because there is a cycle in the constraint graph:

    dir 0 is [/opt/ros/humble/lib]
      dir 1 must precede it due to runtime library [libdynamixel_sdk.so]
    dir 1 is [/root/ros2_ws/install/dynamixel_sdk/lib]
      dir 0 must precede it due to runtime library [libdynamixel_sdk.so]

  Some of these libraries may not be found correctly.

[0m
[33mCMake Warning at CMakeLists.txt:54 (add_executable):
  Cannot generate a safe runtime search path for target s17_write_velocity
  because there is a cycle in the constraint graph:

    dir 0 is [/opt/ros/humble/lib]
      dir 1 must precede it due to runtime library [libdynamixel_sdk.so]
    dir 1 is [/root/ros2_ws/install/dynamixel_sdk/lib]
      dir 0 must precede it due to runtime library [libdynamixel_sdk.so]

  Some of these libraries may not be found correctly.

[0m
[33mCMake Warning at CMakeLists.txt:54 (add_executable):
  Cannot generate a safe runtime search path for target x7_write_current
  because there is a cycle in the constraint graph:

    dir 0 is [/opt/ros/humble/lib]
      dir 1 must precede it due to runtime library [libdynamixel_sdk.so]
    dir 1 is [/root/ros2_ws/install/dynamixel_sdk/lib]
      dir 0 must precede it due to runtime library [libdynamixel_sdk.so]

  Some of these libraries may not be found correctly.

[0m
[33mCMake Warning at CMakeLists.txt:54 (add_executable):
  Cannot generate a safe runtime search path for target s17_write_current
  because there is a cycle in the constraint graph:

    dir 0 is [/opt/ros/humble/lib]
      dir 1 must precede it due to runtime library [libdynamixel_sdk.so]
    dir 1 is [/root/ros2_ws/install/dynamixel_sdk/lib]
      dir 0 must precede it due to runtime library [libdynamixel_sdk.so]

  Some of these libraries may not be found correctly.

[0m
