[0.032s] Invoking command in '/root/ros2_ws/build/samples01': CMAKE_PREFIX_PATH=/root/ros2_ws/install/dynamixel_sdk:/root/ros2_ws/install/sciurus17:/root/ros2_ws/install/sciurus17_examples:/root/ros2_ws/install/sciurus17_control:/root/ros2_ws/install/dynamixel_sdk_examples:/root/ros2_ws/install/sciurus17_vision:/root/ros2_ws/install/sciurus17_tools:/root/ros2_ws/install/sciurus17_moveit_config:/root/ros2_ws/install/sciurus17_gazebo:/root/ros2_ws/install/sciurus17_description:/root/ros2_ws/install/dynamixel_sdk_custom_interfaces LD_LIBRARY_PATH=/root/ros2_ws/install/rt_manipulators_cpp/lib:/root/ros2_ws/install/dynamixel_sdk/lib:/root/ros2_ws/install/sciurus17_examples/lib:/root/ros2_ws/install/sciurus17_control/lib:/root/ros2_ws/install/lib:/root/ros2_ws/install/dynamixel_sdk_custom_interfaces/lib:/root/ros2_ws/src/DynamixelSDK/c++/build/win64:/opt/ros/humble/opt/rviz_ogre_vendor/lib:/opt/ros/humble/lib/x86_64-linux-gnu:/opt/ros/humble/lib /usr/bin/cmake --build /root/ros2_ws/build/samples01 -- -j12 -l12
[0.103s] -- Found rt_manipulators_cpp: 1.0.0 (/opt/ros/humble/share/rt_manipulators_cpp/cmake)
[0.259s] [0mx7_onoff[0m
[0.260s] [0ms17_onoff[0m
[0.260s] [0mx7_read_position[0m
[0.260s] [0ms17_read_position[0m
[0.260s] [0mx7_write_position[0m
[0.260s] [0ms17_write_position[0m
[0.260s] [0mx7_thread[0m
[0.260s] [0ms17_thread[0m
[0.261s] [0mx7_read_present_values[0m
[0.261s] [0ms17_read_present_values[0m
[0.261s] [0mx7_write_velocity[0m
[0.261s] [0ms17_write_velocity[0m
[0.261s] [0mx7_write_current[0m
[0.261s] [0ms17_write_current[0m
[0.261s] -- Configuring done
[0.273s] [33mCMake Warning at CMakeLists.txt:54 (add_executable):
[0.273s]   Cannot generate a safe runtime search path for target x7_onoff because
[0.273s]   there is a cycle in the constraint graph:
[0.274s] 
[0.274s]     dir 0 is [/opt/ros/humble/lib]
[0.274s]       dir 1 must precede it due to runtime library [libdynamixel_sdk.so]
[0.274s]     dir 1 is [/root/ros2_ws/install/dynamixel_sdk/lib]
[0.274s]       dir 0 must precede it due to runtime library [libdynamixel_sdk.so]
[0.274s] 
[0.274s]   Some of these libraries may not be found correctly.
[0.274s] 
[0.274s] [0m
[0.276s] [33mCMake Warning at CMakeLists.txt:54 (add_executable):
[0.276s]   Cannot generate a safe runtime search path for target s17_onoff because
[0.276s]   there is a cycle in the constraint graph:
[0.276s] 
[0.276s]     dir 0 is [/opt/ros/humble/lib]
[0.276s]       dir 1 must precede it due to runtime library [libdynamixel_sdk.so]
[0.277s]     dir 1 is [/root/ros2_ws/install/dynamixel_sdk/lib]
[0.277s]       dir 0 must precede it due to runtime library [libdynamixel_sdk.so]
[0.277s] 
[0.277s]   Some of these libraries may not be found correctly.
[0.277s] 
[0.277s] [0m
[0.278s] [33mCMake Warning at CMakeLists.txt:54 (add_executable):
[0.278s]   Cannot generate a safe runtime search path for target x7_read_position
[0.278s]   because there is a cycle in the constraint graph:
[0.279s] 
[0.279s]     dir 0 is [/opt/ros/humble/lib]
[0.279s]       dir 1 must precede it due to runtime library [libdynamixel_sdk.so]
[0.279s]     dir 1 is [/root/ros2_ws/install/dynamixel_sdk/lib]
[0.279s]       dir 0 must precede it due to runtime library [libdynamixel_sdk.so]
[0.279s] 
[0.279s]   Some of these libraries may not be found correctly.
[0.279s] 
[0.279s] [0m
[0.281s] [33mCMake Warning at CMakeLists.txt:54 (add_executable):
[0.281s]   Cannot generate a safe runtime search path for target s17_read_position
[0.281s]   because there is a cycle in the constraint graph:
[0.281s] 
[0.281s]     dir 0 is [/opt/ros/humble/lib]
[0.281s]       dir 1 must precede it due to runtime library [libdynamixel_sdk.so]
[0.281s]     dir 1 is [/root/ros2_ws/install/dynamixel_sdk/lib]
[0.281s]       dir 0 must precede it due to runtime library [libdynamixel_sdk.so]
[0.282s] 
[0.282s]   Some of these libraries may not be found correctly.
[0.282s] 
[0.282s] [0m
[0.283s] [33mCMake Warning at CMakeLists.txt:54 (add_executable):
[0.283s]   Cannot generate a safe runtime search path for target x7_write_position
[0.283s]   because there is a cycle in the constraint graph:
[0.284s] 
[0.284s]     dir 0 is [/opt/ros/humble/lib]
[0.284s]       dir 1 must precede it due to runtime library [libdynamixel_sdk.so]
[0.284s]     dir 1 is [/root/ros2_ws/install/dynamixel_sdk/lib]
[0.284s]       dir 0 must precede it due to runtime library [libdynamixel_sdk.so]
[0.284s] 
[0.284s]   Some of these libraries may not be found correctly.
[0.284s] 
[0.284s] [0m
[0.286s] [33mCMake Warning at CMakeLists.txt:54 (add_executable):
[0.286s]   Cannot generate a safe runtime search path for target s17_write_position
[0.286s]   because there is a cycle in the constraint graph:
[0.286s] 
[0.286s]     dir 0 is [/opt/ros/humble/lib]
[0.286s]       dir 1 must precede it due to runtime library [libdynamixel_sdk.so]
[0.286s]     dir 1 is [/root/ros2_ws/install/dynamixel_sdk/lib]
[0.286s]       dir 0 must precede it due to runtime library [libdynamixel_sdk.so]
[0.286s] 
[0.286s]   Some of these libraries may not be found correctly.
[0.286s] 
[0.287s] [0m
[0.288s] [33mCMake Warning at CMakeLists.txt:54 (add_executable):
[0.288s]   Cannot generate a safe runtime search path for target x7_thread because
[0.289s]   there is a cycle in the constraint graph:
[0.289s] 
[0.289s]     dir 0 is [/opt/ros/humble/lib]
[0.289s]       dir 1 must precede it due to runtime library [libdynamixel_sdk.so]
[0.289s]     dir 1 is [/root/ros2_ws/install/dynamixel_sdk/lib]
[0.289s]       dir 0 must precede it due to runtime library [libdynamixel_sdk.so]
[0.289s] 
[0.289s]   Some of these libraries may not be found correctly.
[0.290s] 
[0.290s] [0m
[0.291s] [33mCMake Warning at CMakeLists.txt:54 (add_executable):
[0.291s]   Cannot generate a safe runtime search path for target s17_thread because
[0.291s]   there is a cycle in the constraint graph:
[0.291s] 
[0.291s]     dir 0 is [/opt/ros/humble/lib]
[0.291s]       dir 1 must precede it due to runtime library [libdynamixel_sdk.so]
[0.291s]     dir 1 is [/root/ros2_ws/install/dynamixel_sdk/lib]
[0.292s]       dir 0 must precede it due to runtime library [libdynamixel_sdk.so]
[0.292s] 
[0.292s]   Some of these libraries may not be found correctly.
[0.292s] 
[0.292s] [0m
[0.294s] [33mCMake Warning at CMakeLists.txt:54 (add_executable):
[0.294s]   Cannot generate a safe runtime search path for target
[0.294s]   x7_read_present_values because there is a cycle in the constraint graph:
[0.294s] 
[0.294s]     dir 0 is [/opt/ros/humble/lib]
[0.294s]       dir 1 must precede it due to runtime library [libdynamixel_sdk.so]
[0.294s]     dir 1 is [/root/ros2_ws/install/dynamixel_sdk/lib]
[0.294s]       dir 0 must precede it due to runtime library [libdynamixel_sdk.so]
[0.294s] 
[0.295s]   Some of these libraries may not be found correctly.
[0.295s] 
[0.295s] [0m
[0.296s] [33mCMake Warning at CMakeLists.txt:54 (add_executable):
[0.296s]   Cannot generate a safe runtime search path for target
[0.296s]   s17_read_present_values because there is a cycle in the constraint graph:
[0.296s] 
[0.296s]     dir 0 is [/opt/ros/humble/lib]
[0.296s]       dir 1 must precede it due to runtime library [libdynamixel_sdk.so]
[0.296s]     dir 1 is [/root/ros2_ws/install/dynamixel_sdk/lib]
[0.296s]       dir 0 must precede it due to runtime library [libdynamixel_sdk.so]
[0.297s] 
[0.297s]   Some of these libraries may not be found correctly.
[0.297s] 
[0.297s] [0m
[0.298s] [33mCMake Warning at CMakeLists.txt:54 (add_executable):
[0.299s]   Cannot generate a safe runtime search path for target x7_write_velocity
[0.299s]   because there is a cycle in the constraint graph:
[0.299s] 
[0.299s]     dir 0 is [/opt/ros/humble/lib]
[0.299s]       dir 1 must precede it due to runtime library [libdynamixel_sdk.so]
[0.299s]     dir 1 is [/root/ros2_ws/install/dynamixel_sdk/lib]
[0.299s]       dir 0 must precede it due to runtime library [libdynamixel_sdk.so]
[0.299s] 
[0.299s]   Some of these libraries may not be found correctly.
[0.299s] 
[0.299s] [0m
[0.301s] [33mCMake Warning at CMakeLists.txt:54 (add_executable):
[0.301s]   Cannot generate a safe runtime search path for target s17_write_velocity
[0.301s]   because there is a cycle in the constraint graph:
[0.301s] 
[0.301s]     dir 0 is [/opt/ros/humble/lib]
[0.301s]       dir 1 must precede it due to runtime library [libdynamixel_sdk.so]
[0.301s]     dir 1 is [/root/ros2_ws/install/dynamixel_sdk/lib]
[0.301s]       dir 0 must precede it due to runtime library [libdynamixel_sdk.so]
[0.301s] 
[0.301s]   Some of these libraries may not be found correctly.
[0.301s] 
[0.301s] [0m
[0.303s] [33mCMake Warning at CMakeLists.txt:54 (add_executable):
[0.303s]   Cannot generate a safe runtime search path for target x7_write_current
[0.303s]   because there is a cycle in the constraint graph:
[0.303s] 
[0.304s]     dir 0 is [/opt/ros/humble/lib]
[0.304s]       dir 1 must precede it due to runtime library [libdynamixel_sdk.so]
[0.304s]     dir 1 is [/root/ros2_ws/install/dynamixel_sdk/lib]
[0.304s]       dir 0 must precede it due to runtime library [libdynamixel_sdk.so]
[0.304s] 
[0.304s]   Some of these libraries may not be found correctly.
[0.304s] 
[0.304s] [0m
[0.306s] [33mCMake Warning at CMakeLists.txt:54 (add_executable):
[0.306s]   Cannot generate a safe runtime search path for target s17_write_current
[0.306s]   because there is a cycle in the constraint graph:
[0.306s] 
[0.306s]     dir 0 is [/opt/ros/humble/lib]
[0.306s]       dir 1 must precede it due to runtime library [libdynamixel_sdk.so]
[0.306s]     dir 1 is [/root/ros2_ws/install/dynamixel_sdk/lib]
[0.307s]       dir 0 must precede it due to runtime library [libdynamixel_sdk.so]
[0.307s] 
[0.307s]   Some of these libraries may not be found correctly.
[0.307s] 
[0.307s] [0m
[0.310s] -- Generating done
[0.322s] -- Build files have been written to: /root/ros2_ws/build/samples01
[0.363s] [35m[1mConsolidate compiler generated dependencies of target s17_write_position[0m
[0.363s] [35m[1mConsolidate compiler generated dependencies of target x7_onoff[0m
[0.363s] [35m[1mConsolidate compiler generated dependencies of target x7_read_position[0m
[0.363s] [35m[1mConsolidate compiler generated dependencies of target x7_thread[0m
[0.363s] [35m[1mConsolidate compiler generated dependencies of target x7_write_position[0m
[0.366s] [35m[1mConsolidate compiler generated dependencies of target s17_thread[0m
[0.370s] [35m[1mConsolidate compiler generated dependencies of target x7_read_present_values[0m
[0.370s] [35m[1mConsolidate compiler generated dependencies of target s17_onoff[0m
[0.371s] [35m[1mConsolidate compiler generated dependencies of target x7_write_velocity[0m
[0.371s] [35m[1mConsolidate compiler generated dependencies of target s17_read_present_values[0m
[0.373s] [35m[1mConsolidate compiler generated dependencies of target s17_read_position[0m
[0.373s] [35m[1mConsolidate compiler generated dependencies of target s17_write_velocity[0m
[0.375s] [  3%] [32mBuilding CXX object CMakeFiles/x7_read_position.dir/src/x7_read_position.cpp.o[0m
[0.379s] [  7%] [32mBuilding CXX object CMakeFiles/x7_onoff.dir/src/x7_onoff.cpp.o[0m
[0.388s] [ 10%] [32mBuilding CXX object CMakeFiles/x7_write_position.dir/src/x7_write_position.cpp.o[0m
[0.394s] [ 21%] [32mBuilding CXX object CMakeFiles/s17_write_position.dir/src/s17_write_position.cpp.o[0m
[0.394s] [ 21%] [32mBuilding CXX object CMakeFiles/x7_thread.dir/src/x7_thread.cpp.o[0m
[0.395s] [ 21%] [32mBuilding CXX object CMakeFiles/x7_read_present_values.dir/src/x7_read_present_values.cpp.o[0m
[0.395s] [ 25%] [32mBuilding CXX object CMakeFiles/x7_write_velocity.dir/src/x7_write_velocity.cpp.o[0m
[0.399s] [ 28%] [32mBuilding CXX object CMakeFiles/s17_read_present_values.dir/src/s17_read_present_values.cpp.o[0m
[0.401s] [ 32%] [32mBuilding CXX object CMakeFiles/s17_thread.dir/src/s17_thread.cpp.o[0m
[0.407s] [ 39%] [32mBuilding CXX object CMakeFiles/s17_write_velocity.dir/src/s17_write_velocity.cpp.o[0m
[0.407s] [ 39%] [32mBuilding CXX object CMakeFiles/s17_onoff.dir/src/s17_onoff.cpp.o[0m
[0.407s] [ 42%] [32mBuilding CXX object CMakeFiles/s17_read_position.dir/src/s17_read_position.cpp.o[0m
[1.667s] [ 46%] [32m[1mLinking CXX executable /root/ros2_ws/src/rt_manipulators_cpp/samples/samples01/bin/s17_onoff[0m
[1.706s] [ 53%] [32m[1mLinking CXX executable /root/ros2_ws/src/rt_manipulators_cpp/samples/samples01/bin/s17_read_position[0m
[1.706s] [ 53%] [32m[1mLinking CXX executable /root/ros2_ws/src/rt_manipulators_cpp/samples/samples01/bin/x7_onoff[0m
[1.743s] [ 57%] [32m[1mLinking CXX executable /root/ros2_ws/src/rt_manipulators_cpp/samples/samples01/bin/x7_read_present_values[0m
[1.793s] [ 60%] [32m[1mLinking CXX executable /root/ros2_ws/src/rt_manipulators_cpp/samples/samples01/bin/x7_read_position[0m
[1.814s] [ 64%] [32m[1mLinking CXX executable /root/ros2_ws/src/rt_manipulators_cpp/samples/samples01/bin/s17_write_position[0m
[1.838s] [ 67%] [32m[1mLinking CXX executable /root/ros2_ws/src/rt_manipulators_cpp/samples/samples01/bin/x7_write_position[0m
[1.868s] [ 71%] [32m[1mLinking CXX executable /root/ros2_ws/src/rt_manipulators_cpp/samples/samples01/bin/s17_thread[0m
[1.892s] [ 75%] [32m[1mLinking CXX executable /root/ros2_ws/src/rt_manipulators_cpp/samples/samples01/bin/s17_read_present_values[0m
[1.924s] [ 78%] [32m[1mLinking CXX executable /root/ros2_ws/src/rt_manipulators_cpp/samples/samples01/bin/x7_thread[0m
[1.955s] [ 82%] [32m[1mLinking CXX executable /root/ros2_ws/src/rt_manipulators_cpp/samples/samples01/bin/x7_write_velocity[0m
[1.994s] [ 85%] [32m[1mLinking CXX executable /root/ros2_ws/src/rt_manipulators_cpp/samples/samples01/bin/s17_write_velocity[0m
[1.994s] [ 85%] Built target s17_read_position
[2.003s] [ 85%] Built target x7_onoff
[2.003s] [ 85%] Built target s17_onoff
[2.017s] [ 85%] Built target x7_read_present_values
[2.039s] [ 89%] [32mBuilding CXX object CMakeFiles/x7_write_current.dir/src/x7_write_current.cpp.o[0m
[2.054s] [ 92%] [32mBuilding CXX object CMakeFiles/s17_write_current.dir/src/s17_write_current.cpp.o[0m
[2.073s] [ 92%] Built target x7_read_position
[2.074s] [ 92%] Built target s17_write_position
[2.111s] [ 92%] Built target x7_write_position
[2.121s] [ 92%] Built target s17_thread
[2.150s] [ 92%] Built target x7_thread
[2.150s] [ 92%] Built target s17_read_present_values
[2.161s] [ 92%] Built target x7_write_velocity
[2.181s] [ 92%] Built target s17_write_velocity
[2.795s] [ 96%] [32m[1mLinking CXX executable /root/ros2_ws/src/rt_manipulators_cpp/samples/samples01/bin/x7_write_current[0m
[2.796s] [100%] [32m[1mLinking CXX executable /root/ros2_ws/src/rt_manipulators_cpp/samples/samples01/bin/s17_write_current[0m
[2.893s] [100%] Built target s17_write_current
[2.893s] [100%] Built target x7_write_current
[2.906s] Invoked command in '/root/ros2_ws/build/samples01' returned '0': CMAKE_PREFIX_PATH=/root/ros2_ws/install/dynamixel_sdk:/root/ros2_ws/install/sciurus17:/root/ros2_ws/install/sciurus17_examples:/root/ros2_ws/install/sciurus17_control:/root/ros2_ws/install/dynamixel_sdk_examples:/root/ros2_ws/install/sciurus17_vision:/root/ros2_ws/install/sciurus17_tools:/root/ros2_ws/install/sciurus17_moveit_config:/root/ros2_ws/install/sciurus17_gazebo:/root/ros2_ws/install/sciurus17_description:/root/ros2_ws/install/dynamixel_sdk_custom_interfaces LD_LIBRARY_PATH=/root/ros2_ws/install/rt_manipulators_cpp/lib:/root/ros2_ws/install/dynamixel_sdk/lib:/root/ros2_ws/install/sciurus17_examples/lib:/root/ros2_ws/install/sciurus17_control/lib:/root/ros2_ws/install/lib:/root/ros2_ws/install/dynamixel_sdk_custom_interfaces/lib:/root/ros2_ws/src/DynamixelSDK/c++/build/win64:/opt/ros/humble/opt/rviz_ogre_vendor/lib:/opt/ros/humble/lib/x86_64-linux-gnu:/opt/ros/humble/lib /usr/bin/cmake --build /root/ros2_ws/build/samples01 -- -j12 -l12
