[0.091s] Invoking command in '/root/ros2_ws/build/rt_manipulators_cpp': /usr/bin/cmake /root/ros2_ws/src/rt_manipulators_cpp/rt_manipulators_lib -DCATKIN_INSTALL_INTO_PREFIX_ROOT=0 -DCATKIN_SYMLINK_INSTALL=ON -DCMAKE_INSTALL_PREFIX=/root/ros2_ws/install/rt_manipulators_cpp
[0.207s] -- The C compiler identification is GNU 11.4.0
[0.324s] -- The CXX compiler identification is GNU 11.4.0
[0.340s] -- Detecting C compiler ABI info
[0.479s] -- Detecting C compiler ABI info - done
[0.493s] -- Check for working C compiler: /usr/bin/cc - skipped
[0.494s] -- Detecting C compile features
[0.494s] -- Detecting C compile features - done
[0.500s] -- Detecting CXX compiler ABI info
[0.661s] -- Detecting CXX compiler ABI info - done
[0.679s] -- Check for working CXX compiler: /usr/bin/c++ - skipped
[0.679s] -- Detecting CXX compile features
[0.681s] -- Detecting CXX compile features - done
[0.691s] -- Found ament_cmake: 1.3.11 (/opt/ros/humble/share/ament_cmake/cmake)
[1.036s] -- Found Python3: /usr/bin/python3 (found version "3.10.12") found components: Interpreter 
[1.266s] -- Looking for pthread.h
[1.414s] -- Looking for pthread.h - found
[1.414s] -- Performing Test CMAKE_HAVE_LIBC_PTHREAD
[1.567s] -- Performing Test CMAKE_HAVE_LIBC_PTHREAD - Success
[1.569s] -- Found Threads: TRUE  
[1.570s] [0m[0m
[1.581s] -- Found dynamixel_sdk: 3.7.60 (/opt/ros/humble/share/dynamixel_sdk/cmake)
[1.590s] -- Configuring done
[1.635s] -- Generating done
[1.644s] [33mCMake Warning:
[1.644s]   Manually-specified variables were not used by the project:
[1.644s] 
[1.645s]     CATKIN_INSTALL_INTO_PREFIX_ROOT
[1.645s]     CATKIN_SYMLINK_INSTALL
[1.645s] 
[1.645s] [0m
[1.655s] -- Build files have been written to: /root/ros2_ws/build/rt_manipulators_cpp
[1.690s] Invoked command in '/root/ros2_ws/build/rt_manipulators_cpp' returned '0': /usr/bin/cmake /root/ros2_ws/src/rt_manipulators_cpp/rt_manipulators_lib -DCATKIN_INSTALL_INTO_PREFIX_ROOT=0 -DCATKIN_SYMLINK_INSTALL=ON -DCMAKE_INSTALL_PREFIX=/root/ros2_ws/install/rt_manipulators_cpp
[1.691s] Invoking command in '/root/ros2_ws/build/rt_manipulators_cpp': /usr/bin/cmake --build /root/ros2_ws/build/rt_manipulators_cpp -- -j12 -l12
[1.961s] [  3%] [32mBuilding CXX object src/CMakeFiles/rt_manipulators_cpp.dir/hardware.cpp.o[0m
[1.976s] [  7%] [32mBuilding CXX object CMakeFiles/dynamixel_sdk.dir/root/ros2_ws/src/DynamixelSDK/dynamixel_sdk/src/dynamixel_sdk/packet_handler.cpp.o[0m
[1.996s] [ 10%] [32mBuilding CXX object CMakeFiles/dynamixel_sdk.dir/root/ros2_ws/src/DynamixelSDK/dynamixel_sdk/src/dynamixel_sdk/protocol1_packet_handler.cpp.o[0m
[2.021s] [ 17%] [32mBuilding CXX object CMakeFiles/dynamixel_sdk.dir/root/ros2_ws/src/DynamixelSDK/dynamixel_sdk/src/dynamixel_sdk/group_sync_write.cpp.o[0m
[2.021s] [ 21%] [32mBuilding CXX object src/CMakeFiles/rt_manipulators_cpp.dir/hardware_joints.cpp.o[0m
[2.021s] [ 21%] [32mBuilding CXX object src/CMakeFiles/rt_manipulators_cpp.dir/joint.cpp.o[0m
[2.039s] [ 25%] [32mBuilding CXX object CMakeFiles/dynamixel_sdk.dir/root/ros2_ws/src/DynamixelSDK/dynamixel_sdk/src/dynamixel_sdk/group_bulk_read.cpp.o[0m
[2.041s] [ 28%] [32mBuilding CXX object CMakeFiles/dynamixel_sdk.dir/root/ros2_ws/src/DynamixelSDK/dynamixel_sdk/src/dynamixel_sdk/protocol2_packet_handler.cpp.o[0m
[2.066s] [ 35%] [32mBuilding CXX object CMakeFiles/dynamixel_sdk.dir/root/ros2_ws/src/DynamixelSDK/dynamixel_sdk/src/dynamixel_sdk/group_sync_read.cpp.o[0m
[2.081s] [ 39%] [32mBuilding CXX object src/CMakeFiles/rt_manipulators_cpp.dir/hardware_communicator.cpp.o[0m
[2.082s] [ 42%] [32mBuilding CXX object src/CMakeFiles/rt_manipulators_cpp.dir/kinematics.cpp.o[0m
[2.118s] [ 42%] [32mBuilding CXX object src/CMakeFiles/rt_manipulators_cpp.dir/kinematics_utils.cpp.o[0m
[2.792s] [ 46%] [32mBuilding CXX object CMakeFiles/dynamixel_sdk.dir/root/ros2_ws/src/DynamixelSDK/dynamixel_sdk/src/dynamixel_sdk/group_bulk_write.cpp.o[0m
[3.212s] [ 50%] [32mBuilding CXX object CMakeFiles/dynamixel_sdk.dir/root/ros2_ws/src/DynamixelSDK/dynamixel_sdk/src/dynamixel_sdk/group_fast_bulk_read.cpp.o[0m
[3.417s] [ 53%] [32mBuilding CXX object CMakeFiles/dynamixel_sdk.dir/root/ros2_ws/src/DynamixelSDK/dynamixel_sdk/src/dynamixel_sdk/group_fast_sync_read.cpp.o[0m
[4.383s] [ 57%] [32mBuilding CXX object src/CMakeFiles/rt_manipulators_cpp.dir/config_file_parser.cpp.o[0m
[4.570s] [ 60%] [32mBuilding CXX object CMakeFiles/dynamixel_sdk.dir/root/ros2_ws/src/DynamixelSDK/dynamixel_sdk/src/dynamixel_sdk/group_handler.cpp.o[0m
[4.955s] [ 64%] [32mBuilding CXX object CMakeFiles/dynamixel_sdk.dir/root/ros2_ws/src/DynamixelSDK/dynamixel_sdk/src/dynamixel_sdk/port_handler.cpp.o[0m
[5.030s] [ 71%] [32mBuilding CXX object src/CMakeFiles/rt_manipulators_cpp.dir/dynamixel_x.cpp.o[0m
[5.033s] [ 71%] [32mBuilding CXX object CMakeFiles/dynamixel_sdk.dir/root/ros2_ws/src/DynamixelSDK/dynamixel_sdk/src/dynamixel_sdk/port_handler_linux.cpp.o[0m
[5.213s] [ 75%] [32mBuilding CXX object src/CMakeFiles/rt_manipulators_cpp.dir/dynamixel_xm430.cpp.o[0m
[5.242s] [ 78%] [32mBuilding CXX object src/CMakeFiles/rt_manipulators_cpp.dir/dynamixel_xh430.cpp.o[0m
[5.278s] [ 82%] [32mBuilding CXX object src/CMakeFiles/rt_manipulators_cpp.dir/dynamixel_xm540.cpp.o[0m
[5.302s] [ 85%] [32mBuilding CXX object src/CMakeFiles/rt_manipulators_cpp.dir/dynamixel_xh540.cpp.o[0m
[5.523s] [ 89%] [32m[1mLinking CXX shared library libdynamixel_sdk.so[0m
[5.853s] [ 92%] [32mBuilding CXX object src/CMakeFiles/rt_manipulators_cpp.dir/dynamixel_p.cpp.o[0m
[5.993s] [ 92%] Built target dynamixel_sdk
[6.063s] [ 96%] [32mBuilding CXX object src/CMakeFiles/rt_manipulators_cpp.dir/dynamixel_ph42.cpp.o[0m
[14.724s] [100%] [32m[1mLinking CXX shared library librt_manipulators_cpp.so[0m
[15.210s] [100%] Built target rt_manipulators_cpp
[15.229s] Invoked command in '/root/ros2_ws/build/rt_manipulators_cpp' returned '0': /usr/bin/cmake --build /root/ros2_ws/build/rt_manipulators_cpp -- -j12 -l12
[15.232s] Invoking command in '/root/ros2_ws/build/rt_manipulators_cpp': /usr/bin/cmake --install /root/ros2_ws/build/rt_manipulators_cpp
[15.241s] -- Install configuration: ""
[15.242s] -- Installing: /root/ros2_ws/install/rt_manipulators_cpp/lib/librt_manipulators_cpp.so.1.1.0
[15.258s] -- Installing: /root/ros2_ws/install/rt_manipulators_cpp/lib/librt_manipulators_cpp.so.1
[15.258s] -- Installing: /root/ros2_ws/install/rt_manipulators_cpp/lib/librt_manipulators_cpp.so
[15.258s] -- Installing: /root/ros2_ws/install/rt_manipulators_cpp/include/rt_manipulators_cpp
[15.259s] -- Installing: /root/ros2_ws/install/rt_manipulators_cpp/include/rt_manipulators_cpp/kinematics.hpp
[15.259s] -- Installing: /root/ros2_ws/install/rt_manipulators_cpp/include/rt_manipulators_cpp/link.hpp
[15.259s] -- Installing: /root/ros2_ws/install/rt_manipulators_cpp/include/rt_manipulators_cpp/hardware_joints.hpp
[15.260s] -- Installing: /root/ros2_ws/install/rt_manipulators_cpp/include/rt_manipulators_cpp/config_file_parser.hpp
[15.260s] -- Installing: /root/ros2_ws/install/rt_manipulators_cpp/include/rt_manipulators_cpp/dynamixel_p.hpp
[15.260s] -- Installing: /root/ros2_ws/install/rt_manipulators_cpp/include/rt_manipulators_cpp/hardware.hpp
[15.261s] -- Installing: /root/ros2_ws/install/rt_manipulators_cpp/include/rt_manipulators_cpp/dynamixel_ph42.hpp
[15.261s] -- Installing: /root/ros2_ws/install/rt_manipulators_cpp/include/rt_manipulators_cpp/dynamixel_xh430.hpp
[15.261s] -- Installing: /root/ros2_ws/install/rt_manipulators_cpp/include/rt_manipulators_cpp/kinematics_utils.hpp
[15.261s] -- Installing: /root/ros2_ws/install/rt_manipulators_cpp/include/rt_manipulators_cpp/dynamixel_base.hpp
[15.262s] -- Installing: /root/ros2_ws/install/rt_manipulators_cpp/include/rt_manipulators_cpp/dynamixel_x.hpp
[15.262s] -- Installing: /root/ros2_ws/install/rt_manipulators_cpp/include/rt_manipulators_cpp/dynamixel_xm430.hpp
[15.262s] -- Installing: /root/ros2_ws/install/rt_manipulators_cpp/include/rt_manipulators_cpp/joint.hpp
[15.262s] -- Installing: /root/ros2_ws/install/rt_manipulators_cpp/include/rt_manipulators_cpp/dynamixel_xm540.hpp
[15.263s] -- Installing: /root/ros2_ws/install/rt_manipulators_cpp/include/rt_manipulators_cpp/hardware_communicator.hpp
[15.263s] -- Installing: /root/ros2_ws/install/rt_manipulators_cpp/include/rt_manipulators_cpp/dynamixel_xh540.hpp
[15.266s] Invoked command in '/root/ros2_ws/build/rt_manipulators_cpp' returned '0': /usr/bin/cmake --install /root/ros2_ws/build/rt_manipulators_cpp
