-- The C compiler identification is GNU 11.4.0
-- The CXX compiler identification is GNU 11.4.0
-- Detecting C compiler ABI info
-- Detecting C compiler ABI info - done
-- Check for working C compiler: /usr/bin/cc - skipped
-- Detecting C compile features
-- Detecting C compile features - done
-- Detecting CXX compiler ABI info
-- Detecting CXX compiler ABI info - done
-- Check for working CXX compiler: /usr/bin/c++ - skipped
-- Detecting CXX compile features
-- Detecting CXX compile features - done
-- Found rt_manipulators_cpp: 1.0.0 (/opt/ros/humble/share/rt_manipulators_cpp/cmake)
-- Found Python3: /usr/bin/python3 (found version "3.10.12") found components: Interpreter 
-- Configuring done
-- Generating done
-- Build files have been written to: /root/ros2_ws/build/samples03
[  6%] [32mBuilding CXX object CMakeFiles/x7_gravity_compensation.dir/src/x7_gravity_compensation.cpp.o[0m
[ 12%] [32mBuilding CXX object CMakeFiles/x7_gravity_compensation.dir/src/rt_manipulators_ik.cpp.o[0m
[ 18%] [32mBuilding CXX object CMakeFiles/s17_3dof_inverse_kinematics.dir/src/rt_manipulators_ik.cpp.o[0m
[ 25%] [32mBuilding CXX object CMakeFiles/s17_3dof_inverse_kinematics.dir/src/s17_3dof_inverse_kinematics.cpp.o[0m
[ 31%] [32mBuilding CXX object CMakeFiles/x7_3dof_inverse_kinematics.dir/src/x7_3dof_inverse_kinematics.cpp.o[0m
[ 37%] [32mBuilding CXX object CMakeFiles/s17_3dof_inverse_kinematics.dir/src/rt_manipulators_dynamics.cpp.o[0m
[ 43%] [32mBuilding CXX object CMakeFiles/x7_gravity_compensation.dir/src/rt_manipulators_dynamics.cpp.o[0m
[ 50%] [32mBuilding CXX object CMakeFiles/x7_3dof_inverse_kinematics.dir/src/rt_manipulators_dynamics.cpp.o[0m
[ 56%] [32mBuilding CXX object CMakeFiles/s17_gravity_compensation.dir/src/s17_gravity_compensation.cpp.o[0m
[ 62%] [32mBuilding CXX object CMakeFiles/x7_3dof_inverse_kinematics.dir/src/rt_manipulators_ik.cpp.o[0m
[ 75%] [32mBuilding CXX object CMakeFiles/s17_gravity_compensation.dir/src/rt_manipulators_ik.cpp.o[0m
[ 75%] [32mBuilding CXX object CMakeFiles/s17_gravity_compensation.dir/src/rt_manipulators_dynamics.cpp.o[0m
