-- The C compiler identification is GNU 11.4.0
-- The CXX compiler identification is GNU 11.4.0
-- Detecting C compiler ABI info
-- Detecting C compiler ABI info - done
-- Check for working C compiler: /usr/bin/cc - skipped
-- Detecting C compile features
-- Detecting C compile features - done
-- Detecting CXX compiler ABI info
-- Detecting CXX compiler ABI info - done
-- Check for working CXX compiler: /usr/bin/c++ - skipped
-- Detecting CXX compile features
-- Detecting CXX compile features - done
-- Found ament_cmake: 1.3.11 (/opt/ros/humble/share/ament_cmake/cmake)
-- Found Python3: /usr/bin/python3 (found version "3.10.12") found components: Interpreter 
-- Override CMake install command with custom implementation using symlinks instead of copying resources
-- Found ament_lint_auto: 0.12.11 (/opt/ros/humble/share/ament_lint_auto/cmake)
-- Added test 'flake8' to check Python code syntax and style conventions
-- Added test 'lint_cmake' to check CMake code style
-- Added test 'pep257' to check Python code against some of the docstring style conventions in PEP 257
-- Added test 'xmllint' to check XML markup files
-- Configuring done
-- Generating done
-- Build files have been written to: /root/ros2_ws/build/sciurus17_description
Built target ament_cmake_python_symlink_sciurus17_description
running egg_info
creating sciurus17_description.egg-info
writing sciurus17_description.egg-info/PKG-INFO
writing dependency_links to sciurus17_description.egg-info/dependency_links.txt
writing top-level names to sciurus17_description.egg-info/top_level.txt
writing manifest file 'sciurus17_description.egg-info/SOURCES.txt'
reading manifest file 'sciurus17_description.egg-info/SOURCES.txt'
writing manifest file 'sciurus17_description.egg-info/SOURCES.txt'
Built target ament_cmake_python_build_sciurus17_description_egg
-- Install configuration: ""
-- Execute custom install script
-- Symlinking: /root/ros2_ws/install/sciurus17_description/share/sciurus17_description//launch/display.launch.py
-- Symlinking: /root/ros2_ws/install/sciurus17_description/share/sciurus17_description//launch/display.rviz
-- Symlinking: /root/ros2_ws/install/sciurus17_description/share/sciurus17_description//meshes/collision/Base.stl
-- Symlinking: /root/ros2_ws/install/sciurus17_description/share/sciurus17_description//meshes/collision/Body.stl
-- Symlinking: /root/ros2_ws/install/sciurus17_description/share/sciurus17_description//meshes/collision/L_GripperA.stl
-- Symlinking: /root/ros2_ws/install/sciurus17_description/share/sciurus17_description//meshes/collision/L_GripperB.stl
-- Symlinking: /root/ros2_ws/install/sciurus17_description/share/sciurus17_description//meshes/collision/L_Link1.stl
-- Symlinking: /root/ros2_ws/install/sciurus17_description/share/sciurus17_description//meshes/collision/L_Link2.stl
-- Symlinking: /root/ros2_ws/install/sciurus17_description/share/sciurus17_description//meshes/collision/L_Link3.stl
-- Symlinking: /root/ros2_ws/install/sciurus17_description/share/sciurus17_description//meshes/collision/L_Link4.stl
-- Symlinking: /root/ros2_ws/install/sciurus17_description/share/sciurus17_description//meshes/collision/L_Link5.stl
-- Symlinking: /root/ros2_ws/install/sciurus17_description/share/sciurus17_description//meshes/collision/L_Link6.stl
-- Symlinking: /root/ros2_ws/install/sciurus17_description/share/sciurus17_description//meshes/collision/L_Link7.stl
-- Symlinking: /root/ros2_ws/install/sciurus17_description/share/sciurus17_description//meshes/collision/Logo_Corp.stl
-- Symlinking: /root/ros2_ws/install/sciurus17_description/share/sciurus17_description//meshes/collision/Logo_Rabbit.stl
-- Symlinking: /root/ros2_ws/install/sciurus17_description/share/sciurus17_description//meshes/collision/Neck1.stl
-- Symlinking: /root/ros2_ws/install/sciurus17_description/share/sciurus17_description//meshes/collision/Neck2.stl
-- Symlinking: /root/ros2_ws/install/sciurus17_description/share/sciurus17_description//meshes/collision/R_GripperA.stl
-- Symlinking: /root/ros2_ws/install/sciurus17_description/share/sciurus17_description//meshes/collision/R_GripperB.stl
-- Symlinking: /root/ros2_ws/install/sciurus17_description/share/sciurus17_description//meshes/collision/R_Link1.stl
-- Symlinking: /root/ros2_ws/install/sciurus17_description/share/sciurus17_description//meshes/collision/R_Link2.stl
-- Symlinking: /root/ros2_ws/install/sciurus17_description/share/sciurus17_description//meshes/collision/R_Link3.stl
-- Symlinking: /root/ros2_ws/install/sciurus17_description/share/sciurus17_description//meshes/collision/R_Link4.stl
-- Symlinking: /root/ros2_ws/install/sciurus17_description/share/sciurus17_description//meshes/collision/R_Link5.stl
-- Symlinking: /root/ros2_ws/install/sciurus17_description/share/sciurus17_description//meshes/collision/R_Link6.stl
-- Symlinking: /root/ros2_ws/install/sciurus17_description/share/sciurus17_description//meshes/collision/R_Link7.stl
-- Symlinking: /root/ros2_ws/install/sciurus17_description/share/sciurus17_description//meshes/visual/Base.stl
-- Symlinking: /root/ros2_ws/install/sciurus17_description/share/sciurus17_description//meshes/visual/Body.stl
-- Symlinking: /root/ros2_ws/install/sciurus17_description/share/sciurus17_description//meshes/visual/L_GripperA.stl
-- Symlinking: /root/ros2_ws/install/sciurus17_description/share/sciurus17_description//meshes/visual/L_GripperB.stl
-- Symlinking: /root/ros2_ws/install/sciurus17_description/share/sciurus17_description//meshes/visual/L_Link1.stl
-- Symlinking: /root/ros2_ws/install/sciurus17_description/share/sciurus17_description//meshes/visual/L_Link2.stl
-- Symlinking: /root/ros2_ws/install/sciurus17_description/share/sciurus17_description//meshes/visual/L_Link3.stl
-- Symlinking: /root/ros2_ws/install/sciurus17_description/share/sciurus17_description//meshes/visual/L_Link4.stl
-- Symlinking: /root/ros2_ws/install/sciurus17_description/share/sciurus17_description//meshes/visual/L_Link5.stl
-- Symlinking: /root/ros2_ws/install/sciurus17_description/share/sciurus17_description//meshes/visual/L_Link6.stl
-- Symlinking: /root/ros2_ws/install/sciurus17_description/share/sciurus17_description//meshes/visual/L_Link7.stl
-- Symlinking: /root/ros2_ws/install/sciurus17_description/share/sciurus17_description//meshes/visual/Logo_Corp.stl
-- Symlinking: /root/ros2_ws/install/sciurus17_description/share/sciurus17_description//meshes/visual/Logo_Rabbit.stl
-- Symlinking: /root/ros2_ws/install/sciurus17_description/share/sciurus17_description//meshes/visual/Neck1.stl
-- Symlinking: /root/ros2_ws/install/sciurus17_description/share/sciurus17_description//meshes/visual/Neck2.stl
-- Symlinking: /root/ros2_ws/install/sciurus17_description/share/sciurus17_description//meshes/visual/R_GripperA.stl
-- Symlinking: /root/ros2_ws/install/sciurus17_description/share/sciurus17_description//meshes/visual/R_GripperB.stl
-- Symlinking: /root/ros2_ws/install/sciurus17_description/share/sciurus17_description//meshes/visual/R_Link1.stl
-- Symlinking: /root/ros2_ws/install/sciurus17_description/share/sciurus17_description//meshes/visual/R_Link2.stl
-- Symlinking: /root/ros2_ws/install/sciurus17_description/share/sciurus17_description//meshes/visual/R_Link3.stl
-- Symlinking: /root/ros2_ws/install/sciurus17_description/share/sciurus17_description//meshes/visual/R_Link4.stl
-- Symlinking: /root/ros2_ws/install/sciurus17_description/share/sciurus17_description//meshes/visual/R_Link5.stl
-- Symlinking: /root/ros2_ws/install/sciurus17_description/share/sciurus17_description//meshes/visual/R_Link6.stl
-- Symlinking: /root/ros2_ws/install/sciurus17_description/share/sciurus17_description//meshes/visual/R_Link7.stl
-- Symlinking: /root/ros2_ws/install/sciurus17_description/share/sciurus17_description//urdf/sciurus17.gazebo_ros2_control.xacro
-- Symlinking: /root/ros2_ws/install/sciurus17_description/share/sciurus17_description//urdf/sciurus17.ros2_control.xacro
-- Symlinking: /root/ros2_ws/install/sciurus17_description/share/sciurus17_description//urdf/sciurus17.urdf.xacro
-- Symlinking: /root/ros2_ws/install/sciurus17_description/share/sciurus17_description//urdf/sciurus17_body.xacro
-- Symlinking: /root/ros2_ws/install/sciurus17_description/share/sciurus17_description//urdf/sciurus17_gazebo.xacro
-- Symlinking: /root/ros2_ws/install/sciurus17_description/share/sciurus17_description//urdf/sciurus17_head.xacro
-- Symlinking: /root/ros2_ws/install/sciurus17_description/share/sciurus17_description//urdf/sciurus17_left_arm.xacro
-- Symlinking: /root/ros2_ws/install/sciurus17_description/share/sciurus17_description//urdf/sciurus17_left_gripper.xacro
-- Symlinking: /root/ros2_ws/install/sciurus17_description/share/sciurus17_description//urdf/sciurus17_right_arm.xacro
-- Symlinking: /root/ros2_ws/install/sciurus17_description/share/sciurus17_description//urdf/sciurus17_right_gripper.xacro
-- Symlinking: /root/ros2_ws/install/sciurus17_description/share/sciurus17_description/environment/pythonpath.sh
-- Symlinking: /root/ros2_ws/install/sciurus17_description/share/sciurus17_description/environment/pythonpath.dsv
-- Symlinking: /root/ros2_ws/install/sciurus17_description/local/lib/python3.10/dist-packages/sciurus17_description-3.0.0-py3.10.egg-info/PKG-INFO
-- Symlinking: /root/ros2_ws/install/sciurus17_description/local/lib/python3.10/dist-packages/sciurus17_description-3.0.0-py3.10.egg-info/SOURCES.txt
-- Symlinking: /root/ros2_ws/install/sciurus17_description/local/lib/python3.10/dist-packages/sciurus17_description-3.0.0-py3.10.egg-info/dependency_links.txt
-- Symlinking: /root/ros2_ws/install/sciurus17_description/local/lib/python3.10/dist-packages/sciurus17_description-3.0.0-py3.10.egg-info/top_level.txt
-- Symlinking: /root/ros2_ws/install/sciurus17_description/local/lib/python3.10/dist-packages/sciurus17_description/__init__.py
-- Symlinking: /root/ros2_ws/install/sciurus17_description/local/lib/python3.10/dist-packages/sciurus17_description/robot_description_loader.py
-- Symlinking: /root/ros2_ws/install/sciurus17_description/lib/sciurus17_description/robot_description_loader.py
-- Symlinking: /root/ros2_ws/install/sciurus17_description/share/ament_index/resource_index/package_run_dependencies/sciurus17_description
-- Symlinking: /root/ros2_ws/install/sciurus17_description/share/ament_index/resource_index/parent_prefix_path/sciurus17_description
-- Symlinking: /root/ros2_ws/install/sciurus17_description/share/sciurus17_description/environment/ament_prefix_path.sh
-- Symlinking: /root/ros2_ws/install/sciurus17_description/share/sciurus17_description/environment/ament_prefix_path.dsv
-- Symlinking: /root/ros2_ws/install/sciurus17_description/share/sciurus17_description/environment/path.sh
-- Symlinking: /root/ros2_ws/install/sciurus17_description/share/sciurus17_description/environment/path.dsv
-- Symlinking: /root/ros2_ws/install/sciurus17_description/share/sciurus17_description/local_setup.bash
-- Symlinking: /root/ros2_ws/install/sciurus17_description/share/sciurus17_description/local_setup.sh
-- Symlinking: /root/ros2_ws/install/sciurus17_description/share/sciurus17_description/local_setup.zsh
-- Symlinking: /root/ros2_ws/install/sciurus17_description/share/sciurus17_description/local_setup.dsv
-- Symlinking: /root/ros2_ws/install/sciurus17_description/share/sciurus17_description/package.dsv
-- Symlinking: /root/ros2_ws/install/sciurus17_description/share/ament_index/resource_index/packages/sciurus17_description
-- Symlinking: /root/ros2_ws/install/sciurus17_description/share/sciurus17_description/cmake/sciurus17_descriptionConfig.cmake
-- Symlinking: /root/ros2_ws/install/sciurus17_description/share/sciurus17_description/cmake/sciurus17_descriptionConfig-version.cmake
-- Symlinking: /root/ros2_ws/install/sciurus17_description/share/sciurus17_description/package.xml
Listing '/root/ros2_ws/install/sciurus17_description/local/lib/python3.10/dist-packages/sciurus17_description'...
Compiling '/root/ros2_ws/install/sciurus17_description/local/lib/python3.10/dist-packages/sciurus17_description/__init__.py'...
Compiling '/root/ros2_ws/install/sciurus17_description/local/lib/python3.10/dist-packages/sciurus17_description/robot_description_loader.py'...
