[0.086s] Invoking command in '/root/ros2_ws/build/sciurus17_description': CMAKE_PREFIX_PATH=${CMAKE_PREFIX_PATH}:/opt/ros/humble /usr/bin/cmake /root/ros2_ws/src/sciurus17_description -DAMENT_CMAKE_SYMLINK_INSTALL=1 -DCMAKE_INSTALL_PREFIX=/root/ros2_ws/install/sciurus17_description
[0.210s] -- The C compiler identification is GNU 11.4.0
[0.319s] -- The CXX compiler identification is GNU 11.4.0
[0.334s] -- Detecting C compiler ABI info
[0.461s] -- Detecting C compiler ABI info - done
[0.477s] -- Check for working C compiler: /usr/bin/cc - skipped
[0.477s] -- Detecting C compile features
[0.478s] -- Detecting C compile features - done
[0.484s] -- Detecting CXX compiler ABI info
[0.648s] -- Detecting CXX compiler ABI info - done
[0.667s] -- Check for working CXX compiler: /usr/bin/c++ - skipped
[0.668s] -- Detecting CXX compile features
[0.670s] -- Detecting CXX compile features - done
[0.679s] -- Found ament_cmake: 1.3.11 (/opt/ros/humble/share/ament_cmake/cmake)
[1.028s] -- Found Python3: /usr/bin/python3 (found version "3.10.12") found components: Interpreter 
[1.170s] -- Override CMake install command with custom implementation using symlinks instead of copying resources
[1.457s] -- Found ament_lint_auto: 0.12.11 (/opt/ros/humble/share/ament_lint_auto/cmake)
[4.519s] -- Added test 'flake8' to check Python code syntax and style conventions
[4.539s] -- Added test 'lint_cmake' to check CMake code style
[4.539s] -- Added test 'pep257' to check Python code against some of the docstring style conventions in PEP 257
[4.566s] -- Added test 'xmllint' to check XML markup files
[4.579s] -- Configuring done
[4.627s] -- Generating done
[4.654s] -- Build files have been written to: /root/ros2_ws/build/sciurus17_description
[4.690s] Invoked command in '/root/ros2_ws/build/sciurus17_description' returned '0': CMAKE_PREFIX_PATH=${CMAKE_PREFIX_PATH}:/opt/ros/humble /usr/bin/cmake /root/ros2_ws/src/sciurus17_description -DAMENT_CMAKE_SYMLINK_INSTALL=1 -DCMAKE_INSTALL_PREFIX=/root/ros2_ws/install/sciurus17_description
[4.692s] Invoking command in '/root/ros2_ws/build/sciurus17_description': CMAKE_PREFIX_PATH=${CMAKE_PREFIX_PATH}:/opt/ros/humble /usr/bin/cmake --build /root/ros2_ws/build/sciurus17_description -- -j12 -l12
[5.073s] Built target ament_cmake_python_symlink_sciurus17_description
[5.869s] running egg_info
[5.871s] creating sciurus17_description.egg-info
[5.872s] writing sciurus17_description.egg-info/PKG-INFO
[5.872s] writing dependency_links to sciurus17_description.egg-info/dependency_links.txt
[5.873s] writing top-level names to sciurus17_description.egg-info/top_level.txt
[5.873s] writing manifest file 'sciurus17_description.egg-info/SOURCES.txt'
[5.878s] reading manifest file 'sciurus17_description.egg-info/SOURCES.txt'
[5.879s] writing manifest file 'sciurus17_description.egg-info/SOURCES.txt'
[6.041s] Built target ament_cmake_python_build_sciurus17_description_egg
[6.079s] Invoked command in '/root/ros2_ws/build/sciurus17_description' returned '0': CMAKE_PREFIX_PATH=${CMAKE_PREFIX_PATH}:/opt/ros/humble /usr/bin/cmake --build /root/ros2_ws/build/sciurus17_description -- -j12 -l12
[6.080s] Invoking command in '/root/ros2_ws/build/sciurus17_description': CMAKE_PREFIX_PATH=${CMAKE_PREFIX_PATH}:/opt/ros/humble /usr/bin/cmake --install /root/ros2_ws/build/sciurus17_description
[6.116s] -- Install configuration: ""
[6.117s] -- Execute custom install script
[6.120s] -- Symlinking: /root/ros2_ws/install/sciurus17_description/share/sciurus17_description//launch/display.launch.py
[6.153s] -- Symlinking: /root/ros2_ws/install/sciurus17_description/share/sciurus17_description//launch/display.rviz
[6.199s] -- Symlinking: /root/ros2_ws/install/sciurus17_description/share/sciurus17_description//meshes/collision/Base.stl
[6.218s] -- Symlinking: /root/ros2_ws/install/sciurus17_description/share/sciurus17_description//meshes/collision/Body.stl
[6.235s] -- Symlinking: /root/ros2_ws/install/sciurus17_description/share/sciurus17_description//meshes/collision/L_GripperA.stl
[6.257s] -- Symlinking: /root/ros2_ws/install/sciurus17_description/share/sciurus17_description//meshes/collision/L_GripperB.stl
[6.275s] -- Symlinking: /root/ros2_ws/install/sciurus17_description/share/sciurus17_description//meshes/collision/L_Link1.stl
[6.295s] -- Symlinking: /root/ros2_ws/install/sciurus17_description/share/sciurus17_description//meshes/collision/L_Link2.stl
[6.310s] -- Symlinking: /root/ros2_ws/install/sciurus17_description/share/sciurus17_description//meshes/collision/L_Link3.stl
[6.324s] -- Symlinking: /root/ros2_ws/install/sciurus17_description/share/sciurus17_description//meshes/collision/L_Link4.stl
[6.339s] -- Symlinking: /root/ros2_ws/install/sciurus17_description/share/sciurus17_description//meshes/collision/L_Link5.stl
[6.355s] -- Symlinking: /root/ros2_ws/install/sciurus17_description/share/sciurus17_description//meshes/collision/L_Link6.stl
[6.372s] -- Symlinking: /root/ros2_ws/install/sciurus17_description/share/sciurus17_description//meshes/collision/L_Link7.stl
[6.387s] -- Symlinking: /root/ros2_ws/install/sciurus17_description/share/sciurus17_description//meshes/collision/Logo_Corp.stl
[6.403s] -- Symlinking: /root/ros2_ws/install/sciurus17_description/share/sciurus17_description//meshes/collision/Logo_Rabbit.stl
[6.418s] -- Symlinking: /root/ros2_ws/install/sciurus17_description/share/sciurus17_description//meshes/collision/Neck1.stl
[6.436s] -- Symlinking: /root/ros2_ws/install/sciurus17_description/share/sciurus17_description//meshes/collision/Neck2.stl
[6.458s] -- Symlinking: /root/ros2_ws/install/sciurus17_description/share/sciurus17_description//meshes/collision/R_GripperA.stl
[6.477s] -- Symlinking: /root/ros2_ws/install/sciurus17_description/share/sciurus17_description//meshes/collision/R_GripperB.stl
[6.506s] -- Symlinking: /root/ros2_ws/install/sciurus17_description/share/sciurus17_description//meshes/collision/R_Link1.stl
[6.558s] -- Symlinking: /root/ros2_ws/install/sciurus17_description/share/sciurus17_description//meshes/collision/R_Link2.stl
[6.600s] -- Symlinking: /root/ros2_ws/install/sciurus17_description/share/sciurus17_description//meshes/collision/R_Link3.stl
[6.637s] -- Symlinking: /root/ros2_ws/install/sciurus17_description/share/sciurus17_description//meshes/collision/R_Link4.stl
[6.677s] -- Symlinking: /root/ros2_ws/install/sciurus17_description/share/sciurus17_description//meshes/collision/R_Link5.stl
[6.693s] -- Symlinking: /root/ros2_ws/install/sciurus17_description/share/sciurus17_description//meshes/collision/R_Link6.stl
[6.716s] -- Symlinking: /root/ros2_ws/install/sciurus17_description/share/sciurus17_description//meshes/collision/R_Link7.stl
[6.742s] -- Symlinking: /root/ros2_ws/install/sciurus17_description/share/sciurus17_description//meshes/visual/Base.stl
[6.767s] -- Symlinking: /root/ros2_ws/install/sciurus17_description/share/sciurus17_description//meshes/visual/Body.stl
[6.787s] -- Symlinking: /root/ros2_ws/install/sciurus17_description/share/sciurus17_description//meshes/visual/L_GripperA.stl
[6.805s] -- Symlinking: /root/ros2_ws/install/sciurus17_description/share/sciurus17_description//meshes/visual/L_GripperB.stl
[6.822s] -- Symlinking: /root/ros2_ws/install/sciurus17_description/share/sciurus17_description//meshes/visual/L_Link1.stl
[6.839s] -- Symlinking: /root/ros2_ws/install/sciurus17_description/share/sciurus17_description//meshes/visual/L_Link2.stl
[6.856s] -- Symlinking: /root/ros2_ws/install/sciurus17_description/share/sciurus17_description//meshes/visual/L_Link3.stl
[6.872s] -- Symlinking: /root/ros2_ws/install/sciurus17_description/share/sciurus17_description//meshes/visual/L_Link4.stl
[6.887s] -- Symlinking: /root/ros2_ws/install/sciurus17_description/share/sciurus17_description//meshes/visual/L_Link5.stl
[6.903s] -- Symlinking: /root/ros2_ws/install/sciurus17_description/share/sciurus17_description//meshes/visual/L_Link6.stl
[6.916s] -- Symlinking: /root/ros2_ws/install/sciurus17_description/share/sciurus17_description//meshes/visual/L_Link7.stl
[6.931s] -- Symlinking: /root/ros2_ws/install/sciurus17_description/share/sciurus17_description//meshes/visual/Logo_Corp.stl
[6.947s] -- Symlinking: /root/ros2_ws/install/sciurus17_description/share/sciurus17_description//meshes/visual/Logo_Rabbit.stl
[6.964s] -- Symlinking: /root/ros2_ws/install/sciurus17_description/share/sciurus17_description//meshes/visual/Neck1.stl
[6.978s] -- Symlinking: /root/ros2_ws/install/sciurus17_description/share/sciurus17_description//meshes/visual/Neck2.stl
[6.994s] -- Symlinking: /root/ros2_ws/install/sciurus17_description/share/sciurus17_description//meshes/visual/R_GripperA.stl
[7.011s] -- Symlinking: /root/ros2_ws/install/sciurus17_description/share/sciurus17_description//meshes/visual/R_GripperB.stl
[7.029s] -- Symlinking: /root/ros2_ws/install/sciurus17_description/share/sciurus17_description//meshes/visual/R_Link1.stl
[7.046s] -- Symlinking: /root/ros2_ws/install/sciurus17_description/share/sciurus17_description//meshes/visual/R_Link2.stl
[7.061s] -- Symlinking: /root/ros2_ws/install/sciurus17_description/share/sciurus17_description//meshes/visual/R_Link3.stl
[7.077s] -- Symlinking: /root/ros2_ws/install/sciurus17_description/share/sciurus17_description//meshes/visual/R_Link4.stl
[7.091s] -- Symlinking: /root/ros2_ws/install/sciurus17_description/share/sciurus17_description//meshes/visual/R_Link5.stl
[7.104s] -- Symlinking: /root/ros2_ws/install/sciurus17_description/share/sciurus17_description//meshes/visual/R_Link6.stl
[7.120s] -- Symlinking: /root/ros2_ws/install/sciurus17_description/share/sciurus17_description//meshes/visual/R_Link7.stl
[7.137s] -- Symlinking: /root/ros2_ws/install/sciurus17_description/share/sciurus17_description//urdf/sciurus17.gazebo_ros2_control.xacro
[7.153s] -- Symlinking: /root/ros2_ws/install/sciurus17_description/share/sciurus17_description//urdf/sciurus17.ros2_control.xacro
[7.167s] -- Symlinking: /root/ros2_ws/install/sciurus17_description/share/sciurus17_description//urdf/sciurus17.urdf.xacro
[7.180s] -- Symlinking: /root/ros2_ws/install/sciurus17_description/share/sciurus17_description//urdf/sciurus17_body.xacro
[7.195s] -- Symlinking: /root/ros2_ws/install/sciurus17_description/share/sciurus17_description//urdf/sciurus17_gazebo.xacro
[7.213s] -- Symlinking: /root/ros2_ws/install/sciurus17_description/share/sciurus17_description//urdf/sciurus17_head.xacro
[7.227s] -- Symlinking: /root/ros2_ws/install/sciurus17_description/share/sciurus17_description//urdf/sciurus17_left_arm.xacro
[7.241s] -- Symlinking: /root/ros2_ws/install/sciurus17_description/share/sciurus17_description//urdf/sciurus17_left_gripper.xacro
[7.255s] -- Symlinking: /root/ros2_ws/install/sciurus17_description/share/sciurus17_description//urdf/sciurus17_right_arm.xacro
[7.269s] -- Symlinking: /root/ros2_ws/install/sciurus17_description/share/sciurus17_description//urdf/sciurus17_right_gripper.xacro
[7.282s] -- Symlinking: /root/ros2_ws/install/sciurus17_description/share/sciurus17_description/environment/pythonpath.sh
[7.298s] -- Symlinking: /root/ros2_ws/install/sciurus17_description/share/sciurus17_description/environment/pythonpath.dsv
[7.319s] -- Symlinking: /root/ros2_ws/install/sciurus17_description/local/lib/python3.10/dist-packages/sciurus17_description-3.0.0-py3.10.egg-info/PKG-INFO
[7.336s] -- Symlinking: /root/ros2_ws/install/sciurus17_description/local/lib/python3.10/dist-packages/sciurus17_description-3.0.0-py3.10.egg-info/SOURCES.txt
[7.354s] -- Symlinking: /root/ros2_ws/install/sciurus17_description/local/lib/python3.10/dist-packages/sciurus17_description-3.0.0-py3.10.egg-info/dependency_links.txt
[7.369s] -- Symlinking: /root/ros2_ws/install/sciurus17_description/local/lib/python3.10/dist-packages/sciurus17_description-3.0.0-py3.10.egg-info/top_level.txt
[7.387s] -- Symlinking: /root/ros2_ws/install/sciurus17_description/local/lib/python3.10/dist-packages/sciurus17_description/__init__.py
[7.402s] -- Symlinking: /root/ros2_ws/install/sciurus17_description/local/lib/python3.10/dist-packages/sciurus17_description/robot_description_loader.py
[7.419s] -- Symlinking: /root/ros2_ws/install/sciurus17_description/lib/sciurus17_description/robot_description_loader.py
[7.435s] -- Symlinking: /root/ros2_ws/install/sciurus17_description/share/ament_index/resource_index/package_run_dependencies/sciurus17_description
[7.451s] -- Symlinking: /root/ros2_ws/install/sciurus17_description/share/ament_index/resource_index/parent_prefix_path/sciurus17_description
[7.469s] -- Symlinking: /root/ros2_ws/install/sciurus17_description/share/sciurus17_description/environment/ament_prefix_path.sh
[7.489s] -- Symlinking: /root/ros2_ws/install/sciurus17_description/share/sciurus17_description/environment/ament_prefix_path.dsv
[7.515s] -- Symlinking: /root/ros2_ws/install/sciurus17_description/share/sciurus17_description/environment/path.sh
[7.553s] -- Symlinking: /root/ros2_ws/install/sciurus17_description/share/sciurus17_description/environment/path.dsv
[7.578s] -- Symlinking: /root/ros2_ws/install/sciurus17_description/share/sciurus17_description/local_setup.bash
[7.595s] -- Symlinking: /root/ros2_ws/install/sciurus17_description/share/sciurus17_description/local_setup.sh
[7.612s] -- Symlinking: /root/ros2_ws/install/sciurus17_description/share/sciurus17_description/local_setup.zsh
[7.636s] -- Symlinking: /root/ros2_ws/install/sciurus17_description/share/sciurus17_description/local_setup.dsv
[7.655s] -- Symlinking: /root/ros2_ws/install/sciurus17_description/share/sciurus17_description/package.dsv
[7.678s] -- Symlinking: /root/ros2_ws/install/sciurus17_description/share/ament_index/resource_index/packages/sciurus17_description
[7.705s] -- Symlinking: /root/ros2_ws/install/sciurus17_description/share/sciurus17_description/cmake/sciurus17_descriptionConfig.cmake
[7.730s] -- Symlinking: /root/ros2_ws/install/sciurus17_description/share/sciurus17_description/cmake/sciurus17_descriptionConfig-version.cmake
[7.746s] -- Symlinking: /root/ros2_ws/install/sciurus17_description/share/sciurus17_description/package.xml
[7.838s] Listing '/root/ros2_ws/install/sciurus17_description/local/lib/python3.10/dist-packages/sciurus17_description'...
[7.838s] Compiling '/root/ros2_ws/install/sciurus17_description/local/lib/python3.10/dist-packages/sciurus17_description/__init__.py'...
[7.838s] Compiling '/root/ros2_ws/install/sciurus17_description/local/lib/python3.10/dist-packages/sciurus17_description/robot_description_loader.py'...
[7.860s] Invoked command in '/root/ros2_ws/build/sciurus17_description' returned '0': CMAKE_PREFIX_PATH=${CMAKE_PREFIX_PATH}:/opt/ros/humble /usr/bin/cmake --install /root/ros2_ws/build/sciurus17_description
