[35m[1mConsolidate compiler generated dependencies of target x7_read_position[0m
[35m[1mConsolidate compiler generated dependencies of target s17_read_position[0m
[35m[1mConsolidate compiler generated dependencies of target s17_onoff[0m
[35m[1mConsolidate compiler generated dependencies of target x7_onoff[0m
[35m[1mConsolidate compiler generated dependencies of target s17_write_position[0m
[35m[1mConsolidate compiler generated dependencies of target x7_thread[0m
[35m[1mConsolidate compiler generated dependencies of target x7_read_present_values[0m
[35m[1mConsolidate compiler generated dependencies of target x7_write_position[0m
[35m[1mConsolidate compiler generated dependencies of target s17_thread[0m
[  7%] Built target s17_onoff
[ 14%] Built target s17_read_position
[35m[1mConsolidate compiler generated dependencies of target s17_read_present_values[0m
[ 21%] Built target x7_read_position
[35m[1mConsolidate compiler generated dependencies of target s17_write_current[0m
[ 28%] Built target s17_thread
[35m[1mConsolidate compiler generated dependencies of target x7_write_velocity[0m
[ 35%] Built target x7_write_position
[35m[1mConsolidate compiler generated dependencies of target s17_write_velocity[0m
[ 42%] Built target x7_thread
[ 50%] Built target x7_onoff
[ 57%] Built target x7_read_present_values
[35m[1mConsolidate compiler generated dependencies of target x7_write_current[0m
[ 64%] Built target s17_write_position
[ 71%] Built target s17_read_present_values
[ 78%] Built target x7_write_velocity
[ 85%] Built target s17_write_current
[ 92%] Built target s17_write_velocity
[100%] Built target x7_write_current
