[0.022s] Invoking command in '/root/ros2_ws/build/samples01': CMAKE_PREFIX_PATH=/root/ros2_ws/install/dynamixel_sdk:/root/ros2_ws/install/sciurus17:/root/ros2_ws/install/sciurus17_examples:/root/ros2_ws/install/sciurus17_control:/root/ros2_ws/install/dynamixel_sdk_examples:/root/ros2_ws/install/sciurus17_vision:/root/ros2_ws/install/sciurus17_tools:/root/ros2_ws/install/sciurus17_moveit_config:/root/ros2_ws/install/sciurus17_gazebo:/root/ros2_ws/install/sciurus17_description:/root/ros2_ws/install/dynamixel_sdk_custom_interfaces LD_LIBRARY_PATH=/root/ros2_ws/install/rt_manipulators_cpp/lib:/root/ros2_ws/install/dynamixel_sdk/lib:/root/ros2_ws/install/sciurus17_examples/lib:/root/ros2_ws/install/sciurus17_control/lib:/root/ros2_ws/install/lib:/root/ros2_ws/install/dynamixel_sdk_custom_interfaces/lib:/root/ros2_ws/src/DynamixelSDK/c++/build/win64:/opt/ros/humble/opt/rviz_ogre_vendor/lib:/opt/ros/humble/lib/x86_64-linux-gnu:/opt/ros/humble/lib /usr/bin/cmake --build /root/ros2_ws/build/samples01 -- -j12 -l12
[0.067s] [35m[1mConsolidate compiler generated dependencies of target x7_read_position[0m
[0.068s] [35m[1mConsolidate compiler generated dependencies of target s17_read_position[0m
[0.068s] [35m[1mConsolidate compiler generated dependencies of target s17_onoff[0m
[0.074s] [35m[1mConsolidate compiler generated dependencies of target x7_onoff[0m
[0.081s] [35m[1mConsolidate compiler generated dependencies of target s17_write_position[0m
[0.081s] [35m[1mConsolidate compiler generated dependencies of target x7_thread[0m
[0.082s] [35m[1mConsolidate compiler generated dependencies of target x7_read_present_values[0m
[0.083s] [35m[1mConsolidate compiler generated dependencies of target x7_write_position[0m
[0.088s] [35m[1mConsolidate compiler generated dependencies of target s17_thread[0m
[0.097s] [  7%] Built target s17_onoff
[0.104s] [ 14%] Built target s17_read_position
[0.107s] [35m[1mConsolidate compiler generated dependencies of target s17_read_present_values[0m
[0.113s] [ 21%] Built target x7_read_position
[0.123s] [35m[1mConsolidate compiler generated dependencies of target s17_write_current[0m
[0.123s] [ 28%] Built target s17_thread
[0.124s] [35m[1mConsolidate compiler generated dependencies of target x7_write_velocity[0m
[0.124s] [ 35%] Built target x7_write_position
[0.127s] [35m[1mConsolidate compiler generated dependencies of target s17_write_velocity[0m
[0.127s] [ 42%] Built target x7_thread
[0.127s] [ 50%] Built target x7_onoff
[0.128s] [ 57%] Built target x7_read_present_values
[0.130s] [35m[1mConsolidate compiler generated dependencies of target x7_write_current[0m
[0.136s] [ 64%] Built target s17_write_position
[0.137s] [ 71%] Built target s17_read_present_values
[0.147s] [ 78%] Built target x7_write_velocity
[0.147s] [ 85%] Built target s17_write_current
[0.148s] [ 92%] Built target s17_write_velocity
[0.153s] [100%] Built target x7_write_current
[0.165s] Invoked command in '/root/ros2_ws/build/samples01' returned '0': CMAKE_PREFIX_PATH=/root/ros2_ws/install/dynamixel_sdk:/root/ros2_ws/install/sciurus17:/root/ros2_ws/install/sciurus17_examples:/root/ros2_ws/install/sciurus17_control:/root/ros2_ws/install/dynamixel_sdk_examples:/root/ros2_ws/install/sciurus17_vision:/root/ros2_ws/install/sciurus17_tools:/root/ros2_ws/install/sciurus17_moveit_config:/root/ros2_ws/install/sciurus17_gazebo:/root/ros2_ws/install/sciurus17_description:/root/ros2_ws/install/dynamixel_sdk_custom_interfaces LD_LIBRARY_PATH=/root/ros2_ws/install/rt_manipulators_cpp/lib:/root/ros2_ws/install/dynamixel_sdk/lib:/root/ros2_ws/install/sciurus17_examples/lib:/root/ros2_ws/install/sciurus17_control/lib:/root/ros2_ws/install/lib:/root/ros2_ws/install/dynamixel_sdk_custom_interfaces/lib:/root/ros2_ws/src/DynamixelSDK/c++/build/win64:/opt/ros/humble/opt/rviz_ogre_vendor/lib:/opt/ros/humble/lib/x86_64-linux-gnu:/opt/ros/humble/lib /usr/bin/cmake --build /root/ros2_ws/build/samples01 -- -j12 -l12
