-- The C compiler identification is GNU 11.4.0
-- The CXX compiler identification is GNU 11.4.0
-- Detecting C compiler ABI info
-- Detecting C compiler ABI info - done
-- Check for working C compiler: /usr/bin/cc - skipped
-- Detecting C compile features
-- Detecting C compile features - done
-- Detecting CXX compiler ABI info
-- Detecting CXX compiler ABI info - done
-- Check for working CXX compiler: /usr/bin/c++ - skipped
-- Detecting CXX compile features
-- Detecting CXX compile features - done
-- Found ament_cmake: 1.3.11 (/opt/ros/humble/share/ament_cmake/cmake)
-- Found Python3: /usr/bin/python3 (found version "3.10.12") found components: Interpreter 
-- Looking for pthread.h
-- Looking for pthread.h - found
-- Performing Test CMAKE_HAVE_LIBC_PTHREAD
-- Performing Test CMAKE_HAVE_LIBC_PTHREAD - Success
-- Found Threads: TRUE  
-- Found dynamixel_sdk: 3.7.60 (/root/ros2_ws/install/dynamixel_sdk/share/dynamixel_sdk/cmake)
-- Configuring done
-- Generating done
-- Build files have been written to: /root/ros2_ws/src/build/rt_manipulators_cpp
[  3%] [32mBuilding CXX object CMakeFiles/dynamixel_sdk.dir/root/ros2_ws/src/DynamixelSDK/dynamixel_sdk/src/dynamixel_sdk/protocol1_packet_handler.cpp.o[0m
[ 10%] [32mBuilding CXX object src/CMakeFiles/rt_manipulators_cpp.dir/joint.cpp.o[0m
[ 10%] [32mBuilding CXX object CMakeFiles/dynamixel_sdk.dir/root/ros2_ws/src/DynamixelSDK/dynamixel_sdk/src/dynamixel_sdk/packet_handler.cpp.o[0m
[ 14%] [32mBuilding CXX object src/CMakeFiles/rt_manipulators_cpp.dir/hardware.cpp.o[0m
[ 17%] [32mBuilding CXX object CMakeFiles/dynamixel_sdk.dir/root/ros2_ws/src/DynamixelSDK/dynamixel_sdk/src/dynamixel_sdk/group_sync_write.cpp.o[0m
[ 21%] [32mBuilding CXX object CMakeFiles/dynamixel_sdk.dir/root/ros2_ws/src/DynamixelSDK/dynamixel_sdk/src/dynamixel_sdk/protocol2_packet_handler.cpp.o[0m
[ 28%] [32mBuilding CXX object CMakeFiles/dynamixel_sdk.dir/root/ros2_ws/src/DynamixelSDK/dynamixel_sdk/src/dynamixel_sdk/group_sync_read.cpp.o[0m
[ 28%] [32mBuilding CXX object src/CMakeFiles/rt_manipulators_cpp.dir/hardware_communicator.cpp.o[0m
[ 32%] [32mBuilding CXX object CMakeFiles/dynamixel_sdk.dir/root/ros2_ws/src/DynamixelSDK/dynamixel_sdk/src/dynamixel_sdk/group_bulk_write.cpp.o[0m
[ 35%] [32mBuilding CXX object CMakeFiles/dynamixel_sdk.dir/root/ros2_ws/src/DynamixelSDK/dynamixel_sdk/src/dynamixel_sdk/group_bulk_read.cpp.o[0m
[ 39%] [32mBuilding CXX object CMakeFiles/dynamixel_sdk.dir/root/ros2_ws/src/DynamixelSDK/dynamixel_sdk/src/dynamixel_sdk/group_fast_bulk_read.cpp.o[0m
[ 42%] [32mBuilding CXX object src/CMakeFiles/rt_manipulators_cpp.dir/hardware_joints.cpp.o[0m
[ 46%] [32mBuilding CXX object CMakeFiles/dynamixel_sdk.dir/root/ros2_ws/src/DynamixelSDK/dynamixel_sdk/src/dynamixel_sdk/group_fast_sync_read.cpp.o[0m
[ 50%] [32mBuilding CXX object CMakeFiles/dynamixel_sdk.dir/root/ros2_ws/src/DynamixelSDK/dynamixel_sdk/src/dynamixel_sdk/group_handler.cpp.o[0m
[ 53%] [32mBuilding CXX object CMakeFiles/dynamixel_sdk.dir/root/ros2_ws/src/DynamixelSDK/dynamixel_sdk/src/dynamixel_sdk/port_handler.cpp.o[0m
[ 57%] [32mBuilding CXX object CMakeFiles/dynamixel_sdk.dir/root/ros2_ws/src/DynamixelSDK/dynamixel_sdk/src/dynamixel_sdk/port_handler_linux.cpp.o[0m
[ 60%] [32mBuilding CXX object src/CMakeFiles/rt_manipulators_cpp.dir/kinematics.cpp.o[0m
[ 64%] [32mBuilding CXX object src/CMakeFiles/rt_manipulators_cpp.dir/kinematics_utils.cpp.o[0m
[ 67%] [32mBuilding CXX object src/CMakeFiles/rt_manipulators_cpp.dir/config_file_parser.cpp.o[0m
[ 71%] [32mBuilding CXX object src/CMakeFiles/rt_manipulators_cpp.dir/dynamixel_x.cpp.o[0m
[ 75%] [32mBuilding CXX object src/CMakeFiles/rt_manipulators_cpp.dir/dynamixel_xm430.cpp.o[0m
[ 78%] [32mBuilding CXX object src/CMakeFiles/rt_manipulators_cpp.dir/dynamixel_xm540.cpp.o[0m
[ 82%] [32mBuilding CXX object src/CMakeFiles/rt_manipulators_cpp.dir/dynamixel_xh430.cpp.o[0m
[ 85%] [32m[1mLinking CXX shared library libdynamixel_sdk.so[0m
[ 85%] Built target dynamixel_sdk
[ 89%] [32mBuilding CXX object src/CMakeFiles/rt_manipulators_cpp.dir/dynamixel_xh540.cpp.o[0m
[ 92%] [32mBuilding CXX object src/CMakeFiles/rt_manipulators_cpp.dir/dynamixel_p.cpp.o[0m
[ 96%] [32mBuilding CXX object src/CMakeFiles/rt_manipulators_cpp.dir/dynamixel_ph42.cpp.o[0m
[100%] [32m[1mLinking CXX shared library librt_manipulators_cpp.so[0m
[100%] Built target rt_manipulators_cpp
-- Install configuration: ""
-- Installing: /root/ros2_ws/src/install/rt_manipulators_cpp/lib/librt_manipulators_cpp.so.1.1.0
-- Installing: /root/ros2_ws/src/install/rt_manipulators_cpp/lib/librt_manipulators_cpp.so.1
-- Installing: /root/ros2_ws/src/install/rt_manipulators_cpp/lib/librt_manipulators_cpp.so
-- Installing: /root/ros2_ws/src/install/rt_manipulators_cpp/include/rt_manipulators_cpp
-- Installing: /root/ros2_ws/src/install/rt_manipulators_cpp/include/rt_manipulators_cpp/kinematics.hpp
-- Installing: /root/ros2_ws/src/install/rt_manipulators_cpp/include/rt_manipulators_cpp/link.hpp
-- Installing: /root/ros2_ws/src/install/rt_manipulators_cpp/include/rt_manipulators_cpp/hardware_joints.hpp
-- Installing: /root/ros2_ws/src/install/rt_manipulators_cpp/include/rt_manipulators_cpp/config_file_parser.hpp
-- Installing: /root/ros2_ws/src/install/rt_manipulators_cpp/include/rt_manipulators_cpp/dynamixel_p.hpp
-- Installing: /root/ros2_ws/src/install/rt_manipulators_cpp/include/rt_manipulators_cpp/hardware.hpp
-- Installing: /root/ros2_ws/src/install/rt_manipulators_cpp/include/rt_manipulators_cpp/dynamixel_ph42.hpp
-- Installing: /root/ros2_ws/src/install/rt_manipulators_cpp/include/rt_manipulators_cpp/dynamixel_xh430.hpp
-- Installing: /root/ros2_ws/src/install/rt_manipulators_cpp/include/rt_manipulators_cpp/kinematics_utils.hpp
-- Installing: /root/ros2_ws/src/install/rt_manipulators_cpp/include/rt_manipulators_cpp/dynamixel_base.hpp
-- Installing: /root/ros2_ws/src/install/rt_manipulators_cpp/include/rt_manipulators_cpp/dynamixel_x.hpp
-- Installing: /root/ros2_ws/src/install/rt_manipulators_cpp/include/rt_manipulators_cpp/dynamixel_xm430.hpp
-- Installing: /root/ros2_ws/src/install/rt_manipulators_cpp/include/rt_manipulators_cpp/joint.hpp
-- Installing: /root/ros2_ws/src/install/rt_manipulators_cpp/include/rt_manipulators_cpp/dynamixel_xm540.hpp
-- Installing: /root/ros2_ws/src/install/rt_manipulators_cpp/include/rt_manipulators_cpp/hardware_communicator.hpp
-- Installing: /root/ros2_ws/src/install/rt_manipulators_cpp/include/rt_manipulators_cpp/dynamixel_xh540.hpp
