[0.029s] Invoking command in '/root/ros2_ws/src/build/rt_manipulators_cpp': /usr/bin/cmake /root/ros2_ws/src/rt_manipulators_cpp/rt_manipulators_lib -DCATKIN_INSTALL_INTO_PREFIX_ROOT=0 -DCATKIN_SYMLINK_INSTALL=ON -DCMAKE_INSTALL_PREFIX=/root/ros2_ws/src/install/rt_manipulators_cpp
[0.127s] -- The C compiler identification is GNU 11.4.0
[0.220s] -- The CXX compiler identification is GNU 11.4.0
[0.233s] -- Detecting C compiler ABI info
[0.353s] -- Detecting C compiler ABI info - done
[0.363s] -- Check for working C compiler: /usr/bin/cc - skipped
[0.364s] -- Detecting C compile features
[0.365s] -- Detecting C compile features - done
[0.370s] -- Detecting CXX compiler ABI info
[0.502s] -- Detecting CXX compiler ABI info - done
[0.513s] -- Check for working CXX compiler: /usr/bin/c++ - skipped
[0.513s] -- Detecting CXX compile features
[0.514s] -- Detecting CXX compile features - done
[0.524s] -- Found ament_cmake: 1.3.11 (/opt/ros/humble/share/ament_cmake/cmake)
[0.826s] -- Found Python3: /usr/bin/python3 (found version "3.10.12") found components: Interpreter 
[1.051s] -- Looking for pthread.h
[1.173s] -- Looking for pthread.h - found
[1.174s] -- Performing Test CMAKE_HAVE_LIBC_PTHREAD
[1.296s] -- Performing Test CMAKE_HAVE_LIBC_PTHREAD - Success
[1.298s] -- Found Threads: TRUE  
[1.298s] [0m[0m
[1.301s] -- Found dynamixel_sdk: 3.7.60 (/root/ros2_ws/install/dynamixel_sdk/share/dynamixel_sdk/cmake)
[1.303s] -- Configuring done
[1.328s] -- Generating done
[1.329s] [33mCMake Warning:
[1.329s]   Manually-specified variables were not used by the project:
[1.330s] 
[1.330s]     CATKIN_INSTALL_INTO_PREFIX_ROOT
[1.330s]     CATKIN_SYMLINK_INSTALL
[1.330s] 
[1.331s] [0m
[1.333s] -- Build files have been written to: /root/ros2_ws/src/build/rt_manipulators_cpp
[1.342s] Invoked command in '/root/ros2_ws/src/build/rt_manipulators_cpp' returned '0': /usr/bin/cmake /root/ros2_ws/src/rt_manipulators_cpp/rt_manipulators_lib -DCATKIN_INSTALL_INTO_PREFIX_ROOT=0 -DCATKIN_SYMLINK_INSTALL=ON -DCMAKE_INSTALL_PREFIX=/root/ros2_ws/src/install/rt_manipulators_cpp
[1.346s] Invoking command in '/root/ros2_ws/src/build/rt_manipulators_cpp': /usr/bin/cmake --build /root/ros2_ws/src/build/rt_manipulators_cpp -- -j12 -l12
[1.432s] [  3%] [32mBuilding CXX object CMakeFiles/dynamixel_sdk.dir/root/ros2_ws/src/DynamixelSDK/dynamixel_sdk/src/dynamixel_sdk/protocol1_packet_handler.cpp.o[0m
[1.434s] [ 10%] [32mBuilding CXX object src/CMakeFiles/rt_manipulators_cpp.dir/joint.cpp.o[0m
[1.435s] [ 10%] [32mBuilding CXX object CMakeFiles/dynamixel_sdk.dir/root/ros2_ws/src/DynamixelSDK/dynamixel_sdk/src/dynamixel_sdk/packet_handler.cpp.o[0m
[1.436s] [ 14%] [32mBuilding CXX object src/CMakeFiles/rt_manipulators_cpp.dir/hardware.cpp.o[0m
[1.440s] [ 17%] [32mBuilding CXX object CMakeFiles/dynamixel_sdk.dir/root/ros2_ws/src/DynamixelSDK/dynamixel_sdk/src/dynamixel_sdk/group_sync_write.cpp.o[0m
[1.460s] [ 21%] [32mBuilding CXX object CMakeFiles/dynamixel_sdk.dir/root/ros2_ws/src/DynamixelSDK/dynamixel_sdk/src/dynamixel_sdk/protocol2_packet_handler.cpp.o[0m
[1.460s] [ 28%] [32mBuilding CXX object CMakeFiles/dynamixel_sdk.dir/root/ros2_ws/src/DynamixelSDK/dynamixel_sdk/src/dynamixel_sdk/group_sync_read.cpp.o[0m
[1.460s] [ 28%] [32mBuilding CXX object src/CMakeFiles/rt_manipulators_cpp.dir/hardware_communicator.cpp.o[0m
[1.462s] [ 32%] [32mBuilding CXX object CMakeFiles/dynamixel_sdk.dir/root/ros2_ws/src/DynamixelSDK/dynamixel_sdk/src/dynamixel_sdk/group_bulk_write.cpp.o[0m
[1.467s] [ 35%] [32mBuilding CXX object CMakeFiles/dynamixel_sdk.dir/root/ros2_ws/src/DynamixelSDK/dynamixel_sdk/src/dynamixel_sdk/group_bulk_read.cpp.o[0m
[1.468s] [ 39%] [32mBuilding CXX object CMakeFiles/dynamixel_sdk.dir/root/ros2_ws/src/DynamixelSDK/dynamixel_sdk/src/dynamixel_sdk/group_fast_bulk_read.cpp.o[0m
[1.469s] [ 42%] [32mBuilding CXX object src/CMakeFiles/rt_manipulators_cpp.dir/hardware_joints.cpp.o[0m
[1.782s] [ 46%] [32mBuilding CXX object CMakeFiles/dynamixel_sdk.dir/root/ros2_ws/src/DynamixelSDK/dynamixel_sdk/src/dynamixel_sdk/group_fast_sync_read.cpp.o[0m
[1.938s] [ 50%] [32mBuilding CXX object CMakeFiles/dynamixel_sdk.dir/root/ros2_ws/src/DynamixelSDK/dynamixel_sdk/src/dynamixel_sdk/group_handler.cpp.o[0m
[2.004s] [ 53%] [32mBuilding CXX object CMakeFiles/dynamixel_sdk.dir/root/ros2_ws/src/DynamixelSDK/dynamixel_sdk/src/dynamixel_sdk/port_handler.cpp.o[0m
[2.072s] [ 57%] [32mBuilding CXX object CMakeFiles/dynamixel_sdk.dir/root/ros2_ws/src/DynamixelSDK/dynamixel_sdk/src/dynamixel_sdk/port_handler_linux.cpp.o[0m
[2.210s] [ 60%] [32mBuilding CXX object src/CMakeFiles/rt_manipulators_cpp.dir/kinematics.cpp.o[0m
[2.460s] [ 64%] [32mBuilding CXX object src/CMakeFiles/rt_manipulators_cpp.dir/kinematics_utils.cpp.o[0m
[2.511s] [ 67%] [32mBuilding CXX object src/CMakeFiles/rt_manipulators_cpp.dir/config_file_parser.cpp.o[0m
[2.621s] [ 71%] [32mBuilding CXX object src/CMakeFiles/rt_manipulators_cpp.dir/dynamixel_x.cpp.o[0m
[2.678s] [ 75%] [32mBuilding CXX object src/CMakeFiles/rt_manipulators_cpp.dir/dynamixel_xm430.cpp.o[0m
[2.679s] [ 78%] [32mBuilding CXX object src/CMakeFiles/rt_manipulators_cpp.dir/dynamixel_xm540.cpp.o[0m
[2.741s] [ 82%] [32mBuilding CXX object src/CMakeFiles/rt_manipulators_cpp.dir/dynamixel_xh430.cpp.o[0m
[2.775s] [ 85%] [32m[1mLinking CXX shared library libdynamixel_sdk.so[0m
[3.114s] [ 85%] Built target dynamixel_sdk
[3.149s] [ 89%] [32mBuilding CXX object src/CMakeFiles/rt_manipulators_cpp.dir/dynamixel_xh540.cpp.o[0m
[3.284s] [ 92%] [32mBuilding CXX object src/CMakeFiles/rt_manipulators_cpp.dir/dynamixel_p.cpp.o[0m
[3.716s] [ 96%] [32mBuilding CXX object src/CMakeFiles/rt_manipulators_cpp.dir/dynamixel_ph42.cpp.o[0m
[11.984s] [100%] [32m[1mLinking CXX shared library librt_manipulators_cpp.so[0m
[12.413s] [100%] Built target rt_manipulators_cpp
[12.434s] Invoked command in '/root/ros2_ws/src/build/rt_manipulators_cpp' returned '0': /usr/bin/cmake --build /root/ros2_ws/src/build/rt_manipulators_cpp -- -j12 -l12
[12.450s] Invoking command in '/root/ros2_ws/src/build/rt_manipulators_cpp': /usr/bin/cmake --install /root/ros2_ws/src/build/rt_manipulators_cpp
[12.462s] -- Install configuration: ""
[12.463s] -- Installing: /root/ros2_ws/src/install/rt_manipulators_cpp/lib/librt_manipulators_cpp.so.1.1.0
[12.478s] -- Installing: /root/ros2_ws/src/install/rt_manipulators_cpp/lib/librt_manipulators_cpp.so.1
[12.479s] -- Installing: /root/ros2_ws/src/install/rt_manipulators_cpp/lib/librt_manipulators_cpp.so
[12.479s] -- Installing: /root/ros2_ws/src/install/rt_manipulators_cpp/include/rt_manipulators_cpp
[12.480s] -- Installing: /root/ros2_ws/src/install/rt_manipulators_cpp/include/rt_manipulators_cpp/kinematics.hpp
[12.480s] -- Installing: /root/ros2_ws/src/install/rt_manipulators_cpp/include/rt_manipulators_cpp/link.hpp
[12.480s] -- Installing: /root/ros2_ws/src/install/rt_manipulators_cpp/include/rt_manipulators_cpp/hardware_joints.hpp
[12.481s] -- Installing: /root/ros2_ws/src/install/rt_manipulators_cpp/include/rt_manipulators_cpp/config_file_parser.hpp
[12.481s] -- Installing: /root/ros2_ws/src/install/rt_manipulators_cpp/include/rt_manipulators_cpp/dynamixel_p.hpp
[12.481s] -- Installing: /root/ros2_ws/src/install/rt_manipulators_cpp/include/rt_manipulators_cpp/hardware.hpp
[12.482s] -- Installing: /root/ros2_ws/src/install/rt_manipulators_cpp/include/rt_manipulators_cpp/dynamixel_ph42.hpp
[12.482s] -- Installing: /root/ros2_ws/src/install/rt_manipulators_cpp/include/rt_manipulators_cpp/dynamixel_xh430.hpp
[12.482s] -- Installing: /root/ros2_ws/src/install/rt_manipulators_cpp/include/rt_manipulators_cpp/kinematics_utils.hpp
[12.482s] -- Installing: /root/ros2_ws/src/install/rt_manipulators_cpp/include/rt_manipulators_cpp/dynamixel_base.hpp
[12.483s] -- Installing: /root/ros2_ws/src/install/rt_manipulators_cpp/include/rt_manipulators_cpp/dynamixel_x.hpp
[12.483s] -- Installing: /root/ros2_ws/src/install/rt_manipulators_cpp/include/rt_manipulators_cpp/dynamixel_xm430.hpp
[12.484s] -- Installing: /root/ros2_ws/src/install/rt_manipulators_cpp/include/rt_manipulators_cpp/joint.hpp
[12.484s] -- Installing: /root/ros2_ws/src/install/rt_manipulators_cpp/include/rt_manipulators_cpp/dynamixel_xm540.hpp
[12.484s] -- Installing: /root/ros2_ws/src/install/rt_manipulators_cpp/include/rt_manipulators_cpp/hardware_communicator.hpp
[12.485s] -- Installing: /root/ros2_ws/src/install/rt_manipulators_cpp/include/rt_manipulators_cpp/dynamixel_xh540.hpp
[12.489s] Invoked command in '/root/ros2_ws/src/build/rt_manipulators_cpp' returned '0': /usr/bin/cmake --install /root/ros2_ws/src/build/rt_manipulators_cpp
