[0.078s] Invoking command in '/root/ros2_ws/build/sciurus17_tools': CMAKE_PREFIX_PATH=${CMAKE_PREFIX_PATH}:/opt/ros/humble /usr/bin/cmake /root/ros2_ws/src/sciurus17_ros/sciurus17_tools -DAMENT_CMAKE_SYMLINK_INSTALL=1 -DCMAKE_INSTALL_PREFIX=/root/ros2_ws/install/sciurus17_tools
[0.187s] -- The C compiler identification is GNU 11.4.0
[0.294s] -- The CXX compiler identification is GNU 11.4.0
[0.308s] -- Detecting C compiler ABI info
[0.435s] -- Detecting C compiler ABI info - done
[0.448s] -- Check for working C compiler: /usr/bin/cc - skipped
[0.449s] -- Detecting C compile features
[0.450s] -- Detecting C compile features - done
[0.456s] -- Detecting CXX compiler ABI info
[0.614s] -- Detecting CXX compiler ABI info - done
[0.632s] -- Check for working CXX compiler: /usr/bin/c++ - skipped
[0.634s] -- Detecting CXX compile features
[0.636s] -- Detecting CXX compile features - done
[0.644s] -- Found ament_cmake: 1.3.11 (/opt/ros/humble/share/ament_cmake/cmake)
[0.988s] -- Found Python3: /usr/bin/python3 (found version "3.10.12") found components: Interpreter 
[1.132s] -- Override CMake install command with custom implementation using symlinks instead of copying resources
[1.359s] -- Configuring done
[1.373s] -- Generating done
[1.376s] -- Build files have been written to: /root/ros2_ws/build/sciurus17_tools
[1.391s] Invoked command in '/root/ros2_ws/build/sciurus17_tools' returned '0': CMAKE_PREFIX_PATH=${CMAKE_PREFIX_PATH}:/opt/ros/humble /usr/bin/cmake /root/ros2_ws/src/sciurus17_ros/sciurus17_tools -DAMENT_CMAKE_SYMLINK_INSTALL=1 -DCMAKE_INSTALL_PREFIX=/root/ros2_ws/install/sciurus17_tools
[1.394s] Invoking command in '/root/ros2_ws/build/sciurus17_tools': CMAKE_PREFIX_PATH=${CMAKE_PREFIX_PATH}:/opt/ros/humble /usr/bin/cmake --build /root/ros2_ws/build/sciurus17_tools -- -j12 -l12
[1.468s] Invoked command in '/root/ros2_ws/build/sciurus17_tools' returned '0': CMAKE_PREFIX_PATH=${CMAKE_PREFIX_PATH}:/opt/ros/humble /usr/bin/cmake --build /root/ros2_ws/build/sciurus17_tools -- -j12 -l12
[1.488s] Invoking command in '/root/ros2_ws/build/sciurus17_tools': CMAKE_PREFIX_PATH=${CMAKE_PREFIX_PATH}:/opt/ros/humble /usr/bin/cmake --install /root/ros2_ws/build/sciurus17_tools
[1.502s] -- Install configuration: ""
[1.503s] -- Execute custom install script
[1.505s] -- Symlinking: /root/ros2_ws/install/sciurus17_tools/lib/sciurus17_tools//scripts/create_udev_rules
[1.531s] -- Symlinking: /root/ros2_ws/install/sciurus17_tools/lib/sciurus17_tools//rules/91-sciurus17.rules
[1.552s] -- Symlinking: /root/ros2_ws/install/sciurus17_tools/share/ament_index/resource_index/package_run_dependencies/sciurus17_tools
[1.633s] -- Symlinking: /root/ros2_ws/install/sciurus17_tools/share/ament_index/resource_index/parent_prefix_path/sciurus17_tools
[1.642s] -- Symlinking: /root/ros2_ws/install/sciurus17_tools/share/sciurus17_tools/environment/ament_prefix_path.sh
[1.672s] -- Symlinking: /root/ros2_ws/install/sciurus17_tools/share/sciurus17_tools/environment/ament_prefix_path.dsv
[1.744s] -- Symlinking: /root/ros2_ws/install/sciurus17_tools/share/sciurus17_tools/environment/path.sh
[1.788s] -- Symlinking: /root/ros2_ws/install/sciurus17_tools/share/sciurus17_tools/environment/path.dsv
[1.884s] -- Symlinking: /root/ros2_ws/install/sciurus17_tools/share/sciurus17_tools/local_setup.bash
[1.911s] -- Symlinking: /root/ros2_ws/install/sciurus17_tools/share/sciurus17_tools/local_setup.sh
[1.988s] -- Symlinking: /root/ros2_ws/install/sciurus17_tools/share/sciurus17_tools/local_setup.zsh
[2.075s] -- Symlinking: /root/ros2_ws/install/sciurus17_tools/share/sciurus17_tools/local_setup.dsv
[2.195s] -- Symlinking: /root/ros2_ws/install/sciurus17_tools/share/sciurus17_tools/package.dsv
[2.286s] -- Symlinking: /root/ros2_ws/install/sciurus17_tools/share/ament_index/resource_index/packages/sciurus17_tools
[2.357s] -- Symlinking: /root/ros2_ws/install/sciurus17_tools/share/sciurus17_tools/cmake/sciurus17_toolsConfig.cmake
[2.438s] -- Symlinking: /root/ros2_ws/install/sciurus17_tools/share/sciurus17_tools/cmake/sciurus17_toolsConfig-version.cmake
[2.515s] -- Symlinking: /root/ros2_ws/install/sciurus17_tools/share/sciurus17_tools/package.xml
[2.598s] Invoked command in '/root/ros2_ws/build/sciurus17_tools' returned '0': CMAKE_PREFIX_PATH=${CMAKE_PREFIX_PATH}:/opt/ros/humble /usr/bin/cmake --install /root/ros2_ws/build/sciurus17_tools
