[0.023s] Invoking command in '/root/ros2_ws/build/dynamixel_sdk_examples': CMAKE_PREFIX_PATH=/root/ros2_ws/install/dynamixel_sdk_custom_interfaces:/root/ros2_ws/install/dynamixel_sdk:/root/ros2_ws/install/sciurus17_vision:/root/ros2_ws/install/sciurus17_tools:/root/ros2_ws/install/sciurus17_moveit_config:/root/ros2_ws/install/sciurus17_gazebo:/root/ros2_ws/install/sciurus17_description:/opt/ros/humble LD_LIBRARY_PATH=/root/ros2_ws/install/dynamixel_sdk_custom_interfaces/lib:/root/ros2_ws/install/dynamixel_sdk/lib:/root/ros2_ws/install/lib:/root/ros2_ws/install/rt_manipulators_cpp/lib:/root/ros2_ws/src/DynamixelSDK/c++/build/win64:/opt/ros/humble/opt/rviz_ogre_vendor/lib:/opt/ros/humble/lib/x86_64-linux-gnu:/opt/ros/humble/lib /usr/bin/cmake /root/ros2_ws/src/DynamixelSDK/dynamixel_sdk_examples -DAMENT_CMAKE_SYMLINK_INSTALL=1 -DCMAKE_INSTALL_PREFIX=/root/ros2_ws/install/dynamixel_sdk_examples
[0.090s] -- The C compiler identification is GNU 11.4.0
[0.157s] -- The CXX compiler identification is GNU 11.4.0
[0.166s] -- Detecting C compiler ABI info
[0.259s] -- Detecting C compiler ABI info - done
[0.268s] -- Check for working C compiler: /usr/bin/cc - skipped
[0.268s] -- Detecting C compile features
[0.268s] -- Detecting C compile features - done
[0.272s] -- Detecting CXX compiler ABI info
[0.391s] -- Detecting CXX compiler ABI info - done
[0.399s] -- Check for working CXX compiler: /usr/bin/c++ - skipped
[0.399s] -- Detecting CXX compile features
[0.400s] -- Detecting CXX compile features - done
[0.407s] -- Found ament_cmake: 1.3.11 (/opt/ros/humble/share/ament_cmake/cmake)
[0.627s] -- Found Python3: /usr/bin/python3 (found version "3.10.12") found components: Interpreter 
[0.712s] -- Override CMake install command with custom implementation using symlinks instead of copying resources
[0.782s] -- Found dynamixel_sdk: 3.7.60 (/root/ros2_ws/install/dynamixel_sdk/share/dynamixel_sdk/cmake)
[0.785s] -- Found dynamixel_sdk_custom_interfaces: 3.7.60 (/root/ros2_ws/install/dynamixel_sdk_custom_interfaces/share/dynamixel_sdk_custom_interfaces/cmake)
[0.873s] -- Found rosidl_generator_c: 3.1.6 (/opt/ros/humble/share/rosidl_generator_c/cmake)
[0.887s] -- Found rosidl_adapter: 3.1.6 (/opt/ros/humble/share/rosidl_adapter/cmake)
[0.902s] -- Found rosidl_generator_cpp: 3.1.6 (/opt/ros/humble/share/rosidl_generator_cpp/cmake)
[0.929s] -- Using all available rosidl_typesupport_c: rosidl_typesupport_fastrtps_c;rosidl_typesupport_introspection_c
[0.958s] -- Using all available rosidl_typesupport_cpp: rosidl_typesupport_fastrtps_cpp;rosidl_typesupport_introspection_cpp
[1.002s] -- Found rclcpp: 16.0.11 (/opt/ros/humble/share/rclcpp/cmake)
[1.082s] -- Found rmw_implementation_cmake: 6.1.2 (/opt/ros/humble/share/rmw_implementation_cmake/cmake)
[1.089s] -- Found rmw_fastrtps_cpp: 6.2.7 (/opt/ros/humble/share/rmw_fastrtps_cpp/cmake)
[1.235s] -- Found OpenSSL: /usr/lib/x86_64-linux-gnu/libcrypto.so (found version "3.0.2")  
[1.285s] -- Found FastRTPS: /opt/ros/humble/include  
[1.373s] -- Using RMW implementation 'rmw_fastrtps_cpp' as default
[1.394s] -- Looking for pthread.h
[1.495s] -- Looking for pthread.h - found
[1.495s] -- Performing Test CMAKE_HAVE_LIBC_PTHREAD
[1.595s] -- Performing Test CMAKE_HAVE_LIBC_PTHREAD - Success
[1.596s] -- Found Threads: TRUE  
[1.678s] -- Found ament_lint_auto: 0.12.11 (/opt/ros/humble/share/ament_lint_auto/cmake)
[1.810s] -- Added test 'copyright' to check source files copyright and LICENSE
[1.813s] -- Added test 'cppcheck' to perform static code analysis on C / C++ code
[1.813s] -- Configured cppcheck include dirs: /root/ros2_ws/src/DynamixelSDK/dynamixel_sdk_examples/include
[1.813s] -- Configured cppcheck exclude dirs and/or files: 
[1.815s] -- Added test 'cpplint' to check C / C++ code against the Google style
[1.815s] -- Configured cpplint exclude dirs and/or files: 
[1.816s] -- Added test 'lint_cmake' to check CMake code style
[1.819s] -- Added test 'uncrustify' to check C / C++ code style
[1.819s] -- Configured uncrustify additional arguments: 
[1.821s] -- Added test 'xmllint' to check XML markup files
[1.825s] -- Configuring done
[1.846s] -- Generating done
[1.851s] -- Build files have been written to: /root/ros2_ws/build/dynamixel_sdk_examples
[1.863s] Invoked command in '/root/ros2_ws/build/dynamixel_sdk_examples' returned '0': CMAKE_PREFIX_PATH=/root/ros2_ws/install/dynamixel_sdk_custom_interfaces:/root/ros2_ws/install/dynamixel_sdk:/root/ros2_ws/install/sciurus17_vision:/root/ros2_ws/install/sciurus17_tools:/root/ros2_ws/install/sciurus17_moveit_config:/root/ros2_ws/install/sciurus17_gazebo:/root/ros2_ws/install/sciurus17_description:/opt/ros/humble LD_LIBRARY_PATH=/root/ros2_ws/install/dynamixel_sdk_custom_interfaces/lib:/root/ros2_ws/install/dynamixel_sdk/lib:/root/ros2_ws/install/lib:/root/ros2_ws/install/rt_manipulators_cpp/lib:/root/ros2_ws/src/DynamixelSDK/c++/build/win64:/opt/ros/humble/opt/rviz_ogre_vendor/lib:/opt/ros/humble/lib/x86_64-linux-gnu:/opt/ros/humble/lib /usr/bin/cmake /root/ros2_ws/src/DynamixelSDK/dynamixel_sdk_examples -DAMENT_CMAKE_SYMLINK_INSTALL=1 -DCMAKE_INSTALL_PREFIX=/root/ros2_ws/install/dynamixel_sdk_examples
[1.866s] Invoking command in '/root/ros2_ws/build/dynamixel_sdk_examples': CMAKE_PREFIX_PATH=/root/ros2_ws/install/dynamixel_sdk_custom_interfaces:/root/ros2_ws/install/dynamixel_sdk:/root/ros2_ws/install/sciurus17_vision:/root/ros2_ws/install/sciurus17_tools:/root/ros2_ws/install/sciurus17_moveit_config:/root/ros2_ws/install/sciurus17_gazebo:/root/ros2_ws/install/sciurus17_description:/opt/ros/humble LD_LIBRARY_PATH=/root/ros2_ws/install/dynamixel_sdk_custom_interfaces/lib:/root/ros2_ws/install/dynamixel_sdk/lib:/root/ros2_ws/install/lib:/root/ros2_ws/install/rt_manipulators_cpp/lib:/root/ros2_ws/src/DynamixelSDK/c++/build/win64:/opt/ros/humble/opt/rviz_ogre_vendor/lib:/opt/ros/humble/lib/x86_64-linux-gnu:/opt/ros/humble/lib /usr/bin/cmake --build /root/ros2_ws/build/dynamixel_sdk_examples -- -j12 -l12
[1.934s] [ 50%] [32mBuilding CXX object CMakeFiles/read_write_node.dir/src/read_write_node.cpp.o[0m
[13.684s] [100%] [32m[1mLinking CXX executable read_write_node[0m
[14.123s] [100%] Built target read_write_node
