[0.036s] Invoking command in '/root/ros2_ws/build/sciurus17_gazebo': CMAKE_PREFIX_PATH=${CMAKE_PREFIX_PATH}:/opt/ros/humble /usr/bin/cmake --build /root/ros2_ws/build/sciurus17_gazebo -- -j12 -l12
[0.186s] Invoked command in '/root/ros2_ws/build/sciurus17_gazebo' returned '0': CMAKE_PREFIX_PATH=${CMAKE_PREFIX_PATH}:/opt/ros/humble /usr/bin/cmake --build /root/ros2_ws/build/sciurus17_gazebo -- -j12 -l12
[0.223s] Invoking command in '/root/ros2_ws/build/sciurus17_gazebo': CMAKE_PREFIX_PATH=${CMAKE_PREFIX_PATH}:/opt/ros/humble /usr/bin/cmake --install /root/ros2_ws/build/sciurus17_gazebo
[0.239s] -- Install configuration: ""
[0.241s] -- Execute custom install script
[0.243s] -- Up-to-date symlink: /root/ros2_ws/install/sciurus17_gazebo/share/sciurus17_gazebo//config/bridge.yaml
[0.245s] -- Up-to-date symlink: /root/ros2_ws/install/sciurus17_gazebo/share/sciurus17_gazebo//launch/sciurus17_with_table.launch.py
[0.248s] -- Up-to-date symlink: /root/ros2_ws/install/sciurus17_gazebo/share/sciurus17_gazebo//worlds/table.sdf
[0.249s] -- Up-to-date symlink: /root/ros2_ws/install/sciurus17_gazebo/share/sciurus17_gazebo//gui/gui.config
[0.250s] -- Up-to-date symlink: /root/ros2_ws/install/sciurus17_gazebo/share/ament_index/resource_index/package_run_dependencies/sciurus17_gazebo
[0.251s] -- Up-to-date symlink: /root/ros2_ws/install/sciurus17_gazebo/share/ament_index/resource_index/parent_prefix_path/sciurus17_gazebo
[0.252s] -- Up-to-date symlink: /root/ros2_ws/install/sciurus17_gazebo/share/sciurus17_gazebo/environment/ament_prefix_path.sh
[0.253s] -- Up-to-date symlink: /root/ros2_ws/install/sciurus17_gazebo/share/sciurus17_gazebo/environment/ament_prefix_path.dsv
[0.253s] -- Up-to-date symlink: /root/ros2_ws/install/sciurus17_gazebo/share/sciurus17_gazebo/environment/path.sh
[0.254s] -- Up-to-date symlink: /root/ros2_ws/install/sciurus17_gazebo/share/sciurus17_gazebo/environment/path.dsv
[0.255s] -- Up-to-date symlink: /root/ros2_ws/install/sciurus17_gazebo/share/sciurus17_gazebo/local_setup.bash
[0.256s] -- Up-to-date symlink: /root/ros2_ws/install/sciurus17_gazebo/share/sciurus17_gazebo/local_setup.sh
[0.257s] -- Up-to-date symlink: /root/ros2_ws/install/sciurus17_gazebo/share/sciurus17_gazebo/local_setup.zsh
[0.258s] -- Up-to-date symlink: /root/ros2_ws/install/sciurus17_gazebo/share/sciurus17_gazebo/local_setup.dsv
[0.258s] -- Symlinking: /root/ros2_ws/install/sciurus17_gazebo/share/sciurus17_gazebo/package.dsv
[0.282s] -- Up-to-date symlink: /root/ros2_ws/install/sciurus17_gazebo/share/ament_index/resource_index/packages/sciurus17_gazebo
[0.283s] -- Up-to-date symlink: /root/ros2_ws/install/sciurus17_gazebo/share/sciurus17_gazebo/cmake/sciurus17_gazeboConfig.cmake
[0.284s] -- Up-to-date symlink: /root/ros2_ws/install/sciurus17_gazebo/share/sciurus17_gazebo/cmake/sciurus17_gazeboConfig-version.cmake
[0.286s] -- Up-to-date symlink: /root/ros2_ws/install/sciurus17_gazebo/share/sciurus17_gazebo/package.xml
[0.292s] Invoked command in '/root/ros2_ws/build/sciurus17_gazebo' returned '0': CMAKE_PREFIX_PATH=${CMAKE_PREFIX_PATH}:/opt/ros/humble /usr/bin/cmake --install /root/ros2_ws/build/sciurus17_gazebo
