-- Found ament_cmake: 1.3.11 (/opt/ros/humble/share/ament_cmake/cmake)
[0m[0m
-- Found dynamixel_sdk: 3.7.60 (/opt/ros/humble/share/dynamixel_sdk/cmake)
-- Configuring done
-- Generating done
-- Build files have been written to: /root/ros2_ws/build/rt_manipulators_cpp
[35m[1mConsolidate compiler generated dependencies of target dynamixel_sdk[0m
[35m[1mConsolidate compiler generated dependencies of target rt_manipulators_cpp[0m
[ 46%] Built target dynamixel_sdk
[100%] Built target rt_manipulators_cpp
-- Install configuration: ""
-- Up-to-date: /root/ros2_ws/install/rt_manipulators_cpp/lib/librt_manipulators_cpp.so.1.1.0
-- Up-to-date: /root/ros2_ws/install/rt_manipulators_cpp/lib/librt_manipulators_cpp.so.1
-- Up-to-date: /root/ros2_ws/install/rt_manipulators_cpp/lib/librt_manipulators_cpp.so
-- Up-to-date: /root/ros2_ws/install/rt_manipulators_cpp/include/rt_manipulators_cpp
-- Up-to-date: /root/ros2_ws/install/rt_manipulators_cpp/include/rt_manipulators_cpp/kinematics.hpp
-- Up-to-date: /root/ros2_ws/install/rt_manipulators_cpp/include/rt_manipulators_cpp/link.hpp
-- Up-to-date: /root/ros2_ws/install/rt_manipulators_cpp/include/rt_manipulators_cpp/hardware_joints.hpp
-- Up-to-date: /root/ros2_ws/install/rt_manipulators_cpp/include/rt_manipulators_cpp/config_file_parser.hpp
-- Up-to-date: /root/ros2_ws/install/rt_manipulators_cpp/include/rt_manipulators_cpp/dynamixel_p.hpp
-- Up-to-date: /root/ros2_ws/install/rt_manipulators_cpp/include/rt_manipulators_cpp/hardware.hpp
-- Up-to-date: /root/ros2_ws/install/rt_manipulators_cpp/include/rt_manipulators_cpp/dynamixel_ph42.hpp
-- Up-to-date: /root/ros2_ws/install/rt_manipulators_cpp/include/rt_manipulators_cpp/dynamixel_xh430.hpp
-- Up-to-date: /root/ros2_ws/install/rt_manipulators_cpp/include/rt_manipulators_cpp/kinematics_utils.hpp
-- Up-to-date: /root/ros2_ws/install/rt_manipulators_cpp/include/rt_manipulators_cpp/dynamixel_base.hpp
-- Up-to-date: /root/ros2_ws/install/rt_manipulators_cpp/include/rt_manipulators_cpp/dynamixel_x.hpp
-- Up-to-date: /root/ros2_ws/install/rt_manipulators_cpp/include/rt_manipulators_cpp/dynamixel_xm430.hpp
-- Up-to-date: /root/ros2_ws/install/rt_manipulators_cpp/include/rt_manipulators_cpp/joint.hpp
-- Up-to-date: /root/ros2_ws/install/rt_manipulators_cpp/include/rt_manipulators_cpp/dynamixel_xm540.hpp
-- Up-to-date: /root/ros2_ws/install/rt_manipulators_cpp/include/rt_manipulators_cpp/hardware_communicator.hpp
-- Up-to-date: /root/ros2_ws/install/rt_manipulators_cpp/include/rt_manipulators_cpp/dynamixel_xh540.hpp
