[0.078s] Invoking command in '/root/ros2_ws/build/rt_manipulators_cpp': /usr/bin/cmake /root/ros2_ws/src/rt_manipulators_cpp/rt_manipulators_lib -DCATKIN_INSTALL_INTO_PREFIX_ROOT=0 -DCMAKE_INSTALL_PREFIX=/root/ros2_ws/install/rt_manipulators_cpp
[0.128s] -- Found ament_cmake: 1.3.11 (/opt/ros/humble/share/ament_cmake/cmake)
[0.359s] [0m[0m
[0.360s] -- Found dynamixel_sdk: 3.7.60 (/opt/ros/humble/share/dynamixel_sdk/cmake)
[0.364s] -- Configuring done
[0.394s] -- Generating done
[0.399s] -- Build files have been written to: /root/ros2_ws/build/rt_manipulators_cpp
[0.406s] Invoked command in '/root/ros2_ws/build/rt_manipulators_cpp' returned '0': /usr/bin/cmake /root/ros2_ws/src/rt_manipulators_cpp/rt_manipulators_lib -DCATKIN_INSTALL_INTO_PREFIX_ROOT=0 -DCMAKE_INSTALL_PREFIX=/root/ros2_ws/install/rt_manipulators_cpp
[0.410s] Invoking command in '/root/ros2_ws/build/rt_manipulators_cpp': /usr/bin/cmake --build /root/ros2_ws/build/rt_manipulators_cpp -- -j12 -l12
[0.474s] [35m[1mConsolidate compiler generated dependencies of target dynamixel_sdk[0m
[0.478s] [35m[1mConsolidate compiler generated dependencies of target rt_manipulators_cpp[0m
[0.519s] [ 46%] Built target dynamixel_sdk
[0.534s] [100%] Built target rt_manipulators_cpp
[0.561s] Invoked command in '/root/ros2_ws/build/rt_manipulators_cpp' returned '0': /usr/bin/cmake --build /root/ros2_ws/build/rt_manipulators_cpp -- -j12 -l12
[0.565s] Invoking command in '/root/ros2_ws/build/rt_manipulators_cpp': /usr/bin/cmake --install /root/ros2_ws/build/rt_manipulators_cpp
[0.586s] -- Install configuration: ""
[0.587s] -- Up-to-date: /root/ros2_ws/install/rt_manipulators_cpp/lib/librt_manipulators_cpp.so.1.1.0
[0.588s] -- Up-to-date: /root/ros2_ws/install/rt_manipulators_cpp/lib/librt_manipulators_cpp.so.1
[0.588s] -- Up-to-date: /root/ros2_ws/install/rt_manipulators_cpp/lib/librt_manipulators_cpp.so
[0.589s] -- Up-to-date: /root/ros2_ws/install/rt_manipulators_cpp/include/rt_manipulators_cpp
[0.589s] -- Up-to-date: /root/ros2_ws/install/rt_manipulators_cpp/include/rt_manipulators_cpp/kinematics.hpp
[0.589s] -- Up-to-date: /root/ros2_ws/install/rt_manipulators_cpp/include/rt_manipulators_cpp/link.hpp
[0.591s] -- Up-to-date: /root/ros2_ws/install/rt_manipulators_cpp/include/rt_manipulators_cpp/hardware_joints.hpp
[0.592s] -- Up-to-date: /root/ros2_ws/install/rt_manipulators_cpp/include/rt_manipulators_cpp/config_file_parser.hpp
[0.592s] -- Up-to-date: /root/ros2_ws/install/rt_manipulators_cpp/include/rt_manipulators_cpp/dynamixel_p.hpp
[0.592s] -- Up-to-date: /root/ros2_ws/install/rt_manipulators_cpp/include/rt_manipulators_cpp/hardware.hpp
[0.593s] -- Up-to-date: /root/ros2_ws/install/rt_manipulators_cpp/include/rt_manipulators_cpp/dynamixel_ph42.hpp
[0.594s] -- Up-to-date: /root/ros2_ws/install/rt_manipulators_cpp/include/rt_manipulators_cpp/dynamixel_xh430.hpp
[0.594s] -- Up-to-date: /root/ros2_ws/install/rt_manipulators_cpp/include/rt_manipulators_cpp/kinematics_utils.hpp
[0.595s] -- Up-to-date: /root/ros2_ws/install/rt_manipulators_cpp/include/rt_manipulators_cpp/dynamixel_base.hpp
[0.595s] -- Up-to-date: /root/ros2_ws/install/rt_manipulators_cpp/include/rt_manipulators_cpp/dynamixel_x.hpp
[0.595s] -- Up-to-date: /root/ros2_ws/install/rt_manipulators_cpp/include/rt_manipulators_cpp/dynamixel_xm430.hpp
[0.596s] -- Up-to-date: /root/ros2_ws/install/rt_manipulators_cpp/include/rt_manipulators_cpp/joint.hpp
[0.596s] -- Up-to-date: /root/ros2_ws/install/rt_manipulators_cpp/include/rt_manipulators_cpp/dynamixel_xm540.hpp
[0.597s] -- Up-to-date: /root/ros2_ws/install/rt_manipulators_cpp/include/rt_manipulators_cpp/hardware_communicator.hpp
[0.598s] -- Up-to-date: /root/ros2_ws/install/rt_manipulators_cpp/include/rt_manipulators_cpp/dynamixel_xh540.hpp
[0.602s] Invoked command in '/root/ros2_ws/build/rt_manipulators_cpp' returned '0': /usr/bin/cmake --install /root/ros2_ws/build/rt_manipulators_cpp
