[0.021s] Invoking command in '/root/ros2_ws/build/sciurus17_moveit_config': CMAKE_PREFIX_PATH=/root/ros2_ws/install/sciurus17_description:/root/ros2_ws/install/dynamixel_sdk:/root/ros2_ws/install/sciurus17:/root/ros2_ws/install/sciurus17_examples:/root/ros2_ws/install/sciurus17_control:/root/ros2_ws/install/dynamixel_sdk_examples:/root/ros2_ws/install/sciurus17_vision:/root/ros2_ws/install/sciurus17_tools:/root/ros2_ws/install/sciurus17_moveit_config:/root/ros2_ws/install/sciurus17_gazebo:/root/ros2_ws/install/dynamixel_sdk_custom_interfaces:/root/ros2_ws/install/dynamixel_sdk:/opt/ros/humble /usr/bin/cmake /root/ros2_ws/src/sciurus17_ros/sciurus17_moveit_config -DCMAKE_INSTALL_PREFIX=/root/ros2_ws/install/sciurus17_moveit_config
[0.037s] -- Found ament_cmake: 1.3.11 (/opt/ros/humble/share/ament_cmake/cmake)
[0.192s] -- Override CMake install command with custom implementation using symlinks instead of copying resources
[0.282s] -- Configuring done
[0.288s] -- Generating done
[0.291s] -- Build files have been written to: /root/ros2_ws/build/sciurus17_moveit_config
[0.297s] Invoked command in '/root/ros2_ws/build/sciurus17_moveit_config' returned '0': CMAKE_PREFIX_PATH=/root/ros2_ws/install/sciurus17_description:/root/ros2_ws/install/dynamixel_sdk:/root/ros2_ws/install/sciurus17:/root/ros2_ws/install/sciurus17_examples:/root/ros2_ws/install/sciurus17_control:/root/ros2_ws/install/dynamixel_sdk_examples:/root/ros2_ws/install/sciurus17_vision:/root/ros2_ws/install/sciurus17_tools:/root/ros2_ws/install/sciurus17_moveit_config:/root/ros2_ws/install/sciurus17_gazebo:/root/ros2_ws/install/dynamixel_sdk_custom_interfaces:/root/ros2_ws/install/dynamixel_sdk:/opt/ros/humble /usr/bin/cmake /root/ros2_ws/src/sciurus17_ros/sciurus17_moveit_config -DCMAKE_INSTALL_PREFIX=/root/ros2_ws/install/sciurus17_moveit_config
[0.299s] Invoking command in '/root/ros2_ws/build/sciurus17_moveit_config': CMAKE_PREFIX_PATH=/root/ros2_ws/install/sciurus17_description:/root/ros2_ws/install/dynamixel_sdk:/root/ros2_ws/install/sciurus17:/root/ros2_ws/install/sciurus17_examples:/root/ros2_ws/install/sciurus17_control:/root/ros2_ws/install/dynamixel_sdk_examples:/root/ros2_ws/install/sciurus17_vision:/root/ros2_ws/install/sciurus17_tools:/root/ros2_ws/install/sciurus17_moveit_config:/root/ros2_ws/install/sciurus17_gazebo:/root/ros2_ws/install/dynamixel_sdk_custom_interfaces:/root/ros2_ws/install/dynamixel_sdk:/opt/ros/humble /usr/bin/cmake --build /root/ros2_ws/build/sciurus17_moveit_config -- -j12 -l12
[0.341s] Invoked command in '/root/ros2_ws/build/sciurus17_moveit_config' returned '0': CMAKE_PREFIX_PATH=/root/ros2_ws/install/sciurus17_description:/root/ros2_ws/install/dynamixel_sdk:/root/ros2_ws/install/sciurus17:/root/ros2_ws/install/sciurus17_examples:/root/ros2_ws/install/sciurus17_control:/root/ros2_ws/install/dynamixel_sdk_examples:/root/ros2_ws/install/sciurus17_vision:/root/ros2_ws/install/sciurus17_tools:/root/ros2_ws/install/sciurus17_moveit_config:/root/ros2_ws/install/sciurus17_gazebo:/root/ros2_ws/install/dynamixel_sdk_custom_interfaces:/root/ros2_ws/install/dynamixel_sdk:/opt/ros/humble /usr/bin/cmake --build /root/ros2_ws/build/sciurus17_moveit_config -- -j12 -l12
[0.344s] Invoking command in '/root/ros2_ws/build/sciurus17_moveit_config': CMAKE_PREFIX_PATH=/root/ros2_ws/install/sciurus17_description:/root/ros2_ws/install/dynamixel_sdk:/root/ros2_ws/install/sciurus17:/root/ros2_ws/install/sciurus17_examples:/root/ros2_ws/install/sciurus17_control:/root/ros2_ws/install/dynamixel_sdk_examples:/root/ros2_ws/install/sciurus17_vision:/root/ros2_ws/install/sciurus17_tools:/root/ros2_ws/install/sciurus17_moveit_config:/root/ros2_ws/install/sciurus17_gazebo:/root/ros2_ws/install/dynamixel_sdk_custom_interfaces:/root/ros2_ws/install/dynamixel_sdk:/opt/ros/humble /usr/bin/cmake --install /root/ros2_ws/build/sciurus17_moveit_config
[0.354s] -- Install configuration: ""
[0.354s] -- Execute custom install script
[0.354s] -- Up-to-date symlink: /root/ros2_ws/install/sciurus17_moveit_config/share/ament_index/resource_index/package_run_dependencies/sciurus17_moveit_config
[0.355s] -- Up-to-date symlink: /root/ros2_ws/install/sciurus17_moveit_config/share/ament_index/resource_index/parent_prefix_path/sciurus17_moveit_config
[0.355s] -- Up-to-date symlink: /root/ros2_ws/install/sciurus17_moveit_config/share/sciurus17_moveit_config/environment/ament_prefix_path.sh
[0.356s] -- Up-to-date symlink: /root/ros2_ws/install/sciurus17_moveit_config/share/sciurus17_moveit_config/environment/ament_prefix_path.dsv
[0.356s] -- Up-to-date symlink: /root/ros2_ws/install/sciurus17_moveit_config/share/sciurus17_moveit_config/environment/path.sh
[0.357s] -- Up-to-date symlink: /root/ros2_ws/install/sciurus17_moveit_config/share/sciurus17_moveit_config/environment/path.dsv
[0.357s] -- Up-to-date symlink: /root/ros2_ws/install/sciurus17_moveit_config/share/sciurus17_moveit_config/local_setup.bash
[0.358s] -- Up-to-date symlink: /root/ros2_ws/install/sciurus17_moveit_config/share/sciurus17_moveit_config/local_setup.sh
[0.358s] -- Up-to-date symlink: /root/ros2_ws/install/sciurus17_moveit_config/share/sciurus17_moveit_config/local_setup.zsh
[0.358s] -- Up-to-date symlink: /root/ros2_ws/install/sciurus17_moveit_config/share/sciurus17_moveit_config/local_setup.dsv
[0.359s] -- Symlinking: /root/ros2_ws/install/sciurus17_moveit_config/share/sciurus17_moveit_config/package.dsv
[0.370s] -- Up-to-date symlink: /root/ros2_ws/install/sciurus17_moveit_config/share/ament_index/resource_index/packages/sciurus17_moveit_config
[0.371s] -- Up-to-date symlink: /root/ros2_ws/install/sciurus17_moveit_config/share/sciurus17_moveit_config/cmake/sciurus17_moveit_configConfig.cmake
[0.371s] -- Up-to-date symlink: /root/ros2_ws/install/sciurus17_moveit_config/share/sciurus17_moveit_config/cmake/sciurus17_moveit_configConfig-version.cmake
[0.372s] -- Up-to-date symlink: /root/ros2_ws/install/sciurus17_moveit_config/share/sciurus17_moveit_config/package.xml
[0.372s] -- Up-to-date symlink: /root/ros2_ws/install/sciurus17_moveit_config/share/sciurus17_moveit_config/launch/run_move_group.launch.py
[0.373s] -- Up-to-date symlink: /root/ros2_ws/install/sciurus17_moveit_config/share/sciurus17_moveit_config/launch/setup_assistant.launch.py
[0.373s] -- Up-to-date symlink: /root/ros2_ws/install/sciurus17_moveit_config/share/sciurus17_moveit_config/config/joint_limits.yaml
[0.373s] -- Up-to-date symlink: /root/ros2_ws/install/sciurus17_moveit_config/share/sciurus17_moveit_config/config/kinematics.yaml
[0.374s] -- Up-to-date symlink: /root/ros2_ws/install/sciurus17_moveit_config/share/sciurus17_moveit_config/config/moveit.rviz
[0.374s] -- Up-to-date symlink: /root/ros2_ws/install/sciurus17_moveit_config/share/sciurus17_moveit_config/config/moveit_controllers.yaml
[0.375s] -- Up-to-date symlink: /root/ros2_ws/install/sciurus17_moveit_config/share/sciurus17_moveit_config/config/pilz_cartesian_limits.yaml
[0.375s] -- Up-to-date symlink: /root/ros2_ws/install/sciurus17_moveit_config/share/sciurus17_moveit_config/config/sciurus17.srdf
[0.375s] -- Up-to-date symlink: /root/ros2_ws/install/sciurus17_moveit_config/share/sciurus17_moveit_config/.setup_assistant
[0.379s] Invoked command in '/root/ros2_ws/build/sciurus17_moveit_config' returned '0': CMAKE_PREFIX_PATH=/root/ros2_ws/install/sciurus17_description:/root/ros2_ws/install/dynamixel_sdk:/root/ros2_ws/install/sciurus17:/root/ros2_ws/install/sciurus17_examples:/root/ros2_ws/install/sciurus17_control:/root/ros2_ws/install/dynamixel_sdk_examples:/root/ros2_ws/install/sciurus17_vision:/root/ros2_ws/install/sciurus17_tools:/root/ros2_ws/install/sciurus17_moveit_config:/root/ros2_ws/install/sciurus17_gazebo:/root/ros2_ws/install/dynamixel_sdk_custom_interfaces:/root/ros2_ws/install/dynamixel_sdk:/opt/ros/humble /usr/bin/cmake --install /root/ros2_ws/build/sciurus17_moveit_config
