[0mx7_forward_kinematics[0m
[0ms17_forward_kinematics[0m
[0mx7_inverse_kinematics[0m
[0ms17_inverse_kinematics[0m
[33mCMake Warning at CMakeLists.txt:43 (add_executable):
  Cannot generate a safe runtime search path for target x7_forward_kinematics
  because there is a cycle in the constraint graph:

    dir 0 is [/opt/ros/humble/lib]
      dir 1 must precede it due to runtime library [libdynamixel_sdk.so]
    dir 1 is [/root/ros2_ws/install/dynamixel_sdk/lib]
      dir 0 must precede it due to runtime library [libdynamixel_sdk.so]

  Some of these libraries may not be found correctly.

[0m
[33mCMake Warning at CMakeLists.txt:43 (add_executable):
  Cannot generate a safe runtime search path for target
  s17_forward_kinematics because there is a cycle in the constraint graph:

    dir 0 is [/opt/ros/humble/lib]
      dir 1 must precede it due to runtime library [libdynamixel_sdk.so]
    dir 1 is [/root/ros2_ws/install/dynamixel_sdk/lib]
      dir 0 must precede it due to runtime library [libdynamixel_sdk.so]

  Some of these libraries may not be found correctly.

[0m
[33mCMake Warning at CMakeLists.txt:43 (add_executable):
  Cannot generate a safe runtime search path for target x7_inverse_kinematics
  because there is a cycle in the constraint graph:

    dir 0 is [/opt/ros/humble/lib]
      dir 1 must precede it due to runtime library [libdynamixel_sdk.so]
    dir 1 is [/root/ros2_ws/install/dynamixel_sdk/lib]
      dir 0 must precede it due to runtime library [libdynamixel_sdk.so]

  Some of these libraries may not be found correctly.

[0m
[33mCMake Warning at CMakeLists.txt:43 (add_executable):
  Cannot generate a safe runtime search path for target
  s17_inverse_kinematics because there is a cycle in the constraint graph:

    dir 0 is [/opt/ros/humble/lib]
      dir 1 must precede it due to runtime library [libdynamixel_sdk.so]
    dir 1 is [/root/ros2_ws/install/dynamixel_sdk/lib]
      dir 0 must precede it due to runtime library [libdynamixel_sdk.so]

  Some of these libraries may not be found correctly.

[0m
