-- Found rt_manipulators_cpp: 1.0.0 (/opt/ros/humble/share/rt_manipulators_cpp/cmake)
[0mx7_forward_kinematics[0m
[0ms17_forward_kinematics[0m
[0mx7_inverse_kinematics[0m
[0ms17_inverse_kinematics[0m
-- Configuring done
[33mCMake Warning at CMakeLists.txt:43 (add_executable):
  Cannot generate a safe runtime search path for target x7_forward_kinematics
  because there is a cycle in the constraint graph:

    dir 0 is [/opt/ros/humble/lib]
      dir 1 must precede it due to runtime library [libdynamixel_sdk.so]
    dir 1 is [/root/ros2_ws/install/dynamixel_sdk/lib]
      dir 0 must precede it due to runtime library [libdynamixel_sdk.so]

  Some of these libraries may not be found correctly.

[0m
[33mCMake Warning at CMakeLists.txt:43 (add_executable):
  Cannot generate a safe runtime search path for target
  s17_forward_kinematics because there is a cycle in the constraint graph:

    dir 0 is [/opt/ros/humble/lib]
      dir 1 must precede it due to runtime library [libdynamixel_sdk.so]
    dir 1 is [/root/ros2_ws/install/dynamixel_sdk/lib]
      dir 0 must precede it due to runtime library [libdynamixel_sdk.so]

  Some of these libraries may not be found correctly.

[0m
[33mCMake Warning at CMakeLists.txt:43 (add_executable):
  Cannot generate a safe runtime search path for target x7_inverse_kinematics
  because there is a cycle in the constraint graph:

    dir 0 is [/opt/ros/humble/lib]
      dir 1 must precede it due to runtime library [libdynamixel_sdk.so]
    dir 1 is [/root/ros2_ws/install/dynamixel_sdk/lib]
      dir 0 must precede it due to runtime library [libdynamixel_sdk.so]

  Some of these libraries may not be found correctly.

[0m
[33mCMake Warning at CMakeLists.txt:43 (add_executable):
  Cannot generate a safe runtime search path for target
  s17_inverse_kinematics because there is a cycle in the constraint graph:

    dir 0 is [/opt/ros/humble/lib]
      dir 1 must precede it due to runtime library [libdynamixel_sdk.so]
    dir 1 is [/root/ros2_ws/install/dynamixel_sdk/lib]
      dir 0 must precede it due to runtime library [libdynamixel_sdk.so]

  Some of these libraries may not be found correctly.

[0m
-- Generating done
-- Build files have been written to: /root/ros2_ws/build/samples02
[35m[1mConsolidate compiler generated dependencies of target x7_inverse_kinematics[0m
[35m[1mConsolidate compiler generated dependencies of target s17_forward_kinematics[0m
[35m[1mConsolidate compiler generated dependencies of target s17_inverse_kinematics[0m
[35m[1mConsolidate compiler generated dependencies of target x7_forward_kinematics[0m
[ 37%] [32mBuilding CXX object CMakeFiles/s17_inverse_kinematics.dir/src/s17_inverse_kinematics.cpp.o[0m
[ 37%] [32mBuilding CXX object CMakeFiles/x7_inverse_kinematics.dir/src/x7_inverse_kinematics.cpp.o[0m
[ 37%] [32mBuilding CXX object CMakeFiles/x7_forward_kinematics.dir/src/x7_forward_kinematics.cpp.o[0m
[ 50%] [32mBuilding CXX object CMakeFiles/s17_forward_kinematics.dir/src/s17_forward_kinematics.cpp.o[0m
[ 62%] [32m[1mLinking CXX executable /root/ros2_ws/src/rt_manipulators_cpp/samples/samples02/bin/s17_forward_kinematics[0m
[ 75%] [32m[1mLinking CXX executable /root/ros2_ws/src/rt_manipulators_cpp/samples/samples02/bin/x7_forward_kinematics[0m
[ 87%] [32m[1mLinking CXX executable /root/ros2_ws/src/rt_manipulators_cpp/samples/samples02/bin/x7_inverse_kinematics[0m
[ 87%] Built target x7_forward_kinematics
[ 87%] Built target s17_forward_kinematics
[ 87%] Built target x7_inverse_kinematics
[100%] [32m[1mLinking CXX executable /root/ros2_ws/src/rt_manipulators_cpp/samples/samples02/bin/s17_inverse_kinematics[0m
[100%] Built target s17_inverse_kinematics
