[0.020s] Invoking command in '/root/ros2_ws/build/samples02': CMAKE_PREFIX_PATH=/root/ros2_ws/install/dynamixel_sdk:/root/ros2_ws/install/sciurus17:/root/ros2_ws/install/sciurus17_examples:/root/ros2_ws/install/sciurus17_control:/root/ros2_ws/install/dynamixel_sdk_examples:/root/ros2_ws/install/sciurus17_vision:/root/ros2_ws/install/sciurus17_tools:/root/ros2_ws/install/sciurus17_moveit_config:/root/ros2_ws/install/sciurus17_gazebo:/root/ros2_ws/install/sciurus17_description:/root/ros2_ws/install/dynamixel_sdk_custom_interfaces LD_LIBRARY_PATH=/root/ros2_ws/install/rt_manipulators_cpp/lib:/root/ros2_ws/install/dynamixel_sdk/lib:/root/ros2_ws/install/sciurus17_examples/lib:/root/ros2_ws/install/sciurus17_control/lib:/root/ros2_ws/install/lib:/root/ros2_ws/install/dynamixel_sdk_custom_interfaces/lib:/root/ros2_ws/src/DynamixelSDK/c++/build/win64:/opt/ros/humble/opt/rviz_ogre_vendor/lib:/opt/ros/humble/lib/x86_64-linux-gnu:/opt/ros/humble/lib /usr/bin/cmake --build /root/ros2_ws/build/samples02 -- -j12 -l12
[0.049s] -- Found rt_manipulators_cpp: 1.0.0 (/opt/ros/humble/share/rt_manipulators_cpp/cmake)
[0.182s] [0mx7_forward_kinematics[0m
[0.182s] [0ms17_forward_kinematics[0m
[0.183s] [0mx7_inverse_kinematics[0m
[0.183s] [0ms17_inverse_kinematics[0m
[0.183s] -- Configuring done
[0.189s] [33mCMake Warning at CMakeLists.txt:43 (add_executable):
[0.189s]   Cannot generate a safe runtime search path for target x7_forward_kinematics
[0.189s]   because there is a cycle in the constraint graph:
[0.189s] 
[0.189s]     dir 0 is [/opt/ros/humble/lib]
[0.189s]       dir 1 must precede it due to runtime library [libdynamixel_sdk.so]
[0.190s]     dir 1 is [/root/ros2_ws/install/dynamixel_sdk/lib]
[0.190s]       dir 0 must precede it due to runtime library [libdynamixel_sdk.so]
[0.190s] 
[0.190s]   Some of these libraries may not be found correctly.
[0.190s] 
[0.190s] [0m
[0.191s] [33mCMake Warning at CMakeLists.txt:43 (add_executable):
[0.191s]   Cannot generate a safe runtime search path for target
[0.191s]   s17_forward_kinematics because there is a cycle in the constraint graph:
[0.191s] 
[0.192s]     dir 0 is [/opt/ros/humble/lib]
[0.192s]       dir 1 must precede it due to runtime library [libdynamixel_sdk.so]
[0.192s]     dir 1 is [/root/ros2_ws/install/dynamixel_sdk/lib]
[0.192s]       dir 0 must precede it due to runtime library [libdynamixel_sdk.so]
[0.192s] 
[0.192s]   Some of these libraries may not be found correctly.
[0.192s] 
[0.192s] [0m
[0.193s] [33mCMake Warning at CMakeLists.txt:43 (add_executable):
[0.193s]   Cannot generate a safe runtime search path for target x7_inverse_kinematics
[0.193s]   because there is a cycle in the constraint graph:
[0.194s] 
[0.194s]     dir 0 is [/opt/ros/humble/lib]
[0.194s]       dir 1 must precede it due to runtime library [libdynamixel_sdk.so]
[0.194s]     dir 1 is [/root/ros2_ws/install/dynamixel_sdk/lib]
[0.194s]       dir 0 must precede it due to runtime library [libdynamixel_sdk.so]
[0.194s] 
[0.194s]   Some of these libraries may not be found correctly.
[0.195s] 
[0.195s] [0m
[0.197s] [33mCMake Warning at CMakeLists.txt:43 (add_executable):
[0.197s]   Cannot generate a safe runtime search path for target
[0.198s]   s17_inverse_kinematics because there is a cycle in the constraint graph:
[0.198s] 
[0.198s]     dir 0 is [/opt/ros/humble/lib]
[0.198s]       dir 1 must precede it due to runtime library [libdynamixel_sdk.so]
[0.198s]     dir 1 is [/root/ros2_ws/install/dynamixel_sdk/lib]
[0.198s]       dir 0 must precede it due to runtime library [libdynamixel_sdk.so]
[0.198s] 
[0.198s]   Some of these libraries may not be found correctly.
[0.199s] 
[0.199s] [0m
[0.200s] -- Generating done
[0.207s] -- Build files have been written to: /root/ros2_ws/build/samples02
[0.233s] [35m[1mConsolidate compiler generated dependencies of target x7_inverse_kinematics[0m
[0.233s] [35m[1mConsolidate compiler generated dependencies of target s17_forward_kinematics[0m
[0.233s] [35m[1mConsolidate compiler generated dependencies of target s17_inverse_kinematics[0m
[0.233s] [35m[1mConsolidate compiler generated dependencies of target x7_forward_kinematics[0m
[0.256s] [ 37%] [32mBuilding CXX object CMakeFiles/s17_inverse_kinematics.dir/src/s17_inverse_kinematics.cpp.o[0m
[0.256s] [ 37%] [32mBuilding CXX object CMakeFiles/x7_inverse_kinematics.dir/src/x7_inverse_kinematics.cpp.o[0m
[0.256s] [ 37%] [32mBuilding CXX object CMakeFiles/x7_forward_kinematics.dir/src/x7_forward_kinematics.cpp.o[0m
[0.256s] [ 50%] [32mBuilding CXX object CMakeFiles/s17_forward_kinematics.dir/src/s17_forward_kinematics.cpp.o[0m
[2.027s] [ 62%] [32m[1mLinking CXX executable /root/ros2_ws/src/rt_manipulators_cpp/samples/samples02/bin/s17_forward_kinematics[0m
[2.030s] [ 75%] [32m[1mLinking CXX executable /root/ros2_ws/src/rt_manipulators_cpp/samples/samples02/bin/x7_forward_kinematics[0m
[2.119s] [ 87%] [32m[1mLinking CXX executable /root/ros2_ws/src/rt_manipulators_cpp/samples/samples02/bin/x7_inverse_kinematics[0m
[2.139s] [ 87%] Built target x7_forward_kinematics
[2.144s] [ 87%] Built target s17_forward_kinematics
[2.206s] [ 87%] Built target x7_inverse_kinematics
[2.443s] [100%] [32m[1mLinking CXX executable /root/ros2_ws/src/rt_manipulators_cpp/samples/samples02/bin/s17_inverse_kinematics[0m
[2.545s] [100%] Built target s17_inverse_kinematics
[2.559s] Invoked command in '/root/ros2_ws/build/samples02' returned '0': CMAKE_PREFIX_PATH=/root/ros2_ws/install/dynamixel_sdk:/root/ros2_ws/install/sciurus17:/root/ros2_ws/install/sciurus17_examples:/root/ros2_ws/install/sciurus17_control:/root/ros2_ws/install/dynamixel_sdk_examples:/root/ros2_ws/install/sciurus17_vision:/root/ros2_ws/install/sciurus17_tools:/root/ros2_ws/install/sciurus17_moveit_config:/root/ros2_ws/install/sciurus17_gazebo:/root/ros2_ws/install/sciurus17_description:/root/ros2_ws/install/dynamixel_sdk_custom_interfaces LD_LIBRARY_PATH=/root/ros2_ws/install/rt_manipulators_cpp/lib:/root/ros2_ws/install/dynamixel_sdk/lib:/root/ros2_ws/install/sciurus17_examples/lib:/root/ros2_ws/install/sciurus17_control/lib:/root/ros2_ws/install/lib:/root/ros2_ws/install/dynamixel_sdk_custom_interfaces/lib:/root/ros2_ws/src/DynamixelSDK/c++/build/win64:/opt/ros/humble/opt/rviz_ogre_vendor/lib:/opt/ros/humble/lib/x86_64-linux-gnu:/opt/ros/humble/lib /usr/bin/cmake --build /root/ros2_ws/build/samples02 -- -j12 -l12
