-- The C compiler identification is GNU 11.4.0
-- The CXX compiler identification is GNU 11.4.0
-- Detecting C compiler ABI info
-- Detecting C compiler ABI info - done
-- Check for working C compiler: /usr/bin/cc - skipped
-- Detecting C compile features
-- Detecting C compile features - done
-- Detecting CXX compiler ABI info
-- Detecting CXX compiler ABI info - done
-- Check for working CXX compiler: /usr/bin/c++ - skipped
-- Detecting CXX compile features
-- Detecting CXX compile features - done
-- Found ament_cmake: 1.3.11 (/opt/ros/humble/share/ament_cmake/cmake)
-- Found Python3: /usr/bin/python3 (found version "3.10.12") found components: Interpreter 
-- Override CMake install command with custom implementation using symlinks instead of copying resources
-- Found angles: 1.15.0 (/opt/ros/humble/share/angles/cmake)
-- Found cv_bridge: 3.2.1 (/opt/ros/humble/share/cv_bridge/cmake)
-- Found rosidl_generator_c: 3.1.6 (/opt/ros/humble/share/rosidl_generator_c/cmake)
-- Found rosidl_adapter: 3.1.6 (/opt/ros/humble/share/rosidl_adapter/cmake)
-- Found rosidl_generator_cpp: 3.1.6 (/opt/ros/humble/share/rosidl_generator_cpp/cmake)
-- Using all available rosidl_typesupport_c: rosidl_typesupport_fastrtps_c;rosidl_typesupport_introspection_c
-- Using all available rosidl_typesupport_cpp: rosidl_typesupport_fastrtps_cpp;rosidl_typesupport_introspection_cpp
-- Found control_msgs: 4.7.0 (/opt/ros/humble/share/control_msgs/cmake)
-- Found image_geometry: 3.2.1 (/opt/ros/humble/share/image_geometry/cmake)
-- Found moveit_ros_planning_interface: 2.5.7 (/opt/ros/humble/share/moveit_ros_planning_interface/cmake)
-- Found Boost: /usr/lib/x86_64-linux-gnu/cmake/Boost-1.74.0/BoostConfig.cmake (found version "1.74.0") found components: date_time filesystem program_options system thread 
-- Found Boost: /usr/lib/x86_64-linux-gnu/cmake/Boost-1.74.0/BoostConfig.cmake (found version "1.74.0") found components: chrono date_time filesystem iostreams program_options regex serialization system thread 
-- Found parameter_traits: 0.4.0 (/opt/ros/humble/share/parameter_traits/cmake)
-- Found rmw_implementation_cmake: 6.1.2 (/opt/ros/humble/share/rmw_implementation_cmake/cmake)
-- Found rmw_fastrtps_cpp: 6.2.7 (/opt/ros/humble/share/rmw_fastrtps_cpp/cmake)
-- Found OpenSSL: /usr/lib/x86_64-linux-gnu/libcrypto.so (found version "3.0.2")  
-- Found FastRTPS: /opt/ros/humble/include  
-- Using RMW implementation 'rmw_fastrtps_cpp' as default
-- Found Threads: TRUE  
-- Found Eigen3: TRUE (found version "3.4.0") 
-- Found rclcpp_lifecycle: 16.0.11 (/opt/ros/humble/share/rclcpp_lifecycle/cmake)
-- Found Boost: /usr/lib/x86_64-linux-gnu/cmake/Boost-1.74.0/BoostConfig.cmake (found version "1.74.0") found components: filesystem 
-- library: /usr/lib/x86_64-linux-gnu/libcurl.so
-- Ensuring Eigen3 include directory is part of orocos-kdl CMake target
-- Found Boost: /usr/lib/x86_64-linux-gnu/cmake/Boost-1.74.0/BoostConfig.cmake (found version "1.74.0") found components: system filesystem date_time program_options thread chrono 
-- Found Boost: /usr/lib/x86_64-linux-gnu/cmake/Boost-1.74.0/BoostConfig.cmake (found version "1.74.0") found components: thread system filesystem regex date_time program_options 
-- Found Boost: /usr/lib/x86_64-linux-gnu/cmake/Boost-1.74.0/BoostConfig.cmake (found version "1.74.0") found components: system filesystem date_time program_options thread 
-- Found OpenCV: /usr (found version "4.5.4") found components: core 
-- Found pcl_conversions: 2.4.5 (/opt/ros/humble/share/pcl_conversions/cmake)
-- Checking for module 'eigen3'
--   Found eigen3, version 3.4.0
-- Found Eigen: /usr/include/eigen3 (Required is at least version "3.1") 
-- Eigen found (include: /usr/include/eigen3, version: 3.4.0)
-- Checking for module 'flann'
--   Found flann, version 1.9.1
-- Found FLANN: /usr/lib/x86_64-linux-gnu/libflann_cpp.so  
-- FLANN found (include: /usr/include, lib: /usr/lib/x86_64-linux-gnu/libflann_cpp.so)
-- Checking for module 'libusb-1.0'
--   Found libusb-1.0, version 1.0.25
-- Found libusb: /usr/lib/x86_64-linux-gnu/libusb-1.0.so  
-- OpenNI found (version: 1.5.4.0, include: /usr/include/ni, lib: /usr/lib/libOpenNI.so;libusb::libusb)
-- OpenNI2 found (version: 2.2.0.33, include: /usr/include/openni2, lib: /usr/lib/x86_64-linux-gnu/libOpenNI2.so;libusb::libusb)
-- Eigen found (include: /usr/include/eigen3, version: 3.4.0)
-- OpenNI found (version: 1.5.4.0, include: /usr/include/ni, lib: /usr/lib/libOpenNI.so;libusb::libusb)
-- OpenNI2 found (version: 2.2.0.33, include: /usr/include/openni2, lib: /usr/lib/x86_64-linux-gnu/libOpenNI2.so;libusb::libusb)
-- Found Qhull version 8.0.2
-- OpenNI found (version: 1.5.4.0, include: /usr/include/ni, lib: /usr/lib/libOpenNI.so;libusb::libusb)
-- Found PCL_COMMON: /usr/lib/x86_64-linux-gnu/libpcl_common.so  
-- Found PCL_KDTREE: /usr/lib/x86_64-linux-gnu/libpcl_kdtree.so  
-- Found PCL_OCTREE: /usr/lib/x86_64-linux-gnu/libpcl_octree.so  
-- Found PCL_SEARCH: /usr/lib/x86_64-linux-gnu/libpcl_search.so  
-- Found PCL_SAMPLE_CONSENSUS: /usr/lib/x86_64-linux-gnu/libpcl_sample_consensus.so  
-- Found PCL_FILTERS: /usr/lib/x86_64-linux-gnu/libpcl_filters.so  
-- Found PCL_2D: /usr/include/pcl-1.12  
-- Found PCL_GEOMETRY: /usr/include/pcl-1.12  
-- Found PCL_IO: /usr/lib/x86_64-linux-gnu/libpcl_io.so  
-- Found PCL_FEATURES: /usr/lib/x86_64-linux-gnu/libpcl_features.so  
-- Found PCL_ML: /usr/lib/x86_64-linux-gnu/libpcl_ml.so  
-- Found PCL_SEGMENTATION: /usr/lib/x86_64-linux-gnu/libpcl_segmentation.so  
-- Found PCL_VISUALIZATION: /usr/lib/x86_64-linux-gnu/libpcl_visualization.so  
-- Found PCL_SURFACE: /usr/lib/x86_64-linux-gnu/libpcl_surface.so  
-- Found PCL_REGISTRATION: /usr/lib/x86_64-linux-gnu/libpcl_registration.so  
-- Found PCL_KEYPOINTS: /usr/lib/x86_64-linux-gnu/libpcl_keypoints.so  
-- Found PCL_TRACKING: /usr/lib/x86_64-linux-gnu/libpcl_tracking.so  
-- Found PCL_RECOGNITION: /usr/lib/x86_64-linux-gnu/libpcl_recognition.so  
-- Found PCL_STEREO: /usr/lib/x86_64-linux-gnu/libpcl_stereo.so  
-- Found PCL_APPS: /usr/lib/x86_64-linux-gnu/libpcl_apps.so  
-- Found PCL_IN_HAND_SCANNER: /usr/include/pcl-1.12  
-- Found PCL_MODELER: /usr/include/pcl-1.12  
-- Found PCL_POINT_CLOUD_EDITOR: /usr/include/pcl-1.12  
-- Found PCL_OUTOFCORE: /usr/lib/x86_64-linux-gnu/libpcl_outofcore.so  
-- Found PCL_PEOPLE: /usr/lib/x86_64-linux-gnu/libpcl_people.so  
-- Found pcl_ros: 2.4.5 (/opt/ros/humble/share/pcl_ros/cmake)
-- Found ament_lint_auto: 0.12.11 (/opt/ros/humble/share/ament_lint_auto/cmake)
-- Added test 'copyright' to check source files copyright and LICENSE
-- Added test 'cppcheck' to perform static code analysis on C / C++ code
-- Configured cppcheck include dirs: /root/ros2_ws/src/sciurus17_ros/sciurus17_examples/include;$<BUILD_INTERFACE:/root/ros2_ws/src/sciurus17_ros/sciurus17_examples/include>
-- Configured cppcheck exclude dirs and/or files: 
-- Added test 'cpplint' to check C / C++ code against the Google style
-- Configured cpplint exclude dirs and/or files: 
-- Added test 'flake8' to check Python code syntax and style conventions
-- Added test 'lint_cmake' to check CMake code style
-- Added test 'pep257' to check Python code against some of the docstring style conventions in PEP 257
-- Added test 'uncrustify' to check C / C++ code style
-- Configured uncrustify additional arguments: 
-- Added test 'xmllint' to check XML markup files
-- Configuring done
-- Generating done
-- Build files have been written to: /root/ros2_ws/build/sciurus17_examples
[  8%] [32mBuilding CXX object CMakeFiles/color_detection.dir/src/color_detection.cpp.o[0m
[  8%] [32mBuilding CXX object CMakeFiles/waist_jt_control.dir/src/waist_jt_control.cpp.o[0m
[ 16%] [32mBuilding CXX object CMakeFiles/object_tracker.dir/src/object_tracker.cpp.o[0m
[ 16%] [32mBuilding CXX object CMakeFiles/pose_presets.dir/src/pose_presets.cpp.o[0m
[ 20%] [32mBuilding CXX object CMakeFiles/neck_jt_control.dir/src/neck_jt_control.cpp.o[0m
[ 25%] [32m[1mLinking CXX shared library libpose_presets.so[0m
[ 25%] Built target pose_presets
[ 29%] [32mBuilding CXX object CMakeFiles/pick_and_place_left_arm.dir/src/pick_and_place_left_arm.cpp.o[0m
[ 33%] [32mBuilding CXX object CMakeFiles/pick_and_place_right_arm_waist.dir/src/pick_and_place_right_arm_waist.cpp.o[0m
[ 37%] [32mBuilding CXX object CMakeFiles/gripper_control.dir/src/gripper_control.cpp.o[0m
[ 45%] [32mBuilding CXX object CMakeFiles/pick_and_place_tf.dir/src/pick_and_place_tf.cpp.o[0m
[ 45%] [32mBuilding CXX object CMakeFiles/neck_control.dir/src/neck_control.cpp.o[0m
[ 54%] [32mBuilding CXX object CMakeFiles/point_cloud_detection.dir/src/point_cloud_detection.cpp.o[0m
[ 54%] [32mBuilding CXX object CMakeFiles/waist_control.dir/src/waist_control.cpp.o[0m
[ 58%] [32m[1mLinking CXX shared library libneck_jt_control.so[0m
[ 62%] [32m[1mLinking CXX shared library libwaist_jt_control.so[0m
[ 62%] Built target neck_jt_control
[ 62%] Built target waist_jt_control
[ 66%] [32m[1mLinking CXX shared library libcolor_detection.so[0m
[ 66%] Built target color_detection
[ 70%] [32m[1mLinking CXX shared library libobject_tracker.so[0m
[ 75%] [32m[1mLinking CXX executable neck_control[0m
[ 79%] [32m[1mLinking CXX executable pick_and_place_left_arm[0m
[ 83%] [32m[1mLinking CXX executable waist_control[0m
[ 87%] [32m[1mLinking CXX executable pick_and_place_right_arm_waist[0m
[ 91%] [32m[1mLinking CXX executable gripper_control[0m
[ 91%] Built target object_tracker
[ 95%] [32m[1mLinking CXX executable pick_and_place_tf[0m
[ 95%] Built target waist_control
[ 95%] Built target pick_and_place_left_arm
[ 95%] Built target neck_control
[ 95%] Built target pick_and_place_right_arm_waist
[ 95%] Built target gripper_control
[ 95%] Built target pick_and_place_tf
[100%] [32m[1mLinking CXX executable point_cloud_detection[0m
[100%] Built target point_cloud_detection
-- Install configuration: ""
-- Execute custom install script
-- Symlinking: /root/ros2_ws/install/sciurus17_examples/share/sciurus17_examples/environment/library_path.sh
-- Symlinking: /root/ros2_ws/install/sciurus17_examples/share/sciurus17_examples/environment/library_path.dsv
-- Symlinking: /root/ros2_ws/install/sciurus17_examples/include/pose_presets/pose_presets.hpp
-- Symlinking: /root/ros2_ws/install/sciurus17_examples/include/pose_presets/sciurus17_examples/color_detection.hpp
-- Symlinking: /root/ros2_ws/install/sciurus17_examples/include/pose_presets/sciurus17_examples/neck_jt_control.hpp
-- Symlinking: /root/ros2_ws/install/sciurus17_examples/include/pose_presets/sciurus17_examples/object_tracker.hpp
-- Symlinking: /root/ros2_ws/install/sciurus17_examples/include/pose_presets/sciurus17_examples/waist_jt_control.hpp
-- Symlinking: /root/ros2_ws/install/sciurus17_examples/lib/sciurus17_examples/gripper_control
-- Symlinking: /root/ros2_ws/install/sciurus17_examples/lib/sciurus17_examples/neck_control
-- Symlinking: /root/ros2_ws/install/sciurus17_examples/lib/sciurus17_examples/waist_control
-- Symlinking: /root/ros2_ws/install/sciurus17_examples/lib/sciurus17_examples/pick_and_place_right_arm_waist
-- Symlinking: /root/ros2_ws/install/sciurus17_examples/lib/sciurus17_examples/pick_and_place_left_arm
-- Symlinking: /root/ros2_ws/install/sciurus17_examples/lib/sciurus17_examples/pick_and_place_tf
-- Symlinking: /root/ros2_ws/install/sciurus17_examples/lib/sciurus17_examples/point_cloud_detection
-- Symlinking: /root/ros2_ws/install/sciurus17_examples/share/sciurus17_examples//launch/camera_example.launch.py
-- Symlinking: /root/ros2_ws/install/sciurus17_examples/share/sciurus17_examples//launch/chest_camera_tracking.launch.py
-- Symlinking: /root/ros2_ws/install/sciurus17_examples/share/sciurus17_examples//launch/demo.launch.py
-- Symlinking: /root/ros2_ws/install/sciurus17_examples/share/sciurus17_examples//launch/example.launch.py
-- Symlinking: /root/ros2_ws/install/sciurus17_examples/share/sciurus17_examples//launch/head_camera_tracking.launch.py
-- Symlinking: /root/ros2_ws/install/sciurus17_examples/share/ament_index/resource_index/package_run_dependencies/sciurus17_examples
-- Symlinking: /root/ros2_ws/install/sciurus17_examples/share/ament_index/resource_index/parent_prefix_path/sciurus17_examples
-- Symlinking: /root/ros2_ws/install/sciurus17_examples/share/sciurus17_examples/environment/ament_prefix_path.sh
-- Symlinking: /root/ros2_ws/install/sciurus17_examples/share/sciurus17_examples/environment/ament_prefix_path.dsv
-- Symlinking: /root/ros2_ws/install/sciurus17_examples/share/sciurus17_examples/environment/path.sh
-- Symlinking: /root/ros2_ws/install/sciurus17_examples/share/sciurus17_examples/environment/path.dsv
-- Symlinking: /root/ros2_ws/install/sciurus17_examples/share/sciurus17_examples/local_setup.bash
-- Symlinking: /root/ros2_ws/install/sciurus17_examples/share/sciurus17_examples/local_setup.sh
-- Symlinking: /root/ros2_ws/install/sciurus17_examples/share/sciurus17_examples/local_setup.zsh
-- Symlinking: /root/ros2_ws/install/sciurus17_examples/share/sciurus17_examples/local_setup.dsv
-- Symlinking: /root/ros2_ws/install/sciurus17_examples/share/sciurus17_examples/package.dsv
-- Symlinking: /root/ros2_ws/install/sciurus17_examples/share/ament_index/resource_index/packages/sciurus17_examples
-- Symlinking: /root/ros2_ws/install/sciurus17_examples/share/ament_index/resource_index/rclcpp_components/sciurus17_examples
-- Symlinking: /root/ros2_ws/install/sciurus17_examples/share/sciurus17_examples/cmake/ament_cmake_export_targets-extras.cmake
-- Symlinking: /root/ros2_ws/install/sciurus17_examples/share/sciurus17_examples/cmake/ament_cmake_export_dependencies-extras.cmake
-- Symlinking: /root/ros2_ws/install/sciurus17_examples/share/sciurus17_examples/cmake/sciurus17_examplesConfig.cmake
-- Symlinking: /root/ros2_ws/install/sciurus17_examples/share/sciurus17_examples/cmake/sciurus17_examplesConfig-version.cmake
-- Symlinking: /root/ros2_ws/install/sciurus17_examples/share/sciurus17_examples/package.xml
-- Installing: /root/ros2_ws/install/sciurus17_examples/lib/libcolor_detection.so
-- Set runtime path of "/root/ros2_ws/install/sciurus17_examples/lib/libcolor_detection.so" to ""
-- Installing: /root/ros2_ws/install/sciurus17_examples/lib/libneck_jt_control.so
-- Set runtime path of "/root/ros2_ws/install/sciurus17_examples/lib/libneck_jt_control.so" to ""
-- Installing: /root/ros2_ws/install/sciurus17_examples/lib/libobject_tracker.so
-- Set runtime path of "/root/ros2_ws/install/sciurus17_examples/lib/libobject_tracker.so" to ""
-- Installing: /root/ros2_ws/install/sciurus17_examples/lib/libwaist_jt_control.so
-- Set runtime path of "/root/ros2_ws/install/sciurus17_examples/lib/libwaist_jt_control.so" to ""
-- Installing: /root/ros2_ws/install/sciurus17_examples/lib/libpose_presets.so
-- Set runtime path of "/root/ros2_ws/install/sciurus17_examples/lib/libpose_presets.so" to ""
-- Installing: /root/ros2_ws/install/sciurus17_examples/share/sciurus17_examples/cmake/export_pose_presetsExport.cmake
-- Installing: /root/ros2_ws/install/sciurus17_examples/share/sciurus17_examples/cmake/export_pose_presetsExport-noconfig.cmake
