[0.043s] Invoking command in '/root/ros2_ws/build/sciurus17_examples': AMENT_PREFIX_PATH=/root/ros2_ws/install/sciurus17_control:${AMENT_PREFIX_PATH} CMAKE_PREFIX_PATH=/root/ros2_ws/install/sciurus17_moveit_config:/root/ros2_ws/install/sciurus17_control:/root/ros2_ws/install/sciurus17_description:/root/ros2_ws/install/sciurus17_vision:/root/ros2_ws/install/sciurus17_tools:/root/ros2_ws/install/sciurus17_gazebo:/root/ros2_ws/install/dynamixel_sdk_custom_interfaces:/root/ros2_ws/install/dynamixel_sdk:/opt/ros/humble LD_LIBRARY_PATH=/root/ros2_ws/install/sciurus17_control/lib:/root/ros2_ws/install/rt_manipulators_cpp/lib:/root/ros2_ws/install/lib:/root/ros2_ws/install/dynamixel_sdk_custom_interfaces/lib:/root/ros2_ws/install/dynamixel_sdk/lib:/root/ros2_ws/src/DynamixelSDK/c++/build/win64:/opt/ros/humble/opt/rviz_ogre_vendor/lib:/opt/ros/humble/lib/x86_64-linux-gnu:/opt/ros/humble/lib /usr/bin/cmake /root/ros2_ws/src/sciurus17_ros/sciurus17_examples -DAMENT_CMAKE_SYMLINK_INSTALL=1 -DCMAKE_INSTALL_PREFIX=/root/ros2_ws/install/sciurus17_examples
[0.138s] -- The C compiler identification is GNU 11.4.0
[0.238s] -- The CXX compiler identification is GNU 11.4.0
[0.251s] -- Detecting C compiler ABI info
[0.377s] -- Detecting C compiler ABI info - done
[0.387s] -- Check for working C compiler: /usr/bin/cc - skipped
[0.387s] -- Detecting C compile features
[0.388s] -- Detecting C compile features - done
[0.393s] -- Detecting CXX compiler ABI info
[0.543s] -- Detecting CXX compiler ABI info - done
[0.558s] -- Check for working CXX compiler: /usr/bin/c++ - skipped
[0.560s] -- Detecting CXX compile features
[0.561s] -- Detecting CXX compile features - done
[0.571s] -- Found ament_cmake: 1.3.11 (/opt/ros/humble/share/ament_cmake/cmake)
[0.876s] -- Found Python3: /usr/bin/python3 (found version "3.10.12") found components: Interpreter 
[0.990s] -- Override CMake install command with custom implementation using symlinks instead of copying resources
[1.101s] -- Found angles: 1.15.0 (/opt/ros/humble/share/angles/cmake)
[1.116s] -- Found cv_bridge: 3.2.1 (/opt/ros/humble/share/cv_bridge/cmake)
[1.250s] -- Found rosidl_generator_c: 3.1.6 (/opt/ros/humble/share/rosidl_generator_c/cmake)
[1.269s] -- Found rosidl_adapter: 3.1.6 (/opt/ros/humble/share/rosidl_adapter/cmake)
[1.291s] -- Found rosidl_generator_cpp: 3.1.6 (/opt/ros/humble/share/rosidl_generator_cpp/cmake)
[1.318s] -- Using all available rosidl_typesupport_c: rosidl_typesupport_fastrtps_c;rosidl_typesupport_introspection_c
[1.357s] -- Using all available rosidl_typesupport_cpp: rosidl_typesupport_fastrtps_cpp;rosidl_typesupport_introspection_cpp
[1.490s] -- Found control_msgs: 4.7.0 (/opt/ros/humble/share/control_msgs/cmake)
[1.656s] -- Found image_geometry: 3.2.1 (/opt/ros/humble/share/image_geometry/cmake)
[1.676s] -- Found moveit_ros_planning_interface: 2.5.7 (/opt/ros/humble/share/moveit_ros_planning_interface/cmake)
[2.116s] -- Found Boost: /usr/lib/x86_64-linux-gnu/cmake/Boost-1.74.0/BoostConfig.cmake (found version "1.74.0") found components: date_time filesystem program_options system thread 
[2.450s] -- Found Boost: /usr/lib/x86_64-linux-gnu/cmake/Boost-1.74.0/BoostConfig.cmake (found version "1.74.0") found components: chrono date_time filesystem iostreams program_options regex serialization system thread 
[2.596s] -- Found parameter_traits: 0.4.0 (/opt/ros/humble/share/parameter_traits/cmake)
[2.712s] -- Found rmw_implementation_cmake: 6.1.2 (/opt/ros/humble/share/rmw_implementation_cmake/cmake)
[2.721s] -- Found rmw_fastrtps_cpp: 6.2.7 (/opt/ros/humble/share/rmw_fastrtps_cpp/cmake)
[2.916s] -- Found OpenSSL: /usr/lib/x86_64-linux-gnu/libcrypto.so (found version "3.0.2")  
[2.975s] -- Found FastRTPS: /opt/ros/humble/include  
[3.079s] -- Using RMW implementation 'rmw_fastrtps_cpp' as default
[3.108s] -- Found Threads: TRUE  
[3.230s] -- Found Eigen3: TRUE (found version "3.4.0") 
[3.240s] -- Found rclcpp_lifecycle: 16.0.11 (/opt/ros/humble/share/rclcpp_lifecycle/cmake)
[3.302s] -- Found Boost: /usr/lib/x86_64-linux-gnu/cmake/Boost-1.74.0/BoostConfig.cmake (found version "1.74.0") found components: filesystem 
[3.526s] -- library: /usr/lib/x86_64-linux-gnu/libcurl.so
[3.626s] -- Ensuring Eigen3 include directory is part of orocos-kdl CMake target
[4.091s] -- Found Boost: /usr/lib/x86_64-linux-gnu/cmake/Boost-1.74.0/BoostConfig.cmake (found version "1.74.0") found components: system filesystem date_time program_options thread chrono 
[4.168s] -- Found Boost: /usr/lib/x86_64-linux-gnu/cmake/Boost-1.74.0/BoostConfig.cmake (found version "1.74.0") found components: thread system filesystem regex date_time program_options 
[4.228s] -- Found Boost: /usr/lib/x86_64-linux-gnu/cmake/Boost-1.74.0/BoostConfig.cmake (found version "1.74.0") found components: system filesystem date_time program_options thread 
[4.305s] -- Found OpenCV: /usr (found version "4.5.4") found components: core 
[4.316s] -- Found pcl_conversions: 2.4.5 (/opt/ros/humble/share/pcl_conversions/cmake)
[4.414s] -- Checking for module 'eigen3'
[4.444s] --   Found eigen3, version 3.4.0
[4.512s] -- Found Eigen: /usr/include/eigen3 (Required is at least version "3.1") 
[4.512s] -- Eigen found (include: /usr/include/eigen3, version: 3.4.0)
[4.565s] -- Checking for module 'flann'
[4.595s] --   Found flann, version 1.9.1
[4.682s] -- Found FLANN: /usr/lib/x86_64-linux-gnu/libflann_cpp.so  
[4.682s] -- FLANN found (include: /usr/include, lib: /usr/lib/x86_64-linux-gnu/libflann_cpp.so)
[6.718s] -- Checking for module 'libusb-1.0'
[6.744s] --   Found libusb-1.0, version 1.0.25
[6.807s] -- Found libusb: /usr/lib/x86_64-linux-gnu/libusb-1.0.so  
[6.809s] -- OpenNI found (version: 1.5.4.0, include: /usr/include/ni, lib: /usr/lib/libOpenNI.so;libusb::libusb)
[6.912s] -- OpenNI2 found (version: 2.2.0.33, include: /usr/include/openni2, lib: /usr/lib/x86_64-linux-gnu/libOpenNI2.so;libusb::libusb)
[7.155s] -- Eigen found (include: /usr/include/eigen3, version: 3.4.0)
[7.166s] -- OpenNI found (version: 1.5.4.0, include: /usr/include/ni, lib: /usr/lib/libOpenNI.so;libusb::libusb)
[7.177s] -- OpenNI2 found (version: 2.2.0.33, include: /usr/include/openni2, lib: /usr/lib/x86_64-linux-gnu/libOpenNI2.so;libusb::libusb)
[7.410s] -- Found Qhull version 8.0.2
[7.631s] -- OpenNI found (version: 1.5.4.0, include: /usr/include/ni, lib: /usr/lib/libOpenNI.so;libusb::libusb)
[7.834s] -- Found PCL_COMMON: /usr/lib/x86_64-linux-gnu/libpcl_common.so  
[7.835s] -- Found PCL_KDTREE: /usr/lib/x86_64-linux-gnu/libpcl_kdtree.so  
[7.837s] -- Found PCL_OCTREE: /usr/lib/x86_64-linux-gnu/libpcl_octree.so  
[7.838s] -- Found PCL_SEARCH: /usr/lib/x86_64-linux-gnu/libpcl_search.so  
[7.840s] -- Found PCL_SAMPLE_CONSENSUS: /usr/lib/x86_64-linux-gnu/libpcl_sample_consensus.so  
[7.841s] -- Found PCL_FILTERS: /usr/lib/x86_64-linux-gnu/libpcl_filters.so  
[7.842s] -- Found PCL_2D: /usr/include/pcl-1.12  
[7.843s] -- Found PCL_GEOMETRY: /usr/include/pcl-1.12  
[7.845s] -- Found PCL_IO: /usr/lib/x86_64-linux-gnu/libpcl_io.so  
[7.846s] -- Found PCL_FEATURES: /usr/lib/x86_64-linux-gnu/libpcl_features.so  
[7.848s] -- Found PCL_ML: /usr/lib/x86_64-linux-gnu/libpcl_ml.so  
[7.849s] -- Found PCL_SEGMENTATION: /usr/lib/x86_64-linux-gnu/libpcl_segmentation.so  
[7.852s] -- Found PCL_VISUALIZATION: /usr/lib/x86_64-linux-gnu/libpcl_visualization.so  
[7.853s] -- Found PCL_SURFACE: /usr/lib/x86_64-linux-gnu/libpcl_surface.so  
[7.854s] -- Found PCL_REGISTRATION: /usr/lib/x86_64-linux-gnu/libpcl_registration.so  
[7.856s] -- Found PCL_KEYPOINTS: /usr/lib/x86_64-linux-gnu/libpcl_keypoints.so  
[7.857s] -- Found PCL_TRACKING: /usr/lib/x86_64-linux-gnu/libpcl_tracking.so  
[7.859s] -- Found PCL_RECOGNITION: /usr/lib/x86_64-linux-gnu/libpcl_recognition.so  
[7.861s] -- Found PCL_STEREO: /usr/lib/x86_64-linux-gnu/libpcl_stereo.so  
[7.862s] -- Found PCL_APPS: /usr/lib/x86_64-linux-gnu/libpcl_apps.so  
[7.863s] -- Found PCL_IN_HAND_SCANNER: /usr/include/pcl-1.12  
[7.864s] -- Found PCL_MODELER: /usr/include/pcl-1.12  
[7.865s] -- Found PCL_POINT_CLOUD_EDITOR: /usr/include/pcl-1.12  
[7.866s] -- Found PCL_OUTOFCORE: /usr/lib/x86_64-linux-gnu/libpcl_outofcore.so  
[7.867s] -- Found PCL_PEOPLE: /usr/lib/x86_64-linux-gnu/libpcl_people.so  
[7.882s] -- Found pcl_ros: 2.4.5 (/opt/ros/humble/share/pcl_ros/cmake)
[8.018s] -- Found ament_lint_auto: 0.12.11 (/opt/ros/humble/share/ament_lint_auto/cmake)
[8.175s] -- Added test 'copyright' to check source files copyright and LICENSE
[8.178s] -- Added test 'cppcheck' to perform static code analysis on C / C++ code
[8.181s] -- Configured cppcheck include dirs: /root/ros2_ws/src/sciurus17_ros/sciurus17_examples/include;$<BUILD_INTERFACE:/root/ros2_ws/src/sciurus17_ros/sciurus17_examples/include>
[8.181s] -- Configured cppcheck exclude dirs and/or files: 
[8.184s] -- Added test 'cpplint' to check C / C++ code against the Google style
[8.184s] -- Configured cpplint exclude dirs and/or files: 
[8.185s] -- Added test 'flake8' to check Python code syntax and style conventions
[8.187s] -- Added test 'lint_cmake' to check CMake code style
[8.189s] -- Added test 'pep257' to check Python code against some of the docstring style conventions in PEP 257
[8.192s] -- Added test 'uncrustify' to check C / C++ code style
[8.192s] -- Configured uncrustify additional arguments: 
[8.193s] -- Added test 'xmllint' to check XML markup files
[8.198s] -- Configuring done
[8.933s] -- Generating done
[9.095s] -- Build files have been written to: /root/ros2_ws/build/sciurus17_examples
[9.132s] Invoked command in '/root/ros2_ws/build/sciurus17_examples' returned '0': AMENT_PREFIX_PATH=/root/ros2_ws/install/sciurus17_control:${AMENT_PREFIX_PATH} CMAKE_PREFIX_PATH=/root/ros2_ws/install/sciurus17_moveit_config:/root/ros2_ws/install/sciurus17_control:/root/ros2_ws/install/sciurus17_description:/root/ros2_ws/install/sciurus17_vision:/root/ros2_ws/install/sciurus17_tools:/root/ros2_ws/install/sciurus17_gazebo:/root/ros2_ws/install/dynamixel_sdk_custom_interfaces:/root/ros2_ws/install/dynamixel_sdk:/opt/ros/humble LD_LIBRARY_PATH=/root/ros2_ws/install/sciurus17_control/lib:/root/ros2_ws/install/rt_manipulators_cpp/lib:/root/ros2_ws/install/lib:/root/ros2_ws/install/dynamixel_sdk_custom_interfaces/lib:/root/ros2_ws/install/dynamixel_sdk/lib:/root/ros2_ws/src/DynamixelSDK/c++/build/win64:/opt/ros/humble/opt/rviz_ogre_vendor/lib:/opt/ros/humble/lib/x86_64-linux-gnu:/opt/ros/humble/lib /usr/bin/cmake /root/ros2_ws/src/sciurus17_ros/sciurus17_examples -DAMENT_CMAKE_SYMLINK_INSTALL=1 -DCMAKE_INSTALL_PREFIX=/root/ros2_ws/install/sciurus17_examples
[9.136s] Invoking command in '/root/ros2_ws/build/sciurus17_examples': AMENT_PREFIX_PATH=/root/ros2_ws/install/sciurus17_control:${AMENT_PREFIX_PATH} CMAKE_PREFIX_PATH=/root/ros2_ws/install/sciurus17_moveit_config:/root/ros2_ws/install/sciurus17_control:/root/ros2_ws/install/sciurus17_description:/root/ros2_ws/install/sciurus17_vision:/root/ros2_ws/install/sciurus17_tools:/root/ros2_ws/install/sciurus17_gazebo:/root/ros2_ws/install/dynamixel_sdk_custom_interfaces:/root/ros2_ws/install/dynamixel_sdk:/opt/ros/humble LD_LIBRARY_PATH=/root/ros2_ws/install/sciurus17_control/lib:/root/ros2_ws/install/rt_manipulators_cpp/lib:/root/ros2_ws/install/lib:/root/ros2_ws/install/dynamixel_sdk_custom_interfaces/lib:/root/ros2_ws/install/dynamixel_sdk/lib:/root/ros2_ws/src/DynamixelSDK/c++/build/win64:/opt/ros/humble/opt/rviz_ogre_vendor/lib:/opt/ros/humble/lib/x86_64-linux-gnu:/opt/ros/humble/lib /usr/bin/cmake --build /root/ros2_ws/build/sciurus17_examples -- -j12 -l12
[9.216s] [  8%] [32mBuilding CXX object CMakeFiles/color_detection.dir/src/color_detection.cpp.o[0m
[9.216s] [  8%] [32mBuilding CXX object CMakeFiles/waist_jt_control.dir/src/waist_jt_control.cpp.o[0m
[9.216s] [ 16%] [32mBuilding CXX object CMakeFiles/object_tracker.dir/src/object_tracker.cpp.o[0m
[9.216s] [ 16%] [32mBuilding CXX object CMakeFiles/pose_presets.dir/src/pose_presets.cpp.o[0m
[9.216s] [ 20%] [32mBuilding CXX object CMakeFiles/neck_jt_control.dir/src/neck_jt_control.cpp.o[0m
[14.780s] [ 25%] [32m[1mLinking CXX shared library libpose_presets.so[0m
[15.055s] [ 25%] Built target pose_presets
[15.101s] [ 29%] [32mBuilding CXX object CMakeFiles/pick_and_place_left_arm.dir/src/pick_and_place_left_arm.cpp.o[0m
[15.103s] [ 33%] [32mBuilding CXX object CMakeFiles/pick_and_place_right_arm_waist.dir/src/pick_and_place_right_arm_waist.cpp.o[0m
[15.104s] [ 37%] [32mBuilding CXX object CMakeFiles/gripper_control.dir/src/gripper_control.cpp.o[0m
[15.106s] [ 45%] [32mBuilding CXX object CMakeFiles/pick_and_place_tf.dir/src/pick_and_place_tf.cpp.o[0m
[15.106s] [ 45%] [32mBuilding CXX object CMakeFiles/neck_control.dir/src/neck_control.cpp.o[0m
[15.115s] [ 54%] [32mBuilding CXX object CMakeFiles/point_cloud_detection.dir/src/point_cloud_detection.cpp.o[0m
[15.115s] [ 54%] [32mBuilding CXX object CMakeFiles/waist_control.dir/src/waist_control.cpp.o[0m
[35.560s] [ 58%] [32m[1mLinking CXX shared library libneck_jt_control.so[0m
[36.609s] [ 62%] [32m[1mLinking CXX shared library libwaist_jt_control.so[0m
[38.726s] [ 62%] Built target neck_jt_control
[38.885s] [ 62%] Built target waist_jt_control
[40.359s] [ 66%] [32m[1mLinking CXX shared library libcolor_detection.so[0m
[42.214s] [ 66%] Built target color_detection
[43.940s] [ 70%] [32m[1mLinking CXX shared library libobject_tracker.so[0m
[44.828s] [ 75%] [32m[1mLinking CXX executable neck_control[0m
[44.909s] [ 79%] [32m[1mLinking CXX executable pick_and_place_left_arm[0m
[45.274s] [ 83%] [32m[1mLinking CXX executable waist_control[0m
[45.365s] [ 87%] [32m[1mLinking CXX executable pick_and_place_right_arm_waist[0m
[45.713s] [ 91%] [32m[1mLinking CXX executable gripper_control[0m
[46.233s] [ 91%] Built target object_tracker
[46.754s] [ 95%] [32m[1mLinking CXX executable pick_and_place_tf[0m
[47.225s] [ 95%] Built target waist_control
[47.231s] [ 95%] Built target pick_and_place_left_arm
[47.234s] [ 95%] Built target neck_control
[47.264s] [ 95%] Built target pick_and_place_right_arm_waist
[47.315s] [ 95%] Built target gripper_control
[47.974s] [ 95%] Built target pick_and_place_tf
[57.825s] [100%] [32m[1mLinking CXX executable point_cloud_detection[0m
[60.417s] [100%] Built target point_cloud_detection
[60.448s] Invoked command in '/root/ros2_ws/build/sciurus17_examples' returned '0': AMENT_PREFIX_PATH=/root/ros2_ws/install/sciurus17_control:${AMENT_PREFIX_PATH} CMAKE_PREFIX_PATH=/root/ros2_ws/install/sciurus17_moveit_config:/root/ros2_ws/install/sciurus17_control:/root/ros2_ws/install/sciurus17_description:/root/ros2_ws/install/sciurus17_vision:/root/ros2_ws/install/sciurus17_tools:/root/ros2_ws/install/sciurus17_gazebo:/root/ros2_ws/install/dynamixel_sdk_custom_interfaces:/root/ros2_ws/install/dynamixel_sdk:/opt/ros/humble LD_LIBRARY_PATH=/root/ros2_ws/install/sciurus17_control/lib:/root/ros2_ws/install/rt_manipulators_cpp/lib:/root/ros2_ws/install/lib:/root/ros2_ws/install/dynamixel_sdk_custom_interfaces/lib:/root/ros2_ws/install/dynamixel_sdk/lib:/root/ros2_ws/src/DynamixelSDK/c++/build/win64:/opt/ros/humble/opt/rviz_ogre_vendor/lib:/opt/ros/humble/lib/x86_64-linux-gnu:/opt/ros/humble/lib /usr/bin/cmake --build /root/ros2_ws/build/sciurus17_examples -- -j12 -l12
[60.473s] Invoking command in '/root/ros2_ws/build/sciurus17_examples': AMENT_PREFIX_PATH=/root/ros2_ws/install/sciurus17_control:${AMENT_PREFIX_PATH} CMAKE_PREFIX_PATH=/root/ros2_ws/install/sciurus17_moveit_config:/root/ros2_ws/install/sciurus17_control:/root/ros2_ws/install/sciurus17_description:/root/ros2_ws/install/sciurus17_vision:/root/ros2_ws/install/sciurus17_tools:/root/ros2_ws/install/sciurus17_gazebo:/root/ros2_ws/install/dynamixel_sdk_custom_interfaces:/root/ros2_ws/install/dynamixel_sdk:/opt/ros/humble LD_LIBRARY_PATH=/root/ros2_ws/install/sciurus17_control/lib:/root/ros2_ws/install/rt_manipulators_cpp/lib:/root/ros2_ws/install/lib:/root/ros2_ws/install/dynamixel_sdk_custom_interfaces/lib:/root/ros2_ws/install/dynamixel_sdk/lib:/root/ros2_ws/src/DynamixelSDK/c++/build/win64:/opt/ros/humble/opt/rviz_ogre_vendor/lib:/opt/ros/humble/lib/x86_64-linux-gnu:/opt/ros/humble/lib /usr/bin/cmake --install /root/ros2_ws/build/sciurus17_examples
[60.486s] -- Install configuration: ""
[60.487s] -- Execute custom install script
[60.495s] -- Symlinking: /root/ros2_ws/install/sciurus17_examples/share/sciurus17_examples/environment/library_path.sh
[60.508s] -- Symlinking: /root/ros2_ws/install/sciurus17_examples/share/sciurus17_examples/environment/library_path.dsv
[60.522s] -- Symlinking: /root/ros2_ws/install/sciurus17_examples/include/pose_presets/pose_presets.hpp
[60.538s] -- Symlinking: /root/ros2_ws/install/sciurus17_examples/include/pose_presets/sciurus17_examples/color_detection.hpp
[60.552s] -- Symlinking: /root/ros2_ws/install/sciurus17_examples/include/pose_presets/sciurus17_examples/neck_jt_control.hpp
[60.565s] -- Symlinking: /root/ros2_ws/install/sciurus17_examples/include/pose_presets/sciurus17_examples/object_tracker.hpp
[60.576s] -- Symlinking: /root/ros2_ws/install/sciurus17_examples/include/pose_presets/sciurus17_examples/waist_jt_control.hpp
[60.592s] -- Symlinking: /root/ros2_ws/install/sciurus17_examples/lib/sciurus17_examples/gripper_control
[60.605s] -- Symlinking: /root/ros2_ws/install/sciurus17_examples/lib/sciurus17_examples/neck_control
[60.618s] -- Symlinking: /root/ros2_ws/install/sciurus17_examples/lib/sciurus17_examples/waist_control
[60.629s] -- Symlinking: /root/ros2_ws/install/sciurus17_examples/lib/sciurus17_examples/pick_and_place_right_arm_waist
[60.641s] -- Symlinking: /root/ros2_ws/install/sciurus17_examples/lib/sciurus17_examples/pick_and_place_left_arm
[60.656s] -- Symlinking: /root/ros2_ws/install/sciurus17_examples/lib/sciurus17_examples/pick_and_place_tf
[60.669s] -- Symlinking: /root/ros2_ws/install/sciurus17_examples/lib/sciurus17_examples/point_cloud_detection
[60.683s] -- Symlinking: /root/ros2_ws/install/sciurus17_examples/share/sciurus17_examples//launch/camera_example.launch.py
[60.695s] -- Symlinking: /root/ros2_ws/install/sciurus17_examples/share/sciurus17_examples//launch/chest_camera_tracking.launch.py
[60.707s] -- Symlinking: /root/ros2_ws/install/sciurus17_examples/share/sciurus17_examples//launch/demo.launch.py
[60.719s] -- Symlinking: /root/ros2_ws/install/sciurus17_examples/share/sciurus17_examples//launch/example.launch.py
[60.732s] -- Symlinking: /root/ros2_ws/install/sciurus17_examples/share/sciurus17_examples//launch/head_camera_tracking.launch.py
[60.745s] -- Symlinking: /root/ros2_ws/install/sciurus17_examples/share/ament_index/resource_index/package_run_dependencies/sciurus17_examples
[60.758s] -- Symlinking: /root/ros2_ws/install/sciurus17_examples/share/ament_index/resource_index/parent_prefix_path/sciurus17_examples
[60.774s] -- Symlinking: /root/ros2_ws/install/sciurus17_examples/share/sciurus17_examples/environment/ament_prefix_path.sh
[60.789s] -- Symlinking: /root/ros2_ws/install/sciurus17_examples/share/sciurus17_examples/environment/ament_prefix_path.dsv
[60.805s] -- Symlinking: /root/ros2_ws/install/sciurus17_examples/share/sciurus17_examples/environment/path.sh
[60.818s] -- Symlinking: /root/ros2_ws/install/sciurus17_examples/share/sciurus17_examples/environment/path.dsv
[60.835s] -- Symlinking: /root/ros2_ws/install/sciurus17_examples/share/sciurus17_examples/local_setup.bash
[60.848s] -- Symlinking: /root/ros2_ws/install/sciurus17_examples/share/sciurus17_examples/local_setup.sh
[60.863s] -- Symlinking: /root/ros2_ws/install/sciurus17_examples/share/sciurus17_examples/local_setup.zsh
[60.875s] -- Symlinking: /root/ros2_ws/install/sciurus17_examples/share/sciurus17_examples/local_setup.dsv
[60.887s] -- Symlinking: /root/ros2_ws/install/sciurus17_examples/share/sciurus17_examples/package.dsv
[60.901s] -- Symlinking: /root/ros2_ws/install/sciurus17_examples/share/ament_index/resource_index/packages/sciurus17_examples
[60.915s] -- Symlinking: /root/ros2_ws/install/sciurus17_examples/share/ament_index/resource_index/rclcpp_components/sciurus17_examples
[60.928s] -- Symlinking: /root/ros2_ws/install/sciurus17_examples/share/sciurus17_examples/cmake/ament_cmake_export_targets-extras.cmake
[60.940s] -- Symlinking: /root/ros2_ws/install/sciurus17_examples/share/sciurus17_examples/cmake/ament_cmake_export_dependencies-extras.cmake
[60.956s] -- Symlinking: /root/ros2_ws/install/sciurus17_examples/share/sciurus17_examples/cmake/sciurus17_examplesConfig.cmake
[60.968s] -- Symlinking: /root/ros2_ws/install/sciurus17_examples/share/sciurus17_examples/cmake/sciurus17_examplesConfig-version.cmake
[60.982s] -- Symlinking: /root/ros2_ws/install/sciurus17_examples/share/sciurus17_examples/package.xml
[60.993s] -- Installing: /root/ros2_ws/install/sciurus17_examples/lib/libcolor_detection.so
[61.015s] -- Set runtime path of "/root/ros2_ws/install/sciurus17_examples/lib/libcolor_detection.so" to ""
[61.015s] -- Installing: /root/ros2_ws/install/sciurus17_examples/lib/libneck_jt_control.so
[61.038s] -- Set runtime path of "/root/ros2_ws/install/sciurus17_examples/lib/libneck_jt_control.so" to ""
[61.038s] -- Installing: /root/ros2_ws/install/sciurus17_examples/lib/libobject_tracker.so
[61.070s] -- Set runtime path of "/root/ros2_ws/install/sciurus17_examples/lib/libobject_tracker.so" to ""
[61.070s] -- Installing: /root/ros2_ws/install/sciurus17_examples/lib/libwaist_jt_control.so
[61.092s] -- Set runtime path of "/root/ros2_ws/install/sciurus17_examples/lib/libwaist_jt_control.so" to ""
[61.092s] -- Installing: /root/ros2_ws/install/sciurus17_examples/lib/libpose_presets.so
[61.093s] -- Set runtime path of "/root/ros2_ws/install/sciurus17_examples/lib/libpose_presets.so" to ""
[61.093s] -- Installing: /root/ros2_ws/install/sciurus17_examples/share/sciurus17_examples/cmake/export_pose_presetsExport.cmake
[61.094s] -- Installing: /root/ros2_ws/install/sciurus17_examples/share/sciurus17_examples/cmake/export_pose_presetsExport-noconfig.cmake
[61.100s] Invoked command in '/root/ros2_ws/build/sciurus17_examples' returned '0': AMENT_PREFIX_PATH=/root/ros2_ws/install/sciurus17_control:${AMENT_PREFIX_PATH} CMAKE_PREFIX_PATH=/root/ros2_ws/install/sciurus17_moveit_config:/root/ros2_ws/install/sciurus17_control:/root/ros2_ws/install/sciurus17_description:/root/ros2_ws/install/sciurus17_vision:/root/ros2_ws/install/sciurus17_tools:/root/ros2_ws/install/sciurus17_gazebo:/root/ros2_ws/install/dynamixel_sdk_custom_interfaces:/root/ros2_ws/install/dynamixel_sdk:/opt/ros/humble LD_LIBRARY_PATH=/root/ros2_ws/install/sciurus17_control/lib:/root/ros2_ws/install/rt_manipulators_cpp/lib:/root/ros2_ws/install/lib:/root/ros2_ws/install/dynamixel_sdk_custom_interfaces/lib:/root/ros2_ws/install/dynamixel_sdk/lib:/root/ros2_ws/src/DynamixelSDK/c++/build/win64:/opt/ros/humble/opt/rviz_ogre_vendor/lib:/opt/ros/humble/lib/x86_64-linux-gnu:/opt/ros/humble/lib /usr/bin/cmake --install /root/ros2_ws/build/sciurus17_examples
