[0.037s] Invoking command in '/root/ros2_ws/build/sciurus17_vision': CMAKE_PREFIX_PATH=${CMAKE_PREFIX_PATH}:/opt/ros/humble /usr/bin/cmake --build /root/ros2_ws/build/sciurus17_vision -- -j12 -l12
[0.148s] Invoked command in '/root/ros2_ws/build/sciurus17_vision' returned '0': CMAKE_PREFIX_PATH=${CMAKE_PREFIX_PATH}:/opt/ros/humble /usr/bin/cmake --build /root/ros2_ws/build/sciurus17_vision -- -j12 -l12
[0.175s] Invoking command in '/root/ros2_ws/build/sciurus17_vision': CMAKE_PREFIX_PATH=${CMAKE_PREFIX_PATH}:/opt/ros/humble /usr/bin/cmake --install /root/ros2_ws/build/sciurus17_vision
[0.192s] -- Install configuration: ""
[0.194s] -- Execute custom install script
[0.196s] -- Up-to-date symlink: /root/ros2_ws/install/sciurus17_vision/share/sciurus17_vision//config/chest_camera_info.yaml
[0.199s] -- Up-to-date symlink: /root/ros2_ws/install/sciurus17_vision/share/sciurus17_vision//launch/chest_camera.launch.py
[0.200s] -- Up-to-date symlink: /root/ros2_ws/install/sciurus17_vision/share/sciurus17_vision//launch/head_camera.launch.py
[0.201s] -- Up-to-date symlink: /root/ros2_ws/install/sciurus17_vision/share/ament_index/resource_index/package_run_dependencies/sciurus17_vision
[0.203s] -- Up-to-date symlink: /root/ros2_ws/install/sciurus17_vision/share/ament_index/resource_index/parent_prefix_path/sciurus17_vision
[0.204s] -- Up-to-date symlink: /root/ros2_ws/install/sciurus17_vision/share/sciurus17_vision/environment/ament_prefix_path.sh
[0.205s] -- Up-to-date symlink: /root/ros2_ws/install/sciurus17_vision/share/sciurus17_vision/environment/ament_prefix_path.dsv
[0.206s] -- Up-to-date symlink: /root/ros2_ws/install/sciurus17_vision/share/sciurus17_vision/environment/path.sh
[0.208s] -- Up-to-date symlink: /root/ros2_ws/install/sciurus17_vision/share/sciurus17_vision/environment/path.dsv
[0.209s] -- Up-to-date symlink: /root/ros2_ws/install/sciurus17_vision/share/sciurus17_vision/local_setup.bash
[0.211s] -- Up-to-date symlink: /root/ros2_ws/install/sciurus17_vision/share/sciurus17_vision/local_setup.sh
[0.212s] -- Up-to-date symlink: /root/ros2_ws/install/sciurus17_vision/share/sciurus17_vision/local_setup.zsh
[0.213s] -- Up-to-date symlink: /root/ros2_ws/install/sciurus17_vision/share/sciurus17_vision/local_setup.dsv
[0.213s] -- Symlinking: /root/ros2_ws/install/sciurus17_vision/share/sciurus17_vision/package.dsv
[0.242s] -- Up-to-date symlink: /root/ros2_ws/install/sciurus17_vision/share/ament_index/resource_index/packages/sciurus17_vision
[0.244s] -- Up-to-date symlink: /root/ros2_ws/install/sciurus17_vision/share/sciurus17_vision/cmake/sciurus17_visionConfig.cmake
[0.245s] -- Up-to-date symlink: /root/ros2_ws/install/sciurus17_vision/share/sciurus17_vision/cmake/sciurus17_visionConfig-version.cmake
[0.246s] -- Up-to-date symlink: /root/ros2_ws/install/sciurus17_vision/share/sciurus17_vision/package.xml
[0.254s] Invoked command in '/root/ros2_ws/build/sciurus17_vision' returned '0': CMAKE_PREFIX_PATH=${CMAKE_PREFIX_PATH}:/opt/ros/humble /usr/bin/cmake --install /root/ros2_ws/build/sciurus17_vision
