[0.065s] Invoking command in '/root/ros2_ws/build/sciurus17_vision': CMAKE_PREFIX_PATH=${CMAKE_PREFIX_PATH}:/opt/ros/humble /usr/bin/cmake --build /root/ros2_ws/build/sciurus17_vision -- -j12 -l12
[0.129s] Invoked command in '/root/ros2_ws/build/sciurus17_vision' returned '0': CMAKE_PREFIX_PATH=${CMAKE_PREFIX_PATH}:/opt/ros/humble /usr/bin/cmake --build /root/ros2_ws/build/sciurus17_vision -- -j12 -l12
[0.133s] Invoking command in '/root/ros2_ws/build/sciurus17_vision': CMAKE_PREFIX_PATH=${CMAKE_PREFIX_PATH}:/opt/ros/humble /usr/bin/cmake --install /root/ros2_ws/build/sciurus17_vision
[0.148s] -- Install configuration: ""
[0.149s] -- Execute custom install script
[0.153s] -- Up-to-date symlink: /root/ros2_ws/install/sciurus17_vision/share/sciurus17_vision//config/chest_camera_info.yaml
[0.153s] -- Up-to-date symlink: /root/ros2_ws/install/sciurus17_vision/share/sciurus17_vision//launch/chest_camera.launch.py
[0.153s] -- Up-to-date symlink: /root/ros2_ws/install/sciurus17_vision/share/sciurus17_vision//launch/head_camera.launch.py
[0.153s] -- Up-to-date symlink: /root/ros2_ws/install/sciurus17_vision/share/ament_index/resource_index/package_run_dependencies/sciurus17_vision
[0.153s] -- Up-to-date symlink: /root/ros2_ws/install/sciurus17_vision/share/ament_index/resource_index/parent_prefix_path/sciurus17_vision
[0.154s] -- Up-to-date symlink: /root/ros2_ws/install/sciurus17_vision/share/sciurus17_vision/environment/ament_prefix_path.sh
[0.154s] -- Up-to-date symlink: /root/ros2_ws/install/sciurus17_vision/share/sciurus17_vision/environment/ament_prefix_path.dsv
[0.154s] -- Up-to-date symlink: /root/ros2_ws/install/sciurus17_vision/share/sciurus17_vision/environment/path.sh
[0.155s] -- Up-to-date symlink: /root/ros2_ws/install/sciurus17_vision/share/sciurus17_vision/environment/path.dsv
[0.155s] -- Up-to-date symlink: /root/ros2_ws/install/sciurus17_vision/share/sciurus17_vision/local_setup.bash
[0.155s] -- Up-to-date symlink: /root/ros2_ws/install/sciurus17_vision/share/sciurus17_vision/local_setup.sh
[0.156s] -- Up-to-date symlink: /root/ros2_ws/install/sciurus17_vision/share/sciurus17_vision/local_setup.zsh
[0.156s] -- Up-to-date symlink: /root/ros2_ws/install/sciurus17_vision/share/sciurus17_vision/local_setup.dsv
[0.157s] -- Symlinking: /root/ros2_ws/install/sciurus17_vision/share/sciurus17_vision/package.dsv
[0.181s] -- Up-to-date symlink: /root/ros2_ws/install/sciurus17_vision/share/ament_index/resource_index/packages/sciurus17_vision
[0.184s] -- Up-to-date symlink: /root/ros2_ws/install/sciurus17_vision/share/sciurus17_vision/cmake/sciurus17_visionConfig.cmake
[0.185s] -- Up-to-date symlink: /root/ros2_ws/install/sciurus17_vision/share/sciurus17_vision/cmake/sciurus17_visionConfig-version.cmake
[0.186s] -- Up-to-date symlink: /root/ros2_ws/install/sciurus17_vision/share/sciurus17_vision/package.xml
[0.248s] Invoked command in '/root/ros2_ws/build/sciurus17_vision' returned '0': CMAKE_PREFIX_PATH=${CMAKE_PREFIX_PATH}:/opt/ros/humble /usr/bin/cmake --install /root/ros2_ws/build/sciurus17_vision
