[0.037s] Invoking command in '/root/ros2_ws/src/build/rt_manipulators_cpp': /usr/bin/cmake --build /root/ros2_ws/src/build/rt_manipulators_cpp -- -j12 -l12
[0.098s] [35m[1mConsolidate compiler generated dependencies of target dynamixel_sdk[0m
[0.102s] [35m[1mConsolidate compiler generated dependencies of target rt_manipulators_cpp[0m
[0.139s] [ 46%] Built target dynamixel_sdk
[0.170s] [100%] Built target rt_manipulators_cpp
[0.191s] Invoked command in '/root/ros2_ws/src/build/rt_manipulators_cpp' returned '0': /usr/bin/cmake --build /root/ros2_ws/src/build/rt_manipulators_cpp -- -j12 -l12
[0.209s] Invoking command in '/root/ros2_ws/src/build/rt_manipulators_cpp': /usr/bin/cmake --install /root/ros2_ws/src/build/rt_manipulators_cpp
[0.222s] -- Install configuration: ""
[0.222s] -- Up-to-date: /root/ros2_ws/src/install/rt_manipulators_cpp/lib/librt_manipulators_cpp.so.1.1.0
[0.222s] -- Up-to-date: /root/ros2_ws/src/install/rt_manipulators_cpp/lib/librt_manipulators_cpp.so.1
[0.223s] -- Up-to-date: /root/ros2_ws/src/install/rt_manipulators_cpp/lib/librt_manipulators_cpp.so
[0.224s] -- Up-to-date: /root/ros2_ws/src/install/rt_manipulators_cpp/include/rt_manipulators_cpp
[0.225s] -- Up-to-date: /root/ros2_ws/src/install/rt_manipulators_cpp/include/rt_manipulators_cpp/kinematics.hpp
[0.225s] -- Up-to-date: /root/ros2_ws/src/install/rt_manipulators_cpp/include/rt_manipulators_cpp/link.hpp
[0.225s] -- Up-to-date: /root/ros2_ws/src/install/rt_manipulators_cpp/include/rt_manipulators_cpp/hardware_joints.hpp
[0.225s] -- Up-to-date: /root/ros2_ws/src/install/rt_manipulators_cpp/include/rt_manipulators_cpp/config_file_parser.hpp
[0.225s] -- Up-to-date: /root/ros2_ws/src/install/rt_manipulators_cpp/include/rt_manipulators_cpp/dynamixel_p.hpp
[0.226s] -- Up-to-date: /root/ros2_ws/src/install/rt_manipulators_cpp/include/rt_manipulators_cpp/hardware.hpp
[0.226s] -- Up-to-date: /root/ros2_ws/src/install/rt_manipulators_cpp/include/rt_manipulators_cpp/dynamixel_ph42.hpp
[0.226s] -- Up-to-date: /root/ros2_ws/src/install/rt_manipulators_cpp/include/rt_manipulators_cpp/dynamixel_xh430.hpp
[0.226s] -- Up-to-date: /root/ros2_ws/src/install/rt_manipulators_cpp/include/rt_manipulators_cpp/kinematics_utils.hpp
[0.226s] -- Up-to-date: /root/ros2_ws/src/install/rt_manipulators_cpp/include/rt_manipulators_cpp/dynamixel_base.hpp
[0.226s] -- Up-to-date: /root/ros2_ws/src/install/rt_manipulators_cpp/include/rt_manipulators_cpp/dynamixel_x.hpp
[0.227s] -- Up-to-date: /root/ros2_ws/src/install/rt_manipulators_cpp/include/rt_manipulators_cpp/dynamixel_xm430.hpp
[0.228s] -- Up-to-date: /root/ros2_ws/src/install/rt_manipulators_cpp/include/rt_manipulators_cpp/joint.hpp
[0.228s] -- Up-to-date: /root/ros2_ws/src/install/rt_manipulators_cpp/include/rt_manipulators_cpp/dynamixel_xm540.hpp
[0.229s] -- Up-to-date: /root/ros2_ws/src/install/rt_manipulators_cpp/include/rt_manipulators_cpp/hardware_communicator.hpp
[0.230s] -- Up-to-date: /root/ros2_ws/src/install/rt_manipulators_cpp/include/rt_manipulators_cpp/dynamixel_xh540.hpp
[0.231s] Invoked command in '/root/ros2_ws/src/build/rt_manipulators_cpp' returned '0': /usr/bin/cmake --install /root/ros2_ws/src/build/rt_manipulators_cpp
