[0.033s] Invoking command in '/root/ros2_ws/build/dynamixel_sdk': CMAKE_PREFIX_PATH=${CMAKE_PREFIX_PATH}:/opt/ros/humble /usr/bin/cmake --build /root/ros2_ws/build/dynamixel_sdk -- -j12 -l12
[0.131s] [35m[1mConsolidate compiler generated dependencies of target dynamixel_sdk[0m
[0.169s] [100%] Built target dynamixel_sdk
[0.190s] Invoked command in '/root/ros2_ws/build/dynamixel_sdk' returned '0': CMAKE_PREFIX_PATH=${CMAKE_PREFIX_PATH}:/opt/ros/humble /usr/bin/cmake --build /root/ros2_ws/build/dynamixel_sdk -- -j12 -l12
[0.210s] Invoking command in '/root/ros2_ws/build/dynamixel_sdk': CMAKE_PREFIX_PATH=${CMAKE_PREFIX_PATH}:/opt/ros/humble /usr/bin/cmake --install /root/ros2_ws/build/dynamixel_sdk
[0.222s] -- Install configuration: ""
[0.224s] -- Execute custom install script
[0.226s] -- Up-to-date symlink: /root/ros2_ws/install/dynamixel_sdk/include//dynamixel_sdk/dynamixel_sdk.h
[0.227s] -- Up-to-date symlink: /root/ros2_ws/install/dynamixel_sdk/include//dynamixel_sdk/group_bulk_read.h
[0.228s] -- Up-to-date symlink: /root/ros2_ws/install/dynamixel_sdk/include//dynamixel_sdk/group_bulk_write.h
[0.229s] -- Up-to-date symlink: /root/ros2_ws/install/dynamixel_sdk/include//dynamixel_sdk/group_fast_bulk_read.h
[0.229s] -- Up-to-date symlink: /root/ros2_ws/install/dynamixel_sdk/include//dynamixel_sdk/group_fast_sync_read.h
[0.230s] -- Up-to-date symlink: /root/ros2_ws/install/dynamixel_sdk/include//dynamixel_sdk/group_handler.h
[0.231s] -- Up-to-date symlink: /root/ros2_ws/install/dynamixel_sdk/include//dynamixel_sdk/group_sync_read.h
[0.232s] -- Up-to-date symlink: /root/ros2_ws/install/dynamixel_sdk/include//dynamixel_sdk/group_sync_write.h
[0.232s] -- Up-to-date symlink: /root/ros2_ws/install/dynamixel_sdk/include//dynamixel_sdk/packet_handler.h
[0.233s] -- Up-to-date symlink: /root/ros2_ws/install/dynamixel_sdk/include//dynamixel_sdk/port_handler.h
[0.234s] -- Up-to-date symlink: /root/ros2_ws/install/dynamixel_sdk/include//dynamixel_sdk/port_handler_arduino.h
[0.235s] -- Up-to-date symlink: /root/ros2_ws/install/dynamixel_sdk/include//dynamixel_sdk/port_handler_linux.h
[0.236s] -- Up-to-date symlink: /root/ros2_ws/install/dynamixel_sdk/include//dynamixel_sdk/port_handler_mac.h
[0.237s] -- Up-to-date symlink: /root/ros2_ws/install/dynamixel_sdk/include//dynamixel_sdk/port_handler_windows.h
[0.237s] -- Up-to-date symlink: /root/ros2_ws/install/dynamixel_sdk/include//dynamixel_sdk/protocol1_packet_handler.h
[0.238s] -- Up-to-date symlink: /root/ros2_ws/install/dynamixel_sdk/include//dynamixel_sdk/protocol2_packet_handler.h
[0.240s] -- Up-to-date symlink: /root/ros2_ws/install/dynamixel_sdk/lib/libdynamixel_sdk.so
[0.241s] -- Up-to-date symlink: /root/ros2_ws/install/dynamixel_sdk/share/dynamixel_sdk/environment/library_path.sh
[0.242s] -- Up-to-date symlink: /root/ros2_ws/install/dynamixel_sdk/share/dynamixel_sdk/environment/library_path.dsv
[0.242s] -- Up-to-date symlink: /root/ros2_ws/install/dynamixel_sdk/share/ament_index/resource_index/package_run_dependencies/dynamixel_sdk
[0.244s] -- Up-to-date symlink: /root/ros2_ws/install/dynamixel_sdk/share/ament_index/resource_index/parent_prefix_path/dynamixel_sdk
[0.245s] -- Up-to-date symlink: /root/ros2_ws/install/dynamixel_sdk/share/dynamixel_sdk/environment/ament_prefix_path.sh
[0.246s] -- Up-to-date symlink: /root/ros2_ws/install/dynamixel_sdk/share/dynamixel_sdk/environment/ament_prefix_path.dsv
[0.246s] -- Up-to-date symlink: /root/ros2_ws/install/dynamixel_sdk/share/dynamixel_sdk/environment/path.sh
[0.247s] -- Up-to-date symlink: /root/ros2_ws/install/dynamixel_sdk/share/dynamixel_sdk/environment/path.dsv
[0.248s] -- Up-to-date symlink: /root/ros2_ws/install/dynamixel_sdk/share/dynamixel_sdk/local_setup.bash
[0.249s] -- Up-to-date symlink: /root/ros2_ws/install/dynamixel_sdk/share/dynamixel_sdk/local_setup.sh
[0.250s] -- Up-to-date symlink: /root/ros2_ws/install/dynamixel_sdk/share/dynamixel_sdk/local_setup.zsh
[0.251s] -- Up-to-date symlink: /root/ros2_ws/install/dynamixel_sdk/share/dynamixel_sdk/local_setup.dsv
[0.251s] -- Symlinking: /root/ros2_ws/install/dynamixel_sdk/share/dynamixel_sdk/package.dsv
[0.268s] -- Up-to-date symlink: /root/ros2_ws/install/dynamixel_sdk/share/ament_index/resource_index/packages/dynamixel_sdk
[0.269s] -- Up-to-date symlink: /root/ros2_ws/install/dynamixel_sdk/share/dynamixel_sdk/cmake/ament_cmake_export_include_directories-extras.cmake
[0.270s] -- Up-to-date symlink: /root/ros2_ws/install/dynamixel_sdk/share/dynamixel_sdk/cmake/ament_cmake_export_libraries-extras.cmake
[0.271s] -- Up-to-date symlink: /root/ros2_ws/install/dynamixel_sdk/share/dynamixel_sdk/cmake/dynamixel_sdkConfig.cmake
[0.272s] -- Up-to-date symlink: /root/ros2_ws/install/dynamixel_sdk/share/dynamixel_sdk/cmake/dynamixel_sdkConfig-version.cmake
[0.272s] -- Up-to-date symlink: /root/ros2_ws/install/dynamixel_sdk/share/dynamixel_sdk/package.xml
[0.277s] Invoked command in '/root/ros2_ws/build/dynamixel_sdk' returned '0': CMAKE_PREFIX_PATH=${CMAKE_PREFIX_PATH}:/opt/ros/humble /usr/bin/cmake --install /root/ros2_ws/build/dynamixel_sdk
