-- Found ament_cmake: 1.3.11 (/opt/ros/humble/share/ament_cmake/cmake)
-- Override CMake install command with custom implementation using symlinks instead of copying resources
-- Found angles: 1.15.0 (/opt/ros/humble/share/angles/cmake)
-- Found cv_bridge: 3.2.1 (/opt/ros/humble/share/cv_bridge/cmake)
-- Found rosidl_generator_c: 3.1.6 (/opt/ros/humble/share/rosidl_generator_c/cmake)
-- Found rosidl_adapter: 3.1.6 (/opt/ros/humble/share/rosidl_adapter/cmake)
-- Found rosidl_generator_cpp: 3.1.6 (/opt/ros/humble/share/rosidl_generator_cpp/cmake)
-- Using all available rosidl_typesupport_c: rosidl_typesupport_fastrtps_c;rosidl_typesupport_introspection_c
-- Using all available rosidl_typesupport_cpp: rosidl_typesupport_fastrtps_cpp;rosidl_typesupport_introspection_cpp
-- Found control_msgs: 4.7.0 (/opt/ros/humble/share/control_msgs/cmake)
-- Found image_geometry: 3.2.1 (/opt/ros/humble/share/image_geometry/cmake)
-- Found moveit_ros_planning_interface: 2.5.7 (/opt/ros/humble/share/moveit_ros_planning_interface/cmake)
-- Found Boost: /usr/lib/x86_64-linux-gnu/cmake/Boost-1.74.0/BoostConfig.cmake (found version "1.74.0") found components: date_time filesystem program_options system thread 
-- Found Boost: /usr/lib/x86_64-linux-gnu/cmake/Boost-1.74.0/BoostConfig.cmake (found version "1.74.0") found components: chrono date_time filesystem iostreams program_options regex serialization system thread 
-- Found parameter_traits: 0.4.0 (/opt/ros/humble/share/parameter_traits/cmake)
-- Found rmw_implementation_cmake: 6.1.2 (/opt/ros/humble/share/rmw_implementation_cmake/cmake)
-- Found rmw_fastrtps_cpp: 6.2.7 (/opt/ros/humble/share/rmw_fastrtps_cpp/cmake)
-- Using RMW implementation 'rmw_fastrtps_cpp' as default
-- Found rclcpp_lifecycle: 16.0.11 (/opt/ros/humble/share/rclcpp_lifecycle/cmake)
-- Found Boost: /usr/lib/x86_64-linux-gnu/cmake/Boost-1.74.0/BoostConfig.cmake (found version "1.74.0") found components: filesystem 
-- library: /usr/lib/x86_64-linux-gnu/libcurl.so
-- Ensuring Eigen3 include directory is part of orocos-kdl CMake target
-- Found Boost: /usr/lib/x86_64-linux-gnu/cmake/Boost-1.74.0/BoostConfig.cmake (found version "1.74.0") found components: system filesystem date_time program_options thread chrono 
-- Found Boost: /usr/lib/x86_64-linux-gnu/cmake/Boost-1.74.0/BoostConfig.cmake (found version "1.74.0") found components: thread system filesystem regex date_time program_options 
-- Found Boost: /usr/lib/x86_64-linux-gnu/cmake/Boost-1.74.0/BoostConfig.cmake (found version "1.74.0") found components: system filesystem date_time program_options thread 
-- Found pcl_conversions: 2.4.5 (/opt/ros/humble/share/pcl_conversions/cmake)
-- Eigen found (include: /usr/include/eigen3, version: 3.4.0)
-- FLANN found (include: /usr/include, lib: /usr/lib/x86_64-linux-gnu/libflann_cpp.so)
-- OpenNI found (version: 1.5.4.0, include: /usr/include/ni, lib: /usr/lib/libOpenNI.so;libusb::libusb)
-- OpenNI2 found (version: 2.2.0.33, include: /usr/include/openni2, lib: /usr/lib/x86_64-linux-gnu/libOpenNI2.so;libusb::libusb)
-- Eigen found (include: /usr/include/eigen3, version: 3.4.0)
-- OpenNI found (version: 1.5.4.0, include: /usr/include/ni, lib: /usr/lib/libOpenNI.so;libusb::libusb)
-- OpenNI2 found (version: 2.2.0.33, include: /usr/include/openni2, lib: /usr/lib/x86_64-linux-gnu/libOpenNI2.so;libusb::libusb)
-- Found Qhull version 8.0.2
-- OpenNI found (version: 1.5.4.0, include: /usr/include/ni, lib: /usr/lib/libOpenNI.so;libusb::libusb)
-- Found pcl_ros: 2.4.5 (/opt/ros/humble/share/pcl_ros/cmake)
-- Found ament_lint_auto: 0.12.11 (/opt/ros/humble/share/ament_lint_auto/cmake)
-- Added test 'copyright' to check source files copyright and LICENSE
-- Added test 'cppcheck' to perform static code analysis on C / C++ code
-- Configured cppcheck include dirs: /root/ros2_ws/src/sciurus17_ros/sciurus17_examples/include;$<BUILD_INTERFACE:/root/ros2_ws/src/sciurus17_ros/sciurus17_examples/include>
-- Configured cppcheck exclude dirs and/or files: 
-- Added test 'cpplint' to check C / C++ code against the Google style
-- Configured cpplint exclude dirs and/or files: 
-- Added test 'flake8' to check Python code syntax and style conventions
-- Added test 'lint_cmake' to check CMake code style
-- Added test 'pep257' to check Python code against some of the docstring style conventions in PEP 257
-- Added test 'uncrustify' to check C / C++ code style
-- Configured uncrustify additional arguments: 
-- Added test 'xmllint' to check XML markup files
-- Configuring done
-- Generating done
-- Build files have been written to: /root/ros2_ws/build/sciurus17_examples
[35m[1mConsolidate compiler generated dependencies of target object_tracker[0m
[35m[1mConsolidate compiler generated dependencies of target color_detection[0m
[35m[1mConsolidate compiler generated dependencies of target pose_presets[0m
[35m[1mConsolidate compiler generated dependencies of target waist_jt_control[0m
[35m[1mConsolidate compiler generated dependencies of target neck_jt_control[0m
[ 29%] Built target object_tracker
[ 29%] Built target waist_jt_control
[ 29%] Built target pose_presets
[ 33%] Built target neck_jt_control
[ 41%] Built target color_detection
[35m[1mConsolidate compiler generated dependencies of target gripper_control[0m
[35m[1mConsolidate compiler generated dependencies of target pick_and_place_right_arm_waist[0m
[35m[1mConsolidate compiler generated dependencies of target neck_control[0m
[35m[1mConsolidate compiler generated dependencies of target waist_control[0m
[35m[1mConsolidate compiler generated dependencies of target pick_and_place_left_arm[0m
[35m[1mConsolidate compiler generated dependencies of target point_cloud_detection[0m
[35m[1mConsolidate compiler generated dependencies of target pick_and_place_tf[0m
[ 58%] Built target waist_control
[ 58%] Built target gripper_control
[ 66%] Built target neck_control
[ 75%] Built target pick_and_place_right_arm_waist
[ 83%] Built target pick_and_place_tf
[ 91%] Built target pick_and_place_left_arm
[100%] Built target point_cloud_detection
-- Install configuration: ""
-- Execute custom install script
-- Up-to-date symlink: /root/ros2_ws/install/sciurus17_examples/share/sciurus17_examples/environment/library_path.sh
-- Up-to-date symlink: /root/ros2_ws/install/sciurus17_examples/share/sciurus17_examples/environment/library_path.dsv
-- Up-to-date symlink: /root/ros2_ws/install/sciurus17_examples/include/pose_presets/pose_presets.hpp
-- Up-to-date symlink: /root/ros2_ws/install/sciurus17_examples/include/pose_presets/sciurus17_examples/color_detection.hpp
-- Up-to-date symlink: /root/ros2_ws/install/sciurus17_examples/include/pose_presets/sciurus17_examples/neck_jt_control.hpp
-- Up-to-date symlink: /root/ros2_ws/install/sciurus17_examples/include/pose_presets/sciurus17_examples/object_tracker.hpp
-- Up-to-date symlink: /root/ros2_ws/install/sciurus17_examples/include/pose_presets/sciurus17_examples/waist_jt_control.hpp
-- Up-to-date symlink: /root/ros2_ws/install/sciurus17_examples/lib/sciurus17_examples/gripper_control
-- Up-to-date symlink: /root/ros2_ws/install/sciurus17_examples/lib/sciurus17_examples/neck_control
-- Up-to-date symlink: /root/ros2_ws/install/sciurus17_examples/lib/sciurus17_examples/waist_control
-- Up-to-date symlink: /root/ros2_ws/install/sciurus17_examples/lib/sciurus17_examples/pick_and_place_right_arm_waist
-- Up-to-date symlink: /root/ros2_ws/install/sciurus17_examples/lib/sciurus17_examples/pick_and_place_left_arm
-- Up-to-date symlink: /root/ros2_ws/install/sciurus17_examples/lib/sciurus17_examples/pick_and_place_tf
-- Up-to-date symlink: /root/ros2_ws/install/sciurus17_examples/lib/sciurus17_examples/point_cloud_detection
-- Up-to-date symlink: /root/ros2_ws/install/sciurus17_examples/share/sciurus17_examples//launch/camera_example.launch.py
-- Up-to-date symlink: /root/ros2_ws/install/sciurus17_examples/share/sciurus17_examples//launch/chest_camera_tracking.launch.py
-- Up-to-date symlink: /root/ros2_ws/install/sciurus17_examples/share/sciurus17_examples//launch/demo.launch.py
-- Up-to-date symlink: /root/ros2_ws/install/sciurus17_examples/share/sciurus17_examples//launch/example.launch.py
-- Up-to-date symlink: /root/ros2_ws/install/sciurus17_examples/share/sciurus17_examples//launch/head_camera_tracking.launch.py
-- Up-to-date symlink: /root/ros2_ws/install/sciurus17_examples/share/ament_index/resource_index/package_run_dependencies/sciurus17_examples
-- Up-to-date symlink: /root/ros2_ws/install/sciurus17_examples/share/ament_index/resource_index/parent_prefix_path/sciurus17_examples
-- Up-to-date symlink: /root/ros2_ws/install/sciurus17_examples/share/sciurus17_examples/environment/ament_prefix_path.sh
-- Up-to-date symlink: /root/ros2_ws/install/sciurus17_examples/share/sciurus17_examples/environment/ament_prefix_path.dsv
-- Up-to-date symlink: /root/ros2_ws/install/sciurus17_examples/share/sciurus17_examples/environment/path.sh
-- Up-to-date symlink: /root/ros2_ws/install/sciurus17_examples/share/sciurus17_examples/environment/path.dsv
-- Up-to-date symlink: /root/ros2_ws/install/sciurus17_examples/share/sciurus17_examples/local_setup.bash
-- Up-to-date symlink: /root/ros2_ws/install/sciurus17_examples/share/sciurus17_examples/local_setup.sh
-- Up-to-date symlink: /root/ros2_ws/install/sciurus17_examples/share/sciurus17_examples/local_setup.zsh
-- Up-to-date symlink: /root/ros2_ws/install/sciurus17_examples/share/sciurus17_examples/local_setup.dsv
-- Symlinking: /root/ros2_ws/install/sciurus17_examples/share/sciurus17_examples/package.dsv
-- Up-to-date symlink: /root/ros2_ws/install/sciurus17_examples/share/ament_index/resource_index/packages/sciurus17_examples
-- Up-to-date symlink: /root/ros2_ws/install/sciurus17_examples/share/ament_index/resource_index/rclcpp_components/sciurus17_examples
-- Up-to-date symlink: /root/ros2_ws/install/sciurus17_examples/share/sciurus17_examples/cmake/ament_cmake_export_targets-extras.cmake
-- Up-to-date symlink: /root/ros2_ws/install/sciurus17_examples/share/sciurus17_examples/cmake/ament_cmake_export_dependencies-extras.cmake
-- Up-to-date symlink: /root/ros2_ws/install/sciurus17_examples/share/sciurus17_examples/cmake/sciurus17_examplesConfig.cmake
-- Up-to-date symlink: /root/ros2_ws/install/sciurus17_examples/share/sciurus17_examples/cmake/sciurus17_examplesConfig-version.cmake
-- Up-to-date symlink: /root/ros2_ws/install/sciurus17_examples/share/sciurus17_examples/package.xml
-- Up-to-date: /root/ros2_ws/install/sciurus17_examples/lib/libcolor_detection.so
-- Up-to-date: /root/ros2_ws/install/sciurus17_examples/lib/libneck_jt_control.so
-- Up-to-date: /root/ros2_ws/install/sciurus17_examples/lib/libobject_tracker.so
-- Up-to-date: /root/ros2_ws/install/sciurus17_examples/lib/libwaist_jt_control.so
-- Up-to-date: /root/ros2_ws/install/sciurus17_examples/lib/libpose_presets.so
-- Up-to-date: /root/ros2_ws/install/sciurus17_examples/share/sciurus17_examples/cmake/export_pose_presetsExport.cmake
-- Up-to-date: /root/ros2_ws/install/sciurus17_examples/share/sciurus17_examples/cmake/export_pose_presetsExport-noconfig.cmake
