[0.020s] Invoking command in '/root/ros2_ws/build/sciurus17_examples': CMAKE_PREFIX_PATH=/root/ros2_ws/install/sciurus17_moveit_config:/root/ros2_ws/install/sciurus17_control:/root/ros2_ws/install/sciurus17_description:/root/ros2_ws/install/dynamixel_sdk:/root/ros2_ws/install/sciurus17:/root/ros2_ws/install/sciurus17_examples:/root/ros2_ws/install/dynamixel_sdk_examples:/root/ros2_ws/install/sciurus17_vision:/root/ros2_ws/install/sciurus17_tools:/root/ros2_ws/install/sciurus17_gazebo:/root/ros2_ws/install/dynamixel_sdk_custom_interfaces:/root/ros2_ws/install/dynamixel_sdk:/opt/ros/humble LD_LIBRARY_PATH=/root/ros2_ws/install/sciurus17_control/lib:/root/ros2_ws/install/rt_manipulators_cpp/lib:/root/ros2_ws/install/sciurus17_examples/lib:/root/ros2_ws/install/lib:/root/ros2_ws/install/dynamixel_sdk_custom_interfaces/lib:/root/ros2_ws/install/dynamixel_sdk/lib:/root/ros2_ws/src/DynamixelSDK/c++/build/win64:/opt/ros/humble/opt/rviz_ogre_vendor/lib:/opt/ros/humble/lib/x86_64-linux-gnu:/opt/ros/humble/lib /usr/bin/cmake /root/ros2_ws/src/sciurus17_ros/sciurus17_examples -DCMAKE_INSTALL_PREFIX=/root/ros2_ws/install/sciurus17_examples
[0.034s] -- Found ament_cmake: 1.3.11 (/opt/ros/humble/share/ament_cmake/cmake)
[0.163s] -- Override CMake install command with custom implementation using symlinks instead of copying resources
[0.172s] -- Found angles: 1.15.0 (/opt/ros/humble/share/angles/cmake)
[0.175s] -- Found cv_bridge: 3.2.1 (/opt/ros/humble/share/cv_bridge/cmake)
[0.208s] -- Found rosidl_generator_c: 3.1.6 (/opt/ros/humble/share/rosidl_generator_c/cmake)
[0.211s] -- Found rosidl_adapter: 3.1.6 (/opt/ros/humble/share/rosidl_adapter/cmake)
[0.216s] -- Found rosidl_generator_cpp: 3.1.6 (/opt/ros/humble/share/rosidl_generator_cpp/cmake)
[0.225s] -- Using all available rosidl_typesupport_c: rosidl_typesupport_fastrtps_c;rosidl_typesupport_introspection_c
[0.240s] -- Using all available rosidl_typesupport_cpp: rosidl_typesupport_fastrtps_cpp;rosidl_typesupport_introspection_cpp
[0.297s] -- Found control_msgs: 4.7.0 (/opt/ros/humble/share/control_msgs/cmake)
[0.371s] -- Found image_geometry: 3.2.1 (/opt/ros/humble/share/image_geometry/cmake)
[0.374s] -- Found moveit_ros_planning_interface: 2.5.7 (/opt/ros/humble/share/moveit_ros_planning_interface/cmake)
[0.393s] -- Found Boost: /usr/lib/x86_64-linux-gnu/cmake/Boost-1.74.0/BoostConfig.cmake (found version "1.74.0") found components: date_time filesystem program_options system thread 
[0.506s] -- Found Boost: /usr/lib/x86_64-linux-gnu/cmake/Boost-1.74.0/BoostConfig.cmake (found version "1.74.0") found components: chrono date_time filesystem iostreams program_options regex serialization system thread 
[0.538s] -- Found parameter_traits: 0.4.0 (/opt/ros/humble/share/parameter_traits/cmake)
[0.565s] -- Found rmw_implementation_cmake: 6.1.2 (/opt/ros/humble/share/rmw_implementation_cmake/cmake)
[0.567s] -- Found rmw_fastrtps_cpp: 6.2.7 (/opt/ros/humble/share/rmw_fastrtps_cpp/cmake)
[0.700s] -- Using RMW implementation 'rmw_fastrtps_cpp' as default
[0.748s] -- Found rclcpp_lifecycle: 16.0.11 (/opt/ros/humble/share/rclcpp_lifecycle/cmake)
[0.770s] -- Found Boost: /usr/lib/x86_64-linux-gnu/cmake/Boost-1.74.0/BoostConfig.cmake (found version "1.74.0") found components: filesystem 
[0.823s] -- library: /usr/lib/x86_64-linux-gnu/libcurl.so
[0.857s] -- Ensuring Eigen3 include directory is part of orocos-kdl CMake target
[1.010s] -- Found Boost: /usr/lib/x86_64-linux-gnu/cmake/Boost-1.74.0/BoostConfig.cmake (found version "1.74.0") found components: system filesystem date_time program_options thread chrono 
[1.044s] -- Found Boost: /usr/lib/x86_64-linux-gnu/cmake/Boost-1.74.0/BoostConfig.cmake (found version "1.74.0") found components: thread system filesystem regex date_time program_options 
[1.067s] -- Found Boost: /usr/lib/x86_64-linux-gnu/cmake/Boost-1.74.0/BoostConfig.cmake (found version "1.74.0") found components: system filesystem date_time program_options thread 
[1.104s] -- Found pcl_conversions: 2.4.5 (/opt/ros/humble/share/pcl_conversions/cmake)
[1.147s] -- Eigen found (include: /usr/include/eigen3, version: 3.4.0)
[1.181s] -- FLANN found (include: /usr/include, lib: /usr/lib/x86_64-linux-gnu/libflann_cpp.so)
[1.710s] -- OpenNI found (version: 1.5.4.0, include: /usr/include/ni, lib: /usr/lib/libOpenNI.so;libusb::libusb)
[1.717s] -- OpenNI2 found (version: 2.2.0.33, include: /usr/include/openni2, lib: /usr/lib/x86_64-linux-gnu/libOpenNI2.so;libusb::libusb)
[1.918s] -- Eigen found (include: /usr/include/eigen3, version: 3.4.0)
[1.930s] -- OpenNI found (version: 1.5.4.0, include: /usr/include/ni, lib: /usr/lib/libOpenNI.so;libusb::libusb)
[1.944s] -- OpenNI2 found (version: 2.2.0.33, include: /usr/include/openni2, lib: /usr/lib/x86_64-linux-gnu/libOpenNI2.so;libusb::libusb)
[2.116s] -- Found Qhull version 8.0.2
[2.277s] -- OpenNI found (version: 1.5.4.0, include: /usr/include/ni, lib: /usr/lib/libOpenNI.so;libusb::libusb)
[2.438s] -- Found pcl_ros: 2.4.5 (/opt/ros/humble/share/pcl_ros/cmake)
[2.551s] -- Found ament_lint_auto: 0.12.11 (/opt/ros/humble/share/ament_lint_auto/cmake)
[2.639s] -- Added test 'copyright' to check source files copyright and LICENSE
[2.641s] -- Added test 'cppcheck' to perform static code analysis on C / C++ code
[2.643s] -- Configured cppcheck include dirs: /root/ros2_ws/src/sciurus17_ros/sciurus17_examples/include;$<BUILD_INTERFACE:/root/ros2_ws/src/sciurus17_ros/sciurus17_examples/include>
[2.643s] -- Configured cppcheck exclude dirs and/or files: 
[2.645s] -- Added test 'cpplint' to check C / C++ code against the Google style
[2.645s] -- Configured cpplint exclude dirs and/or files: 
[2.645s] -- Added test 'flake8' to check Python code syntax and style conventions
[2.646s] -- Added test 'lint_cmake' to check CMake code style
[2.647s] -- Added test 'pep257' to check Python code against some of the docstring style conventions in PEP 257
[2.648s] -- Added test 'uncrustify' to check C / C++ code style
[2.648s] -- Configured uncrustify additional arguments: 
[2.649s] -- Added test 'xmllint' to check XML markup files
[2.652s] -- Configuring done
[3.222s] -- Generating done
[3.349s] -- Build files have been written to: /root/ros2_ws/build/sciurus17_examples
[3.376s] Invoked command in '/root/ros2_ws/build/sciurus17_examples' returned '0': CMAKE_PREFIX_PATH=/root/ros2_ws/install/sciurus17_moveit_config:/root/ros2_ws/install/sciurus17_control:/root/ros2_ws/install/sciurus17_description:/root/ros2_ws/install/dynamixel_sdk:/root/ros2_ws/install/sciurus17:/root/ros2_ws/install/sciurus17_examples:/root/ros2_ws/install/dynamixel_sdk_examples:/root/ros2_ws/install/sciurus17_vision:/root/ros2_ws/install/sciurus17_tools:/root/ros2_ws/install/sciurus17_gazebo:/root/ros2_ws/install/dynamixel_sdk_custom_interfaces:/root/ros2_ws/install/dynamixel_sdk:/opt/ros/humble LD_LIBRARY_PATH=/root/ros2_ws/install/sciurus17_control/lib:/root/ros2_ws/install/rt_manipulators_cpp/lib:/root/ros2_ws/install/sciurus17_examples/lib:/root/ros2_ws/install/lib:/root/ros2_ws/install/dynamixel_sdk_custom_interfaces/lib:/root/ros2_ws/install/dynamixel_sdk/lib:/root/ros2_ws/src/DynamixelSDK/c++/build/win64:/opt/ros/humble/opt/rviz_ogre_vendor/lib:/opt/ros/humble/lib/x86_64-linux-gnu:/opt/ros/humble/lib /usr/bin/cmake /root/ros2_ws/src/sciurus17_ros/sciurus17_examples -DCMAKE_INSTALL_PREFIX=/root/ros2_ws/install/sciurus17_examples
[3.378s] Invoking command in '/root/ros2_ws/build/sciurus17_examples': CMAKE_PREFIX_PATH=/root/ros2_ws/install/sciurus17_moveit_config:/root/ros2_ws/install/sciurus17_control:/root/ros2_ws/install/sciurus17_description:/root/ros2_ws/install/dynamixel_sdk:/root/ros2_ws/install/sciurus17:/root/ros2_ws/install/sciurus17_examples:/root/ros2_ws/install/dynamixel_sdk_examples:/root/ros2_ws/install/sciurus17_vision:/root/ros2_ws/install/sciurus17_tools:/root/ros2_ws/install/sciurus17_gazebo:/root/ros2_ws/install/dynamixel_sdk_custom_interfaces:/root/ros2_ws/install/dynamixel_sdk:/opt/ros/humble LD_LIBRARY_PATH=/root/ros2_ws/install/sciurus17_control/lib:/root/ros2_ws/install/rt_manipulators_cpp/lib:/root/ros2_ws/install/sciurus17_examples/lib:/root/ros2_ws/install/lib:/root/ros2_ws/install/dynamixel_sdk_custom_interfaces/lib:/root/ros2_ws/install/dynamixel_sdk/lib:/root/ros2_ws/src/DynamixelSDK/c++/build/win64:/opt/ros/humble/opt/rviz_ogre_vendor/lib:/opt/ros/humble/lib/x86_64-linux-gnu:/opt/ros/humble/lib /usr/bin/cmake --build /root/ros2_ws/build/sciurus17_examples -- -j12 -l12
[3.433s] [35m[1mConsolidate compiler generated dependencies of target object_tracker[0m
[3.433s] [35m[1mConsolidate compiler generated dependencies of target color_detection[0m
[3.434s] [35m[1mConsolidate compiler generated dependencies of target pose_presets[0m
[3.434s] [35m[1mConsolidate compiler generated dependencies of target waist_jt_control[0m
[3.435s] [35m[1mConsolidate compiler generated dependencies of target neck_jt_control[0m
[3.468s] [ 29%] Built target object_tracker
[3.468s] [ 29%] Built target waist_jt_control
[3.468s] [ 29%] Built target pose_presets
[3.469s] [ 33%] Built target neck_jt_control
[3.469s] [ 41%] Built target color_detection
[3.486s] [35m[1mConsolidate compiler generated dependencies of target gripper_control[0m
[3.486s] [35m[1mConsolidate compiler generated dependencies of target pick_and_place_right_arm_waist[0m
[3.486s] [35m[1mConsolidate compiler generated dependencies of target neck_control[0m
[3.486s] [35m[1mConsolidate compiler generated dependencies of target waist_control[0m
[3.487s] [35m[1mConsolidate compiler generated dependencies of target pick_and_place_left_arm[0m
[3.487s] [35m[1mConsolidate compiler generated dependencies of target point_cloud_detection[0m
[3.487s] [35m[1mConsolidate compiler generated dependencies of target pick_and_place_tf[0m
[3.531s] [ 58%] Built target waist_control
[3.531s] [ 58%] Built target gripper_control
[3.532s] [ 66%] Built target neck_control
[3.533s] [ 75%] Built target pick_and_place_right_arm_waist
[3.533s] [ 83%] Built target pick_and_place_tf
[3.534s] [ 91%] Built target pick_and_place_left_arm
[3.546s] [100%] Built target point_cloud_detection
[3.560s] Invoked command in '/root/ros2_ws/build/sciurus17_examples' returned '0': CMAKE_PREFIX_PATH=/root/ros2_ws/install/sciurus17_moveit_config:/root/ros2_ws/install/sciurus17_control:/root/ros2_ws/install/sciurus17_description:/root/ros2_ws/install/dynamixel_sdk:/root/ros2_ws/install/sciurus17:/root/ros2_ws/install/sciurus17_examples:/root/ros2_ws/install/dynamixel_sdk_examples:/root/ros2_ws/install/sciurus17_vision:/root/ros2_ws/install/sciurus17_tools:/root/ros2_ws/install/sciurus17_gazebo:/root/ros2_ws/install/dynamixel_sdk_custom_interfaces:/root/ros2_ws/install/dynamixel_sdk:/opt/ros/humble LD_LIBRARY_PATH=/root/ros2_ws/install/sciurus17_control/lib:/root/ros2_ws/install/rt_manipulators_cpp/lib:/root/ros2_ws/install/sciurus17_examples/lib:/root/ros2_ws/install/lib:/root/ros2_ws/install/dynamixel_sdk_custom_interfaces/lib:/root/ros2_ws/install/dynamixel_sdk/lib:/root/ros2_ws/src/DynamixelSDK/c++/build/win64:/opt/ros/humble/opt/rviz_ogre_vendor/lib:/opt/ros/humble/lib/x86_64-linux-gnu:/opt/ros/humble/lib /usr/bin/cmake --build /root/ros2_ws/build/sciurus17_examples -- -j12 -l12
[3.563s] Invoking command in '/root/ros2_ws/build/sciurus17_examples': CMAKE_PREFIX_PATH=/root/ros2_ws/install/sciurus17_moveit_config:/root/ros2_ws/install/sciurus17_control:/root/ros2_ws/install/sciurus17_description:/root/ros2_ws/install/dynamixel_sdk:/root/ros2_ws/install/sciurus17:/root/ros2_ws/install/sciurus17_examples:/root/ros2_ws/install/dynamixel_sdk_examples:/root/ros2_ws/install/sciurus17_vision:/root/ros2_ws/install/sciurus17_tools:/root/ros2_ws/install/sciurus17_gazebo:/root/ros2_ws/install/dynamixel_sdk_custom_interfaces:/root/ros2_ws/install/dynamixel_sdk:/opt/ros/humble LD_LIBRARY_PATH=/root/ros2_ws/install/sciurus17_control/lib:/root/ros2_ws/install/rt_manipulators_cpp/lib:/root/ros2_ws/install/sciurus17_examples/lib:/root/ros2_ws/install/lib:/root/ros2_ws/install/dynamixel_sdk_custom_interfaces/lib:/root/ros2_ws/install/dynamixel_sdk/lib:/root/ros2_ws/src/DynamixelSDK/c++/build/win64:/opt/ros/humble/opt/rviz_ogre_vendor/lib:/opt/ros/humble/lib/x86_64-linux-gnu:/opt/ros/humble/lib /usr/bin/cmake --install /root/ros2_ws/build/sciurus17_examples
[3.571s] -- Install configuration: ""
[3.571s] -- Execute custom install script
[3.572s] -- Up-to-date symlink: /root/ros2_ws/install/sciurus17_examples/share/sciurus17_examples/environment/library_path.sh
[3.572s] -- Up-to-date symlink: /root/ros2_ws/install/sciurus17_examples/share/sciurus17_examples/environment/library_path.dsv
[3.573s] -- Up-to-date symlink: /root/ros2_ws/install/sciurus17_examples/include/pose_presets/pose_presets.hpp
[3.573s] -- Up-to-date symlink: /root/ros2_ws/install/sciurus17_examples/include/pose_presets/sciurus17_examples/color_detection.hpp
[3.574s] -- Up-to-date symlink: /root/ros2_ws/install/sciurus17_examples/include/pose_presets/sciurus17_examples/neck_jt_control.hpp
[3.574s] -- Up-to-date symlink: /root/ros2_ws/install/sciurus17_examples/include/pose_presets/sciurus17_examples/object_tracker.hpp
[3.574s] -- Up-to-date symlink: /root/ros2_ws/install/sciurus17_examples/include/pose_presets/sciurus17_examples/waist_jt_control.hpp
[3.575s] -- Up-to-date symlink: /root/ros2_ws/install/sciurus17_examples/lib/sciurus17_examples/gripper_control
[3.575s] -- Up-to-date symlink: /root/ros2_ws/install/sciurus17_examples/lib/sciurus17_examples/neck_control
[3.575s] -- Up-to-date symlink: /root/ros2_ws/install/sciurus17_examples/lib/sciurus17_examples/waist_control
[3.576s] -- Up-to-date symlink: /root/ros2_ws/install/sciurus17_examples/lib/sciurus17_examples/pick_and_place_right_arm_waist
[3.576s] -- Up-to-date symlink: /root/ros2_ws/install/sciurus17_examples/lib/sciurus17_examples/pick_and_place_left_arm
[3.577s] -- Up-to-date symlink: /root/ros2_ws/install/sciurus17_examples/lib/sciurus17_examples/pick_and_place_tf
[3.577s] -- Up-to-date symlink: /root/ros2_ws/install/sciurus17_examples/lib/sciurus17_examples/point_cloud_detection
[3.578s] -- Up-to-date symlink: /root/ros2_ws/install/sciurus17_examples/share/sciurus17_examples//launch/camera_example.launch.py
[3.578s] -- Up-to-date symlink: /root/ros2_ws/install/sciurus17_examples/share/sciurus17_examples//launch/chest_camera_tracking.launch.py
[3.578s] -- Up-to-date symlink: /root/ros2_ws/install/sciurus17_examples/share/sciurus17_examples//launch/demo.launch.py
[3.579s] -- Up-to-date symlink: /root/ros2_ws/install/sciurus17_examples/share/sciurus17_examples//launch/example.launch.py
[3.579s] -- Up-to-date symlink: /root/ros2_ws/install/sciurus17_examples/share/sciurus17_examples//launch/head_camera_tracking.launch.py
[3.579s] -- Up-to-date symlink: /root/ros2_ws/install/sciurus17_examples/share/ament_index/resource_index/package_run_dependencies/sciurus17_examples
[3.580s] -- Up-to-date symlink: /root/ros2_ws/install/sciurus17_examples/share/ament_index/resource_index/parent_prefix_path/sciurus17_examples
[3.580s] -- Up-to-date symlink: /root/ros2_ws/install/sciurus17_examples/share/sciurus17_examples/environment/ament_prefix_path.sh
[3.580s] -- Up-to-date symlink: /root/ros2_ws/install/sciurus17_examples/share/sciurus17_examples/environment/ament_prefix_path.dsv
[3.581s] -- Up-to-date symlink: /root/ros2_ws/install/sciurus17_examples/share/sciurus17_examples/environment/path.sh
[3.581s] -- Up-to-date symlink: /root/ros2_ws/install/sciurus17_examples/share/sciurus17_examples/environment/path.dsv
[3.582s] -- Up-to-date symlink: /root/ros2_ws/install/sciurus17_examples/share/sciurus17_examples/local_setup.bash
[3.582s] -- Up-to-date symlink: /root/ros2_ws/install/sciurus17_examples/share/sciurus17_examples/local_setup.sh
[3.582s] -- Up-to-date symlink: /root/ros2_ws/install/sciurus17_examples/share/sciurus17_examples/local_setup.zsh
[3.583s] -- Up-to-date symlink: /root/ros2_ws/install/sciurus17_examples/share/sciurus17_examples/local_setup.dsv
[3.583s] -- Symlinking: /root/ros2_ws/install/sciurus17_examples/share/sciurus17_examples/package.dsv
[3.593s] -- Up-to-date symlink: /root/ros2_ws/install/sciurus17_examples/share/ament_index/resource_index/packages/sciurus17_examples
[3.593s] -- Up-to-date symlink: /root/ros2_ws/install/sciurus17_examples/share/ament_index/resource_index/rclcpp_components/sciurus17_examples
[3.594s] -- Up-to-date symlink: /root/ros2_ws/install/sciurus17_examples/share/sciurus17_examples/cmake/ament_cmake_export_targets-extras.cmake
[3.594s] -- Up-to-date symlink: /root/ros2_ws/install/sciurus17_examples/share/sciurus17_examples/cmake/ament_cmake_export_dependencies-extras.cmake
[3.594s] -- Up-to-date symlink: /root/ros2_ws/install/sciurus17_examples/share/sciurus17_examples/cmake/sciurus17_examplesConfig.cmake
[3.595s] -- Up-to-date symlink: /root/ros2_ws/install/sciurus17_examples/share/sciurus17_examples/cmake/sciurus17_examplesConfig-version.cmake
[3.595s] -- Up-to-date symlink: /root/ros2_ws/install/sciurus17_examples/share/sciurus17_examples/package.xml
[3.596s] -- Up-to-date: /root/ros2_ws/install/sciurus17_examples/lib/libcolor_detection.so
[3.597s] -- Up-to-date: /root/ros2_ws/install/sciurus17_examples/lib/libneck_jt_control.so
[3.598s] -- Up-to-date: /root/ros2_ws/install/sciurus17_examples/lib/libobject_tracker.so
[3.600s] -- Up-to-date: /root/ros2_ws/install/sciurus17_examples/lib/libwaist_jt_control.so
[3.601s] -- Up-to-date: /root/ros2_ws/install/sciurus17_examples/lib/libpose_presets.so
[3.601s] -- Up-to-date: /root/ros2_ws/install/sciurus17_examples/share/sciurus17_examples/cmake/export_pose_presetsExport.cmake
[3.601s] -- Up-to-date: /root/ros2_ws/install/sciurus17_examples/share/sciurus17_examples/cmake/export_pose_presetsExport-noconfig.cmake
[3.604s] Invoked command in '/root/ros2_ws/build/sciurus17_examples' returned '0': CMAKE_PREFIX_PATH=/root/ros2_ws/install/sciurus17_moveit_config:/root/ros2_ws/install/sciurus17_control:/root/ros2_ws/install/sciurus17_description:/root/ros2_ws/install/dynamixel_sdk:/root/ros2_ws/install/sciurus17:/root/ros2_ws/install/sciurus17_examples:/root/ros2_ws/install/dynamixel_sdk_examples:/root/ros2_ws/install/sciurus17_vision:/root/ros2_ws/install/sciurus17_tools:/root/ros2_ws/install/sciurus17_gazebo:/root/ros2_ws/install/dynamixel_sdk_custom_interfaces:/root/ros2_ws/install/dynamixel_sdk:/opt/ros/humble LD_LIBRARY_PATH=/root/ros2_ws/install/sciurus17_control/lib:/root/ros2_ws/install/rt_manipulators_cpp/lib:/root/ros2_ws/install/sciurus17_examples/lib:/root/ros2_ws/install/lib:/root/ros2_ws/install/dynamixel_sdk_custom_interfaces/lib:/root/ros2_ws/install/dynamixel_sdk/lib:/root/ros2_ws/src/DynamixelSDK/c++/build/win64:/opt/ros/humble/opt/rviz_ogre_vendor/lib:/opt/ros/humble/lib/x86_64-linux-gnu:/opt/ros/humble/lib /usr/bin/cmake --install /root/ros2_ws/build/sciurus17_examples
