[0.065s] Invoking command in '/root/ros2_ws/build/sciurus17_gazebo': CMAKE_PREFIX_PATH=${CMAKE_PREFIX_PATH}:/opt/ros/humble /usr/bin/cmake /root/ros2_ws/src/sciurus17_ros/sciurus17_gazebo -DCMAKE_INSTALL_PREFIX=/root/ros2_ws/install/sciurus17_gazebo
[0.091s] -- Found ament_cmake: 1.3.11 (/opt/ros/humble/share/ament_cmake/cmake)
[0.295s] -- Override CMake install command with custom implementation using symlinks instead of copying resources
[0.316s] -- Found ament_lint_auto: 0.12.11 (/opt/ros/humble/share/ament_lint_auto/cmake)
[0.443s] -- Added test 'copyright' to check source files copyright and LICENSE
[0.451s] -- Added test 'flake8' to check Python code syntax and style conventions
[0.451s] -- Added test 'lint_cmake' to check CMake code style
[0.451s] -- Added test 'pep257' to check Python code against some of the docstring style conventions in PEP 257
[0.452s] -- Added test 'xmllint' to check XML markup files
[0.453s] -- Configuring done
[0.461s] -- Generating done
[0.464s] -- Build files have been written to: /root/ros2_ws/build/sciurus17_gazebo
[0.470s] Invoked command in '/root/ros2_ws/build/sciurus17_gazebo' returned '0': CMAKE_PREFIX_PATH=${CMAKE_PREFIX_PATH}:/opt/ros/humble /usr/bin/cmake /root/ros2_ws/src/sciurus17_ros/sciurus17_gazebo -DCMAKE_INSTALL_PREFIX=/root/ros2_ws/install/sciurus17_gazebo
[0.477s] Invoking command in '/root/ros2_ws/build/sciurus17_gazebo': CMAKE_PREFIX_PATH=${CMAKE_PREFIX_PATH}:/opt/ros/humble /usr/bin/cmake --build /root/ros2_ws/build/sciurus17_gazebo -- -j12 -l12
[0.530s] Invoked command in '/root/ros2_ws/build/sciurus17_gazebo' returned '0': CMAKE_PREFIX_PATH=${CMAKE_PREFIX_PATH}:/opt/ros/humble /usr/bin/cmake --build /root/ros2_ws/build/sciurus17_gazebo -- -j12 -l12
[0.535s] Invoking command in '/root/ros2_ws/build/sciurus17_gazebo': CMAKE_PREFIX_PATH=${CMAKE_PREFIX_PATH}:/opt/ros/humble /usr/bin/cmake --install /root/ros2_ws/build/sciurus17_gazebo
[0.562s] -- Install configuration: ""
[0.562s] -- Execute custom install script
[0.564s] -- Up-to-date symlink: /root/ros2_ws/install/sciurus17_gazebo/share/sciurus17_gazebo//config/bridge.yaml
[0.564s] -- Up-to-date symlink: /root/ros2_ws/install/sciurus17_gazebo/share/sciurus17_gazebo//launch/sciurus17_with_table.launch.py
[0.566s] -- Up-to-date symlink: /root/ros2_ws/install/sciurus17_gazebo/share/sciurus17_gazebo//worlds/table.sdf
[0.567s] -- Up-to-date symlink: /root/ros2_ws/install/sciurus17_gazebo/share/sciurus17_gazebo//gui/gui.config
[0.568s] -- Up-to-date symlink: /root/ros2_ws/install/sciurus17_gazebo/share/ament_index/resource_index/package_run_dependencies/sciurus17_gazebo
[0.568s] -- Up-to-date symlink: /root/ros2_ws/install/sciurus17_gazebo/share/ament_index/resource_index/parent_prefix_path/sciurus17_gazebo
[0.570s] -- Up-to-date symlink: /root/ros2_ws/install/sciurus17_gazebo/share/sciurus17_gazebo/environment/ament_prefix_path.sh
[0.570s] -- Up-to-date symlink: /root/ros2_ws/install/sciurus17_gazebo/share/sciurus17_gazebo/environment/ament_prefix_path.dsv
[0.571s] -- Up-to-date symlink: /root/ros2_ws/install/sciurus17_gazebo/share/sciurus17_gazebo/environment/path.sh
[0.571s] -- Up-to-date symlink: /root/ros2_ws/install/sciurus17_gazebo/share/sciurus17_gazebo/environment/path.dsv
[0.571s] -- Up-to-date symlink: /root/ros2_ws/install/sciurus17_gazebo/share/sciurus17_gazebo/local_setup.bash
[0.571s] -- Up-to-date symlink: /root/ros2_ws/install/sciurus17_gazebo/share/sciurus17_gazebo/local_setup.sh
[0.571s] -- Up-to-date symlink: /root/ros2_ws/install/sciurus17_gazebo/share/sciurus17_gazebo/local_setup.zsh
[0.571s] -- Up-to-date symlink: /root/ros2_ws/install/sciurus17_gazebo/share/sciurus17_gazebo/local_setup.dsv
[0.571s] -- Symlinking: /root/ros2_ws/install/sciurus17_gazebo/share/sciurus17_gazebo/package.dsv
[0.573s] -- Up-to-date symlink: /root/ros2_ws/install/sciurus17_gazebo/share/ament_index/resource_index/packages/sciurus17_gazebo
[0.573s] -- Up-to-date symlink: /root/ros2_ws/install/sciurus17_gazebo/share/sciurus17_gazebo/cmake/sciurus17_gazeboConfig.cmake
[0.573s] -- Up-to-date symlink: /root/ros2_ws/install/sciurus17_gazebo/share/sciurus17_gazebo/cmake/sciurus17_gazeboConfig-version.cmake
[0.573s] -- Up-to-date symlink: /root/ros2_ws/install/sciurus17_gazebo/share/sciurus17_gazebo/package.xml
[0.622s] Invoked command in '/root/ros2_ws/build/sciurus17_gazebo' returned '0': CMAKE_PREFIX_PATH=${CMAKE_PREFIX_PATH}:/opt/ros/humble /usr/bin/cmake --install /root/ros2_ws/build/sciurus17_gazebo
