[0.022s] Invoking command in '/root/ros2_ws/build/sciurus17_control': CMAKE_PREFIX_PATH=/root/ros2_ws/install/sciurus17_description:/root/ros2_ws/install/dynamixel_sdk:/root/ros2_ws/install/sciurus17:/root/ros2_ws/install/sciurus17_examples:/root/ros2_ws/install/sciurus17_control:/root/ros2_ws/install/dynamixel_sdk_examples:/root/ros2_ws/install/sciurus17_vision:/root/ros2_ws/install/sciurus17_tools:/root/ros2_ws/install/sciurus17_moveit_config:/root/ros2_ws/install/sciurus17_gazebo:/root/ros2_ws/install/dynamixel_sdk_custom_interfaces:/root/ros2_ws/install/dynamixel_sdk:/opt/ros/humble LD_LIBRARY_PATH=/root/ros2_ws/install/rt_manipulators_cpp/lib:/root/ros2_ws/install/sciurus17_examples/lib:/root/ros2_ws/install/sciurus17_control/lib:/root/ros2_ws/install/lib:/root/ros2_ws/install/dynamixel_sdk_custom_interfaces/lib:/root/ros2_ws/install/dynamixel_sdk/lib:/root/ros2_ws/src/DynamixelSDK/c++/build/win64:/opt/ros/humble/opt/rviz_ogre_vendor/lib:/opt/ros/humble/lib/x86_64-linux-gnu:/opt/ros/humble/lib /usr/bin/cmake /root/ros2_ws/src/sciurus17_ros/sciurus17_control -DCMAKE_INSTALL_PREFIX=/root/ros2_ws/install/sciurus17_control
[0.038s] -- Found ament_cmake: 1.3.11 (/opt/ros/humble/share/ament_cmake/cmake)
[0.190s] -- Override CMake install command with custom implementation using symlinks instead of copying resources
[0.199s] -- Found hardware_interface: 2.47.0 (/opt/ros/humble/share/hardware_interface/cmake)
[0.233s] -- Found rosidl_generator_c: 3.1.6 (/opt/ros/humble/share/rosidl_generator_c/cmake)
[0.235s] -- Found rosidl_adapter: 3.1.6 (/opt/ros/humble/share/rosidl_adapter/cmake)
[0.241s] -- Found rosidl_generator_cpp: 3.1.6 (/opt/ros/humble/share/rosidl_generator_cpp/cmake)
[0.251s] -- Using all available rosidl_typesupport_c: rosidl_typesupport_fastrtps_c;rosidl_typesupport_introspection_c
[0.264s] -- Using all available rosidl_typesupport_cpp: rosidl_typesupport_fastrtps_cpp;rosidl_typesupport_introspection_cpp
[0.570s] -- Found rmw_implementation_cmake: 6.1.2 (/opt/ros/humble/share/rmw_implementation_cmake/cmake)
[0.574s] -- Found rmw_fastrtps_cpp: 6.2.7 (/opt/ros/humble/share/rmw_fastrtps_cpp/cmake)
[0.607s] -- Found TinyXML2 via Config file: TinyXML2_DIR-NOTFOUND
[0.625s] -- Found TinyXML2 via Config file: TinyXML2_DIR-NOTFOUND
[0.644s] -- Found TinyXML2 via Config file: TinyXML2_DIR-NOTFOUND
[0.655s] -- Found TinyXML2 via Config file: TinyXML2_DIR-NOTFOUND
[0.669s] -- Using RMW implementation 'rmw_fastrtps_cpp' as default
[0.744s] -- Found rt_manipulators_cpp: 1.0.0 (/opt/ros/humble/share/rt_manipulators_cpp/cmake)
[0.763s] -- Found ament_lint_auto: 0.12.11 (/opt/ros/humble/share/ament_lint_auto/cmake)
[0.845s] -- Added test 'copyright' to check source files copyright and LICENSE
[0.846s] -- Added test 'cppcheck' to perform static code analysis on C / C++ code
[0.847s] -- Configured cppcheck include dirs: /root/ros2_ws/src/sciurus17_ros/sciurus17_control/include
[0.847s] -- Configured cppcheck exclude dirs and/or files: 
[0.848s] -- Added test 'cpplint' to check C / C++ code against the Google style
[0.848s] -- Configured cpplint exclude dirs and/or files: 
[0.849s] -- Added test 'flake8' to check Python code syntax and style conventions
[0.849s] -- Added test 'lint_cmake' to check CMake code style
[0.850s] -- Added test 'pep257' to check Python code against some of the docstring style conventions in PEP 257
[0.851s] -- Added test 'uncrustify' to check C / C++ code style
[0.851s] -- Configured uncrustify additional arguments: 
[0.852s] -- Added test 'xmllint' to check XML markup files
[0.857s] -- Configuring done
[0.948s] -- Generating done
[0.961s] -- Build files have been written to: /root/ros2_ws/build/sciurus17_control
[0.971s] Invoked command in '/root/ros2_ws/build/sciurus17_control' returned '0': CMAKE_PREFIX_PATH=/root/ros2_ws/install/sciurus17_description:/root/ros2_ws/install/dynamixel_sdk:/root/ros2_ws/install/sciurus17:/root/ros2_ws/install/sciurus17_examples:/root/ros2_ws/install/sciurus17_control:/root/ros2_ws/install/dynamixel_sdk_examples:/root/ros2_ws/install/sciurus17_vision:/root/ros2_ws/install/sciurus17_tools:/root/ros2_ws/install/sciurus17_moveit_config:/root/ros2_ws/install/sciurus17_gazebo:/root/ros2_ws/install/dynamixel_sdk_custom_interfaces:/root/ros2_ws/install/dynamixel_sdk:/opt/ros/humble LD_LIBRARY_PATH=/root/ros2_ws/install/rt_manipulators_cpp/lib:/root/ros2_ws/install/sciurus17_examples/lib:/root/ros2_ws/install/sciurus17_control/lib:/root/ros2_ws/install/lib:/root/ros2_ws/install/dynamixel_sdk_custom_interfaces/lib:/root/ros2_ws/install/dynamixel_sdk/lib:/root/ros2_ws/src/DynamixelSDK/c++/build/win64:/opt/ros/humble/opt/rviz_ogre_vendor/lib:/opt/ros/humble/lib/x86_64-linux-gnu:/opt/ros/humble/lib /usr/bin/cmake /root/ros2_ws/src/sciurus17_ros/sciurus17_control -DCMAKE_INSTALL_PREFIX=/root/ros2_ws/install/sciurus17_control
[0.973s] Invoking command in '/root/ros2_ws/build/sciurus17_control': CMAKE_PREFIX_PATH=/root/ros2_ws/install/sciurus17_description:/root/ros2_ws/install/dynamixel_sdk:/root/ros2_ws/install/sciurus17:/root/ros2_ws/install/sciurus17_examples:/root/ros2_ws/install/sciurus17_control:/root/ros2_ws/install/dynamixel_sdk_examples:/root/ros2_ws/install/sciurus17_vision:/root/ros2_ws/install/sciurus17_tools:/root/ros2_ws/install/sciurus17_moveit_config:/root/ros2_ws/install/sciurus17_gazebo:/root/ros2_ws/install/dynamixel_sdk_custom_interfaces:/root/ros2_ws/install/dynamixel_sdk:/opt/ros/humble LD_LIBRARY_PATH=/root/ros2_ws/install/rt_manipulators_cpp/lib:/root/ros2_ws/install/sciurus17_examples/lib:/root/ros2_ws/install/sciurus17_control/lib:/root/ros2_ws/install/lib:/root/ros2_ws/install/dynamixel_sdk_custom_interfaces/lib:/root/ros2_ws/install/dynamixel_sdk/lib:/root/ros2_ws/src/DynamixelSDK/c++/build/win64:/opt/ros/humble/opt/rviz_ogre_vendor/lib:/opt/ros/humble/lib/x86_64-linux-gnu:/opt/ros/humble/lib /usr/bin/cmake --build /root/ros2_ws/build/sciurus17_control -- -j12 -l12
[1.017s] [35m[1mConsolidate compiler generated dependencies of target sciurus17_hardware[0m
[1.044s] [100%] Built target sciurus17_hardware
[1.058s] Invoked command in '/root/ros2_ws/build/sciurus17_control' returned '0': CMAKE_PREFIX_PATH=/root/ros2_ws/install/sciurus17_description:/root/ros2_ws/install/dynamixel_sdk:/root/ros2_ws/install/sciurus17:/root/ros2_ws/install/sciurus17_examples:/root/ros2_ws/install/sciurus17_control:/root/ros2_ws/install/dynamixel_sdk_examples:/root/ros2_ws/install/sciurus17_vision:/root/ros2_ws/install/sciurus17_tools:/root/ros2_ws/install/sciurus17_moveit_config:/root/ros2_ws/install/sciurus17_gazebo:/root/ros2_ws/install/dynamixel_sdk_custom_interfaces:/root/ros2_ws/install/dynamixel_sdk:/opt/ros/humble LD_LIBRARY_PATH=/root/ros2_ws/install/rt_manipulators_cpp/lib:/root/ros2_ws/install/sciurus17_examples/lib:/root/ros2_ws/install/sciurus17_control/lib:/root/ros2_ws/install/lib:/root/ros2_ws/install/dynamixel_sdk_custom_interfaces/lib:/root/ros2_ws/install/dynamixel_sdk/lib:/root/ros2_ws/src/DynamixelSDK/c++/build/win64:/opt/ros/humble/opt/rviz_ogre_vendor/lib:/opt/ros/humble/lib/x86_64-linux-gnu:/opt/ros/humble/lib /usr/bin/cmake --build /root/ros2_ws/build/sciurus17_control -- -j12 -l12
[1.060s] Invoking command in '/root/ros2_ws/build/sciurus17_control': CMAKE_PREFIX_PATH=/root/ros2_ws/install/sciurus17_description:/root/ros2_ws/install/dynamixel_sdk:/root/ros2_ws/install/sciurus17:/root/ros2_ws/install/sciurus17_examples:/root/ros2_ws/install/sciurus17_control:/root/ros2_ws/install/dynamixel_sdk_examples:/root/ros2_ws/install/sciurus17_vision:/root/ros2_ws/install/sciurus17_tools:/root/ros2_ws/install/sciurus17_moveit_config:/root/ros2_ws/install/sciurus17_gazebo:/root/ros2_ws/install/dynamixel_sdk_custom_interfaces:/root/ros2_ws/install/dynamixel_sdk:/opt/ros/humble LD_LIBRARY_PATH=/root/ros2_ws/install/rt_manipulators_cpp/lib:/root/ros2_ws/install/sciurus17_examples/lib:/root/ros2_ws/install/sciurus17_control/lib:/root/ros2_ws/install/lib:/root/ros2_ws/install/dynamixel_sdk_custom_interfaces/lib:/root/ros2_ws/install/dynamixel_sdk/lib:/root/ros2_ws/src/DynamixelSDK/c++/build/win64:/opt/ros/humble/opt/rviz_ogre_vendor/lib:/opt/ros/humble/lib/x86_64-linux-gnu:/opt/ros/humble/lib /usr/bin/cmake --install /root/ros2_ws/build/sciurus17_control
[1.068s] -- Install configuration: ""
[1.068s] -- Execute custom install script
[1.069s] -- Up-to-date symlink: /root/ros2_ws/install/sciurus17_control/share/sciurus17_control//sciurus17_hardware.xml
[1.069s] -- Up-to-date symlink: /root/ros2_ws/install/sciurus17_control/lib/libsciurus17_hardware.so
[1.070s] -- Up-to-date symlink: /root/ros2_ws/install/sciurus17_control/include/sciurus17_control/sciurus17_hardware.hpp
[1.070s] -- Up-to-date symlink: /root/ros2_ws/install/sciurus17_control/include/sciurus17_control/visibility_control.h
[1.071s] -- Up-to-date symlink: /root/ros2_ws/install/sciurus17_control/share/sciurus17_control//launch/sciurus17_control.launch.py
[1.071s] -- Up-to-date symlink: /root/ros2_ws/install/sciurus17_control/share/sciurus17_control//config/manipulator_config.yaml
[1.072s] -- Up-to-date symlink: /root/ros2_ws/install/sciurus17_control/share/sciurus17_control//config/sciurus17_controllers.yaml
[1.072s] -- Up-to-date symlink: /root/ros2_ws/install/sciurus17_control/share/sciurus17_control/environment/library_path.sh
[1.073s] -- Up-to-date symlink: /root/ros2_ws/install/sciurus17_control/share/sciurus17_control/environment/library_path.dsv
[1.073s] -- Up-to-date symlink: /root/ros2_ws/install/sciurus17_control/share/ament_index/resource_index/package_run_dependencies/sciurus17_control
[1.073s] -- Up-to-date symlink: /root/ros2_ws/install/sciurus17_control/share/ament_index/resource_index/parent_prefix_path/sciurus17_control
[1.074s] -- Up-to-date symlink: /root/ros2_ws/install/sciurus17_control/share/sciurus17_control/environment/ament_prefix_path.sh
[1.074s] -- Up-to-date symlink: /root/ros2_ws/install/sciurus17_control/share/sciurus17_control/environment/ament_prefix_path.dsv
[1.075s] -- Up-to-date symlink: /root/ros2_ws/install/sciurus17_control/share/sciurus17_control/environment/path.sh
[1.075s] -- Up-to-date symlink: /root/ros2_ws/install/sciurus17_control/share/sciurus17_control/environment/path.dsv
[1.076s] -- Up-to-date symlink: /root/ros2_ws/install/sciurus17_control/share/sciurus17_control/local_setup.bash
[1.076s] -- Up-to-date symlink: /root/ros2_ws/install/sciurus17_control/share/sciurus17_control/local_setup.sh
[1.076s] -- Up-to-date symlink: /root/ros2_ws/install/sciurus17_control/share/sciurus17_control/local_setup.zsh
[1.077s] -- Up-to-date symlink: /root/ros2_ws/install/sciurus17_control/share/sciurus17_control/local_setup.dsv
[1.077s] -- Symlinking: /root/ros2_ws/install/sciurus17_control/share/sciurus17_control/package.dsv
[1.087s] -- Up-to-date symlink: /root/ros2_ws/install/sciurus17_control/share/ament_index/resource_index/packages/sciurus17_control
[1.087s] -- Up-to-date symlink: /root/ros2_ws/install/sciurus17_control/share/ament_index/resource_index/hardware_interface__pluginlib__plugin/sciurus17_control
[1.087s] -- Up-to-date symlink: /root/ros2_ws/install/sciurus17_control/share/sciurus17_control/cmake/ament_cmake_export_include_directories-extras.cmake
[1.088s] -- Up-to-date symlink: /root/ros2_ws/install/sciurus17_control/share/sciurus17_control/cmake/ament_cmake_export_libraries-extras.cmake
[1.088s] -- Up-to-date symlink: /root/ros2_ws/install/sciurus17_control/share/sciurus17_control/cmake/ament_cmake_export_dependencies-extras.cmake
[1.089s] -- Up-to-date symlink: /root/ros2_ws/install/sciurus17_control/share/sciurus17_control/cmake/sciurus17_controlConfig.cmake
[1.089s] -- Up-to-date symlink: /root/ros2_ws/install/sciurus17_control/share/sciurus17_control/cmake/sciurus17_controlConfig-version.cmake
[1.090s] -- Up-to-date symlink: /root/ros2_ws/install/sciurus17_control/share/sciurus17_control/package.xml
[1.093s] Invoked command in '/root/ros2_ws/build/sciurus17_control' returned '0': CMAKE_PREFIX_PATH=/root/ros2_ws/install/sciurus17_description:/root/ros2_ws/install/dynamixel_sdk:/root/ros2_ws/install/sciurus17:/root/ros2_ws/install/sciurus17_examples:/root/ros2_ws/install/sciurus17_control:/root/ros2_ws/install/dynamixel_sdk_examples:/root/ros2_ws/install/sciurus17_vision:/root/ros2_ws/install/sciurus17_tools:/root/ros2_ws/install/sciurus17_moveit_config:/root/ros2_ws/install/sciurus17_gazebo:/root/ros2_ws/install/dynamixel_sdk_custom_interfaces:/root/ros2_ws/install/dynamixel_sdk:/opt/ros/humble LD_LIBRARY_PATH=/root/ros2_ws/install/rt_manipulators_cpp/lib:/root/ros2_ws/install/sciurus17_examples/lib:/root/ros2_ws/install/sciurus17_control/lib:/root/ros2_ws/install/lib:/root/ros2_ws/install/dynamixel_sdk_custom_interfaces/lib:/root/ros2_ws/install/dynamixel_sdk/lib:/root/ros2_ws/src/DynamixelSDK/c++/build/win64:/opt/ros/humble/opt/rviz_ogre_vendor/lib:/opt/ros/humble/lib/x86_64-linux-gnu:/opt/ros/humble/lib /usr/bin/cmake --install /root/ros2_ws/build/sciurus17_control
