[0.056s] Invoking command in '/root/ros2_ws/build/sciurus17_moveit_config': CMAKE_PREFIX_PATH=/root/ros2_ws/install/sciurus17_description:/root/ros2_ws/install/dynamixel_sdk:/root/ros2_ws/install/sciurus17:/root/ros2_ws/install/sciurus17_examples:/root/ros2_ws/install/sciurus17_control:/root/ros2_ws/install/dynamixel_sdk_examples:/root/ros2_ws/install/sciurus17_vision:/root/ros2_ws/install/sciurus17_tools:/root/ros2_ws/install/sciurus17_moveit_config:/root/ros2_ws/install/sciurus17_gazebo:/root/ros2_ws/install/dynamixel_sdk_custom_interfaces:/root/ros2_ws/install/dynamixel_sdk:/opt/ros/humble /usr/bin/cmake --build /root/ros2_ws/build/sciurus17_moveit_config -- -j12 -l12
[0.104s] Invoked command in '/root/ros2_ws/build/sciurus17_moveit_config' returned '0': CMAKE_PREFIX_PATH=/root/ros2_ws/install/sciurus17_description:/root/ros2_ws/install/dynamixel_sdk:/root/ros2_ws/install/sciurus17:/root/ros2_ws/install/sciurus17_examples:/root/ros2_ws/install/sciurus17_control:/root/ros2_ws/install/dynamixel_sdk_examples:/root/ros2_ws/install/sciurus17_vision:/root/ros2_ws/install/sciurus17_tools:/root/ros2_ws/install/sciurus17_moveit_config:/root/ros2_ws/install/sciurus17_gazebo:/root/ros2_ws/install/dynamixel_sdk_custom_interfaces:/root/ros2_ws/install/dynamixel_sdk:/opt/ros/humble /usr/bin/cmake --build /root/ros2_ws/build/sciurus17_moveit_config -- -j12 -l12
[0.106s] Invoking command in '/root/ros2_ws/build/sciurus17_moveit_config': CMAKE_PREFIX_PATH=/root/ros2_ws/install/sciurus17_description:/root/ros2_ws/install/dynamixel_sdk:/root/ros2_ws/install/sciurus17:/root/ros2_ws/install/sciurus17_examples:/root/ros2_ws/install/sciurus17_control:/root/ros2_ws/install/dynamixel_sdk_examples:/root/ros2_ws/install/sciurus17_vision:/root/ros2_ws/install/sciurus17_tools:/root/ros2_ws/install/sciurus17_moveit_config:/root/ros2_ws/install/sciurus17_gazebo:/root/ros2_ws/install/dynamixel_sdk_custom_interfaces:/root/ros2_ws/install/dynamixel_sdk:/opt/ros/humble /usr/bin/cmake --install /root/ros2_ws/build/sciurus17_moveit_config
[0.114s] -- Install configuration: ""
[0.115s] -- Execute custom install script
[0.115s] -- Up-to-date symlink: /root/ros2_ws/install/sciurus17_moveit_config/share/ament_index/resource_index/package_run_dependencies/sciurus17_moveit_config
[0.116s] -- Up-to-date symlink: /root/ros2_ws/install/sciurus17_moveit_config/share/ament_index/resource_index/parent_prefix_path/sciurus17_moveit_config
[0.116s] -- Up-to-date symlink: /root/ros2_ws/install/sciurus17_moveit_config/share/sciurus17_moveit_config/environment/ament_prefix_path.sh
[0.117s] -- Up-to-date symlink: /root/ros2_ws/install/sciurus17_moveit_config/share/sciurus17_moveit_config/environment/ament_prefix_path.dsv
[0.117s] -- Up-to-date symlink: /root/ros2_ws/install/sciurus17_moveit_config/share/sciurus17_moveit_config/environment/path.sh
[0.118s] -- Up-to-date symlink: /root/ros2_ws/install/sciurus17_moveit_config/share/sciurus17_moveit_config/environment/path.dsv
[0.118s] -- Up-to-date symlink: /root/ros2_ws/install/sciurus17_moveit_config/share/sciurus17_moveit_config/local_setup.bash
[0.119s] -- Up-to-date symlink: /root/ros2_ws/install/sciurus17_moveit_config/share/sciurus17_moveit_config/local_setup.sh
[0.119s] -- Up-to-date symlink: /root/ros2_ws/install/sciurus17_moveit_config/share/sciurus17_moveit_config/local_setup.zsh
[0.120s] -- Up-to-date symlink: /root/ros2_ws/install/sciurus17_moveit_config/share/sciurus17_moveit_config/local_setup.dsv
[0.120s] -- Symlinking: /root/ros2_ws/install/sciurus17_moveit_config/share/sciurus17_moveit_config/package.dsv
[0.131s] -- Up-to-date symlink: /root/ros2_ws/install/sciurus17_moveit_config/share/ament_index/resource_index/packages/sciurus17_moveit_config
[0.131s] -- Up-to-date symlink: /root/ros2_ws/install/sciurus17_moveit_config/share/sciurus17_moveit_config/cmake/sciurus17_moveit_configConfig.cmake
[0.132s] -- Up-to-date symlink: /root/ros2_ws/install/sciurus17_moveit_config/share/sciurus17_moveit_config/cmake/sciurus17_moveit_configConfig-version.cmake
[0.132s] -- Up-to-date symlink: /root/ros2_ws/install/sciurus17_moveit_config/share/sciurus17_moveit_config/package.xml
[0.133s] -- Up-to-date symlink: /root/ros2_ws/install/sciurus17_moveit_config/share/sciurus17_moveit_config/launch/run_move_group.launch.py
[0.134s] -- Up-to-date symlink: /root/ros2_ws/install/sciurus17_moveit_config/share/sciurus17_moveit_config/launch/setup_assistant.launch.py
[0.135s] -- Up-to-date symlink: /root/ros2_ws/install/sciurus17_moveit_config/share/sciurus17_moveit_config/config/joint_limits.yaml
[0.135s] -- Up-to-date symlink: /root/ros2_ws/install/sciurus17_moveit_config/share/sciurus17_moveit_config/config/kinematics.yaml
[0.136s] -- Up-to-date symlink: /root/ros2_ws/install/sciurus17_moveit_config/share/sciurus17_moveit_config/config/moveit.rviz
[0.136s] -- Up-to-date symlink: /root/ros2_ws/install/sciurus17_moveit_config/share/sciurus17_moveit_config/config/moveit_controllers.yaml
[0.137s] -- Up-to-date symlink: /root/ros2_ws/install/sciurus17_moveit_config/share/sciurus17_moveit_config/config/pilz_cartesian_limits.yaml
[0.137s] -- Up-to-date symlink: /root/ros2_ws/install/sciurus17_moveit_config/share/sciurus17_moveit_config/config/sciurus17.srdf
[0.138s] -- Up-to-date symlink: /root/ros2_ws/install/sciurus17_moveit_config/share/sciurus17_moveit_config/.setup_assistant
[0.141s] Invoked command in '/root/ros2_ws/build/sciurus17_moveit_config' returned '0': CMAKE_PREFIX_PATH=/root/ros2_ws/install/sciurus17_description:/root/ros2_ws/install/dynamixel_sdk:/root/ros2_ws/install/sciurus17:/root/ros2_ws/install/sciurus17_examples:/root/ros2_ws/install/sciurus17_control:/root/ros2_ws/install/dynamixel_sdk_examples:/root/ros2_ws/install/sciurus17_vision:/root/ros2_ws/install/sciurus17_tools:/root/ros2_ws/install/sciurus17_moveit_config:/root/ros2_ws/install/sciurus17_gazebo:/root/ros2_ws/install/dynamixel_sdk_custom_interfaces:/root/ros2_ws/install/dynamixel_sdk:/opt/ros/humble /usr/bin/cmake --install /root/ros2_ws/build/sciurus17_moveit_config
