[0.064s] Invoking command in '/root/ros2_ws/build/sciurus17_control': CMAKE_PREFIX_PATH=/root/ros2_ws/install/sciurus17_description:/root/ros2_ws/install/dynamixel_sdk:/root/ros2_ws/install/sciurus17:/root/ros2_ws/install/sciurus17_examples:/root/ros2_ws/install/sciurus17_control:/root/ros2_ws/install/dynamixel_sdk_examples:/root/ros2_ws/install/sciurus17_vision:/root/ros2_ws/install/sciurus17_tools:/root/ros2_ws/install/sciurus17_moveit_config:/root/ros2_ws/install/sciurus17_gazebo:/root/ros2_ws/install/dynamixel_sdk_custom_interfaces:/root/ros2_ws/install/dynamixel_sdk:/opt/ros/humble LD_LIBRARY_PATH=/root/ros2_ws/install/rt_manipulators_cpp/lib:/root/ros2_ws/install/sciurus17_examples/lib:/root/ros2_ws/install/sciurus17_control/lib:/root/ros2_ws/install/lib:/root/ros2_ws/install/dynamixel_sdk_custom_interfaces/lib:/root/ros2_ws/install/dynamixel_sdk/lib:/root/ros2_ws/src/DynamixelSDK/c++/build/win64:/opt/ros/humble/opt/rviz_ogre_vendor/lib:/opt/ros/humble/lib/x86_64-linux-gnu:/opt/ros/humble/lib /usr/bin/cmake --build /root/ros2_ws/build/sciurus17_control -- -j12 -l12
[0.135s] [100%] Built target sciurus17_hardware
[0.151s] Invoked command in '/root/ros2_ws/build/sciurus17_control' returned '0': CMAKE_PREFIX_PATH=/root/ros2_ws/install/sciurus17_description:/root/ros2_ws/install/dynamixel_sdk:/root/ros2_ws/install/sciurus17:/root/ros2_ws/install/sciurus17_examples:/root/ros2_ws/install/sciurus17_control:/root/ros2_ws/install/dynamixel_sdk_examples:/root/ros2_ws/install/sciurus17_vision:/root/ros2_ws/install/sciurus17_tools:/root/ros2_ws/install/sciurus17_moveit_config:/root/ros2_ws/install/sciurus17_gazebo:/root/ros2_ws/install/dynamixel_sdk_custom_interfaces:/root/ros2_ws/install/dynamixel_sdk:/opt/ros/humble LD_LIBRARY_PATH=/root/ros2_ws/install/rt_manipulators_cpp/lib:/root/ros2_ws/install/sciurus17_examples/lib:/root/ros2_ws/install/sciurus17_control/lib:/root/ros2_ws/install/lib:/root/ros2_ws/install/dynamixel_sdk_custom_interfaces/lib:/root/ros2_ws/install/dynamixel_sdk/lib:/root/ros2_ws/src/DynamixelSDK/c++/build/win64:/opt/ros/humble/opt/rviz_ogre_vendor/lib:/opt/ros/humble/lib/x86_64-linux-gnu:/opt/ros/humble/lib /usr/bin/cmake --build /root/ros2_ws/build/sciurus17_control -- -j12 -l12
[0.153s] Invoking command in '/root/ros2_ws/build/sciurus17_control': CMAKE_PREFIX_PATH=/root/ros2_ws/install/sciurus17_description:/root/ros2_ws/install/dynamixel_sdk:/root/ros2_ws/install/sciurus17:/root/ros2_ws/install/sciurus17_examples:/root/ros2_ws/install/sciurus17_control:/root/ros2_ws/install/dynamixel_sdk_examples:/root/ros2_ws/install/sciurus17_vision:/root/ros2_ws/install/sciurus17_tools:/root/ros2_ws/install/sciurus17_moveit_config:/root/ros2_ws/install/sciurus17_gazebo:/root/ros2_ws/install/dynamixel_sdk_custom_interfaces:/root/ros2_ws/install/dynamixel_sdk:/opt/ros/humble LD_LIBRARY_PATH=/root/ros2_ws/install/rt_manipulators_cpp/lib:/root/ros2_ws/install/sciurus17_examples/lib:/root/ros2_ws/install/sciurus17_control/lib:/root/ros2_ws/install/lib:/root/ros2_ws/install/dynamixel_sdk_custom_interfaces/lib:/root/ros2_ws/install/dynamixel_sdk/lib:/root/ros2_ws/src/DynamixelSDK/c++/build/win64:/opt/ros/humble/opt/rviz_ogre_vendor/lib:/opt/ros/humble/lib/x86_64-linux-gnu:/opt/ros/humble/lib /usr/bin/cmake --install /root/ros2_ws/build/sciurus17_control
[0.163s] -- Install configuration: ""
[0.163s] -- Execute custom install script
[0.164s] -- Up-to-date symlink: /root/ros2_ws/install/sciurus17_control/share/sciurus17_control//sciurus17_hardware.xml
[0.164s] -- Up-to-date symlink: /root/ros2_ws/install/sciurus17_control/lib/libsciurus17_hardware.so
[0.165s] -- Up-to-date symlink: /root/ros2_ws/install/sciurus17_control/include/sciurus17_control/sciurus17_hardware.hpp
[0.166s] -- Up-to-date symlink: /root/ros2_ws/install/sciurus17_control/include/sciurus17_control/visibility_control.h
[0.166s] -- Up-to-date symlink: /root/ros2_ws/install/sciurus17_control/share/sciurus17_control//launch/sciurus17_control.launch.py
[0.166s] -- Up-to-date symlink: /root/ros2_ws/install/sciurus17_control/share/sciurus17_control//config/manipulator_config.yaml
[0.167s] -- Up-to-date symlink: /root/ros2_ws/install/sciurus17_control/share/sciurus17_control//config/sciurus17_controllers.yaml
[0.167s] -- Up-to-date symlink: /root/ros2_ws/install/sciurus17_control/share/sciurus17_control/environment/library_path.sh
[0.167s] -- Up-to-date symlink: /root/ros2_ws/install/sciurus17_control/share/sciurus17_control/environment/library_path.dsv
[0.168s] -- Up-to-date symlink: /root/ros2_ws/install/sciurus17_control/share/ament_index/resource_index/package_run_dependencies/sciurus17_control
[0.168s] -- Up-to-date symlink: /root/ros2_ws/install/sciurus17_control/share/ament_index/resource_index/parent_prefix_path/sciurus17_control
[0.169s] -- Up-to-date symlink: /root/ros2_ws/install/sciurus17_control/share/sciurus17_control/environment/ament_prefix_path.sh
[0.169s] -- Up-to-date symlink: /root/ros2_ws/install/sciurus17_control/share/sciurus17_control/environment/ament_prefix_path.dsv
[0.169s] -- Up-to-date symlink: /root/ros2_ws/install/sciurus17_control/share/sciurus17_control/environment/path.sh
[0.169s] -- Up-to-date symlink: /root/ros2_ws/install/sciurus17_control/share/sciurus17_control/environment/path.dsv
[0.170s] -- Up-to-date symlink: /root/ros2_ws/install/sciurus17_control/share/sciurus17_control/local_setup.bash
[0.170s] -- Up-to-date symlink: /root/ros2_ws/install/sciurus17_control/share/sciurus17_control/local_setup.sh
[0.171s] -- Up-to-date symlink: /root/ros2_ws/install/sciurus17_control/share/sciurus17_control/local_setup.zsh
[0.172s] -- Up-to-date symlink: /root/ros2_ws/install/sciurus17_control/share/sciurus17_control/local_setup.dsv
[0.172s] -- Symlinking: /root/ros2_ws/install/sciurus17_control/share/sciurus17_control/package.dsv
[0.182s] -- Up-to-date symlink: /root/ros2_ws/install/sciurus17_control/share/ament_index/resource_index/packages/sciurus17_control
[0.183s] -- Up-to-date symlink: /root/ros2_ws/install/sciurus17_control/share/ament_index/resource_index/hardware_interface__pluginlib__plugin/sciurus17_control
[0.184s] -- Up-to-date symlink: /root/ros2_ws/install/sciurus17_control/share/sciurus17_control/cmake/ament_cmake_export_include_directories-extras.cmake
[0.184s] -- Up-to-date symlink: /root/ros2_ws/install/sciurus17_control/share/sciurus17_control/cmake/ament_cmake_export_libraries-extras.cmake
[0.185s] -- Up-to-date symlink: /root/ros2_ws/install/sciurus17_control/share/sciurus17_control/cmake/ament_cmake_export_dependencies-extras.cmake
[0.185s] -- Up-to-date symlink: /root/ros2_ws/install/sciurus17_control/share/sciurus17_control/cmake/sciurus17_controlConfig.cmake
[0.185s] -- Up-to-date symlink: /root/ros2_ws/install/sciurus17_control/share/sciurus17_control/cmake/sciurus17_controlConfig-version.cmake
[0.185s] -- Up-to-date symlink: /root/ros2_ws/install/sciurus17_control/share/sciurus17_control/package.xml
[0.191s] Invoked command in '/root/ros2_ws/build/sciurus17_control' returned '0': CMAKE_PREFIX_PATH=/root/ros2_ws/install/sciurus17_description:/root/ros2_ws/install/dynamixel_sdk:/root/ros2_ws/install/sciurus17:/root/ros2_ws/install/sciurus17_examples:/root/ros2_ws/install/sciurus17_control:/root/ros2_ws/install/dynamixel_sdk_examples:/root/ros2_ws/install/sciurus17_vision:/root/ros2_ws/install/sciurus17_tools:/root/ros2_ws/install/sciurus17_moveit_config:/root/ros2_ws/install/sciurus17_gazebo:/root/ros2_ws/install/dynamixel_sdk_custom_interfaces:/root/ros2_ws/install/dynamixel_sdk:/opt/ros/humble LD_LIBRARY_PATH=/root/ros2_ws/install/rt_manipulators_cpp/lib:/root/ros2_ws/install/sciurus17_examples/lib:/root/ros2_ws/install/sciurus17_control/lib:/root/ros2_ws/install/lib:/root/ros2_ws/install/dynamixel_sdk_custom_interfaces/lib:/root/ros2_ws/install/dynamixel_sdk/lib:/root/ros2_ws/src/DynamixelSDK/c++/build/win64:/opt/ros/humble/opt/rviz_ogre_vendor/lib:/opt/ros/humble/lib/x86_64-linux-gnu:/opt/ros/humble/lib /usr/bin/cmake --install /root/ros2_ws/build/sciurus17_control
