[35m[1mConsolidate compiler generated dependencies of target neck_jt_control[0m
[35m[1mConsolidate compiler generated dependencies of target object_tracker[0m
[35m[1mConsolidate compiler generated dependencies of target color_detection[0m
[35m[1mConsolidate compiler generated dependencies of target waist_jt_control[0m
[35m[1mConsolidate compiler generated dependencies of target pose_presets[0m
[ 12%] Built target neck_jt_control
[ 16%] Built target object_tracker
[ 25%] Built target pose_presets
[ 33%] Built target color_detection
[ 41%] Built target waist_jt_control
[35m[1mConsolidate compiler generated dependencies of target neck_control[0m
[35m[1mConsolidate compiler generated dependencies of target gripper_control[0m
[35m[1mConsolidate compiler generated dependencies of target pick_and_place_left_arm[0m
[35m[1mConsolidate compiler generated dependencies of target pick_and_place_tf[0m
[35m[1mConsolidate compiler generated dependencies of target pick_and_place_right_arm_waist[0m
[35m[1mConsolidate compiler generated dependencies of target point_cloud_detection[0m
[35m[1mConsolidate compiler generated dependencies of target waist_control[0m
[ 50%] Built target point_cloud_detection
[ 58%] Built target pick_and_place_left_arm
[ 75%] Built target waist_control
[ 79%] Built target pick_and_place_right_arm_waist
[ 83%] Built target gripper_control
[ 91%] Built target pick_and_place_tf
[100%] Built target neck_control
-- Install configuration: ""
-- Execute custom install script
-- Up-to-date symlink: /root/ros2_ws/install/sciurus17_examples/share/sciurus17_examples/environment/library_path.sh
-- Up-to-date symlink: /root/ros2_ws/install/sciurus17_examples/share/sciurus17_examples/environment/library_path.dsv
-- Up-to-date symlink: /root/ros2_ws/install/sciurus17_examples/include/pose_presets/pose_presets.hpp
-- Up-to-date symlink: /root/ros2_ws/install/sciurus17_examples/include/pose_presets/sciurus17_examples/color_detection.hpp
-- Up-to-date symlink: /root/ros2_ws/install/sciurus17_examples/include/pose_presets/sciurus17_examples/neck_jt_control.hpp
-- Up-to-date symlink: /root/ros2_ws/install/sciurus17_examples/include/pose_presets/sciurus17_examples/object_tracker.hpp
-- Up-to-date symlink: /root/ros2_ws/install/sciurus17_examples/include/pose_presets/sciurus17_examples/waist_jt_control.hpp
-- Up-to-date symlink: /root/ros2_ws/install/sciurus17_examples/lib/sciurus17_examples/gripper_control
-- Up-to-date symlink: /root/ros2_ws/install/sciurus17_examples/lib/sciurus17_examples/neck_control
-- Up-to-date symlink: /root/ros2_ws/install/sciurus17_examples/lib/sciurus17_examples/waist_control
-- Up-to-date symlink: /root/ros2_ws/install/sciurus17_examples/lib/sciurus17_examples/pick_and_place_right_arm_waist
-- Up-to-date symlink: /root/ros2_ws/install/sciurus17_examples/lib/sciurus17_examples/pick_and_place_left_arm
-- Up-to-date symlink: /root/ros2_ws/install/sciurus17_examples/lib/sciurus17_examples/pick_and_place_tf
-- Up-to-date symlink: /root/ros2_ws/install/sciurus17_examples/lib/sciurus17_examples/point_cloud_detection
-- Up-to-date symlink: /root/ros2_ws/install/sciurus17_examples/share/sciurus17_examples//launch/camera_example.launch.py
-- Up-to-date symlink: /root/ros2_ws/install/sciurus17_examples/share/sciurus17_examples//launch/chest_camera_tracking.launch.py
-- Up-to-date symlink: /root/ros2_ws/install/sciurus17_examples/share/sciurus17_examples//launch/demo.launch.py
-- Up-to-date symlink: /root/ros2_ws/install/sciurus17_examples/share/sciurus17_examples//launch/example.launch.py
-- Up-to-date symlink: /root/ros2_ws/install/sciurus17_examples/share/sciurus17_examples//launch/head_camera_tracking.launch.py
-- Up-to-date symlink: /root/ros2_ws/install/sciurus17_examples/share/ament_index/resource_index/package_run_dependencies/sciurus17_examples
-- Up-to-date symlink: /root/ros2_ws/install/sciurus17_examples/share/ament_index/resource_index/parent_prefix_path/sciurus17_examples
-- Up-to-date symlink: /root/ros2_ws/install/sciurus17_examples/share/sciurus17_examples/environment/ament_prefix_path.sh
-- Up-to-date symlink: /root/ros2_ws/install/sciurus17_examples/share/sciurus17_examples/environment/ament_prefix_path.dsv
-- Up-to-date symlink: /root/ros2_ws/install/sciurus17_examples/share/sciurus17_examples/environment/path.sh
-- Up-to-date symlink: /root/ros2_ws/install/sciurus17_examples/share/sciurus17_examples/environment/path.dsv
-- Up-to-date symlink: /root/ros2_ws/install/sciurus17_examples/share/sciurus17_examples/local_setup.bash
-- Up-to-date symlink: /root/ros2_ws/install/sciurus17_examples/share/sciurus17_examples/local_setup.sh
-- Up-to-date symlink: /root/ros2_ws/install/sciurus17_examples/share/sciurus17_examples/local_setup.zsh
-- Up-to-date symlink: /root/ros2_ws/install/sciurus17_examples/share/sciurus17_examples/local_setup.dsv
-- Symlinking: /root/ros2_ws/install/sciurus17_examples/share/sciurus17_examples/package.dsv
-- Up-to-date symlink: /root/ros2_ws/install/sciurus17_examples/share/ament_index/resource_index/packages/sciurus17_examples
-- Up-to-date symlink: /root/ros2_ws/install/sciurus17_examples/share/ament_index/resource_index/rclcpp_components/sciurus17_examples
-- Up-to-date symlink: /root/ros2_ws/install/sciurus17_examples/share/sciurus17_examples/cmake/ament_cmake_export_targets-extras.cmake
-- Up-to-date symlink: /root/ros2_ws/install/sciurus17_examples/share/sciurus17_examples/cmake/ament_cmake_export_dependencies-extras.cmake
-- Up-to-date symlink: /root/ros2_ws/install/sciurus17_examples/share/sciurus17_examples/cmake/sciurus17_examplesConfig.cmake
-- Up-to-date symlink: /root/ros2_ws/install/sciurus17_examples/share/sciurus17_examples/cmake/sciurus17_examplesConfig-version.cmake
-- Up-to-date symlink: /root/ros2_ws/install/sciurus17_examples/share/sciurus17_examples/package.xml
-- Up-to-date: /root/ros2_ws/install/sciurus17_examples/lib/libcolor_detection.so
-- Up-to-date: /root/ros2_ws/install/sciurus17_examples/lib/libneck_jt_control.so
-- Up-to-date: /root/ros2_ws/install/sciurus17_examples/lib/libobject_tracker.so
-- Up-to-date: /root/ros2_ws/install/sciurus17_examples/lib/libwaist_jt_control.so
-- Up-to-date: /root/ros2_ws/install/sciurus17_examples/lib/libpose_presets.so
-- Up-to-date: /root/ros2_ws/install/sciurus17_examples/share/sciurus17_examples/cmake/export_pose_presetsExport.cmake
-- Up-to-date: /root/ros2_ws/install/sciurus17_examples/share/sciurus17_examples/cmake/export_pose_presetsExport-noconfig.cmake
