[0.086s] Invoking command in '/root/ros2_ws/build/dynamixel_sdk': CMAKE_PREFIX_PATH=${CMAKE_PREFIX_PATH}:/opt/ros/humble /usr/bin/cmake /root/ros2_ws/src/DynamixelSDK/dynamixel_sdk -DAMENT_CMAKE_SYMLINK_INSTALL=1 -DCMAKE_INSTALL_PREFIX=/root/ros2_ws/install/dynamixel_sdk
[0.213s] -- The C compiler identification is GNU 11.4.0
[0.326s] -- The CXX compiler identification is GNU 11.4.0
[0.341s] -- Detecting C compiler ABI info
[0.471s] -- Detecting C compiler ABI info - done
[0.486s] -- Check for working C compiler: /usr/bin/cc - skipped
[0.487s] -- Detecting C compile features
[0.488s] -- Detecting C compile features - done
[0.494s] -- Detecting CXX compiler ABI info
[0.649s] -- Detecting CXX compiler ABI info - done
[0.667s] -- Check for working CXX compiler: /usr/bin/c++ - skipped
[0.667s] -- Detecting CXX compile features
[0.668s] -- Detecting CXX compile features - done
[0.677s] -- Found ament_cmake: 1.3.11 (/opt/ros/humble/share/ament_cmake/cmake)
[1.032s] -- Found Python3: /usr/bin/python3 (found version "3.10.12") found components: Interpreter 
[1.175s] -- Override CMake install command with custom implementation using symlinks instead of copying resources
[1.417s] -- Configuring done
[1.440s] -- Generating done
[1.448s] -- Build files have been written to: /root/ros2_ws/build/dynamixel_sdk
[1.459s] Invoked command in '/root/ros2_ws/build/dynamixel_sdk' returned '0': CMAKE_PREFIX_PATH=${CMAKE_PREFIX_PATH}:/opt/ros/humble /usr/bin/cmake /root/ros2_ws/src/DynamixelSDK/dynamixel_sdk -DAMENT_CMAKE_SYMLINK_INSTALL=1 -DCMAKE_INSTALL_PREFIX=/root/ros2_ws/install/dynamixel_sdk
[1.463s] Invoking command in '/root/ros2_ws/build/dynamixel_sdk': CMAKE_PREFIX_PATH=${CMAKE_PREFIX_PATH}:/opt/ros/humble /usr/bin/cmake --build /root/ros2_ws/build/dynamixel_sdk -- -j12 -l12
[1.549s] [  7%] [32mBuilding CXX object CMakeFiles/dynamixel_sdk.dir/src/dynamixel_sdk/packet_handler.cpp.o[0m
[1.549s] [ 15%] [32mBuilding CXX object CMakeFiles/dynamixel_sdk.dir/src/dynamixel_sdk/protocol1_packet_handler.cpp.o[0m
[1.551s] [ 23%] [32mBuilding CXX object CMakeFiles/dynamixel_sdk.dir/src/dynamixel_sdk/protocol2_packet_handler.cpp.o[0m
[1.552s] [ 30%] [32mBuilding CXX object CMakeFiles/dynamixel_sdk.dir/src/dynamixel_sdk/group_sync_read.cpp.o[0m
[1.561s] [ 38%] [32mBuilding CXX object CMakeFiles/dynamixel_sdk.dir/src/dynamixel_sdk/group_sync_write.cpp.o[0m
[1.566s] [ 46%] [32mBuilding CXX object CMakeFiles/dynamixel_sdk.dir/src/dynamixel_sdk/group_bulk_write.cpp.o[0m
[1.567s] [ 53%] [32mBuilding CXX object CMakeFiles/dynamixel_sdk.dir/src/dynamixel_sdk/group_bulk_read.cpp.o[0m
[1.622s] [ 61%] [32mBuilding CXX object CMakeFiles/dynamixel_sdk.dir/src/dynamixel_sdk/group_fast_bulk_read.cpp.o[0m
[1.629s] [ 76%] [32mBuilding CXX object CMakeFiles/dynamixel_sdk.dir/src/dynamixel_sdk/group_fast_sync_read.cpp.o[0m
[1.641s] [ 84%] [32mBuilding CXX object CMakeFiles/dynamixel_sdk.dir/src/dynamixel_sdk/port_handler.cpp.o[0m
[1.642s] [ 84%] [32mBuilding CXX object CMakeFiles/dynamixel_sdk.dir/src/dynamixel_sdk/group_handler.cpp.o[0m
[1.687s] [ 92%] [32mBuilding CXX object CMakeFiles/dynamixel_sdk.dir/src/dynamixel_sdk/port_handler_linux.cpp.o[0m
[4.466s] [100%] [32m[1mLinking CXX shared library libdynamixel_sdk.so[0m
[5.095s] [100%] Built target dynamixel_sdk
[5.178s] Invoked command in '/root/ros2_ws/build/dynamixel_sdk' returned '0': CMAKE_PREFIX_PATH=${CMAKE_PREFIX_PATH}:/opt/ros/humble /usr/bin/cmake --build /root/ros2_ws/build/dynamixel_sdk -- -j12 -l12
[5.198s] Invoking command in '/root/ros2_ws/build/dynamixel_sdk': CMAKE_PREFIX_PATH=${CMAKE_PREFIX_PATH}:/opt/ros/humble /usr/bin/cmake --install /root/ros2_ws/build/dynamixel_sdk
[5.235s] -- Install configuration: ""
[5.237s] -- Execute custom install script
[5.268s] -- Symlinking: /root/ros2_ws/install/dynamixel_sdk/include//dynamixel_sdk/dynamixel_sdk.h
[5.348s] -- Symlinking: /root/ros2_ws/install/dynamixel_sdk/include//dynamixel_sdk/group_bulk_read.h
[5.386s] -- Symlinking: /root/ros2_ws/install/dynamixel_sdk/include//dynamixel_sdk/group_bulk_write.h
[5.448s] -- Symlinking: /root/ros2_ws/install/dynamixel_sdk/include//dynamixel_sdk/group_fast_bulk_read.h
[5.484s] -- Symlinking: /root/ros2_ws/install/dynamixel_sdk/include//dynamixel_sdk/group_fast_sync_read.h
[5.557s] -- Symlinking: /root/ros2_ws/install/dynamixel_sdk/include//dynamixel_sdk/group_handler.h
[5.605s] -- Symlinking: /root/ros2_ws/install/dynamixel_sdk/include//dynamixel_sdk/group_sync_read.h
[5.647s] -- Symlinking: /root/ros2_ws/install/dynamixel_sdk/include//dynamixel_sdk/group_sync_write.h
[5.725s] -- Symlinking: /root/ros2_ws/install/dynamixel_sdk/include//dynamixel_sdk/packet_handler.h
[5.767s] -- Symlinking: /root/ros2_ws/install/dynamixel_sdk/include//dynamixel_sdk/port_handler.h
[5.827s] -- Symlinking: /root/ros2_ws/install/dynamixel_sdk/include//dynamixel_sdk/port_handler_arduino.h
[5.902s] -- Symlinking: /root/ros2_ws/install/dynamixel_sdk/include//dynamixel_sdk/port_handler_linux.h
[5.957s] -- Symlinking: /root/ros2_ws/install/dynamixel_sdk/include//dynamixel_sdk/port_handler_mac.h
[6.012s] -- Symlinking: /root/ros2_ws/install/dynamixel_sdk/include//dynamixel_sdk/port_handler_windows.h
[6.107s] -- Symlinking: /root/ros2_ws/install/dynamixel_sdk/include//dynamixel_sdk/protocol1_packet_handler.h
[6.153s] -- Symlinking: /root/ros2_ws/install/dynamixel_sdk/include//dynamixel_sdk/protocol2_packet_handler.h
[6.179s] -- Symlinking: /root/ros2_ws/install/dynamixel_sdk/lib/libdynamixel_sdk.so
[6.206s] -- Symlinking: /root/ros2_ws/install/dynamixel_sdk/share/dynamixel_sdk/environment/library_path.sh
[6.225s] -- Symlinking: /root/ros2_ws/install/dynamixel_sdk/share/dynamixel_sdk/environment/library_path.dsv
[6.248s] -- Symlinking: /root/ros2_ws/install/dynamixel_sdk/share/ament_index/resource_index/package_run_dependencies/dynamixel_sdk
[6.268s] -- Symlinking: /root/ros2_ws/install/dynamixel_sdk/share/ament_index/resource_index/parent_prefix_path/dynamixel_sdk
[6.286s] -- Symlinking: /root/ros2_ws/install/dynamixel_sdk/share/dynamixel_sdk/environment/ament_prefix_path.sh
[6.303s] -- Symlinking: /root/ros2_ws/install/dynamixel_sdk/share/dynamixel_sdk/environment/ament_prefix_path.dsv
[6.317s] -- Symlinking: /root/ros2_ws/install/dynamixel_sdk/share/dynamixel_sdk/environment/path.sh
[6.331s] -- Symlinking: /root/ros2_ws/install/dynamixel_sdk/share/dynamixel_sdk/environment/path.dsv
[6.346s] -- Symlinking: /root/ros2_ws/install/dynamixel_sdk/share/dynamixel_sdk/local_setup.bash
[6.362s] -- Symlinking: /root/ros2_ws/install/dynamixel_sdk/share/dynamixel_sdk/local_setup.sh
[6.380s] -- Symlinking: /root/ros2_ws/install/dynamixel_sdk/share/dynamixel_sdk/local_setup.zsh
[6.395s] -- Symlinking: /root/ros2_ws/install/dynamixel_sdk/share/dynamixel_sdk/local_setup.dsv
[6.411s] -- Symlinking: /root/ros2_ws/install/dynamixel_sdk/share/dynamixel_sdk/package.dsv
[6.426s] -- Symlinking: /root/ros2_ws/install/dynamixel_sdk/share/ament_index/resource_index/packages/dynamixel_sdk
[6.458s] -- Symlinking: /root/ros2_ws/install/dynamixel_sdk/share/dynamixel_sdk/cmake/ament_cmake_export_include_directories-extras.cmake
[6.478s] -- Symlinking: /root/ros2_ws/install/dynamixel_sdk/share/dynamixel_sdk/cmake/ament_cmake_export_libraries-extras.cmake
[6.520s] -- Symlinking: /root/ros2_ws/install/dynamixel_sdk/share/dynamixel_sdk/cmake/dynamixel_sdkConfig.cmake
[6.573s] -- Symlinking: /root/ros2_ws/install/dynamixel_sdk/share/dynamixel_sdk/cmake/dynamixel_sdkConfig-version.cmake
[6.625s] -- Symlinking: /root/ros2_ws/install/dynamixel_sdk/share/dynamixel_sdk/package.xml
[6.646s] Invoked command in '/root/ros2_ws/build/dynamixel_sdk' returned '0': CMAKE_PREFIX_PATH=${CMAKE_PREFIX_PATH}:/opt/ros/humble /usr/bin/cmake --install /root/ros2_ws/build/dynamixel_sdk
