-- The C compiler identification is GNU 11.4.0
-- The CXX compiler identification is GNU 11.4.0
-- Detecting C compiler ABI info
-- Detecting C compiler ABI info - done
-- Check for working C compiler: /usr/bin/cc - skipped
-- Detecting C compile features
-- Detecting C compile features - done
-- Detecting CXX compiler ABI info
-- Detecting CXX compiler ABI info - done
-- Check for working CXX compiler: /usr/bin/c++ - skipped
-- Detecting CXX compile features
-- Detecting CXX compile features - done
-- Found rt_manipulators_cpp: 1.0.0 (/opt/ros/humble/share/rt_manipulators_cpp/cmake)
-- Found Python3: /usr/bin/python3 (found version "3.10.12") found components: Interpreter 
-- Configuring done
-- Generating done
-- Build files have been written to: /root/ros2_ws/build/samples01
[  3%] [32mBuilding CXX object CMakeFiles/x7_onoff.dir/src/x7_onoff.cpp.o[0m
[  7%] [32mBuilding CXX object CMakeFiles/x7_read_position.dir/src/x7_read_position.cpp.o[0m
[ 10%] [32mBuilding CXX object CMakeFiles/x7_write_position.dir/src/x7_write_position.cpp.o[0m
[ 14%] [32mBuilding CXX object CMakeFiles/s17_read_position.dir/src/s17_read_position.cpp.o[0m
[ 17%] [32mBuilding CXX object CMakeFiles/x7_thread.dir/src/x7_thread.cpp.o[0m
[ 21%] [32mBuilding CXX object CMakeFiles/s17_onoff.dir/src/s17_onoff.cpp.o[0m
[ 25%] [32mBuilding CXX object CMakeFiles/s17_write_position.dir/src/s17_write_position.cpp.o[0m
[ 28%] [32mBuilding CXX object CMakeFiles/s17_thread.dir/src/s17_thread.cpp.o[0m
[ 32%] [32mBuilding CXX object CMakeFiles/s17_read_present_values.dir/src/s17_read_present_values.cpp.o[0m
[ 35%] [32mBuilding CXX object CMakeFiles/x7_read_present_values.dir/src/x7_read_present_values.cpp.o[0m
[ 42%] [32mBuilding CXX object CMakeFiles/s17_write_velocity.dir/src/s17_write_velocity.cpp.o[0m
[ 42%] [32mBuilding CXX object CMakeFiles/x7_write_velocity.dir/src/x7_write_velocity.cpp.o[0m
