[0.026s] Invoking command in '/root/ros2_ws/build/sciurus17_moveit_config': CMAKE_PREFIX_PATH=/root/ros2_ws/install/sciurus17_description:/root/ros2_ws/install/sciurus17_vision:/root/ros2_ws/install/sciurus17_tools:/root/ros2_ws/install/sciurus17_moveit_config:/root/ros2_ws/install/sciurus17_gazebo:/root/ros2_ws/install/dynamixel_sdk_custom_interfaces:/root/ros2_ws/install/dynamixel_sdk:/opt/ros/humble /usr/bin/cmake /root/ros2_ws/src/sciurus17_ros/sciurus17_moveit_config -DAMENT_CMAKE_SYMLINK_INSTALL=1 -DCMAKE_INSTALL_PREFIX=/root/ros2_ws/install/sciurus17_moveit_config
[0.142s] -- The C compiler identification is GNU 11.4.0
[0.264s] -- The CXX compiler identification is GNU 11.4.0
[0.276s] -- Detecting C compiler ABI info
[0.440s] -- Detecting C compiler ABI info - done
[0.459s] -- Check for working C compiler: /usr/bin/cc - skipped
[0.460s] -- Detecting C compile features
[0.461s] -- Detecting C compile features - done
[0.472s] -- Detecting CXX compiler ABI info
[0.652s] -- Detecting CXX compiler ABI info - done
[0.663s] -- Check for working CXX compiler: /usr/bin/c++ - skipped
[0.664s] -- Detecting CXX compile features
[0.664s] -- Detecting CXX compile features - done
[0.674s] -- Found ament_cmake: 1.3.11 (/opt/ros/humble/share/ament_cmake/cmake)
[0.961s] -- Found Python3: /usr/bin/python3 (found version "3.10.12") found components: Interpreter 
[1.072s] -- Override CMake install command with custom implementation using symlinks instead of copying resources
[1.258s] -- Configuring done
[1.265s] -- Generating done
[1.270s] -- Build files have been written to: /root/ros2_ws/build/sciurus17_moveit_config
[1.278s] Invoked command in '/root/ros2_ws/build/sciurus17_moveit_config' returned '0': CMAKE_PREFIX_PATH=/root/ros2_ws/install/sciurus17_description:/root/ros2_ws/install/sciurus17_vision:/root/ros2_ws/install/sciurus17_tools:/root/ros2_ws/install/sciurus17_moveit_config:/root/ros2_ws/install/sciurus17_gazebo:/root/ros2_ws/install/dynamixel_sdk_custom_interfaces:/root/ros2_ws/install/dynamixel_sdk:/opt/ros/humble /usr/bin/cmake /root/ros2_ws/src/sciurus17_ros/sciurus17_moveit_config -DAMENT_CMAKE_SYMLINK_INSTALL=1 -DCMAKE_INSTALL_PREFIX=/root/ros2_ws/install/sciurus17_moveit_config
[1.281s] Invoking command in '/root/ros2_ws/build/sciurus17_moveit_config': CMAKE_PREFIX_PATH=/root/ros2_ws/install/sciurus17_description:/root/ros2_ws/install/sciurus17_vision:/root/ros2_ws/install/sciurus17_tools:/root/ros2_ws/install/sciurus17_moveit_config:/root/ros2_ws/install/sciurus17_gazebo:/root/ros2_ws/install/dynamixel_sdk_custom_interfaces:/root/ros2_ws/install/dynamixel_sdk:/opt/ros/humble /usr/bin/cmake --build /root/ros2_ws/build/sciurus17_moveit_config -- -j12 -l12
[1.335s] Invoked command in '/root/ros2_ws/build/sciurus17_moveit_config' returned '0': CMAKE_PREFIX_PATH=/root/ros2_ws/install/sciurus17_description:/root/ros2_ws/install/sciurus17_vision:/root/ros2_ws/install/sciurus17_tools:/root/ros2_ws/install/sciurus17_moveit_config:/root/ros2_ws/install/sciurus17_gazebo:/root/ros2_ws/install/dynamixel_sdk_custom_interfaces:/root/ros2_ws/install/dynamixel_sdk:/opt/ros/humble /usr/bin/cmake --build /root/ros2_ws/build/sciurus17_moveit_config -- -j12 -l12
[1.338s] Invoking command in '/root/ros2_ws/build/sciurus17_moveit_config': CMAKE_PREFIX_PATH=/root/ros2_ws/install/sciurus17_description:/root/ros2_ws/install/sciurus17_vision:/root/ros2_ws/install/sciurus17_tools:/root/ros2_ws/install/sciurus17_moveit_config:/root/ros2_ws/install/sciurus17_gazebo:/root/ros2_ws/install/dynamixel_sdk_custom_interfaces:/root/ros2_ws/install/dynamixel_sdk:/opt/ros/humble /usr/bin/cmake --install /root/ros2_ws/build/sciurus17_moveit_config
[1.346s] -- Install configuration: ""
[1.347s] -- Execute custom install script
[1.348s] -- Symlinking: /root/ros2_ws/install/sciurus17_moveit_config/share/ament_index/resource_index/package_run_dependencies/sciurus17_moveit_config
[1.360s] -- Symlinking: /root/ros2_ws/install/sciurus17_moveit_config/share/ament_index/resource_index/parent_prefix_path/sciurus17_moveit_config
[1.376s] -- Symlinking: /root/ros2_ws/install/sciurus17_moveit_config/share/sciurus17_moveit_config/environment/ament_prefix_path.sh
[1.391s] -- Symlinking: /root/ros2_ws/install/sciurus17_moveit_config/share/sciurus17_moveit_config/environment/ament_prefix_path.dsv
[1.404s] -- Symlinking: /root/ros2_ws/install/sciurus17_moveit_config/share/sciurus17_moveit_config/environment/path.sh
[1.416s] -- Symlinking: /root/ros2_ws/install/sciurus17_moveit_config/share/sciurus17_moveit_config/environment/path.dsv
[1.428s] -- Symlinking: /root/ros2_ws/install/sciurus17_moveit_config/share/sciurus17_moveit_config/local_setup.bash
[1.439s] -- Symlinking: /root/ros2_ws/install/sciurus17_moveit_config/share/sciurus17_moveit_config/local_setup.sh
[1.453s] -- Symlinking: /root/ros2_ws/install/sciurus17_moveit_config/share/sciurus17_moveit_config/local_setup.zsh
[1.465s] -- Symlinking: /root/ros2_ws/install/sciurus17_moveit_config/share/sciurus17_moveit_config/local_setup.dsv
[1.476s] -- Symlinking: /root/ros2_ws/install/sciurus17_moveit_config/share/sciurus17_moveit_config/package.dsv
[1.489s] -- Symlinking: /root/ros2_ws/install/sciurus17_moveit_config/share/ament_index/resource_index/packages/sciurus17_moveit_config
[1.501s] -- Symlinking: /root/ros2_ws/install/sciurus17_moveit_config/share/sciurus17_moveit_config/cmake/sciurus17_moveit_configConfig.cmake
[1.515s] -- Symlinking: /root/ros2_ws/install/sciurus17_moveit_config/share/sciurus17_moveit_config/cmake/sciurus17_moveit_configConfig-version.cmake
[1.526s] -- Symlinking: /root/ros2_ws/install/sciurus17_moveit_config/share/sciurus17_moveit_config/package.xml
[1.540s] -- Symlinking: /root/ros2_ws/install/sciurus17_moveit_config/share/sciurus17_moveit_config/launch/run_move_group.launch.py
[1.554s] -- Symlinking: /root/ros2_ws/install/sciurus17_moveit_config/share/sciurus17_moveit_config/launch/setup_assistant.launch.py
[1.569s] -- Symlinking: /root/ros2_ws/install/sciurus17_moveit_config/share/sciurus17_moveit_config/config/joint_limits.yaml
[1.585s] -- Symlinking: /root/ros2_ws/install/sciurus17_moveit_config/share/sciurus17_moveit_config/config/kinematics.yaml
[1.597s] -- Symlinking: /root/ros2_ws/install/sciurus17_moveit_config/share/sciurus17_moveit_config/config/moveit.rviz
[1.608s] -- Symlinking: /root/ros2_ws/install/sciurus17_moveit_config/share/sciurus17_moveit_config/config/moveit_controllers.yaml
[1.621s] -- Symlinking: /root/ros2_ws/install/sciurus17_moveit_config/share/sciurus17_moveit_config/config/pilz_cartesian_limits.yaml
[1.633s] -- Symlinking: /root/ros2_ws/install/sciurus17_moveit_config/share/sciurus17_moveit_config/config/sciurus17.srdf
[1.644s] -- Symlinking: /root/ros2_ws/install/sciurus17_moveit_config/share/sciurus17_moveit_config/.setup_assistant
[1.658s] Invoked command in '/root/ros2_ws/build/sciurus17_moveit_config' returned '0': CMAKE_PREFIX_PATH=/root/ros2_ws/install/sciurus17_description:/root/ros2_ws/install/sciurus17_vision:/root/ros2_ws/install/sciurus17_tools:/root/ros2_ws/install/sciurus17_moveit_config:/root/ros2_ws/install/sciurus17_gazebo:/root/ros2_ws/install/dynamixel_sdk_custom_interfaces:/root/ros2_ws/install/dynamixel_sdk:/opt/ros/humble /usr/bin/cmake --install /root/ros2_ws/build/sciurus17_moveit_config
