[0.082s] Invoking command in '/root/ros2_ws/build/sciurus17': AMENT_PREFIX_PATH=/root/ros2_ws/install/sciurus17_examples:/root/ros2_ws/install/sciurus17_control:${AMENT_PREFIX_PATH} CMAKE_PREFIX_PATH=/root/ros2_ws/install/sciurus17_examples:/root/ros2_ws/install/sciurus17_moveit_config:/root/ros2_ws/install/sciurus17_control:/root/ros2_ws/install/sciurus17_tools:/root/ros2_ws/install/sciurus17_gazebo:/root/ros2_ws/install/sciurus17_description:/root/ros2_ws/install/sciurus17_vision:/root/ros2_ws/install/dynamixel_sdk_custom_interfaces:/root/ros2_ws/install/dynamixel_sdk:/opt/ros/humble LD_LIBRARY_PATH=/root/ros2_ws/install/sciurus17_examples/lib:/root/ros2_ws/install/sciurus17_control/lib:/root/ros2_ws/install/rt_manipulators_cpp/lib:/root/ros2_ws/install/lib:/root/ros2_ws/install/dynamixel_sdk_custom_interfaces/lib:/root/ros2_ws/install/dynamixel_sdk/lib:/root/ros2_ws/src/DynamixelSDK/c++/build/win64:/opt/ros/humble/opt/rviz_ogre_vendor/lib:/opt/ros/humble/lib/x86_64-linux-gnu:/opt/ros/humble/lib /usr/bin/cmake /root/ros2_ws/src/sciurus17_ros/sciurus17 -DAMENT_CMAKE_SYMLINK_INSTALL=1 -DCMAKE_INSTALL_PREFIX=/root/ros2_ws/install/sciurus17
[0.298s] -- The C compiler identification is GNU 11.4.0
[0.426s] -- The CXX compiler identification is GNU 11.4.0
[0.451s] -- Detecting C compiler ABI info
[0.588s] -- Detecting C compiler ABI info - done
[0.598s] -- Check for working C compiler: /usr/bin/cc - skipped
[0.600s] -- Detecting C compile features
[0.601s] -- Detecting C compile features - done
[0.608s] -- Detecting CXX compiler ABI info
[0.753s] -- Detecting CXX compiler ABI info - done
[0.765s] -- Check for working CXX compiler: /usr/bin/c++ - skipped
[0.765s] -- Detecting CXX compile features
[0.766s] -- Detecting CXX compile features - done
[0.797s] -- Found ament_cmake: 1.3.11 (/opt/ros/humble/share/ament_cmake/cmake)
[1.122s] -- Found Python3: /usr/bin/python3 (found version "3.10.12") found components: Interpreter 
[1.269s] -- Override CMake install command with custom implementation using symlinks instead of copying resources
[1.527s] -- Configuring done
[1.538s] -- Generating done
[1.543s] -- Build files have been written to: /root/ros2_ws/build/sciurus17
[1.552s] Invoked command in '/root/ros2_ws/build/sciurus17' returned '0': AMENT_PREFIX_PATH=/root/ros2_ws/install/sciurus17_examples:/root/ros2_ws/install/sciurus17_control:${AMENT_PREFIX_PATH} CMAKE_PREFIX_PATH=/root/ros2_ws/install/sciurus17_examples:/root/ros2_ws/install/sciurus17_moveit_config:/root/ros2_ws/install/sciurus17_control:/root/ros2_ws/install/sciurus17_tools:/root/ros2_ws/install/sciurus17_gazebo:/root/ros2_ws/install/sciurus17_description:/root/ros2_ws/install/sciurus17_vision:/root/ros2_ws/install/dynamixel_sdk_custom_interfaces:/root/ros2_ws/install/dynamixel_sdk:/opt/ros/humble LD_LIBRARY_PATH=/root/ros2_ws/install/sciurus17_examples/lib:/root/ros2_ws/install/sciurus17_control/lib:/root/ros2_ws/install/rt_manipulators_cpp/lib:/root/ros2_ws/install/lib:/root/ros2_ws/install/dynamixel_sdk_custom_interfaces/lib:/root/ros2_ws/install/dynamixel_sdk/lib:/root/ros2_ws/src/DynamixelSDK/c++/build/win64:/opt/ros/humble/opt/rviz_ogre_vendor/lib:/opt/ros/humble/lib/x86_64-linux-gnu:/opt/ros/humble/lib /usr/bin/cmake /root/ros2_ws/src/sciurus17_ros/sciurus17 -DAMENT_CMAKE_SYMLINK_INSTALL=1 -DCMAKE_INSTALL_PREFIX=/root/ros2_ws/install/sciurus17
[1.557s] Invoking command in '/root/ros2_ws/build/sciurus17': AMENT_PREFIX_PATH=/root/ros2_ws/install/sciurus17_examples:/root/ros2_ws/install/sciurus17_control:${AMENT_PREFIX_PATH} CMAKE_PREFIX_PATH=/root/ros2_ws/install/sciurus17_examples:/root/ros2_ws/install/sciurus17_moveit_config:/root/ros2_ws/install/sciurus17_control:/root/ros2_ws/install/sciurus17_tools:/root/ros2_ws/install/sciurus17_gazebo:/root/ros2_ws/install/sciurus17_description:/root/ros2_ws/install/sciurus17_vision:/root/ros2_ws/install/dynamixel_sdk_custom_interfaces:/root/ros2_ws/install/dynamixel_sdk:/opt/ros/humble LD_LIBRARY_PATH=/root/ros2_ws/install/sciurus17_examples/lib:/root/ros2_ws/install/sciurus17_control/lib:/root/ros2_ws/install/rt_manipulators_cpp/lib:/root/ros2_ws/install/lib:/root/ros2_ws/install/dynamixel_sdk_custom_interfaces/lib:/root/ros2_ws/install/dynamixel_sdk/lib:/root/ros2_ws/src/DynamixelSDK/c++/build/win64:/opt/ros/humble/opt/rviz_ogre_vendor/lib:/opt/ros/humble/lib/x86_64-linux-gnu:/opt/ros/humble/lib /usr/bin/cmake --build /root/ros2_ws/build/sciurus17 -- -j12 -l12
[1.623s] Invoked command in '/root/ros2_ws/build/sciurus17' returned '0': AMENT_PREFIX_PATH=/root/ros2_ws/install/sciurus17_examples:/root/ros2_ws/install/sciurus17_control:${AMENT_PREFIX_PATH} CMAKE_PREFIX_PATH=/root/ros2_ws/install/sciurus17_examples:/root/ros2_ws/install/sciurus17_moveit_config:/root/ros2_ws/install/sciurus17_control:/root/ros2_ws/install/sciurus17_tools:/root/ros2_ws/install/sciurus17_gazebo:/root/ros2_ws/install/sciurus17_description:/root/ros2_ws/install/sciurus17_vision:/root/ros2_ws/install/dynamixel_sdk_custom_interfaces:/root/ros2_ws/install/dynamixel_sdk:/opt/ros/humble LD_LIBRARY_PATH=/root/ros2_ws/install/sciurus17_examples/lib:/root/ros2_ws/install/sciurus17_control/lib:/root/ros2_ws/install/rt_manipulators_cpp/lib:/root/ros2_ws/install/lib:/root/ros2_ws/install/dynamixel_sdk_custom_interfaces/lib:/root/ros2_ws/install/dynamixel_sdk/lib:/root/ros2_ws/src/DynamixelSDK/c++/build/win64:/opt/ros/humble/opt/rviz_ogre_vendor/lib:/opt/ros/humble/lib/x86_64-linux-gnu:/opt/ros/humble/lib /usr/bin/cmake --build /root/ros2_ws/build/sciurus17 -- -j12 -l12
[1.642s] Invoking command in '/root/ros2_ws/build/sciurus17': AMENT_PREFIX_PATH=/root/ros2_ws/install/sciurus17_examples:/root/ros2_ws/install/sciurus17_control:${AMENT_PREFIX_PATH} CMAKE_PREFIX_PATH=/root/ros2_ws/install/sciurus17_examples:/root/ros2_ws/install/sciurus17_moveit_config:/root/ros2_ws/install/sciurus17_control:/root/ros2_ws/install/sciurus17_tools:/root/ros2_ws/install/sciurus17_gazebo:/root/ros2_ws/install/sciurus17_description:/root/ros2_ws/install/sciurus17_vision:/root/ros2_ws/install/dynamixel_sdk_custom_interfaces:/root/ros2_ws/install/dynamixel_sdk:/opt/ros/humble LD_LIBRARY_PATH=/root/ros2_ws/install/sciurus17_examples/lib:/root/ros2_ws/install/sciurus17_control/lib:/root/ros2_ws/install/rt_manipulators_cpp/lib:/root/ros2_ws/install/lib:/root/ros2_ws/install/dynamixel_sdk_custom_interfaces/lib:/root/ros2_ws/install/dynamixel_sdk/lib:/root/ros2_ws/src/DynamixelSDK/c++/build/win64:/opt/ros/humble/opt/rviz_ogre_vendor/lib:/opt/ros/humble/lib/x86_64-linux-gnu:/opt/ros/humble/lib /usr/bin/cmake --install /root/ros2_ws/build/sciurus17
[1.654s] -- Install configuration: ""
[1.654s] -- Execute custom install script
[1.656s] -- Symlinking: /root/ros2_ws/install/sciurus17/share/ament_index/resource_index/package_run_dependencies/sciurus17
[1.671s] -- Symlinking: /root/ros2_ws/install/sciurus17/share/ament_index/resource_index/parent_prefix_path/sciurus17
[1.688s] -- Symlinking: /root/ros2_ws/install/sciurus17/share/sciurus17/environment/ament_prefix_path.sh
[1.703s] -- Symlinking: /root/ros2_ws/install/sciurus17/share/sciurus17/environment/ament_prefix_path.dsv
[1.719s] -- Symlinking: /root/ros2_ws/install/sciurus17/share/sciurus17/environment/path.sh
[1.736s] -- Symlinking: /root/ros2_ws/install/sciurus17/share/sciurus17/environment/path.dsv
[1.753s] -- Symlinking: /root/ros2_ws/install/sciurus17/share/sciurus17/local_setup.bash
[1.767s] -- Symlinking: /root/ros2_ws/install/sciurus17/share/sciurus17/local_setup.sh
[1.784s] -- Symlinking: /root/ros2_ws/install/sciurus17/share/sciurus17/local_setup.zsh
[1.802s] -- Symlinking: /root/ros2_ws/install/sciurus17/share/sciurus17/local_setup.dsv
[1.822s] -- Symlinking: /root/ros2_ws/install/sciurus17/share/sciurus17/package.dsv
[1.842s] -- Symlinking: /root/ros2_ws/install/sciurus17/share/ament_index/resource_index/packages/sciurus17
[1.861s] -- Symlinking: /root/ros2_ws/install/sciurus17/share/sciurus17/cmake/sciurus17Config.cmake
[1.880s] -- Symlinking: /root/ros2_ws/install/sciurus17/share/sciurus17/cmake/sciurus17Config-version.cmake
[1.896s] -- Symlinking: /root/ros2_ws/install/sciurus17/share/sciurus17/package.xml
[1.914s] Invoked command in '/root/ros2_ws/build/sciurus17' returned '0': AMENT_PREFIX_PATH=/root/ros2_ws/install/sciurus17_examples:/root/ros2_ws/install/sciurus17_control:${AMENT_PREFIX_PATH} CMAKE_PREFIX_PATH=/root/ros2_ws/install/sciurus17_examples:/root/ros2_ws/install/sciurus17_moveit_config:/root/ros2_ws/install/sciurus17_control:/root/ros2_ws/install/sciurus17_tools:/root/ros2_ws/install/sciurus17_gazebo:/root/ros2_ws/install/sciurus17_description:/root/ros2_ws/install/sciurus17_vision:/root/ros2_ws/install/dynamixel_sdk_custom_interfaces:/root/ros2_ws/install/dynamixel_sdk:/opt/ros/humble LD_LIBRARY_PATH=/root/ros2_ws/install/sciurus17_examples/lib:/root/ros2_ws/install/sciurus17_control/lib:/root/ros2_ws/install/rt_manipulators_cpp/lib:/root/ros2_ws/install/lib:/root/ros2_ws/install/dynamixel_sdk_custom_interfaces/lib:/root/ros2_ws/install/dynamixel_sdk/lib:/root/ros2_ws/src/DynamixelSDK/c++/build/win64:/opt/ros/humble/opt/rviz_ogre_vendor/lib:/opt/ros/humble/lib/x86_64-linux-gnu:/opt/ros/humble/lib /usr/bin/cmake --install /root/ros2_ws/build/sciurus17
