[0.023s] Invoking command in '/root/ros2_ws/build/sciurus17': CMAKE_PREFIX_PATH=/root/ros2_ws/install/sciurus17_examples:/root/ros2_ws/install/sciurus17_moveit_config:/root/ros2_ws/install/sciurus17_control:/root/ros2_ws/install/sciurus17_tools:/root/ros2_ws/install/sciurus17_gazebo:/root/ros2_ws/install/sciurus17_description:/root/ros2_ws/install/dynamixel_sdk:/root/ros2_ws/install/sciurus17:/root/ros2_ws/install/dynamixel_sdk_examples:/root/ros2_ws/install/sciurus17_vision:/root/ros2_ws/install/dynamixel_sdk_custom_interfaces:/root/ros2_ws/install/dynamixel_sdk:/opt/ros/humble LD_LIBRARY_PATH=/root/ros2_ws/install/sciurus17_examples/lib:/root/ros2_ws/install/sciurus17_control/lib:/root/ros2_ws/install/rt_manipulators_cpp/lib:/root/ros2_ws/install/lib:/root/ros2_ws/install/dynamixel_sdk_custom_interfaces/lib:/root/ros2_ws/install/dynamixel_sdk/lib:/root/ros2_ws/src/DynamixelSDK/c++/build/win64:/opt/ros/humble/opt/rviz_ogre_vendor/lib:/opt/ros/humble/lib/x86_64-linux-gnu:/opt/ros/humble/lib /usr/bin/cmake --build /root/ros2_ws/build/sciurus17 -- -j12 -l12
[0.066s] Invoked command in '/root/ros2_ws/build/sciurus17' returned '0': CMAKE_PREFIX_PATH=/root/ros2_ws/install/sciurus17_examples:/root/ros2_ws/install/sciurus17_moveit_config:/root/ros2_ws/install/sciurus17_control:/root/ros2_ws/install/sciurus17_tools:/root/ros2_ws/install/sciurus17_gazebo:/root/ros2_ws/install/sciurus17_description:/root/ros2_ws/install/dynamixel_sdk:/root/ros2_ws/install/sciurus17:/root/ros2_ws/install/dynamixel_sdk_examples:/root/ros2_ws/install/sciurus17_vision:/root/ros2_ws/install/dynamixel_sdk_custom_interfaces:/root/ros2_ws/install/dynamixel_sdk:/opt/ros/humble LD_LIBRARY_PATH=/root/ros2_ws/install/sciurus17_examples/lib:/root/ros2_ws/install/sciurus17_control/lib:/root/ros2_ws/install/rt_manipulators_cpp/lib:/root/ros2_ws/install/lib:/root/ros2_ws/install/dynamixel_sdk_custom_interfaces/lib:/root/ros2_ws/install/dynamixel_sdk/lib:/root/ros2_ws/src/DynamixelSDK/c++/build/win64:/opt/ros/humble/opt/rviz_ogre_vendor/lib:/opt/ros/humble/lib/x86_64-linux-gnu:/opt/ros/humble/lib /usr/bin/cmake --build /root/ros2_ws/build/sciurus17 -- -j12 -l12
[0.069s] Invoking command in '/root/ros2_ws/build/sciurus17': CMAKE_PREFIX_PATH=/root/ros2_ws/install/sciurus17_examples:/root/ros2_ws/install/sciurus17_moveit_config:/root/ros2_ws/install/sciurus17_control:/root/ros2_ws/install/sciurus17_tools:/root/ros2_ws/install/sciurus17_gazebo:/root/ros2_ws/install/sciurus17_description:/root/ros2_ws/install/dynamixel_sdk:/root/ros2_ws/install/sciurus17:/root/ros2_ws/install/dynamixel_sdk_examples:/root/ros2_ws/install/sciurus17_vision:/root/ros2_ws/install/dynamixel_sdk_custom_interfaces:/root/ros2_ws/install/dynamixel_sdk:/opt/ros/humble LD_LIBRARY_PATH=/root/ros2_ws/install/sciurus17_examples/lib:/root/ros2_ws/install/sciurus17_control/lib:/root/ros2_ws/install/rt_manipulators_cpp/lib:/root/ros2_ws/install/lib:/root/ros2_ws/install/dynamixel_sdk_custom_interfaces/lib:/root/ros2_ws/install/dynamixel_sdk/lib:/root/ros2_ws/src/DynamixelSDK/c++/build/win64:/opt/ros/humble/opt/rviz_ogre_vendor/lib:/opt/ros/humble/lib/x86_64-linux-gnu:/opt/ros/humble/lib /usr/bin/cmake --install /root/ros2_ws/build/sciurus17
[0.077s] -- Install configuration: ""
[0.078s] -- Execute custom install script
[0.078s] -- Up-to-date symlink: /root/ros2_ws/install/sciurus17/share/ament_index/resource_index/package_run_dependencies/sciurus17
[0.078s] -- Up-to-date symlink: /root/ros2_ws/install/sciurus17/share/ament_index/resource_index/parent_prefix_path/sciurus17
[0.079s] -- Up-to-date symlink: /root/ros2_ws/install/sciurus17/share/sciurus17/environment/ament_prefix_path.sh
[0.080s] -- Up-to-date symlink: /root/ros2_ws/install/sciurus17/share/sciurus17/environment/ament_prefix_path.dsv
[0.080s] -- Up-to-date symlink: /root/ros2_ws/install/sciurus17/share/sciurus17/environment/path.sh
[0.080s] -- Up-to-date symlink: /root/ros2_ws/install/sciurus17/share/sciurus17/environment/path.dsv
[0.081s] -- Up-to-date symlink: /root/ros2_ws/install/sciurus17/share/sciurus17/local_setup.bash
[0.081s] -- Up-to-date symlink: /root/ros2_ws/install/sciurus17/share/sciurus17/local_setup.sh
[0.081s] -- Up-to-date symlink: /root/ros2_ws/install/sciurus17/share/sciurus17/local_setup.zsh
[0.082s] -- Up-to-date symlink: /root/ros2_ws/install/sciurus17/share/sciurus17/local_setup.dsv
[0.082s] -- Symlinking: /root/ros2_ws/install/sciurus17/share/sciurus17/package.dsv
[0.092s] -- Up-to-date symlink: /root/ros2_ws/install/sciurus17/share/ament_index/resource_index/packages/sciurus17
[0.092s] -- Up-to-date symlink: /root/ros2_ws/install/sciurus17/share/sciurus17/cmake/sciurus17Config.cmake
[0.093s] -- Up-to-date symlink: /root/ros2_ws/install/sciurus17/share/sciurus17/cmake/sciurus17Config-version.cmake
[0.093s] -- Up-to-date symlink: /root/ros2_ws/install/sciurus17/share/sciurus17/package.xml
[0.095s] Invoked command in '/root/ros2_ws/build/sciurus17' returned '0': CMAKE_PREFIX_PATH=/root/ros2_ws/install/sciurus17_examples:/root/ros2_ws/install/sciurus17_moveit_config:/root/ros2_ws/install/sciurus17_control:/root/ros2_ws/install/sciurus17_tools:/root/ros2_ws/install/sciurus17_gazebo:/root/ros2_ws/install/sciurus17_description:/root/ros2_ws/install/dynamixel_sdk:/root/ros2_ws/install/sciurus17:/root/ros2_ws/install/dynamixel_sdk_examples:/root/ros2_ws/install/sciurus17_vision:/root/ros2_ws/install/dynamixel_sdk_custom_interfaces:/root/ros2_ws/install/dynamixel_sdk:/opt/ros/humble LD_LIBRARY_PATH=/root/ros2_ws/install/sciurus17_examples/lib:/root/ros2_ws/install/sciurus17_control/lib:/root/ros2_ws/install/rt_manipulators_cpp/lib:/root/ros2_ws/install/lib:/root/ros2_ws/install/dynamixel_sdk_custom_interfaces/lib:/root/ros2_ws/install/dynamixel_sdk/lib:/root/ros2_ws/src/DynamixelSDK/c++/build/win64:/opt/ros/humble/opt/rviz_ogre_vendor/lib:/opt/ros/humble/lib/x86_64-linux-gnu:/opt/ros/humble/lib /usr/bin/cmake --install /root/ros2_ws/build/sciurus17
