-- Found ament_cmake: 1.3.11 (/opt/ros/humble/share/ament_cmake/cmake)
-- Override CMake install command with custom implementation using symlinks instead of copying resources
-- Configuring done
-- Generating done
-- Build files have been written to: /root/ros2_ws/build/sciurus17_tools
-- Install configuration: ""
-- Execute custom install script
-- Up-to-date symlink: /root/ros2_ws/install/sciurus17_tools/lib/sciurus17_tools//scripts/create_udev_rules
-- Up-to-date symlink: /root/ros2_ws/install/sciurus17_tools/lib/sciurus17_tools//rules/91-sciurus17.rules
-- Up-to-date symlink: /root/ros2_ws/install/sciurus17_tools/share/ament_index/resource_index/package_run_dependencies/sciurus17_tools
-- Up-to-date symlink: /root/ros2_ws/install/sciurus17_tools/share/ament_index/resource_index/parent_prefix_path/sciurus17_tools
-- Up-to-date symlink: /root/ros2_ws/install/sciurus17_tools/share/sciurus17_tools/environment/ament_prefix_path.sh
-- Up-to-date symlink: /root/ros2_ws/install/sciurus17_tools/share/sciurus17_tools/environment/ament_prefix_path.dsv
-- Up-to-date symlink: /root/ros2_ws/install/sciurus17_tools/share/sciurus17_tools/environment/path.sh
-- Up-to-date symlink: /root/ros2_ws/install/sciurus17_tools/share/sciurus17_tools/environment/path.dsv
-- Up-to-date symlink: /root/ros2_ws/install/sciurus17_tools/share/sciurus17_tools/local_setup.bash
-- Up-to-date symlink: /root/ros2_ws/install/sciurus17_tools/share/sciurus17_tools/local_setup.sh
-- Up-to-date symlink: /root/ros2_ws/install/sciurus17_tools/share/sciurus17_tools/local_setup.zsh
-- Up-to-date symlink: /root/ros2_ws/install/sciurus17_tools/share/sciurus17_tools/local_setup.dsv
-- Symlinking: /root/ros2_ws/install/sciurus17_tools/share/sciurus17_tools/package.dsv
-- Up-to-date symlink: /root/ros2_ws/install/sciurus17_tools/share/ament_index/resource_index/packages/sciurus17_tools
-- Up-to-date symlink: /root/ros2_ws/install/sciurus17_tools/share/sciurus17_tools/cmake/sciurus17_toolsConfig.cmake
-- Up-to-date symlink: /root/ros2_ws/install/sciurus17_tools/share/sciurus17_tools/cmake/sciurus17_toolsConfig-version.cmake
-- Up-to-date symlink: /root/ros2_ws/install/sciurus17_tools/share/sciurus17_tools/package.xml
