[0.058s] Invoking command in '/root/ros2_ws/build/sciurus17_tools': CMAKE_PREFIX_PATH=${CMAKE_PREFIX_PATH}:/opt/ros/humble /usr/bin/cmake /root/ros2_ws/src/sciurus17_ros/sciurus17_tools -DCMAKE_INSTALL_PREFIX=/root/ros2_ws/install/sciurus17_tools
[0.075s] -- Found ament_cmake: 1.3.11 (/opt/ros/humble/share/ament_cmake/cmake)
[0.279s] -- Override CMake install command with custom implementation using symlinks instead of copying resources
[0.416s] -- Configuring done
[0.423s] -- Generating done
[0.427s] -- Build files have been written to: /root/ros2_ws/build/sciurus17_tools
[0.431s] Invoked command in '/root/ros2_ws/build/sciurus17_tools' returned '0': CMAKE_PREFIX_PATH=${CMAKE_PREFIX_PATH}:/opt/ros/humble /usr/bin/cmake /root/ros2_ws/src/sciurus17_ros/sciurus17_tools -DCMAKE_INSTALL_PREFIX=/root/ros2_ws/install/sciurus17_tools
[0.436s] Invoking command in '/root/ros2_ws/build/sciurus17_tools': CMAKE_PREFIX_PATH=${CMAKE_PREFIX_PATH}:/opt/ros/humble /usr/bin/cmake --build /root/ros2_ws/build/sciurus17_tools -- -j12 -l12
[0.490s] Invoked command in '/root/ros2_ws/build/sciurus17_tools' returned '0': CMAKE_PREFIX_PATH=${CMAKE_PREFIX_PATH}:/opt/ros/humble /usr/bin/cmake --build /root/ros2_ws/build/sciurus17_tools -- -j12 -l12
[0.507s] Invoking command in '/root/ros2_ws/build/sciurus17_tools': CMAKE_PREFIX_PATH=${CMAKE_PREFIX_PATH}:/opt/ros/humble /usr/bin/cmake --install /root/ros2_ws/build/sciurus17_tools
[0.516s] -- Install configuration: ""
[0.517s] -- Execute custom install script
[0.522s] -- Up-to-date symlink: /root/ros2_ws/install/sciurus17_tools/lib/sciurus17_tools//scripts/create_udev_rules
[0.523s] -- Up-to-date symlink: /root/ros2_ws/install/sciurus17_tools/lib/sciurus17_tools//rules/91-sciurus17.rules
[0.525s] -- Up-to-date symlink: /root/ros2_ws/install/sciurus17_tools/share/ament_index/resource_index/package_run_dependencies/sciurus17_tools
[0.525s] -- Up-to-date symlink: /root/ros2_ws/install/sciurus17_tools/share/ament_index/resource_index/parent_prefix_path/sciurus17_tools
[0.526s] -- Up-to-date symlink: /root/ros2_ws/install/sciurus17_tools/share/sciurus17_tools/environment/ament_prefix_path.sh
[0.526s] -- Up-to-date symlink: /root/ros2_ws/install/sciurus17_tools/share/sciurus17_tools/environment/ament_prefix_path.dsv
[0.526s] -- Up-to-date symlink: /root/ros2_ws/install/sciurus17_tools/share/sciurus17_tools/environment/path.sh
[0.527s] -- Up-to-date symlink: /root/ros2_ws/install/sciurus17_tools/share/sciurus17_tools/environment/path.dsv
[0.527s] -- Up-to-date symlink: /root/ros2_ws/install/sciurus17_tools/share/sciurus17_tools/local_setup.bash
[0.530s] -- Up-to-date symlink: /root/ros2_ws/install/sciurus17_tools/share/sciurus17_tools/local_setup.sh
[0.533s] -- Up-to-date symlink: /root/ros2_ws/install/sciurus17_tools/share/sciurus17_tools/local_setup.zsh
[0.535s] -- Up-to-date symlink: /root/ros2_ws/install/sciurus17_tools/share/sciurus17_tools/local_setup.dsv
[0.536s] -- Symlinking: /root/ros2_ws/install/sciurus17_tools/share/sciurus17_tools/package.dsv
[0.557s] -- Up-to-date symlink: /root/ros2_ws/install/sciurus17_tools/share/ament_index/resource_index/packages/sciurus17_tools
[0.557s] -- Up-to-date symlink: /root/ros2_ws/install/sciurus17_tools/share/sciurus17_tools/cmake/sciurus17_toolsConfig.cmake
[0.557s] -- Up-to-date symlink: /root/ros2_ws/install/sciurus17_tools/share/sciurus17_tools/cmake/sciurus17_toolsConfig-version.cmake
[0.557s] -- Up-to-date symlink: /root/ros2_ws/install/sciurus17_tools/share/sciurus17_tools/package.xml
[0.589s] Invoked command in '/root/ros2_ws/build/sciurus17_tools' returned '0': CMAKE_PREFIX_PATH=${CMAKE_PREFIX_PATH}:/opt/ros/humble /usr/bin/cmake --install /root/ros2_ws/build/sciurus17_tools
